2022-06-06 23:07:14  INFO Microsoft.Extensions.Hosting.Internal.ConsoleLifetime.OnApplicationStarted - Application started. Press Ctrl+C to shut down.
2022-06-06 23:07:14  INFO Microsoft.Extensions.Hosting.Internal.ConsoleLifetime.OnApplicationStarted - Hosting environment: Development
2022-06-06 23:07:14  INFO Microsoft.Extensions.Hosting.Internal.ConsoleLifetime.OnApplicationStarted - Content root path: D:\nam4ki2\DATN\DA\Toiec-365\Toeic-365-backend-v1\MISA.AMIS\MISA.AMIS.Web
2022-06-06 23:07:16  INFO TOE.TOEIC.Web.Controllers.BaseEntityController`1.GetFilter - Filter Post info : {"Sort":null,"Columns":null,"Filter":"W1tbIk1lbnVJRCIsIj0iLCI4ZDBmYjA1ZC01Y2E2LTRjZjYtYWRmYi03NWU1MGQyYTg4YzUiXSwiT1IiLFsiTWVudUlEIiwiPSIsImJlNzFmOTI1LTcyMWItNDg5Mi05YTM5LWM0NTBlYThlYTg4ZCJdLCJPUiIsWyJNZW51SUQiLCI9IiwiZGY4NjdiZDQtOGY3Ny00NDE4LWFmYTMtNWI0OWJkNDI3MGE1Il1dLCJBTkQiLFsiU3RhdHVzIiwiPSIsIjEiXSwiQU5EIixbIklzRGVsZXRlZCIsIj0iLCIwIl1d","Delta":0,"PageIndex":1,"PageSize":9999}
2022-06-06 23:07:17  INFO TOE.TOEIC.ApplicationCore.Interfaces.SafeAddressService.CheckIsInNetworkAllowed - [IP ADDRESS]: System.Collections.Generic.List`1[System.Net.IPAddress]
2022-06-06 23:07:17  INFO TOE.TOEIC.ApplicationCore.Interfaces.SafeAddressService.CheckIsInNetworkAllowed - [MAC ADDRESS]: C46516B228DC
2022-06-06 23:07:17  INFO TOE.TOEIC.Web.Controllers.BaseEntityController`1.GetFilter - Filter Menu info : {"Sort":null,"Columns":null,"Filter":"W1siSXNEZWxldGVkIiwiPSIsIjAiXSwiQU5EIixbIlN0YXR1cyIsIj0iLCIxIl0sIkFORCIsWyJJc1Nob3dIb21lIiwiPSIsIjEiXV0=","Delta":0,"PageIndex":1,"PageSize":9999}
2022-06-06 23:09:17  INFO TOE.TOEIC.Web.Controllers.BaseEntityController`1.GetFilter - Filter Notification info : {"Sort":"[[\"CreatedDate\",\"DESC\"]]","Columns":null,"Filter":"W1siSXNEZWxldGVkIiwiPSIsIjAiXSwiQU5EIixbIlN0YXR1cyIsIj0iLCIxIl1d","Delta":0,"PageIndex":1,"PageSize":20}
2022-06-06 23:09:20  INFO TOE.TOEIC.Web.Controllers.BaseEntityController`1.GetFilter - Filter Post info : {"Sort":null,"Columns":null,"Filter":"W1tbIk1lbnVJRCIsIj0iLCI4ZDBmYjA1ZC01Y2E2LTRjZjYtYWRmYi03NWU1MGQyYTg4YzUiXSwiT1IiLFsiTWVudUlEIiwiPSIsImJlNzFmOTI1LTcyMWItNDg5Mi05YTM5LWM0NTBlYThlYTg4ZCJdLCJPUiIsWyJNZW51SUQiLCI9IiwiZGY4NjdiZDQtOGY3Ny00NDE4LWFmYTMtNWI0OWJkNDI3MGE1Il1dLCJBTkQiLFsiU3RhdHVzIiwiPSIsIjEiXSwiQU5EIixbIklzRGVsZXRlZCIsIj0iLCIwIl1d","Delta":0,"PageIndex":1,"PageSize":9999}
2022-06-06 23:22:46  INFO TOE.TOEIC.Web.Controllers.BaseEntityController`1.GetFilter - Filter Notification info : {"Sort":"[[\"CreatedDate\",\"DESC\"]]","Columns":null,"Filter":"W1siSXNEZWxldGVkIiwiPSIsIjAiXSwiQU5EIixbIlN0YXR1cyIsIj0iLCIxIl1d","Delta":0,"PageIndex":1,"PageSize":20}
2022-06-06 23:22:47  INFO TOE.TOEIC.Web.Controllers.BaseEntityController`1.GetFilter - Filter Post info : {"Sort":null,"Columns":null,"Filter":"W1tbIk1lbnVJRCIsIj0iLCI4ZDBmYjA1ZC01Y2E2LTRjZjYtYWRmYi03NWU1MGQyYTg4YzUiXSwiT1IiLFsiTWVudUlEIiwiPSIsImJlNzFmOTI1LTcyMWItNDg5Mi05YTM5LWM0NTBlYThlYTg4ZCJdLCJPUiIsWyJNZW51SUQiLCI9IiwiZGY4NjdiZDQtOGY3Ny00NDE4LWFmYTMtNWI0OWJkNDI3MGE1Il1dLCJBTkQiLFsiU3RhdHVzIiwiPSIsIjEiXSwiQU5EIixbIklzRGVsZXRlZCIsIj0iLCIwIl1d","Delta":0,"PageIndex":1,"PageSize":9999}
2022-06-06 23:22:56  INFO TOE.TOEIC.Web.Controllers.BaseEntityController`1.GetFilter - Filter Post info : {"Sort":null,"Columns":null,"Filter":"W1siU3RhdHVzIiwiPSIsIjEiXSwiQU5EIixbIklzRGVsZXRlZCIsIj0iLCIwIl1d","Delta":0,"PageIndex":1,"PageSize":5}
2022-06-06 23:22:57  INFO TOE.TOEIC.Web.Controllers.BaseEntityController`1.GetFilter - Filter Post info : {"Sort":null,"Columns":null,"Filter":"W1tbIk1lbnVJRCIsIj0iLCI4ZDBmYjA1ZC01Y2E2LTRjZjYtYWRmYi03NWU1MGQyYTg4YzUiXSwiT1IiLFsiTWVudUlEIiwiPSIsImJlNzFmOTI1LTcyMWItNDg5Mi05YTM5LWM0NTBlYThlYTg4ZCJdLCJPUiIsWyJNZW51SUQiLCI9IiwiZGY4NjdiZDQtOGY3Ny00NDE4LWFmYTMtNWI0OWJkNDI3MGE1Il1dLCJBTkQiLFsiU3RhdHVzIiwiPSIsIjEiXSwiQU5EIixbIklzRGVsZXRlZCIsIj0iLCIwIl1d","Delta":0,"PageIndex":1,"PageSize":9999}
2022-06-06 23:24:13  INFO TOE.TOEIC.Web.Controllers.BaseEntityController`1.GetFilter - Filter Post info : {"Sort":null,"Columns":null,"Filter":"W1tbIk1lbnVJRCIsIj0iLCI4ZDBmYjA1ZC01Y2E2LTRjZjYtYWRmYi03NWU1MGQyYTg4YzUiXSwiT1IiLFsiTWVudUlEIiwiPSIsImJlNzFmOTI1LTcyMWItNDg5Mi05YTM5LWM0NTBlYThlYTg4ZCJdLCJPUiIsWyJNZW51SUQiLCI9IiwiZGY4NjdiZDQtOGY3Ny00NDE4LWFmYTMtNWI0OWJkNDI3MGE1Il1dLCJBTkQiLFsiU3RhdHVzIiwiPSIsIjEiXSwiQU5EIixbIklzRGVsZXRlZCIsIj0iLCIwIl1d","Delta":0,"PageIndex":1,"PageSize":9999}
2022-06-06 23:24:20  INFO TOE.TOEIC.Web.Controllers.BaseEntityController`1.GetFilter - Filter Post info : {"Sort":null,"Columns":null,"Filter":"W1siU3RhdHVzIiwiPSIsIjEiXSwiQU5EIixbIklzRGVsZXRlZCIsIj0iLCIwIl1d","Delta":0,"PageIndex":1,"PageSize":5}
2022-06-06 23:24:20  INFO TOE.TOEIC.Web.Controllers.BaseEntityController`1.GetFilter - Filter Post info : {"Sort":null,"Columns":null,"Filter":"W1siTWVudUlEIiwiPSIsIjhkMGZiMDVkLTVjYTYtNGNmNi1hZGZiLTc1ZTUwZDJhODhjNSJdLCJBTkQiLFsiU3RhdHVzIiwiPSIsIjEiXSwiQU5EIixbIklzRGVsZXRlZCIsIj0iLCIwIl1d","Delta":0,"PageIndex":1,"PageSize":20}
2022-06-06 23:24:20  INFO TOE.TOEIC.Web.Controllers.BaseEntityController`1.GetFilter - Filter Post info : {"Sort":null,"Columns":null,"Filter":"W1siTWVudUlEIiwiPSIsIjhkMGZiMDVkLTVjYTYtNGNmNi1hZGZiLTc1ZTUwZDJhODhjNSJdLCJBTkQiLFsiU3RhdHVzIiwiPSIsIjEiXSwiQU5EIixbIklzRGVsZXRlZCIsIj0iLCIwIl1d","Delta":0,"PageIndex":1,"PageSize":20}
2022-06-06 23:24:30  INFO TOE.TOEIC.Web.Controllers.BaseEntityController`1.GetFilter - Filter Notification info : {"Sort":"[[\"CreatedDate\",\"DESC\"]]","Columns":null,"Filter":"W1siSXNEZWxldGVkIiwiPSIsIjAiXSwiQU5EIixbIlN0YXR1cyIsIj0iLCIxIl1d","Delta":0,"PageIndex":1,"PageSize":20}
2022-06-06 23:24:31  INFO TOE.TOEIC.Web.Controllers.BaseEntityController`1.GetFilter - Filter Post info : {"Sort":null,"Columns":null,"Filter":"W1tbIk1lbnVJRCIsIj0iLCI4ZDBmYjA1ZC01Y2E2LTRjZjYtYWRmYi03NWU1MGQyYTg4YzUiXSwiT1IiLFsiTWVudUlEIiwiPSIsImJlNzFmOTI1LTcyMWItNDg5Mi05YTM5LWM0NTBlYThlYTg4ZCJdLCJPUiIsWyJNZW51SUQiLCI9IiwiZGY4NjdiZDQtOGY3Ny00NDE4LWFmYTMtNWI0OWJkNDI3MGE1Il1dLCJBTkQiLFsiU3RhdHVzIiwiPSIsIjEiXSwiQU5EIixbIklzRGVsZXRlZCIsIj0iLCIwIl1d","Delta":0,"PageIndex":1,"PageSize":9999}
2022-06-06 23:24:33  INFO TOE.TOEIC.Web.Controllers.BaseEntityController`1.GetFilter - Filter Post info : {"Sort":null,"Columns":null,"Filter":"W1siU3RhdHVzIiwiPSIsIjEiXSwiQU5EIixbIklzRGVsZXRlZCIsIj0iLCIwIl1d","Delta":0,"PageIndex":1,"PageSize":5}
2022-06-06 23:24:33  INFO TOE.TOEIC.Web.Controllers.BaseEntityController`1.GetFilter - Filter Post info : {"Sort":null,"Columns":null,"Filter":"W1siTWVudUlEIiwiPSIsIjhkMGZiMDVkLTVjYTYtNGNmNi1hZGZiLTc1ZTUwZDJhODhjNSJdLCJBTkQiLFsiU3RhdHVzIiwiPSIsIjEiXSwiQU5EIixbIklzRGVsZXRlZCIsIj0iLCIwIl1d","Delta":0,"PageIndex":1,"PageSize":20}
2022-06-06 23:24:33  INFO TOE.TOEIC.Web.Controllers.BaseEntityController`1.GetFilter - Filter Post info : {"Sort":null,"Columns":null,"Filter":"W1siTWVudUlEIiwiPSIsIjhkMGZiMDVkLTVjYTYtNGNmNi1hZGZiLTc1ZTUwZDJhODhjNSJdLCJBTkQiLFsiU3RhdHVzIiwiPSIsIjEiXSwiQU5EIixbIklzRGVsZXRlZCIsIj0iLCIwIl1d","Delta":0,"PageIndex":1,"PageSize":20}
2022-06-06 23:24:44  INFO TOE.TOEIC.Web.Controllers.BaseEntityController`1.GetFilter - Filter Notification info : {"Sort":"[[\"CreatedDate\",\"DESC\"]]","Columns":null,"Filter":"W1siSXNEZWxldGVkIiwiPSIsIjAiXSwiQU5EIixbIlN0YXR1cyIsIj0iLCIxIl1d","Delta":0,"PageIndex":1,"PageSize":20}
2022-06-06 23:24:46  INFO TOE.TOEIC.Web.Controllers.BaseEntityController`1.GetFilter - Filter Notification info : {"Sort":"[[\"CreatedDate\",\"DESC\"]]","Columns":null,"Filter":"W1siSXNEZWxldGVkIiwiPSIsIjAiXSwiQU5EIixbIlN0YXR1cyIsIj0iLCIxIl1d","Delta":0,"PageIndex":1,"PageSize":20}
2022-06-06 23:24:46  INFO TOE.TOEIC.Web.Controllers.BaseEntityController`1.GetFilter - Filter Category info : {"Sort":null,"Columns":null,"Filter":"W1siSXNEZWxldGVkIiwiPSIsIjAiXSwiQU5EIixbIlN0YXR1cyIsIj0iLCIxIl1d","Delta":0,"PageIndex":1,"PageSize":9999}
2022-06-06 23:24:46  INFO TOE.TOEIC.Web.Controllers.BaseEntityController`1.GetFilter - Filter BookItem info : {"Sort":null,"Columns":null,"Filter":"W1siSXNEZWxldGVkIiwiPSIsIjAiXV0=","Delta":0,"PageIndex":1,"PageSize":10}
2022-06-06 23:24:47  INFO TOE.TOEIC.Web.Controllers.BaseEntityController`1.GetFilter - Filter BookItem info : {"Sort":null,"Columns":null,"Filter":"W1siSXNEZWxldGVkIiwiPSIsIjAiXV0=","Delta":0,"PageIndex":1,"PageSize":10}
2022-06-06 23:24:49  INFO TOE.TOEIC.Web.Controllers.BaseEntityController`1.GetFilter - Filter BookItem info : {"Sort":null,"Columns":null,"Filter":"W1siSXNEZWxldGVkIiwiPSIsIjAiXSwiQU5EIixbWyJCb29rQ29kZSIsIkNPTlRBSU5TIiwiNDQiXSwiT1IiLFsiQm9va05hbWUiLCJDT05UQUlOUyIsIjQ0Il0sIk9SIixbIkRlc2NyaXB0aW9uIiwiQ09OVEFJTlMiLCI0NCJdLCJPUiIsWyJQdWJsaXNoZXIiLCJDT05UQUlOUyIsIjQ0Il1dXQ==","Delta":0,"PageIndex":1,"PageSize":10}
2022-06-06 23:24:52  INFO TOE.TOEIC.Web.Controllers.BaseEntityController`1.GetFilter - Filter Notification info : {"Sort":"[[\"CreatedDate\",\"DESC\"]]","Columns":null,"Filter":"W1siSXNEZWxldGVkIiwiPSIsIjAiXSwiQU5EIixbIlN0YXR1cyIsIj0iLCIxIl1d","Delta":0,"PageIndex":1,"PageSize":20}
2022-06-06 23:24:52  INFO TOE.TOEIC.Web.Controllers.BaseEntityController`1.GetFilter - Filter Post info : {"Sort":null,"Columns":null,"Filter":"W1siSXNEZWxldGVkIiwiPSIsIjAiXV0=","Delta":0,"PageIndex":1,"PageSize":10}
2022-06-06 23:24:54  INFO TOE.TOEIC.Web.Controllers.BaseEntityController`1.GetFilter - Filter Post info : {"Sort":null,"Columns":null,"Filter":"W1siSXNEZWxldGVkIiwiPSIsIjAiXSwiQU5EIixbWyJUaXRsZSIsIkNPTlRBSU5TIiwiNDQiXSwiT1IiLFsiU2x1ZyIsIkNPTlRBSU5TIiwiNDQiXSwiT1IiLFsiRGVzY3JpcHRpb24iLCJDT05UQUlOUyIsIjQ0Il1dXQ==","Delta":0,"PageIndex":1,"PageSize":10}
2022-06-06 23:24:57  INFO TOE.TOEIC.Web.Controllers.BaseEntityController`1.GetFilter - Filter Notification info : {"Sort":"[[\"CreatedDate\",\"DESC\"]]","Columns":null,"Filter":"W1siSXNEZWxldGVkIiwiPSIsIjAiXSwiQU5EIixbIlN0YXR1cyIsIj0iLCIxIl1d","Delta":0,"PageIndex":1,"PageSize":20}
2022-06-06 23:25:16  INFO TOE.TOEIC.Web.Controllers.BaseEntityController`1.GetFilter - Filter Post info : {"Sort":null,"Columns":null,"Filter":"W1siSXNEZWxldGVkIiwiPSIsIjAiXV0=","Delta":0,"PageIndex":1,"PageSize":10}
2022-06-06 23:25:16  INFO TOE.TOEIC.Web.Controllers.BaseEntityController`1.GetFilter - Filter Notification info : {"Sort":"[[\"CreatedDate\",\"DESC\"]]","Columns":null,"Filter":"W1siSXNEZWxldGVkIiwiPSIsIjAiXSwiQU5EIixbIlN0YXR1cyIsIj0iLCIxIl1d","Delta":0,"PageIndex":1,"PageSize":20}
2022-06-06 23:25:17  INFO TOE.TOEIC.Web.Controllers.BaseEntityController`1.GetFilter - Filter Post info : {"Sort":null,"Columns":null,"Filter":"W1tbIk1lbnVJRCIsIj0iLCI4ZDBmYjA1ZC01Y2E2LTRjZjYtYWRmYi03NWU1MGQyYTg4YzUiXSwiT1IiLFsiTWVudUlEIiwiPSIsImJlNzFmOTI1LTcyMWItNDg5Mi05YTM5LWM0NTBlYThlYTg4ZCJdLCJPUiIsWyJNZW51SUQiLCI9IiwiZGY4NjdiZDQtOGY3Ny00NDE4LWFmYTMtNWI0OWJkNDI3MGE1Il1dLCJBTkQiLFsiU3RhdHVzIiwiPSIsIjEiXSwiQU5EIixbIklzRGVsZXRlZCIsIj0iLCIwIl1d","Delta":0,"PageIndex":1,"PageSize":9999}
2022-06-06 23:25:20  INFO TOE.TOEIC.Web.Controllers.BaseEntityController`1.GetFilter - Filter Post info : {"Sort":null,"Columns":null,"Filter":"W1siTWVudUlEIiwiPSIsIjhkMGZiMDVkLTVjYTYtNGNmNi1hZGZiLTc1ZTUwZDJhODhjNSJdLCJBTkQiLFsiU3RhdHVzIiwiPSIsIjEiXSwiQU5EIixbIklzRGVsZXRlZCIsIj0iLCIwIl1d","Delta":0,"PageIndex":1,"PageSize":20}
2022-06-06 23:25:20  INFO TOE.TOEIC.Web.Controllers.BaseEntityController`1.GetFilter - Filter Post info : {"Sort":null,"Columns":null,"Filter":"W1siU3RhdHVzIiwiPSIsIjEiXSwiQU5EIixbIklzRGVsZXRlZCIsIj0iLCIwIl1d","Delta":0,"PageIndex":1,"PageSize":5}
2022-06-06 23:25:20  INFO TOE.TOEIC.Web.Controllers.BaseEntityController`1.GetFilter - Filter Post info : {"Sort":null,"Columns":null,"Filter":"W1siTWVudUlEIiwiPSIsIjhkMGZiMDVkLTVjYTYtNGNmNi1hZGZiLTc1ZTUwZDJhODhjNSJdLCJBTkQiLFsiU3RhdHVzIiwiPSIsIjEiXSwiQU5EIixbIklzRGVsZXRlZCIsIj0iLCIwIl1d","Delta":0,"PageIndex":1,"PageSize":20}
2022-06-06 23:42:05  INFO TOE.TOEIC.Web.Controllers.BaseEntityController`1.GetFilter - Filter Post info : {"Sort":null,"Columns":null,"Filter":"W1siTWVudUlEIiwiPSIsImJlNzFmOTI1LTcyMWItNDg5Mi05YTM5LWM0NTBlYThlYTg4ZCJdLCJBTkQiLFsiU3RhdHVzIiwiPSIsIjEiXSwiQU5EIixbIklzRGVsZXRlZCIsIj0iLCIwIl1d","Delta":0,"PageIndex":1,"PageSize":20}
2022-06-06 23:49:22  INFO TOE.TOEIC.Web.Controllers.BaseEntityController`1.GetFilter - Filter Post info : {"Sort":null,"Columns":null,"Filter":"W1siU3RhdHVzIiwiPSIsIjEiXSwiQU5EIixbIklzRGVsZXRlZCIsIj0iLCIwIl1d","Delta":0,"PageIndex":1,"PageSize":5}
2022-06-06 23:49:24  INFO TOE.TOEIC.Web.Controllers.BaseEntityController`1.GetFilter - Filter Post info : {"Sort":null,"Columns":null,"Filter":"W1siTWVudUlEIiwiPSIsImJlNzFmOTI1LTcyMWItNDg5Mi05YTM5LWM0NTBlYThlYTg4ZCJdLCJBTkQiLFsiU3RhdHVzIiwiPSIsIjEiXSwiQU5EIixbIklzRGVsZXRlZCIsIj0iLCIwIl1d","Delta":0,"PageIndex":1,"PageSize":20}
2022-06-06 23:49:24  INFO TOE.TOEIC.Web.Controllers.BaseEntityController`1.GetFilter - Filter Post info : {"Sort":null,"Columns":null,"Filter":"W1siU3RhdHVzIiwiPSIsIjEiXSwiQU5EIixbIklzRGVsZXRlZCIsIj0iLCIwIl1d","Delta":0,"PageIndex":1,"PageSize":5}
2022-06-06 23:49:24  INFO TOE.TOEIC.Web.Controllers.BaseEntityController`1.GetFilter - Filter Post info : {"Sort":null,"Columns":null,"Filter":"W1siTWVudUlEIiwiPSIsImJlNzFmOTI1LTcyMWItNDg5Mi05YTM5LWM0NTBlYThlYTg4ZCJdLCJBTkQiLFsiU3RhdHVzIiwiPSIsIjEiXSwiQU5EIixbIklzRGVsZXRlZCIsIj0iLCIwIl1d","Delta":0,"PageIndex":1,"PageSize":20}
2022-06-06 23:49:25  INFO TOE.TOEIC.Web.Controllers.BaseEntityController`1.GetFilter - Filter Post info : {"Sort":null,"Columns":null,"Filter":"W1siU3RhdHVzIiwiPSIsIjEiXSwiQU5EIixbIklzRGVsZXRlZCIsIj0iLCIwIl1d","Delta":0,"PageIndex":1,"PageSize":5}
2022-06-06 23:49:26  INFO TOE.TOEIC.Web.Controllers.BaseEntityController`1.GetFilter - Filter Post info : {"Sort":null,"Columns":null,"Filter":"W1siTWVudUlEIiwiPSIsImJlNzFmOTI1LTcyMWItNDg5Mi05YTM5LWM0NTBlYThlYTg4ZCJdLCJBTkQiLFsiU3RhdHVzIiwiPSIsIjEiXSwiQU5EIixbIklzRGVsZXRlZCIsIj0iLCIwIl1d","Delta":0,"PageIndex":1,"PageSize":20}
2022-06-06 23:49:26  INFO TOE.TOEIC.Web.Controllers.BaseEntityController`1.GetFilter - Filter Post info : {"Sort":null,"Columns":null,"Filter":"W1siTWVudUlEIiwiPSIsImJlNzFmOTI1LTcyMWItNDg5Mi05YTM5LWM0NTBlYThlYTg4ZCJdLCJBTkQiLFsiU3RhdHVzIiwiPSIsIjEiXSwiQU5EIixbIklzRGVsZXRlZCIsIj0iLCIwIl1d","Delta":0,"PageIndex":1,"PageSize":20}
2022-06-06 23:49:26  INFO TOE.TOEIC.Web.Controllers.BaseEntityController`1.GetFilter - Filter Post info : {"Sort":null,"Columns":null,"Filter":"W1siU3RhdHVzIiwiPSIsIjEiXSwiQU5EIixbIklzRGVsZXRlZCIsIj0iLCIwIl1d","Delta":0,"PageIndex":1,"PageSize":5}
2022-06-06 23:49:27  INFO TOE.TOEIC.Web.Controllers.BaseEntityController`1.GetFilter - Filter Post info : {"Sort":null,"Columns":null,"Filter":"W1siU3RhdHVzIiwiPSIsIjEiXSwiQU5EIixbIklzRGVsZXRlZCIsIj0iLCIwIl1d","Delta":0,"PageIndex":1,"PageSize":5}
2022-06-06 23:52:35  INFO TOE.TOEIC.Web.Controllers.BaseEntityController`1.GetFilter - Filter Category info : {"Sort":"[[\"CreatedDate\",\"DESC\"]]","Columns":null,"Filter":"W1siSXNEZWxldGVkIiwiPSIsIjAiXSwiQU5EIixbIlN0YXR1cyIsIj0iLCIxIl1d","Delta":0,"PageIndex":1,"PageSize":9999}
2022-06-06 23:52:35  INFO TOE.TOEIC.Web.Controllers.BookItemsController.GetFilterPrivate - Filter BookItem info : {"Sort":"[[\"ModifiedDate\",\"DESC\"]]","Columns":null,"Filter":"W1siSXNEZWxldGVkIiwiPSIsIjAiXSwiQU5EIixbIklzUHJpdmF0ZSIsIj0iLCIxIl1d","Delta":0,"PageIndex":0,"PageSize":20}
2022-06-06 23:52:35  INFO TOE.TOEIC.Web.Controllers.BookItemsController.GetFilterPrivate - Filter BookItem info : {"Sort":"[[\"ModifiedDate\",\"DESC\"]]","Columns":null,"Filter":"W1siSXNEZWxldGVkIiwiPSIsIjAiXSwiQU5EIixbIklzUHJpdmF0ZSIsIj0iLCIxIl1d","Delta":0,"PageIndex":0,"PageSize":20}
2022-06-06 23:52:45  INFO TOE.TOEIC.ApplicationCore.Interfaces.SafeAddressService.CheckIsInNetworkAllowed - [IP ADDRESS]: System.Collections.Generic.List`1[System.Net.IPAddress]
2022-06-06 23:52:45  INFO TOE.TOEIC.ApplicationCore.Interfaces.SafeAddressService.CheckIsInNetworkAllowed - [MAC ADDRESS]: C46516B228DC
2022-06-06 23:52:45  INFO TOE.TOEIC.Web.Controllers.BaseEntityController`1.GetFilter - Filter Menu info : {"Sort":null,"Columns":null,"Filter":"W1siSXNEZWxldGVkIiwiPSIsIjAiXSwiQU5EIixbIlN0YXR1cyIsIj0iLCIxIl0sIkFORCIsWyJJc1Nob3dIb21lIiwiPSIsIjEiXV0=","Delta":0,"PageIndex":1,"PageSize":9999}
2022-06-06 23:52:45  INFO TOE.TOEIC.Web.Controllers.BaseEntityController`1.GetFilter - Filter Category info : {"Sort":"[[\"CreatedDate\",\"DESC\"]]","Columns":null,"Filter":"W1siSXNEZWxldGVkIiwiPSIsIjAiXSwiQU5EIixbIlN0YXR1cyIsIj0iLCIxIl1d","Delta":0,"PageIndex":1,"PageSize":9999}
2022-06-06 23:52:45  INFO TOE.TOEIC.Web.Controllers.BookItemsController.GetFilterPrivate - Filter BookItem info : {"Sort":"[[\"ModifiedDate\",\"DESC\"]]","Columns":null,"Filter":"W1siSXNEZWxldGVkIiwiPSIsIjAiXSwiQU5EIixbIklzUHJpdmF0ZSIsIj0iLCIxIl1d","Delta":0,"PageIndex":0,"PageSize":20}
2022-06-06 23:52:45  INFO TOE.TOEIC.Web.Controllers.BookItemsController.GetFilterPrivate - Filter BookItem info : {"Sort":"[[\"ModifiedDate\",\"DESC\"]]","Columns":null,"Filter":"W1siSXNEZWxldGVkIiwiPSIsIjAiXSwiQU5EIixbIklzUHJpdmF0ZSIsIj0iLCIxIl1d","Delta":0,"PageIndex":0,"PageSize":20}
2022-06-06 23:54:41  INFO TOE.TOEIC.ApplicationCore.Interfaces.SafeAddressService.CheckIsInNetworkAllowed - [IP ADDRESS]: System.Collections.Generic.List`1[System.Net.IPAddress]
2022-06-06 23:54:41  INFO TOE.TOEIC.ApplicationCore.Interfaces.SafeAddressService.CheckIsInNetworkAllowed - [MAC ADDRESS]: C46516B228DC
2022-06-06 23:54:41  INFO TOE.TOEIC.Web.Controllers.BaseEntityController`1.GetFilter - Filter Menu info : {"Sort":null,"Columns":null,"Filter":"W1siSXNEZWxldGVkIiwiPSIsIjAiXSwiQU5EIixbIlN0YXR1cyIsIj0iLCIxIl0sIkFORCIsWyJJc1Nob3dIb21lIiwiPSIsIjEiXV0=","Delta":0,"PageIndex":1,"PageSize":9999}
2022-06-06 23:54:41  INFO TOE.TOEIC.Web.Controllers.BaseEntityController`1.GetFilter - Filter Category info : {"Sort":"[[\"CreatedDate\",\"DESC\"]]","Columns":null,"Filter":"W1siSXNEZWxldGVkIiwiPSIsIjAiXSwiQU5EIixbIlN0YXR1cyIsIj0iLCIxIl1d","Delta":0,"PageIndex":1,"PageSize":9999}
2022-06-06 23:54:41  INFO TOE.TOEIC.Web.Controllers.BookItemsController.GetFilterPrivate - Filter BookItem info : {"Sort":"[[\"ModifiedDate\",\"DESC\"]]","Columns":null,"Filter":"W1siSXNEZWxldGVkIiwiPSIsIjAiXSwiQU5EIixbIklzUHJpdmF0ZSIsIj0iLCIxIl1d","Delta":0,"PageIndex":0,"PageSize":20}
2022-06-06 23:54:41  INFO TOE.TOEIC.Web.Controllers.BookItemsController.GetFilterPrivate - Filter BookItem info : {"Sort":"[[\"ModifiedDate\",\"DESC\"]]","Columns":null,"Filter":"W1siSXNEZWxldGVkIiwiPSIsIjAiXSwiQU5EIixbIklzUHJpdmF0ZSIsIj0iLCIxIl1d","Delta":0,"PageIndex":0,"PageSize":20}
2022-06-06 23:58:36  INFO TOE.TOEIC.Web.Controllers.BookItemsController.GetFilterPrivate - Filter BookItem info : {"Sort":"[[\"ModifiedDate\",\"DESC\"]]","Columns":null,"Filter":"W1siSXNEZWxldGVkIiwiPSIsIjAiXSwiQU5EIixbIklzUHJpdmF0ZSIsIj0iLCIxIl0sIkFORCIsW1siQ2F0ZWdvcnlJRCIsIj0iLCIxM2Y5ZTRhNi05NzFmLTRlY2ItYTQ1Yy1iNDljZGE4YjMwMjEiXV1d","Delta":0,"PageIndex":0,"PageSize":20}
