2022-06-14 21:29:35  INFO Microsoft.Extensions.Hosting.Internal.ConsoleLifetime.OnApplicationStarted - Application started. Press Ctrl+C to shut down.
2022-06-14 21:29:36  INFO Microsoft.Extensions.Hosting.Internal.ConsoleLifetime.OnApplicationStarted - Hosting environment: Development
2022-06-14 21:29:36  INFO Microsoft.Extensions.Hosting.Internal.ConsoleLifetime.OnApplicationStarted - Content root path: D:\nam4ki2\DATN\DA\Toiec-365\Toeic-365-backend-v1\MISA.AMIS\MISA.AMIS.Web
2022-06-14 21:31:18  INFO TOE.TOEIC.ApplicationCore.Interfaces.SafeAddressService.CheckIsInNetworkAllowed - [IP ADDRESS]: System.Collections.Generic.List`1[System.Net.IPAddress]
2022-06-14 21:31:18  INFO TOE.TOEIC.ApplicationCore.Interfaces.SafeAddressService.CheckIsInNetworkAllowed - [MAC ADDRESS]: C46516B228DC
2022-06-14 21:31:18  INFO TOE.TOEIC.Web.Controllers.BaseEntityController`1.GetFilter - Filter Menu info : {"Sort":null,"Columns":null,"Filter":"W1siSXNEZWxldGVkIiwiPSIsIjAiXSwiQU5EIixbIlN0YXR1cyIsIj0iLCIxIl0sIkFORCIsWyJJc1Nob3dIb21lIiwiPSIsIjEiXV0=","Delta":0,"PageIndex":1,"PageSize":9999}
2022-06-14 21:31:18  INFO TOE.TOEIC.Web.Controllers.BaseEntityController`1.GetFilter - Filter Post info : {"Sort":null,"Columns":null,"Filter":"W1tbIk1lbnVJRCIsIj0iLCI4ZDBmYjA1ZC01Y2E2LTRjZjYtYWRmYi03NWU1MGQyYTg4YzUiXSwiT1IiLFsiTWVudUlEIiwiPSIsImJlNzFmOTI1LTcyMWItNDg5Mi05YTM5LWM0NTBlYThlYTg4ZCJdLCJPUiIsWyJNZW51SUQiLCI9IiwiZGY4NjdiZDQtOGY3Ny00NDE4LWFmYTMtNWI0OWJkNDI3MGE1Il1dLCJBTkQiLFsiU3RhdHVzIiwiPSIsIjEiXSwiQU5EIixbIklzRGVsZXRlZCIsIj0iLCIwIl1d","Delta":0,"PageIndex":1,"PageSize":9999}
2022-06-14 21:32:18  INFO TOE.TOEIC.Web.Controllers.BaseEntityController`1.GetFilter - Filter Notification info : {"Sort":"[[\"CreatedDate\",\"DESC\"]]","Columns":null,"Filter":"W1siSXNEZWxldGVkIiwiPSIsIjAiXSwiQU5EIixbIlN0YXR1cyIsIj0iLCIxIl1d","Delta":0,"PageIndex":1,"PageSize":20}
2022-06-14 21:32:21  INFO TOE.TOEIC.Web.Controllers.BaseEntityController`1.GetFilter - Filter Notification info : {"Sort":"[[\"CreatedDate\",\"DESC\"]]","Columns":null,"Filter":"W1siSXNEZWxldGVkIiwiPSIsIjAiXSwiQU5EIixbIlN0YXR1cyIsIj0iLCIxIl1d","Delta":0,"PageIndex":1,"PageSize":20}
2022-06-14 21:32:21  INFO TOE.TOEIC.Web.Controllers.SafeAddressController.GetFilter - Filter SafeAddress info : {"Sort":null,"Columns":null,"Filter":"W1siSXNEZWxldGVkIiwiPSIsIjAiXV0=","Delta":0,"PageIndex":1,"PageSize":10}
2022-06-14 21:32:22  INFO TOE.TOEIC.Web.Controllers.SafeAddressController.GetFilter - Filter SafeAddress info : {"Sort":null,"Columns":null,"Filter":"W1siSXNEZWxldGVkIiwiPSIsIjAiXV0=","Delta":0,"PageIndex":1,"PageSize":10}
2022-06-14 21:32:22  INFO TOE.TOEIC.Web.Controllers.BaseEntityController`1.GetFilter - Filter Notification info : {"Sort":"[[\"CreatedDate\",\"DESC\"]]","Columns":null,"Filter":"W1siSXNEZWxldGVkIiwiPSIsIjAiXSwiQU5EIixbIlN0YXR1cyIsIj0iLCIxIl1d","Delta":0,"PageIndex":1,"PageSize":20}
2022-06-14 21:32:22  INFO TOE.TOEIC.Web.Controllers.BaseEntityController`1.GetFilter - Filter Post info : {"Sort":null,"Columns":null,"Filter":"W1siSXNEZWxldGVkIiwiPSIsIjAiXV0=","Delta":0,"PageIndex":1,"PageSize":10}
2022-06-14 21:32:24  INFO TOE.TOEIC.Web.Controllers.BaseEntityController`1.GetFilter - Filter Notification info : {"Sort":"[[\"CreatedDate\",\"DESC\"]]","Columns":null,"Filter":"W1siSXNEZWxldGVkIiwiPSIsIjAiXSwiQU5EIixbIlN0YXR1cyIsIj0iLCIxIl1d","Delta":0,"PageIndex":1,"PageSize":20}
2022-06-14 21:32:26  INFO TOE.TOEIC.Web.Controllers.BaseEntityController`1.GetFilter - Filter Notification info : {"Sort":"[[\"CreatedDate\",\"DESC\"]]","Columns":null,"Filter":"W1siSXNEZWxldGVkIiwiPSIsIjAiXSwiQU5EIixbIlN0YXR1cyIsIj0iLCIxIl1d","Delta":0,"PageIndex":1,"PageSize":20}
2022-06-14 21:32:26  INFO TOE.TOEIC.Web.Controllers.BaseEntityController`1.GetFilter - Filter Role info : {"Sort":null,"Columns":null,"Filter":"W1siSXNEZWxldGVkIiwiPSIsIjAiXV0=","Delta":0,"PageIndex":1,"PageSize":10}
2022-06-14 21:32:26  INFO TOE.TOEIC.Web.Controllers.BaseEntityController`1.GetFilter - Filter Role info : {"Sort":null,"Columns":null,"Filter":"W1siSXNEZWxldGVkIiwiPSIsIjAiXV0=","Delta":0,"PageIndex":1,"PageSize":10}
2022-06-14 21:32:27  INFO TOE.TOEIC.Web.Controllers.BaseEntityController`1.GetFilter - Filter Notification info : {"Sort":"[[\"CreatedDate\",\"DESC\"]]","Columns":null,"Filter":"W1siSXNEZWxldGVkIiwiPSIsIjAiXSwiQU5EIixbIlN0YXR1cyIsIj0iLCIxIl1d","Delta":0,"PageIndex":1,"PageSize":20}
2022-06-14 21:32:52  INFO TOE.TOEIC.Web.Controllers.BaseEntityController`1.GetFilter - Filter Post info : {"Sort":null,"Columns":null,"Filter":"W1tbIk1lbnVJRCIsIj0iLCI4ZDBmYjA1ZC01Y2E2LTRjZjYtYWRmYi03NWU1MGQyYTg4YzUiXSwiT1IiLFsiTWVudUlEIiwiPSIsImJlNzFmOTI1LTcyMWItNDg5Mi05YTM5LWM0NTBlYThlYTg4ZCJdLCJPUiIsWyJNZW51SUQiLCI9IiwiZGY4NjdiZDQtOGY3Ny00NDE4LWFmYTMtNWI0OWJkNDI3MGE1Il1dLCJBTkQiLFsiU3RhdHVzIiwiPSIsIjEiXSwiQU5EIixbIklzRGVsZXRlZCIsIj0iLCIwIl1d","Delta":0,"PageIndex":1,"PageSize":9999}
2022-06-14 21:32:54  INFO TOE.TOEIC.Web.Controllers.BaseEntityController`1.GetFilter - Filter Notification info : {"Sort":"[[\"CreatedDate\",\"DESC\"]]","Columns":null,"Filter":"W1siSXNEZWxldGVkIiwiPSIsIjAiXSwiQU5EIixbIlN0YXR1cyIsIj0iLCIxIl1d","Delta":0,"PageIndex":1,"PageSize":20}
2022-06-14 21:32:55  INFO TOE.TOEIC.Web.Controllers.BaseEntityController`1.GetFilter - Filter Notification info : {"Sort":"[[\"CreatedDate\",\"DESC\"]]","Columns":null,"Filter":"W1siSXNEZWxldGVkIiwiPSIsIjAiXSwiQU5EIixbIlN0YXR1cyIsIj0iLCIxIl1d","Delta":0,"PageIndex":1,"PageSize":20}
2022-06-14 21:32:55  INFO TOE.TOEIC.Web.Controllers.BaseEntityController`1.GetFilter - Filter Post info : {"Sort":null,"Columns":null,"Filter":"W1siSXNEZWxldGVkIiwiPSIsIjAiXV0=","Delta":0,"PageIndex":1,"PageSize":10}
2022-06-14 21:32:58  INFO TOE.TOEIC.Web.Controllers.BaseEntityController`1.GetFilter - Filter Post info : {"Sort":null,"Columns":null,"Filter":"W1tbIk1lbnVJRCIsIj0iLCI4ZDBmYjA1ZC01Y2E2LTRjZjYtYWRmYi03NWU1MGQyYTg4YzUiXSwiT1IiLFsiTWVudUlEIiwiPSIsImJlNzFmOTI1LTcyMWItNDg5Mi05YTM5LWM0NTBlYThlYTg4ZCJdLCJPUiIsWyJNZW51SUQiLCI9IiwiZGY4NjdiZDQtOGY3Ny00NDE4LWFmYTMtNWI0OWJkNDI3MGE1Il1dLCJBTkQiLFsiU3RhdHVzIiwiPSIsIjEiXSwiQU5EIixbIklzRGVsZXRlZCIsIj0iLCIwIl1d","Delta":0,"PageIndex":1,"PageSize":9999}
2022-06-14 21:33:04  INFO TOE.TOEIC.Web.Controllers.BaseEntityController`1.GetFilter - Filter Notification info : {"Sort":"[[\"CreatedDate\",\"DESC\"]]","Columns":null,"Filter":"W1siSXNEZWxldGVkIiwiPSIsIjAiXSwiQU5EIixbIlN0YXR1cyIsIj0iLCIxIl1d","Delta":0,"PageIndex":1,"PageSize":20}
2022-06-14 21:33:08  INFO TOE.TOEIC.Web.Controllers.BaseEntityController`1.GetFilter - Filter Notification info : {"Sort":"[[\"CreatedDate\",\"DESC\"]]","Columns":null,"Filter":"W1siSXNEZWxldGVkIiwiPSIsIjAiXSwiQU5EIixbIlN0YXR1cyIsIj0iLCIxIl1d","Delta":0,"PageIndex":1,"PageSize":20}
2022-06-14 21:33:08  INFO TOE.TOEIC.Web.Controllers.BaseEntityController`1.GetFilter - Filter BookItem info : {"Sort":null,"Columns":null,"Filter":"W1siSXNEZWxldGVkIiwiPSIsIjAiXV0=","Delta":0,"PageIndex":1,"PageSize":10}
2022-06-14 21:33:08  INFO TOE.TOEIC.Web.Controllers.BaseEntityController`1.GetFilter - Filter Category info : {"Sort":null,"Columns":null,"Filter":"W1siSXNEZWxldGVkIiwiPSIsIjAiXSwiQU5EIixbIlN0YXR1cyIsIj0iLCIxIl1d","Delta":0,"PageIndex":1,"PageSize":9999}
2022-06-14 21:33:09  INFO TOE.TOEIC.Web.Controllers.BaseEntityController`1.GetFilter - Filter BookItem info : {"Sort":null,"Columns":null,"Filter":"W1siSXNEZWxldGVkIiwiPSIsIjAiXV0=","Delta":0,"PageIndex":1,"PageSize":10}
2022-06-14 21:41:30  INFO Microsoft.Extensions.Hosting.Internal.ConsoleLifetime.OnApplicationStarted - Application started. Press Ctrl+C to shut down.
2022-06-14 21:41:30  INFO Microsoft.Extensions.Hosting.Internal.ConsoleLifetime.OnApplicationStarted - Hosting environment: Development
2022-06-14 21:41:30  INFO Microsoft.Extensions.Hosting.Internal.ConsoleLifetime.OnApplicationStarted - Content root path: D:\nam4ki2\DATN\DA\Toiec-365\Toeic-365-backend-v1\MISA.AMIS\MISA.AMIS.Web
2022-06-14 21:42:09  INFO TOE.TOEIC.Web.Controllers.BaseEntityController`1.Put - Body put BookItem:{"IsReferenceOnly":false,"Price":200000.0,"BookFormat":0,"BorrowedDate":"0001-01-01T00:00:00","DueDate":"0001-01-01T00:00:00","DateOfPurchase":"1970-01-01T07:00:00","PublicationDate":"0001-01-01T00:00:00","Amount":10,"Reserved":0,"Loaned":0,"Lost":0,"Available":10,"BookID":"1360cac3-dd18-45ca-9a8f-ed09abf8a344","CategoryID":"13f9e4a6-971f-4ecb-a45c-b49cda8b3021","BookCode":"B000001","BookName":"English everyday","Description":null,"Publisher":"Even do","Author":"[\"Alex Horen\"]","LanguageCode":"en","Image":"https://firebasestorage.googleapis.com/v0/b/fir-library-upload.appspot.com/o/images%2Fb.png_002223_07062022?alt=media&token=0b8f78fe-9e79-4b50-9d91-6ff43487a87c","File":null,"IsPrivate":false,"EntityState":0,"CreatedDate":"2022-06-07T00:22:29","CreatedBy":"đỗ văn hải","ModifiedDate":"2022-06-14T21:42:09.418Z","ModifiedBy":"đỗ văn hải","Status":false,"IsDeleted":false}
2022-06-14 21:42:09  INFO TOE.TOEIC.Web.Controllers.BaseEntityController`1.Put - ServiceResult Body put BookItem:{"Data":0,"Messasge":"Thao tác thất bại","TOECode":200}
2022-06-14 21:42:19  INFO TOE.TOEIC.Web.Controllers.BaseEntityController`1.Put - Body put BookItem:{"IsReferenceOnly":false,"Price":200000.0,"BookFormat":0,"BorrowedDate":"0001-01-01T00:00:00","DueDate":"0001-01-01T00:00:00","DateOfPurchase":"1970-01-01T07:00:00","PublicationDate":"0001-01-01T00:00:00","Amount":10,"Reserved":0,"Loaned":0,"Lost":0,"Available":10,"BookID":"1360cac3-dd18-45ca-9a8f-ed09abf8a344","CategoryID":"13f9e4a6-971f-4ecb-a45c-b49cda8b3021","BookCode":"B000001","BookName":"English everyday","Description":null,"Publisher":"Even do","Author":"[\"Alex Horen\"]","LanguageCode":"en","Image":"https://firebasestorage.googleapis.com/v0/b/fir-library-upload.appspot.com/o/images%2Fb.png_002223_07062022?alt=media&token=0b8f78fe-9e79-4b50-9d91-6ff43487a87c","File":null,"IsPrivate":false,"EntityState":0,"CreatedDate":"2022-06-07T00:22:29","CreatedBy":"đỗ văn hải","ModifiedDate":"2022-06-14T21:42:19.891Z","ModifiedBy":"đỗ văn hải","Status":true,"IsDeleted":false}
2022-06-14 21:42:19  INFO TOE.TOEIC.Web.Controllers.BaseEntityController`1.Put - ServiceResult Body put BookItem:{"Data":0,"Messasge":"Thao tác thất bại","TOECode":200}
2022-06-14 21:47:51  INFO TOE.TOEIC.Web.Controllers.BaseEntityController`1.Put - Body put BookItem:{"IsReferenceOnly":false,"Price":200000.0,"BookFormat":0,"BorrowedDate":"0001-01-01T00:00:00","DueDate":"0001-01-01T00:00:00","DateOfPurchase":"1970-01-01T07:00:00","PublicationDate":"0001-01-01T00:00:00","Amount":10,"Reserved":0,"Loaned":0,"Lost":0,"Available":10,"BookID":"1360cac3-dd18-45ca-9a8f-ed09abf8a344","CategoryID":"13f9e4a6-971f-4ecb-a45c-b49cda8b3021","BookCode":"B000001","BookName":"English everyday","Description":null,"Publisher":"Even do","Author":"[\"Alex Horen\"]","LanguageCode":"en","Image":"https://firebasestorage.googleapis.com/v0/b/fir-library-upload.appspot.com/o/images%2Fb.png_002223_07062022?alt=media&token=0b8f78fe-9e79-4b50-9d91-6ff43487a87c","File":null,"IsPrivate":false,"EntityState":0,"CreatedDate":"2022-06-07T00:22:29","CreatedBy":"đỗ văn hải","ModifiedDate":"2022-06-14T21:47:34.649Z","ModifiedBy":"đỗ văn hải","Status":false,"IsDeleted":false}
2022-06-14 21:47:56  INFO TOE.TOEIC.Web.Controllers.BaseEntityController`1.Put - ServiceResult Body put BookItem:{"Data":0,"Messasge":"Thao tác thất bại","TOECode":200}
2022-06-14 22:00:59  INFO Microsoft.Extensions.Hosting.Internal.ConsoleLifetime.OnApplicationStarted - Application started. Press Ctrl+C to shut down.
2022-06-14 22:00:59  INFO Microsoft.Extensions.Hosting.Internal.ConsoleLifetime.OnApplicationStarted - Hosting environment: Development
2022-06-14 22:00:59  INFO Microsoft.Extensions.Hosting.Internal.ConsoleLifetime.OnApplicationStarted - Content root path: D:\nam4ki2\DATN\DA\Toiec-365\Toeic-365-backend-v1\MISA.AMIS\MISA.AMIS.Web
2022-06-14 22:13:05  INFO TOE.TOEIC.ApplicationCore.Interfaces.SafeAddressService.CheckIsInNetworkAllowed - [IP ADDRESS]: System.Collections.Generic.List`1[System.Net.IPAddress]
2022-06-14 22:13:06  INFO TOE.TOEIC.ApplicationCore.Interfaces.SafeAddressService.CheckIsInNetworkAllowed - [MAC ADDRESS]: C46516B228DC
2022-06-14 22:13:06  INFO TOE.TOEIC.Web.Controllers.BaseEntityController`1.GetFilter - Filter Post info : {"Sort":null,"Columns":null,"Filter":"W1tbIk1lbnVJRCIsIj0iLCI4ZDBmYjA1ZC01Y2E2LTRjZjYtYWRmYi03NWU1MGQyYTg4YzUiXSwiT1IiLFsiTWVudUlEIiwiPSIsImJlNzFmOTI1LTcyMWItNDg5Mi05YTM5LWM0NTBlYThlYTg4ZCJdLCJPUiIsWyJNZW51SUQiLCI9IiwiZGY4NjdiZDQtOGY3Ny00NDE4LWFmYTMtNWI0OWJkNDI3MGE1Il1dLCJBTkQiLFsiU3RhdHVzIiwiPSIsIjEiXSwiQU5EIixbIklzRGVsZXRlZCIsIj0iLCIwIl1d","Delta":0,"PageIndex":1,"PageSize":9999}
2022-06-14 22:13:06  INFO TOE.TOEIC.Web.Controllers.BaseEntityController`1.GetFilter - Filter Menu info : {"Sort":null,"Columns":null,"Filter":"W1siSXNEZWxldGVkIiwiPSIsIjAiXSwiQU5EIixbIlN0YXR1cyIsIj0iLCIxIl0sIkFORCIsWyJJc1Nob3dIb21lIiwiPSIsIjEiXV0=","Delta":0,"PageIndex":1,"PageSize":9999}
2022-06-14 22:13:10  INFO TOE.TOEIC.Web.Controllers.BaseEntityController`1.GetFilter - Filter Notification info : {"Sort":"[[\"CreatedDate\",\"DESC\"]]","Columns":null,"Filter":"W1siSXNEZWxldGVkIiwiPSIsIjAiXSwiQU5EIixbIlN0YXR1cyIsIj0iLCIxIl1d","Delta":0,"PageIndex":1,"PageSize":20}
2022-06-14 22:13:13  INFO TOE.TOEIC.Web.Controllers.BaseEntityController`1.GetFilter - Filter Notification info : {"Sort":"[[\"CreatedDate\",\"DESC\"]]","Columns":null,"Filter":"W1siSXNEZWxldGVkIiwiPSIsIjAiXSwiQU5EIixbIlN0YXR1cyIsIj0iLCIxIl1d","Delta":0,"PageIndex":1,"PageSize":20}
2022-06-14 22:13:13  INFO TOE.TOEIC.Web.Controllers.BaseEntityController`1.GetFilter - Filter BookItem info : {"Sort":null,"Columns":null,"Filter":"W1siSXNEZWxldGVkIiwiPSIsIjAiXV0=","Delta":0,"PageIndex":1,"PageSize":10}
2022-06-14 22:13:13  INFO TOE.TOEIC.Web.Controllers.BaseEntityController`1.GetFilter - Filter Category info : {"Sort":null,"Columns":null,"Filter":"W1siSXNEZWxldGVkIiwiPSIsIjAiXSwiQU5EIixbIlN0YXR1cyIsIj0iLCIxIl1d","Delta":0,"PageIndex":1,"PageSize":9999}
2022-06-14 22:14:42  INFO TOE.TOEIC.Web.Controllers.BaseEntityController`1.Put - Body put BookItem:{"Price":200000.0,"BookFormat":0,"BorrowedDate":"0001-01-01T00:00:00","PublicationDate":"2022-06-14T21:49:30","Amount":10,"Reserved":0,"Loaned":0,"Available":10,"BookID":"1360cac3-dd18-45ca-9a8f-ed09abf8a344","CategoryID":"13f9e4a6-971f-4ecb-a45c-b49cda8b3021","BookCode":"B000001","BookName":"English everyday","Description":null,"Publisher":"Even do","Author":"[\"Alex Horen\"]","LanguageCode":"en","Image":"https://firebasestorage.googleapis.com/v0/b/fir-library-upload.appspot.com/o/images%2Fb.png_002223_07062022?alt=media&token=0b8f78fe-9e79-4b50-9d91-6ff43487a87c","File":null,"IsPrivate":false,"EntityState":0,"CreatedDate":"2022-06-07T00:22:29","CreatedBy":"đỗ văn hải","ModifiedDate":"2022-06-14T22:14:42.443Z","ModifiedBy":"đỗ văn hải","Status":false,"IsDeleted":false}
2022-06-14 22:14:42  INFO TOE.TOEIC.Web.Controllers.BaseEntityController`1.Put - ServiceResult Body put BookItem:{"Data":0,"Messasge":"Thao tác thất bại","TOECode":200}
2022-06-14 22:14:48  INFO TOE.TOEIC.Web.Controllers.BaseEntityController`1.GetFilter - Filter BookItem info : {"Sort":null,"Columns":null,"Filter":"W1siSXNEZWxldGVkIiwiPSIsIjAiXV0=","Delta":0,"PageIndex":1,"PageSize":10}
2022-06-14 22:14:48  INFO TOE.TOEIC.Web.Controllers.BaseEntityController`1.GetFilter - Filter Notification info : {"Sort":"[[\"CreatedDate\",\"DESC\"]]","Columns":null,"Filter":"W1siSXNEZWxldGVkIiwiPSIsIjAiXSwiQU5EIixbIlN0YXR1cyIsIj0iLCIxIl1d","Delta":0,"PageIndex":1,"PageSize":20}
2022-06-14 22:14:48  INFO TOE.TOEIC.Web.Controllers.BaseEntityController`1.GetFilter - Filter Category info : {"Sort":null,"Columns":null,"Filter":"W1siSXNEZWxldGVkIiwiPSIsIjAiXSwiQU5EIixbIlN0YXR1cyIsIj0iLCIxIl1d","Delta":0,"PageIndex":1,"PageSize":9999}
2022-06-14 22:14:48  INFO TOE.TOEIC.ApplicationCore.Interfaces.SafeAddressService.CheckIsInNetworkAllowed - [IP ADDRESS]: System.Collections.Generic.List`1[System.Net.IPAddress]
2022-06-14 22:14:48  INFO TOE.TOEIC.ApplicationCore.Interfaces.SafeAddressService.CheckIsInNetworkAllowed - [MAC ADDRESS]: C46516B228DC
2022-06-14 22:14:50  INFO TOE.TOEIC.Web.Controllers.BaseEntityController`1.GetFilter - Filter Menu info : {"Sort":null,"Columns":null,"Filter":"W1siSXNEZWxldGVkIiwiPSIsIjAiXSwiQU5EIixbIlN0YXR1cyIsIj0iLCIxIl0sIkFORCIsWyJJc1Nob3dIb21lIiwiPSIsIjEiXV0=","Delta":0,"PageIndex":1,"PageSize":9999}
2022-06-14 22:15:13  INFO TOE.TOEIC.Web.Controllers.BaseEntityController`1.GetFilter - Filter BookItem info : {"Sort":null,"Columns":null,"Filter":"W1siSXNEZWxldGVkIiwiPSIsIjAiXSwiQU5EIixbWyJCb29rQ29kZSIsIkNPTlRBSU5TIiwiMjM0Il1dXQ==","Delta":0,"PageIndex":1,"PageSize":10}
2022-06-14 22:15:17  INFO TOE.TOEIC.Web.Controllers.BaseEntityController`1.GetFilter - Filter BookItem info : {"Sort":null,"Columns":null,"Filter":"W1siSXNEZWxldGVkIiwiPSIsIjAiXV0=","Delta":0,"PageIndex":1,"PageSize":10}
2022-06-14 22:15:33  INFO TOE.TOEIC.Web.Controllers.BaseEntityController`1.GetFilter - Filter BookItem info : {"Sort":null,"Columns":null,"Filter":"W1siSXNEZWxldGVkIiwiPSIsIjAiXV0=","Delta":0,"PageIndex":1,"PageSize":20}
2022-06-14 22:15:34  INFO TOE.TOEIC.Web.Controllers.BaseEntityController`1.GetFilter - Filter BookItem info : {"Sort":null,"Columns":null,"Filter":"W1siSXNEZWxldGVkIiwiPSIsIjAiXV0=","Delta":0,"PageIndex":1,"PageSize":10}
2022-06-14 22:18:29  INFO TOE.TOEIC.Web.Controllers.BaseEntityController`1.GetFilter - Filter Notification info : {"Sort":"[[\"CreatedDate\",\"DESC\"]]","Columns":null,"Filter":"W1siSXNEZWxldGVkIiwiPSIsIjAiXSwiQU5EIixbIlN0YXR1cyIsIj0iLCIxIl1d","Delta":0,"PageIndex":1,"PageSize":20}
2022-06-14 22:18:29  INFO TOE.TOEIC.Web.Controllers.BaseEntityController`1.GetFilter - Filter BookItem info : {"Sort":null,"Columns":null,"Filter":"W1siSXNEZWxldGVkIiwiPSIsIjAiXV0=","Delta":0,"PageIndex":1,"PageSize":10}
2022-06-14 22:18:29  INFO TOE.TOEIC.Web.Controllers.BaseEntityController`1.GetFilter - Filter Category info : {"Sort":null,"Columns":null,"Filter":"W1siSXNEZWxldGVkIiwiPSIsIjAiXSwiQU5EIixbIlN0YXR1cyIsIj0iLCIxIl1d","Delta":0,"PageIndex":1,"PageSize":9999}
2022-06-14 22:18:30  INFO TOE.TOEIC.ApplicationCore.Interfaces.SafeAddressService.CheckIsInNetworkAllowed - [IP ADDRESS]: System.Collections.Generic.List`1[System.Net.IPAddress]
2022-06-14 22:18:30  INFO TOE.TOEIC.ApplicationCore.Interfaces.SafeAddressService.CheckIsInNetworkAllowed - [MAC ADDRESS]: C46516B228DC
2022-06-14 22:18:32  INFO TOE.TOEIC.Web.Controllers.BaseEntityController`1.GetFilter - Filter Menu info : {"Sort":null,"Columns":null,"Filter":"W1siSXNEZWxldGVkIiwiPSIsIjAiXSwiQU5EIixbIlN0YXR1cyIsIj0iLCIxIl0sIkFORCIsWyJJc1Nob3dIb21lIiwiPSIsIjEiXV0=","Delta":0,"PageIndex":1,"PageSize":9999}
2022-06-14 22:22:45  INFO TOE.TOEIC.ApplicationCore.Interfaces.SafeAddressService.CheckIsInNetworkAllowed - [IP ADDRESS]: System.Collections.Generic.List`1[System.Net.IPAddress]
2022-06-14 22:22:45  INFO TOE.TOEIC.ApplicationCore.Interfaces.SafeAddressService.CheckIsInNetworkAllowed - [MAC ADDRESS]: C46516B228DC
2022-06-14 22:22:46  INFO TOE.TOEIC.Web.Controllers.BaseEntityController`1.GetFilter - Filter Menu info : {"Sort":null,"Columns":null,"Filter":"W1siSXNEZWxldGVkIiwiPSIsIjAiXSwiQU5EIixbIlN0YXR1cyIsIj0iLCIxIl0sIkFORCIsWyJJc1Nob3dIb21lIiwiPSIsIjEiXV0=","Delta":0,"PageIndex":1,"PageSize":9999}
2022-06-14 22:22:46  INFO TOE.TOEIC.Web.Controllers.BaseEntityController`1.GetFilter - Filter Post info : {"Sort":null,"Columns":null,"Filter":"W1tbIk1lbnVJRCIsIj0iLCI4ZDBmYjA1ZC01Y2E2LTRjZjYtYWRmYi03NWU1MGQyYTg4YzUiXSwiT1IiLFsiTWVudUlEIiwiPSIsImJlNzFmOTI1LTcyMWItNDg5Mi05YTM5LWM0NTBlYThlYTg4ZCJdLCJPUiIsWyJNZW51SUQiLCI9IiwiZGY4NjdiZDQtOGY3Ny00NDE4LWFmYTMtNWI0OWJkNDI3MGE1Il1dLCJBTkQiLFsiU3RhdHVzIiwiPSIsIjEiXSwiQU5EIixbIklzRGVsZXRlZCIsIj0iLCIwIl1d","Delta":0,"PageIndex":1,"PageSize":9999}
2022-06-14 22:22:49  INFO TOE.TOEIC.Web.Controllers.BaseEntityController`1.GetFilter - Filter Notification info : {"Sort":"[[\"CreatedDate\",\"DESC\"]]","Columns":null,"Filter":"W1siSXNEZWxldGVkIiwiPSIsIjAiXSwiQU5EIixbIlN0YXR1cyIsIj0iLCIxIl1d","Delta":0,"PageIndex":1,"PageSize":20}
2022-06-14 22:22:51  INFO TOE.TOEIC.Web.Controllers.BaseEntityController`1.GetFilter - Filter Notification info : {"Sort":"[[\"CreatedDate\",\"DESC\"]]","Columns":null,"Filter":"W1siSXNEZWxldGVkIiwiPSIsIjAiXSwiQU5EIixbIlN0YXR1cyIsIj0iLCIxIl1d","Delta":0,"PageIndex":1,"PageSize":20}
2022-06-14 22:22:51  INFO TOE.TOEIC.Web.Controllers.BaseEntityController`1.GetFilter - Filter Category info : {"Sort":null,"Columns":null,"Filter":"W1siSXNEZWxldGVkIiwiPSIsIjAiXSwiQU5EIixbIlN0YXR1cyIsIj0iLCIxIl1d","Delta":0,"PageIndex":1,"PageSize":9999}
2022-06-14 22:22:51  INFO TOE.TOEIC.Web.Controllers.BaseEntityController`1.GetFilter - Filter BookItem info : {"Sort":null,"Columns":null,"Filter":"W1siSXNEZWxldGVkIiwiPSIsIjAiXV0=","Delta":0,"PageIndex":1,"PageSize":10}
2022-06-14 22:22:52  INFO TOE.TOEIC.Web.Controllers.BaseEntityController`1.GetFilter - Filter BookItem info : {"Sort":null,"Columns":null,"Filter":"W1siSXNEZWxldGVkIiwiPSIsIjAiXV0=","Delta":0,"PageIndex":1,"PageSize":10}
2022-06-14 22:23:04  INFO TOE.TOEIC.Web.Controllers.BaseEntityController`1.GetFilter - Filter Post info : {"Sort":null,"Columns":null,"Filter":"W1tbIk1lbnVJRCIsIj0iLCI4ZDBmYjA1ZC01Y2E2LTRjZjYtYWRmYi03NWU1MGQyYTg4YzUiXSwiT1IiLFsiTWVudUlEIiwiPSIsImJlNzFmOTI1LTcyMWItNDg5Mi05YTM5LWM0NTBlYThlYTg4ZCJdLCJPUiIsWyJNZW51SUQiLCI9IiwiZGY4NjdiZDQtOGY3Ny00NDE4LWFmYTMtNWI0OWJkNDI3MGE1Il1dLCJBTkQiLFsiU3RhdHVzIiwiPSIsIjEiXSwiQU5EIixbIklzRGVsZXRlZCIsIj0iLCIwIl1d","Delta":0,"PageIndex":1,"PageSize":9999}
2022-06-14 22:23:05  INFO TOE.TOEIC.Web.Controllers.BaseEntityController`1.GetFilter - Filter Category info : {"Sort":"[[\"CreatedDate\",\"DESC\"]]","Columns":null,"Filter":"W1siSXNEZWxldGVkIiwiPSIsIjAiXSwiQU5EIixbIlN0YXR1cyIsIj0iLCIxIl1d","Delta":0,"PageIndex":1,"PageSize":9999}
2022-06-14 22:23:06  INFO TOE.TOEIC.Web.Controllers.BookItemsController.GetFilterPrivate - Filter BookItem info : {"Sort":"[[\"ModifiedDate\",\"DESC\"]]","Columns":null,"Filter":"W1siSXNEZWxldGVkIiwiPSIsIjAiXSwiQU5EIixbIklzUHJpdmF0ZSIsIj0iLCIxIl1d","Delta":0,"PageIndex":0,"PageSize":20}
2022-06-14 22:23:06  INFO TOE.TOEIC.Web.Controllers.BookItemsController.GetFilterPrivate - Filter BookItem info : {"Sort":"[[\"ModifiedDate\",\"DESC\"]]","Columns":null,"Filter":"W1siSXNEZWxldGVkIiwiPSIsIjAiXSwiQU5EIixbIklzUHJpdmF0ZSIsIj0iLCIxIl1d","Delta":0,"PageIndex":0,"PageSize":20}
2022-06-14 22:26:37  INFO TOE.TOEIC.ApplicationCore.Interfaces.SafeAddressService.CheckIsInNetworkAllowed - [IP ADDRESS]: System.Collections.Generic.List`1[System.Net.IPAddress]
2022-06-14 22:26:37  INFO TOE.TOEIC.ApplicationCore.Interfaces.SafeAddressService.CheckIsInNetworkAllowed - [MAC ADDRESS]: C46516B228DC
2022-06-14 22:26:38  INFO TOE.TOEIC.Web.Controllers.BaseEntityController`1.GetFilter - Filter Menu info : {"Sort":null,"Columns":null,"Filter":"W1siSXNEZWxldGVkIiwiPSIsIjAiXSwiQU5EIixbIlN0YXR1cyIsIj0iLCIxIl0sIkFORCIsWyJJc1Nob3dIb21lIiwiPSIsIjEiXV0=","Delta":0,"PageIndex":1,"PageSize":9999}
2022-06-14 22:26:38  INFO TOE.TOEIC.Web.Controllers.BaseEntityController`1.GetFilter - Filter Post info : {"Sort":null,"Columns":null,"Filter":"W1tbIk1lbnVJRCIsIj0iLCI4ZDBmYjA1ZC01Y2E2LTRjZjYtYWRmYi03NWU1MGQyYTg4YzUiXSwiT1IiLFsiTWVudUlEIiwiPSIsImJlNzFmOTI1LTcyMWItNDg5Mi05YTM5LWM0NTBlYThlYTg4ZCJdLCJPUiIsWyJNZW51SUQiLCI9IiwiZGY4NjdiZDQtOGY3Ny00NDE4LWFmYTMtNWI0OWJkNDI3MGE1Il1dLCJBTkQiLFsiU3RhdHVzIiwiPSIsIjEiXSwiQU5EIixbIklzRGVsZXRlZCIsIj0iLCIwIl1d","Delta":0,"PageIndex":1,"PageSize":9999}
2022-06-14 22:26:39  INFO TOE.TOEIC.Web.Controllers.BaseEntityController`1.GetFilter - Filter Notification info : {"Sort":"[[\"CreatedDate\",\"DESC\"]]","Columns":null,"Filter":"W1siSXNEZWxldGVkIiwiPSIsIjAiXSwiQU5EIixbIlN0YXR1cyIsIj0iLCIxIl1d","Delta":0,"PageIndex":1,"PageSize":20}
2022-06-14 22:26:41  INFO TOE.TOEIC.Web.Controllers.BaseEntityController`1.GetFilter - Filter Post info : {"Sort":null,"Columns":null,"Filter":"W1tbIk1lbnVJRCIsIj0iLCI4ZDBmYjA1ZC01Y2E2LTRjZjYtYWRmYi03NWU1MGQyYTg4YzUiXSwiT1IiLFsiTWVudUlEIiwiPSIsImJlNzFmOTI1LTcyMWItNDg5Mi05YTM5LWM0NTBlYThlYTg4ZCJdLCJPUiIsWyJNZW51SUQiLCI9IiwiZGY4NjdiZDQtOGY3Ny00NDE4LWFmYTMtNWI0OWJkNDI3MGE1Il1dLCJBTkQiLFsiU3RhdHVzIiwiPSIsIjEiXSwiQU5EIixbIklzRGVsZXRlZCIsIj0iLCIwIl1d","Delta":0,"PageIndex":1,"PageSize":9999}
2022-06-14 22:26:43  INFO TOE.TOEIC.Web.Controllers.BaseEntityController`1.GetFilter - Filter Category info : {"Sort":"[[\"CreatedDate\",\"DESC\"]]","Columns":null,"Filter":"W1siSXNEZWxldGVkIiwiPSIsIjAiXSwiQU5EIixbIlN0YXR1cyIsIj0iLCIxIl1d","Delta":0,"PageIndex":1,"PageSize":9999}
2022-06-14 22:26:43  INFO TOE.TOEIC.Web.Controllers.BookItemsController.GetFilterPrivate - Filter BookItem info : {"Sort":"[[\"ModifiedDate\",\"DESC\"]]","Columns":null,"Filter":"W1siSXNEZWxldGVkIiwiPSIsIjAiXSwiQU5EIixbIklzUHJpdmF0ZSIsIj0iLCIxIl1d","Delta":0,"PageIndex":0,"PageSize":20}
2022-06-14 22:26:43  INFO TOE.TOEIC.Web.Controllers.BookItemsController.GetFilterPrivate - Filter BookItem info : {"Sort":"[[\"ModifiedDate\",\"DESC\"]]","Columns":null,"Filter":"W1siSXNEZWxldGVkIiwiPSIsIjAiXSwiQU5EIixbIklzUHJpdmF0ZSIsIj0iLCIxIl1d","Delta":0,"PageIndex":0,"PageSize":20}
2022-06-14 22:30:53  INFO TOE.TOEIC.ApplicationCore.Interfaces.SafeAddressService.CheckIsInNetworkAllowed - [IP ADDRESS]: System.Collections.Generic.List`1[System.Net.IPAddress]
2022-06-14 22:30:53  INFO TOE.TOEIC.ApplicationCore.Interfaces.SafeAddressService.CheckIsInNetworkAllowed - [MAC ADDRESS]: C46516B228DC
2022-06-14 22:30:53  INFO TOE.TOEIC.Web.Controllers.BaseEntityController`1.GetFilter - Filter Menu info : {"Sort":null,"Columns":null,"Filter":"W1siSXNEZWxldGVkIiwiPSIsIjAiXSwiQU5EIixbIlN0YXR1cyIsIj0iLCIxIl0sIkFORCIsWyJJc1Nob3dIb21lIiwiPSIsIjEiXV0=","Delta":0,"PageIndex":1,"PageSize":9999}
2022-06-14 22:31:00  INFO TOE.TOEIC.ApplicationCore.Interfaces.SafeAddressService.CheckIsInNetworkAllowed - [IP ADDRESS]: System.Collections.Generic.List`1[System.Net.IPAddress]
2022-06-14 22:31:00  INFO TOE.TOEIC.ApplicationCore.Interfaces.SafeAddressService.CheckIsInNetworkAllowed - [MAC ADDRESS]: C46516B228DC
2022-06-14 22:31:01  INFO TOE.TOEIC.Web.Controllers.BaseEntityController`1.GetFilter - Filter Menu info : {"Sort":null,"Columns":null,"Filter":"W1siSXNEZWxldGVkIiwiPSIsIjAiXSwiQU5EIixbIlN0YXR1cyIsIj0iLCIxIl0sIkFORCIsWyJJc1Nob3dIb21lIiwiPSIsIjEiXV0=","Delta":0,"PageIndex":1,"PageSize":9999}
2022-06-14 22:31:05  INFO TOE.TOEIC.ApplicationCore.Interfaces.SafeAddressService.CheckIsInNetworkAllowed - [IP ADDRESS]: System.Collections.Generic.List`1[System.Net.IPAddress]
2022-06-14 22:31:05  INFO TOE.TOEIC.ApplicationCore.Interfaces.SafeAddressService.CheckIsInNetworkAllowed - [MAC ADDRESS]: C46516B228DC
2022-06-14 22:31:05  INFO TOE.TOEIC.Web.Controllers.BaseEntityController`1.GetFilter - Filter Menu info : {"Sort":null,"Columns":null,"Filter":"W1siSXNEZWxldGVkIiwiPSIsIjAiXSwiQU5EIixbIlN0YXR1cyIsIj0iLCIxIl0sIkFORCIsWyJJc1Nob3dIb21lIiwiPSIsIjEiXV0=","Delta":0,"PageIndex":1,"PageSize":9999}
2022-06-14 22:33:48  INFO TOE.TOEIC.ApplicationCore.Interfaces.SafeAddressService.CheckIsInNetworkAllowed - [IP ADDRESS]: System.Collections.Generic.List`1[System.Net.IPAddress]
2022-06-14 22:33:48  INFO TOE.TOEIC.ApplicationCore.Interfaces.SafeAddressService.CheckIsInNetworkAllowed - [MAC ADDRESS]: C46516B228DC
2022-06-14 22:33:48  INFO TOE.TOEIC.Web.Controllers.BaseEntityController`1.GetFilter - Filter Menu info : {"Sort":null,"Columns":null,"Filter":"W1siSXNEZWxldGVkIiwiPSIsIjAiXSwiQU5EIixbIlN0YXR1cyIsIj0iLCIxIl0sIkFORCIsWyJJc1Nob3dIb21lIiwiPSIsIjEiXV0=","Delta":0,"PageIndex":1,"PageSize":9999}
2022-06-14 22:33:48  INFO TOE.TOEIC.Web.Controllers.BaseEntityController`1.GetFilter - Filter Post info : {"Sort":null,"Columns":null,"Filter":"W1tbIk1lbnVJRCIsIj0iLCI4ZDBmYjA1ZC01Y2E2LTRjZjYtYWRmYi03NWU1MGQyYTg4YzUiXSwiT1IiLFsiTWVudUlEIiwiPSIsImJlNzFmOTI1LTcyMWItNDg5Mi05YTM5LWM0NTBlYThlYTg4ZCJdLCJPUiIsWyJNZW51SUQiLCI9IiwiZGY4NjdiZDQtOGY3Ny00NDE4LWFmYTMtNWI0OWJkNDI3MGE1Il1dLCJBTkQiLFsiU3RhdHVzIiwiPSIsIjEiXSwiQU5EIixbIklzRGVsZXRlZCIsIj0iLCIwIl1d","Delta":0,"PageIndex":1,"PageSize":9999}
2022-06-14 22:33:54  INFO TOE.TOEIC.Web.Controllers.BaseEntityController`1.GetFilter - Filter Category info : {"Sort":"[[\"CreatedDate\",\"DESC\"]]","Columns":null,"Filter":"W1siSXNEZWxldGVkIiwiPSIsIjAiXSwiQU5EIixbIlN0YXR1cyIsIj0iLCIxIl1d","Delta":0,"PageIndex":1,"PageSize":9999}
2022-06-14 22:33:54  INFO TOE.TOEIC.Web.Controllers.BookItemsController.GetFilterPrivate - Filter BookItem info : {"Sort":"[[\"ModifiedDate\",\"DESC\"]]","Columns":null,"Filter":"W1siSXNEZWxldGVkIiwiPSIsIjAiXSwiQU5EIixbIklzUHJpdmF0ZSIsIj0iLCIxIl1d","Delta":0,"PageIndex":0,"PageSize":20}
2022-06-14 22:33:54  INFO TOE.TOEIC.Web.Controllers.BookItemsController.GetFilterPrivate - Filter BookItem info : {"Sort":"[[\"ModifiedDate\",\"DESC\"]]","Columns":null,"Filter":"W1siSXNEZWxldGVkIiwiPSIsIjAiXSwiQU5EIixbIklzUHJpdmF0ZSIsIj0iLCIxIl1d","Delta":0,"PageIndex":0,"PageSize":20}
2022-06-14 22:33:59  INFO TOE.TOEIC.Web.Controllers.BaseEntityController`1.GetFilter - Filter BookItem info : {"Sort":"[[\"CreatedDate\",\"DESC\"]]","Columns":null,"Filter":"W1siSXNEZWxldGVkIiwiPSIsIjAiXSwiQU5EIixbIlN0YXR1cyIsIj0iLCIxIl0sIkFORCIsWyJCb29rRm9ybWF0IiwiPSIsMV0sIkFORCIsWyJJc1ByaXZhdGUiLCI9IiwiMCJdXQ==","Delta":0,"PageIndex":1,"PageSize":5}
2022-06-14 22:33:59  INFO TOE.TOEIC.Web.Controllers.BaseEntityController`1.GetFilter - Filter BookItem info : {"Sort":"[[\"CreatedDate\",\"DESC\"]]","Columns":null,"Filter":"W1siSXNEZWxldGVkIiwiPSIsIjAiXSwiQU5EIixbIlN0YXR1cyIsIj0iLCIxIl0sIkFORCIsWyJCb29rRm9ybWF0IiwiPSIsMF0sIkFORCIsWyJJc1ByaXZhdGUiLCI9IiwiMCJdXQ==","Delta":0,"PageIndex":1,"PageSize":5}
2022-06-14 22:41:32  INFO TOE.TOEIC.ApplicationCore.Interfaces.SafeAddressService.CheckIsInNetworkAllowed - [IP ADDRESS]: System.Collections.Generic.List`1[System.Net.IPAddress]
2022-06-14 22:41:32  INFO TOE.TOEIC.ApplicationCore.Interfaces.SafeAddressService.CheckIsInNetworkAllowed - [MAC ADDRESS]: C46516B228DC
2022-06-14 22:41:32  INFO TOE.TOEIC.Web.Controllers.BaseEntityController`1.GetFilter - Filter Menu info : {"Sort":null,"Columns":null,"Filter":"W1siSXNEZWxldGVkIiwiPSIsIjAiXSwiQU5EIixbIlN0YXR1cyIsIj0iLCIxIl0sIkFORCIsWyJJc1Nob3dIb21lIiwiPSIsIjEiXV0=","Delta":0,"PageIndex":1,"PageSize":9999}
2022-06-14 22:43:42  INFO TOE.TOEIC.Web.Controllers.BaseEntityController`1.GetFilter - Filter Post info : {"Sort":null,"Columns":null,"Filter":"W1siU3RhdHVzIiwiPSIsIjEiXSwiQU5EIixbIklzRGVsZXRlZCIsIj0iLCIwIl1d","Delta":0,"PageIndex":1,"PageSize":5}
2022-06-14 22:43:42  INFO TOE.TOEIC.Web.Controllers.BaseEntityController`1.GetFilter - Filter Post info : {"Sort":null,"Columns":null,"Filter":"W1siTWVudUlEIiwiPSIsIjM0YWVkODFkLTBhYTAtNDhkZi1iNmI4LTg4MjljNzQzMGE3ZCJdLCJBTkQiLFsiSXNEZWxldGVkIiwiPSIsIjAiXSwiQU5EIixbIlN0YXR1cyIsIj0iLCIxIl1d","Delta":0,"PageIndex":1,"PageSize":9999}
2022-06-14 22:43:44  INFO TOE.TOEIC.Web.Controllers.BaseEntityController`1.GetFilter - Filter BookItem info : {"Sort":"[[\"CreatedDate\",\"DESC\"]]","Columns":null,"Filter":"W1siSXNEZWxldGVkIiwiPSIsIjAiXSwiQU5EIixbIlN0YXR1cyIsIj0iLCIxIl0sIkFORCIsWyJCb29rRm9ybWF0IiwiPSIsMV0sIkFORCIsWyJJc1ByaXZhdGUiLCI9IiwiMCJdXQ==","Delta":0,"PageIndex":1,"PageSize":5}
2022-06-14 22:43:44  INFO TOE.TOEIC.Web.Controllers.BaseEntityController`1.GetFilter - Filter BookItem info : {"Sort":"[[\"CreatedDate\",\"DESC\"]]","Columns":null,"Filter":"W1siSXNEZWxldGVkIiwiPSIsIjAiXSwiQU5EIixbIlN0YXR1cyIsIj0iLCIxIl0sIkFORCIsWyJCb29rRm9ybWF0IiwiPSIsMF0sIkFORCIsWyJJc1ByaXZhdGUiLCI9IiwiMCJdXQ==","Delta":0,"PageIndex":1,"PageSize":5}
2022-06-14 22:43:56  INFO TOE.TOEIC.Web.Controllers.BaseEntityController`1.GetFilter - Filter BookItem info : {"Sort":"[[\"CreatedDate\",\"DESC\"]]","Columns":null,"Filter":"W1siSXNEZWxldGVkIiwiPSIsIjAiXSwiQU5EIixbIlN0YXR1cyIsIj0iLCIxIl0sIkFORCIsWyJCb29rRm9ybWF0IiwiPSIsMF0sIkFORCIsWyJJc1ByaXZhdGUiLCI9IiwiMCJdXQ==","Delta":0,"PageIndex":1,"PageSize":5}
2022-06-14 22:43:56  INFO TOE.TOEIC.Web.Controllers.BaseEntityController`1.GetFilter - Filter BookItem info : {"Sort":"[[\"CreatedDate\",\"DESC\"]]","Columns":null,"Filter":"W1siSXNEZWxldGVkIiwiPSIsIjAiXSwiQU5EIixbIlN0YXR1cyIsIj0iLCIxIl0sIkFORCIsWyJCb29rRm9ybWF0IiwiPSIsMV0sIkFORCIsWyJJc1ByaXZhdGUiLCI9IiwiMCJdXQ==","Delta":0,"PageIndex":1,"PageSize":5}
2022-06-14 22:44:35  INFO TOE.TOEIC.Web.Controllers.BaseEntityController`1.GetFilter - Filter Post info : {"Sort":null,"Columns":null,"Filter":"W1tbIk1lbnVJRCIsIj0iLCI4ZDBmYjA1ZC01Y2E2LTRjZjYtYWRmYi03NWU1MGQyYTg4YzUiXSwiT1IiLFsiTWVudUlEIiwiPSIsImJlNzFmOTI1LTcyMWItNDg5Mi05YTM5LWM0NTBlYThlYTg4ZCJdLCJPUiIsWyJNZW51SUQiLCI9IiwiZGY4NjdiZDQtOGY3Ny00NDE4LWFmYTMtNWI0OWJkNDI3MGE1Il1dLCJBTkQiLFsiU3RhdHVzIiwiPSIsIjEiXSwiQU5EIixbIklzRGVsZXRlZCIsIj0iLCIwIl1d","Delta":0,"PageIndex":1,"PageSize":9999}
2022-06-14 22:44:37  INFO TOE.TOEIC.Web.Controllers.BaseEntityController`1.GetFilter - Filter BookItem info : {"Sort":"[[\"CreatedDate\",\"DESC\"]]","Columns":null,"Filter":"W1siSXNEZWxldGVkIiwiPSIsIjAiXSwiQU5EIixbIlN0YXR1cyIsIj0iLCIxIl0sIkFORCIsWyJCb29rRm9ybWF0IiwiPSIsMV0sIkFORCIsWyJJc1ByaXZhdGUiLCI9IiwiMCJdXQ==","Delta":0,"PageIndex":1,"PageSize":5}
2022-06-14 22:44:37  INFO TOE.TOEIC.Web.Controllers.BaseEntityController`1.GetFilter - Filter BookItem info : {"Sort":"[[\"CreatedDate\",\"DESC\"]]","Columns":null,"Filter":"W1siSXNEZWxldGVkIiwiPSIsIjAiXSwiQU5EIixbIlN0YXR1cyIsIj0iLCIxIl0sIkFORCIsWyJCb29rRm9ybWF0IiwiPSIsMF0sIkFORCIsWyJJc1ByaXZhdGUiLCI9IiwiMCJdXQ==","Delta":0,"PageIndex":1,"PageSize":5}
2022-06-14 22:44:43  INFO TOE.TOEIC.Web.Controllers.BaseEntityController`1.GetFilter - Filter Account info : {"Sort":null,"Columns":"PhoneNumber,Email,AccountID,Address,FullName,UserName,Avatar,CreatedBy,CreatedDate,ModifiedBy,ModifiedDate,Status","Filter":"W1siSXNEZWxldGVkIiwiPSIsIjAiXSwiQU5EIixbIlN0YXR1cyIsIj0iLCIxIl0sIkFORCIsWyJBY2NvdW50SUQiLCI9IiwiNThkNTRkNGUtYjIwNS00ZWQ4LWIwYTAtMGVhZmY1ODdjNTBlIl1d","Delta":0,"PageIndex":1,"PageSize":1}
2022-06-14 22:45:31  INFO TOE.TOEIC.Web.Controllers.BaseEntityController`1.GetFilter - Filter Account info : {"Sort":null,"Columns":"PhoneNumber,Email,AccountID,Address,FullName,UserName,Avatar,CreatedBy,CreatedDate,ModifiedBy,ModifiedDate,Status","Filter":"W1siSXNEZWxldGVkIiwiPSIsIjAiXSwiQU5EIixbIlN0YXR1cyIsIj0iLCIxIl0sIkFORCIsWyJBY2NvdW50SUQiLCI9IiwiNThkNTRkNGUtYjIwNS00ZWQ4LWIwYTAtMGVhZmY1ODdjNTBlIl1d","Delta":0,"PageIndex":1,"PageSize":1}
2022-06-14 22:46:08  INFO TOE.TOEIC.ApplicationCore.Interfaces.SafeAddressService.CheckIsInNetworkAllowed - [IP ADDRESS]: System.Collections.Generic.List`1[System.Net.IPAddress]
2022-06-14 22:46:08  INFO TOE.TOEIC.ApplicationCore.Interfaces.SafeAddressService.CheckIsInNetworkAllowed - [MAC ADDRESS]: C46516B228DC
2022-06-14 22:46:08  INFO TOE.TOEIC.Web.Controllers.BaseEntityController`1.GetFilter - Filter Menu info : {"Sort":null,"Columns":null,"Filter":"W1siSXNEZWxldGVkIiwiPSIsIjAiXSwiQU5EIixbIlN0YXR1cyIsIj0iLCIxIl0sIkFORCIsWyJJc1Nob3dIb21lIiwiPSIsIjEiXV0=","Delta":0,"PageIndex":1,"PageSize":9999}
2022-06-14 22:46:08  INFO TOE.TOEIC.Web.Controllers.BaseEntityController`1.GetFilter - Filter Post info : {"Sort":null,"Columns":null,"Filter":"W1tbIk1lbnVJRCIsIj0iLCI4ZDBmYjA1ZC01Y2E2LTRjZjYtYWRmYi03NWU1MGQyYTg4YzUiXSwiT1IiLFsiTWVudUlEIiwiPSIsImJlNzFmOTI1LTcyMWItNDg5Mi05YTM5LWM0NTBlYThlYTg4ZCJdLCJPUiIsWyJNZW51SUQiLCI9IiwiZGY4NjdiZDQtOGY3Ny00NDE4LWFmYTMtNWI0OWJkNDI3MGE1Il1dLCJBTkQiLFsiU3RhdHVzIiwiPSIsIjEiXSwiQU5EIixbIklzRGVsZXRlZCIsIj0iLCIwIl1d","Delta":0,"PageIndex":1,"PageSize":9999}
2022-06-14 22:46:11  INFO TOE.TOEIC.Web.Controllers.BaseEntityController`1.GetFilter - Filter Notification info : {"Sort":"[[\"CreatedDate\",\"DESC\"]]","Columns":null,"Filter":"W1siSXNEZWxldGVkIiwiPSIsIjAiXSwiQU5EIixbIlN0YXR1cyIsIj0iLCIxIl1d","Delta":0,"PageIndex":1,"PageSize":20}
2022-06-14 22:46:13  INFO TOE.TOEIC.Web.Controllers.BaseEntityController`1.GetFilter - Filter Post info : {"Sort":null,"Columns":null,"Filter":"W1tbIk1lbnVJRCIsIj0iLCI4ZDBmYjA1ZC01Y2E2LTRjZjYtYWRmYi03NWU1MGQyYTg4YzUiXSwiT1IiLFsiTWVudUlEIiwiPSIsImJlNzFmOTI1LTcyMWItNDg5Mi05YTM5LWM0NTBlYThlYTg4ZCJdLCJPUiIsWyJNZW51SUQiLCI9IiwiZGY4NjdiZDQtOGY3Ny00NDE4LWFmYTMtNWI0OWJkNDI3MGE1Il1dLCJBTkQiLFsiU3RhdHVzIiwiPSIsIjEiXSwiQU5EIixbIklzRGVsZXRlZCIsIj0iLCIwIl1d","Delta":0,"PageIndex":1,"PageSize":9999}
2022-06-14 22:50:40  INFO TOE.TOEIC.ApplicationCore.Interfaces.SafeAddressService.CheckIsInNetworkAllowed - [IP ADDRESS]: System.Collections.Generic.List`1[System.Net.IPAddress]
2022-06-14 22:50:40  INFO TOE.TOEIC.ApplicationCore.Interfaces.SafeAddressService.CheckIsInNetworkAllowed - [MAC ADDRESS]: C46516B228DC
2022-06-14 22:50:40  INFO TOE.TOEIC.Web.Controllers.BaseEntityController`1.GetFilter - Filter Menu info : {"Sort":null,"Columns":null,"Filter":"W1siSXNEZWxldGVkIiwiPSIsIjAiXSwiQU5EIixbIlN0YXR1cyIsIj0iLCIxIl0sIkFORCIsWyJJc1Nob3dIb21lIiwiPSIsIjEiXV0=","Delta":0,"PageIndex":1,"PageSize":9999}
2022-06-14 22:50:42  INFO TOE.TOEIC.Web.Controllers.BaseEntityController`1.GetFilter - Filter BookItem info : {"Sort":"[[\"CreatedDate\",\"DESC\"]]","Columns":null,"Filter":"W1siSXNEZWxldGVkIiwiPSIsIjAiXSwiQU5EIixbIlN0YXR1cyIsIj0iLCIxIl0sIkFORCIsWyJCb29rRm9ybWF0IiwiPSIsMV0sIkFORCIsWyJJc1ByaXZhdGUiLCI9IiwiMCJdXQ==","Delta":0,"PageIndex":1,"PageSize":5}
2022-06-14 22:50:42  INFO TOE.TOEIC.Web.Controllers.BaseEntityController`1.GetFilter - Filter BookItem info : {"Sort":"[[\"CreatedDate\",\"DESC\"]]","Columns":null,"Filter":"W1siSXNEZWxldGVkIiwiPSIsIjAiXSwiQU5EIixbIlN0YXR1cyIsIj0iLCIxIl0sIkFORCIsWyJCb29rRm9ybWF0IiwiPSIsMF0sIkFORCIsWyJJc1ByaXZhdGUiLCI9IiwiMCJdXQ==","Delta":0,"PageIndex":1,"PageSize":5}
2022-06-14 22:50:48  INFO TOE.TOEIC.Web.Controllers.BaseEntityController`1.GetFilter - Filter BookItem info : {"Sort":"[[\"CreatedDate\",\"DESC\"]]","Columns":null,"Filter":"W1siSXNEZWxldGVkIiwiPSIsIjAiXSwiQU5EIixbIlN0YXR1cyIsIj0iLCIxIl0sIkFORCIsWyJCb29rRm9ybWF0IiwiPSIsMV0sIkFORCIsWyJJc1ByaXZhdGUiLCI9IiwiMCJdXQ==","Delta":0,"PageIndex":1,"PageSize":5}
2022-06-14 22:50:48  INFO TOE.TOEIC.Web.Controllers.BaseEntityController`1.GetFilter - Filter BookItem info : {"Sort":"[[\"CreatedDate\",\"DESC\"]]","Columns":null,"Filter":"W1siSXNEZWxldGVkIiwiPSIsIjAiXSwiQU5EIixbIlN0YXR1cyIsIj0iLCIxIl0sIkFORCIsWyJCb29rRm9ybWF0IiwiPSIsMF0sIkFORCIsWyJJc1ByaXZhdGUiLCI9IiwiMCJdXQ==","Delta":0,"PageIndex":1,"PageSize":5}
2022-06-14 22:50:57  INFO TOE.TOEIC.Web.Controllers.BaseEntityController`1.GetFilter - Filter BookItem info : {"Sort":"[[\"CreatedDate\",\"DESC\"]]","Columns":null,"Filter":"W1siSXNEZWxldGVkIiwiPSIsIjAiXSwiQU5EIixbIlN0YXR1cyIsIj0iLCIxIl0sIkFORCIsWyJCb29rRm9ybWF0IiwiPSIsMF0sIkFORCIsWyJJc1ByaXZhdGUiLCI9IiwiMCJdXQ==","Delta":0,"PageIndex":1,"PageSize":5}
2022-06-14 22:50:57  INFO TOE.TOEIC.Web.Controllers.BaseEntityController`1.GetFilter - Filter BookItem info : {"Sort":"[[\"CreatedDate\",\"DESC\"]]","Columns":null,"Filter":"W1siSXNEZWxldGVkIiwiPSIsIjAiXSwiQU5EIixbIlN0YXR1cyIsIj0iLCIxIl0sIkFORCIsWyJCb29rRm9ybWF0IiwiPSIsMV0sIkFORCIsWyJJc1ByaXZhdGUiLCI9IiwiMCJdXQ==","Delta":0,"PageIndex":1,"PageSize":5}
2022-06-14 22:51:02  INFO TOE.TOEIC.Web.Controllers.BaseEntityController`1.GetFilter - Filter Post info : {"Sort":null,"Columns":null,"Filter":"W1tbIk1lbnVJRCIsIj0iLCI4ZDBmYjA1ZC01Y2E2LTRjZjYtYWRmYi03NWU1MGQyYTg4YzUiXSwiT1IiLFsiTWVudUlEIiwiPSIsImJlNzFmOTI1LTcyMWItNDg5Mi05YTM5LWM0NTBlYThlYTg4ZCJdLCJPUiIsWyJNZW51SUQiLCI9IiwiZGY4NjdiZDQtOGY3Ny00NDE4LWFmYTMtNWI0OWJkNDI3MGE1Il1dLCJBTkQiLFsiU3RhdHVzIiwiPSIsIjEiXSwiQU5EIixbIklzRGVsZXRlZCIsIj0iLCIwIl1d","Delta":0,"PageIndex":1,"PageSize":9999}
2022-06-14 22:51:05  INFO TOE.TOEIC.Web.Controllers.BaseEntityController`1.GetFilter - Filter Category info : {"Sort":"[[\"CreatedDate\",\"DESC\"]]","Columns":null,"Filter":"W1siSXNEZWxldGVkIiwiPSIsIjAiXSwiQU5EIixbIlN0YXR1cyIsIj0iLCIxIl1d","Delta":0,"PageIndex":1,"PageSize":9999}
2022-06-14 22:51:05  INFO TOE.TOEIC.Web.Controllers.BookItemsController.GetFilterPrivate - Filter BookItem info : {"Sort":"[[\"ModifiedDate\",\"DESC\"]]","Columns":null,"Filter":"W1siSXNEZWxldGVkIiwiPSIsIjAiXSwiQU5EIixbIklzUHJpdmF0ZSIsIj0iLCIxIl1d","Delta":0,"PageIndex":0,"PageSize":20}
2022-06-14 22:51:05  INFO TOE.TOEIC.Web.Controllers.BookItemsController.GetFilterPrivate - Filter BookItem info : {"Sort":"[[\"ModifiedDate\",\"DESC\"]]","Columns":null,"Filter":"W1siSXNEZWxldGVkIiwiPSIsIjAiXSwiQU5EIixbIklzUHJpdmF0ZSIsIj0iLCIxIl1d","Delta":0,"PageIndex":0,"PageSize":20}
2022-06-14 22:51:22  INFO TOE.TOEIC.Web.Controllers.BaseEntityController`1.GetFilter - Filter BookItem info : {"Sort":"[[\"CreatedDate\",\"DESC\"]]","Columns":null,"Filter":"W1siSXNEZWxldGVkIiwiPSIsIjAiXSwiQU5EIixbIlN0YXR1cyIsIj0iLCIxIl0sIkFORCIsWyJCb29rRm9ybWF0IiwiPSIsMV0sIkFORCIsWyJJc1ByaXZhdGUiLCI9IiwiMCJdXQ==","Delta":0,"PageIndex":1,"PageSize":5}
2022-06-14 22:51:22  INFO TOE.TOEIC.Web.Controllers.BaseEntityController`1.GetFilter - Filter BookItem info : {"Sort":"[[\"CreatedDate\",\"DESC\"]]","Columns":null,"Filter":"W1siSXNEZWxldGVkIiwiPSIsIjAiXSwiQU5EIixbIlN0YXR1cyIsIj0iLCIxIl0sIkFORCIsWyJCb29rRm9ybWF0IiwiPSIsMF0sIkFORCIsWyJJc1ByaXZhdGUiLCI9IiwiMCJdXQ==","Delta":0,"PageIndex":1,"PageSize":5}
2022-06-14 22:56:49  INFO TOE.TOEIC.ApplicationCore.Interfaces.SafeAddressService.CheckIsInNetworkAllowed - [IP ADDRESS]: System.Collections.Generic.List`1[System.Net.IPAddress]
2022-06-14 22:56:49  INFO TOE.TOEIC.ApplicationCore.Interfaces.SafeAddressService.CheckIsInNetworkAllowed - [MAC ADDRESS]: C46516B228DC
2022-06-14 22:56:49  INFO TOE.TOEIC.Web.Controllers.BaseEntityController`1.GetFilter - Filter Menu info : {"Sort":null,"Columns":null,"Filter":"W1siSXNEZWxldGVkIiwiPSIsIjAiXSwiQU5EIixbIlN0YXR1cyIsIj0iLCIxIl0sIkFORCIsWyJJc1Nob3dIb21lIiwiPSIsIjEiXV0=","Delta":0,"PageIndex":1,"PageSize":9999}
2022-06-14 22:57:45  INFO TOE.TOEIC.Web.Controllers.BaseEntityController`1.GetFilter - Filter Notification info : {"Sort":"[[\"CreatedDate\",\"DESC\"]]","Columns":null,"Filter":"W1siSXNEZWxldGVkIiwiPSIsIjAiXSwiQU5EIixbIlN0YXR1cyIsIj0iLCIxIl1d","Delta":0,"PageIndex":1,"PageSize":20}
2022-06-14 22:57:49  INFO TOE.TOEIC.Web.Controllers.BaseEntityController`1.GetFilter - Filter Notification info : {"Sort":"[[\"CreatedDate\",\"DESC\"]]","Columns":null,"Filter":"W1siSXNEZWxldGVkIiwiPSIsIjAiXSwiQU5EIixbIlN0YXR1cyIsIj0iLCIxIl1d","Delta":0,"PageIndex":1,"PageSize":20}
2022-06-14 22:57:49  INFO TOE.TOEIC.Web.Controllers.BaseEntityController`1.GetFilter - Filter Category info : {"Sort":null,"Columns":null,"Filter":"W1siSXNEZWxldGVkIiwiPSIsIjAiXSwiQU5EIixbIlN0YXR1cyIsIj0iLCIxIl1d","Delta":0,"PageIndex":1,"PageSize":9999}
2022-06-14 22:57:49  INFO TOE.TOEIC.Web.Controllers.BaseEntityController`1.GetFilter - Filter BookItem info : {"Sort":null,"Columns":null,"Filter":"W1siSXNEZWxldGVkIiwiPSIsIjAiXV0=","Delta":0,"PageIndex":1,"PageSize":10}
2022-06-14 23:01:13  INFO TOE.TOEIC.ApplicationCore.Interfaces.SafeAddressService.CheckIsInNetworkAllowed - [IP ADDRESS]: System.Collections.Generic.List`1[System.Net.IPAddress]
2022-06-14 23:01:13  INFO TOE.TOEIC.ApplicationCore.Interfaces.SafeAddressService.CheckIsInNetworkAllowed - [MAC ADDRESS]: C46516B228DC
2022-06-14 23:01:13  INFO TOE.TOEIC.Web.Controllers.BaseEntityController`1.GetFilter - Filter Menu info : {"Sort":null,"Columns":null,"Filter":"W1siSXNEZWxldGVkIiwiPSIsIjAiXSwiQU5EIixbIlN0YXR1cyIsIj0iLCIxIl0sIkFORCIsWyJJc1Nob3dIb21lIiwiPSIsIjEiXV0=","Delta":0,"PageIndex":1,"PageSize":9999}
2022-06-14 23:01:13  INFO TOE.TOEIC.Web.Controllers.BaseEntityController`1.GetFilter - Filter Post info : {"Sort":null,"Columns":null,"Filter":"W1tbIk1lbnVJRCIsIj0iLCI4ZDBmYjA1ZC01Y2E2LTRjZjYtYWRmYi03NWU1MGQyYTg4YzUiXSwiT1IiLFsiTWVudUlEIiwiPSIsImJlNzFmOTI1LTcyMWItNDg5Mi05YTM5LWM0NTBlYThlYTg4ZCJdLCJPUiIsWyJNZW51SUQiLCI9IiwiZGY4NjdiZDQtOGY3Ny00NDE4LWFmYTMtNWI0OWJkNDI3MGE1Il1dLCJBTkQiLFsiU3RhdHVzIiwiPSIsIjEiXSwiQU5EIixbIklzRGVsZXRlZCIsIj0iLCIwIl1d","Delta":0,"PageIndex":1,"PageSize":9999}
2022-06-14 23:01:41  INFO TOE.TOEIC.Web.Controllers.BaseEntityController`1.GetFilter - Filter Account info : {"Sort":null,"Columns":"PhoneNumber,Email,AccountID,Address,FullName,UserName,Avatar,CreatedBy,CreatedDate,ModifiedBy,ModifiedDate,Status","Filter":"W1siSXNEZWxldGVkIiwiPSIsIjAiXSwiQU5EIixbIlN0YXR1cyIsIj0iLCIxIl0sIkFORCIsWyJBY2NvdW50SUQiLCI9IiwiNThkNTRkNGUtYjIwNS00ZWQ4LWIwYTAtMGVhZmY1ODdjNTBlIl1d","Delta":0,"PageIndex":1,"PageSize":1}
2022-06-14 23:01:45  INFO TOE.TOEIC.Web.Controllers.BaseEntityController`1.GetFilter - Filter BookItem info : {"Sort":"[[\"CreatedDate\",\"DESC\"]]","Columns":null,"Filter":"W1siSXNEZWxldGVkIiwiPSIsIjAiXSwiQU5EIixbIlN0YXR1cyIsIj0iLCIxIl0sIkFORCIsWyJCb29rRm9ybWF0IiwiPSIsMV0sIkFORCIsWyJJc1ByaXZhdGUiLCI9IiwiMCJdXQ==","Delta":0,"PageIndex":1,"PageSize":5}
2022-06-14 23:01:45  INFO TOE.TOEIC.Web.Controllers.BaseEntityController`1.GetFilter - Filter BookItem info : {"Sort":"[[\"CreatedDate\",\"DESC\"]]","Columns":null,"Filter":"W1siSXNEZWxldGVkIiwiPSIsIjAiXSwiQU5EIixbIlN0YXR1cyIsIj0iLCIxIl0sIkFORCIsWyJCb29rRm9ybWF0IiwiPSIsMF0sIkFORCIsWyJJc1ByaXZhdGUiLCI9IiwiMCJdXQ==","Delta":0,"PageIndex":1,"PageSize":5}
2022-06-14 23:01:55  INFO TOE.TOEIC.Web.Controllers.BaseEntityController`1.GetFilter - Filter BookItem info : {"Sort":"[[\"CreatedDate\",\"DESC\"]]","Columns":null,"Filter":"W1siSXNEZWxldGVkIiwiPSIsIjAiXSwiQU5EIixbIlN0YXR1cyIsIj0iLCIxIl0sIkFORCIsWyJCb29rRm9ybWF0IiwiPSIsMV0sIkFORCIsWyJJc1ByaXZhdGUiLCI9IiwiMCJdXQ==","Delta":0,"PageIndex":1,"PageSize":5}
2022-06-14 23:01:55  INFO TOE.TOEIC.Web.Controllers.BaseEntityController`1.GetFilter - Filter BookItem info : {"Sort":"[[\"CreatedDate\",\"DESC\"]]","Columns":null,"Filter":"W1siSXNEZWxldGVkIiwiPSIsIjAiXSwiQU5EIixbIlN0YXR1cyIsIj0iLCIxIl0sIkFORCIsWyJCb29rRm9ybWF0IiwiPSIsMF0sIkFORCIsWyJJc1ByaXZhdGUiLCI9IiwiMCJdXQ==","Delta":0,"PageIndex":1,"PageSize":5}
2022-06-14 23:09:55  INFO TOE.TOEIC.Web.Controllers.BaseEntityController`1.GetFilter - Filter Category info : {"Sort":"[[\"CreatedDate\",\"DESC\"]]","Columns":null,"Filter":"W1siSXNEZWxldGVkIiwiPSIsIjAiXSwiQU5EIixbIlN0YXR1cyIsIj0iLCIxIl1d","Delta":0,"PageIndex":1,"PageSize":9999}
2022-06-14 23:09:55  INFO TOE.TOEIC.Web.Controllers.BaseEntityController`1.GetFilter - Filter BookItem info : {"Sort":"[[\"CreatedDate\",\"DESC\"]]","Columns":null,"Filter":"W1siSXNEZWxldGVkIiwiPSIsIjAiXSwiQU5EIixbIlN0YXR1cyIsIj0iLCIxIl0sIkFORCIsWyJCb29rRm9ybWF0IiwiPSIsMV0sIkFORCIsWyJJc1ByaXZhdGUiLCI9IiwiMCJdXQ==","Delta":0,"PageIndex":1,"PageSize":5}
2022-06-14 23:09:57  INFO TOE.TOEIC.Web.Controllers.BaseEntityController`1.GetFilter - Filter BookItem info : {"Sort":"[[\"CreatedDate\",\"DESC\"]]","Columns":null,"Filter":"W1siSXNEZWxldGVkIiwiPSIsIjAiXSwiQU5EIixbIlN0YXR1cyIsIj0iLCIxIl0sIkFORCIsWyJCb29rRm9ybWF0IiwiPSIsMV0sIkFORCIsWyJJc1ByaXZhdGUiLCI9IiwiMCJdXQ==","Delta":0,"PageIndex":1,"PageSize":5}
2022-06-14 23:09:58  INFO TOE.TOEIC.Web.Controllers.BaseEntityController`1.GetFilter - Filter Post info : {"Sort":null,"Columns":null,"Filter":"W1tbIk1lbnVJRCIsIj0iLCI4ZDBmYjA1ZC01Y2E2LTRjZjYtYWRmYi03NWU1MGQyYTg4YzUiXSwiT1IiLFsiTWVudUlEIiwiPSIsImJlNzFmOTI1LTcyMWItNDg5Mi05YTM5LWM0NTBlYThlYTg4ZCJdLCJPUiIsWyJNZW51SUQiLCI9IiwiZGY4NjdiZDQtOGY3Ny00NDE4LWFmYTMtNWI0OWJkNDI3MGE1Il1dLCJBTkQiLFsiU3RhdHVzIiwiPSIsIjEiXSwiQU5EIixbIklzRGVsZXRlZCIsIj0iLCIwIl1d","Delta":0,"PageIndex":1,"PageSize":9999}
2022-06-14 23:10:00  INFO TOE.TOEIC.Web.Controllers.BaseEntityController`1.GetFilter - Filter Notification info : {"Sort":"[[\"CreatedDate\",\"DESC\"]]","Columns":null,"Filter":"W1siSXNEZWxldGVkIiwiPSIsIjAiXSwiQU5EIixbIlN0YXR1cyIsIj0iLCIxIl1d","Delta":0,"PageIndex":1,"PageSize":20}
2022-06-14 23:10:05  INFO TOE.TOEIC.Web.Controllers.BaseEntityController`1.GetFilter - Filter Post info : {"Sort":null,"Columns":null,"Filter":"W1tbIk1lbnVJRCIsIj0iLCI4ZDBmYjA1ZC01Y2E2LTRjZjYtYWRmYi03NWU1MGQyYTg4YzUiXSwiT1IiLFsiTWVudUlEIiwiPSIsImJlNzFmOTI1LTcyMWItNDg5Mi05YTM5LWM0NTBlYThlYTg4ZCJdLCJPUiIsWyJNZW51SUQiLCI9IiwiZGY4NjdiZDQtOGY3Ny00NDE4LWFmYTMtNWI0OWJkNDI3MGE1Il1dLCJBTkQiLFsiU3RhdHVzIiwiPSIsIjEiXSwiQU5EIixbIklzRGVsZXRlZCIsIj0iLCIwIl1d","Delta":0,"PageIndex":1,"PageSize":9999}
2022-06-14 23:10:09  INFO TOE.TOEIC.Web.Controllers.BaseEntityController`1.GetFilter - Filter Notification info : {"Sort":"[[\"CreatedDate\",\"DESC\"]]","Columns":null,"Filter":"W1siSXNEZWxldGVkIiwiPSIsIjAiXSwiQU5EIixbIlN0YXR1cyIsIj0iLCIxIl1d","Delta":0,"PageIndex":1,"PageSize":20}
2022-06-14 23:10:10  INFO TOE.TOEIC.Web.Controllers.BaseEntityController`1.GetFilter - Filter Post info : {"Sort":null,"Columns":null,"Filter":"W1tbIk1lbnVJRCIsIj0iLCI4ZDBmYjA1ZC01Y2E2LTRjZjYtYWRmYi03NWU1MGQyYTg4YzUiXSwiT1IiLFsiTWVudUlEIiwiPSIsImJlNzFmOTI1LTcyMWItNDg5Mi05YTM5LWM0NTBlYThlYTg4ZCJdLCJPUiIsWyJNZW51SUQiLCI9IiwiZGY4NjdiZDQtOGY3Ny00NDE4LWFmYTMtNWI0OWJkNDI3MGE1Il1dLCJBTkQiLFsiU3RhdHVzIiwiPSIsIjEiXSwiQU5EIixbIklzRGVsZXRlZCIsIj0iLCIwIl1d","Delta":0,"PageIndex":1,"PageSize":9999}
2022-06-14 23:10:12  INFO TOE.TOEIC.Web.Controllers.BaseEntityController`1.GetFilter - Filter Notification info : {"Sort":"[[\"CreatedDate\",\"DESC\"]]","Columns":null,"Filter":"W1siSXNEZWxldGVkIiwiPSIsIjAiXSwiQU5EIixbIlN0YXR1cyIsIj0iLCIxIl1d","Delta":0,"PageIndex":1,"PageSize":20}
2022-06-14 23:10:15  INFO TOE.TOEIC.Web.Controllers.BaseEntityController`1.GetFilter - Filter Account info : {"Sort":null,"Columns":"PhoneNumber,Email,AccountID,Address,FullName,UserName,Avatar,CreatedBy,CreatedDate,ModifiedBy,ModifiedDate,Status","Filter":"W1siSXNEZWxldGVkIiwiPSIsIjAiXSwiQU5EIixbIlN0YXR1cyIsIj0iLCIxIl0sIkFORCIsWyJBY2NvdW50SUQiLCI9IiwiNThkNTRkNGUtYjIwNS00ZWQ4LWIwYTAtMGVhZmY1ODdjNTBlIl1d","Delta":0,"PageIndex":1,"PageSize":1}
2022-06-14 23:10:20  INFO TOE.TOEIC.Web.Controllers.BookOrderController.Post - Thêm bản ghi BookOrder: {"BookOrderID":"8c908110-40c0-4ce0-b710-01736e7e28ef","AccountID":"58d54d4e-b205-4ed8-b0a0-0eaff587c50e","BookOrderCode":null,"BookOrderInformation":"[{\"id\":\"1360cac3-dd18-45ca-9a8f-ed09abf8a344\",\"quantity\":1,\"price\":200000,\"bookFormat\":0,\"borrowedDate\":\"0001-01-01T00:00:00\",\"publicationDate\":\"2022-06-14T21:49:30\",\"amount\":10,\"reserved\":0,\"loaned\":0,\"available\":10,\"bookID\":\"1360cac3-dd18-45ca-9a8f-ed09abf8a344\",\"categoryID\":\"13f9e4a6-971f-4ecb-a45c-b49cda8b3021\",\"bookCode\":\"B000001\",\"bookName\":\"English everyday\",\"description\":null,\"publisher\":\"Even do\",\"author\":\"[\\\"Alex Horen\\\"]\",\"languageCode\":\"en\",\"image\":\"https://firebasestorage.googleapis.com/v0/b/fir-library-upload.appspot.com/o/images%2Fb.png_002223_07062022?alt=media&token=0b8f78fe-9e79-4b50-9d91-6ff43487a87c\",\"file\":null,\"isPrivate\":false,\"entityState\":0,\"createdDate\":\"2022-06-07T00:22:29\",\"createdBy\":\"đỗ văn hải\",\"modifiedDate\":\"2022-06-07T00:22:29\",\"modifiedBy\":\"đỗ văn hải\",\"status\":true,\"isDeleted\":false}]","OrderStatus":0,"Note":"note","FromDate":"2022-06-15T00:00:00Z","DueDate":"2022-06-25T00:00:00Z","EntityState":0,"CreatedDate":"2022-06-14T23:10:20.672Z","CreatedBy":"admin","ModifiedDate":"2022-06-14T23:10:20.672Z","ModifiedBy":"admin","Status":true,"IsDeleted":false}
2022-06-14 23:10:22  INFO TOE.TOEIC.Web.Controllers.BaseEntityController`1.GetFilter - Filter Post info : {"Sort":null,"Columns":null,"Filter":"W1tbIk1lbnVJRCIsIj0iLCI4ZDBmYjA1ZC01Y2E2LTRjZjYtYWRmYi03NWU1MGQyYTg4YzUiXSwiT1IiLFsiTWVudUlEIiwiPSIsImJlNzFmOTI1LTcyMWItNDg5Mi05YTM5LWM0NTBlYThlYTg4ZCJdLCJPUiIsWyJNZW51SUQiLCI9IiwiZGY4NjdiZDQtOGY3Ny00NDE4LWFmYTMtNWI0OWJkNDI3MGE1Il1dLCJBTkQiLFsiU3RhdHVzIiwiPSIsIjEiXSwiQU5EIixbIklzRGVsZXRlZCIsIj0iLCIwIl1d","Delta":0,"PageIndex":1,"PageSize":9999}
2022-06-14 23:13:13  INFO TOE.TOEIC.Web.Controllers.BaseEntityController`1.GetFilter - Filter Notification info : {"Sort":"[[\"CreatedDate\",\"DESC\"]]","Columns":null,"Filter":"W1siSXNEZWxldGVkIiwiPSIsIjAiXSwiQU5EIixbIlN0YXR1cyIsIj0iLCIxIl1d","Delta":0,"PageIndex":1,"PageSize":20}
2022-06-14 23:13:15  INFO TOE.TOEIC.Web.Controllers.BaseEntityController`1.GetFilter - Filter Notification info : {"Sort":"[[\"CreatedDate\",\"DESC\"]]","Columns":null,"Filter":"W1siSXNEZWxldGVkIiwiPSIsIjAiXSwiQU5EIixbIlN0YXR1cyIsIj0iLCIxIl1d","Delta":0,"PageIndex":1,"PageSize":20}
2022-06-14 23:13:15  INFO TOE.TOEIC.Web.Controllers.BaseEntityController`1.GetFilter - Filter Category info : {"Sort":null,"Columns":null,"Filter":"W1siSXNEZWxldGVkIiwiPSIsIjAiXSwiQU5EIixbIlN0YXR1cyIsIj0iLCIxIl1d","Delta":0,"PageIndex":1,"PageSize":9999}
2022-06-14 23:13:15  INFO TOE.TOEIC.Web.Controllers.BaseEntityController`1.GetFilter - Filter BookItem info : {"Sort":null,"Columns":null,"Filter":"W1siSXNEZWxldGVkIiwiPSIsIjAiXV0=","Delta":0,"PageIndex":1,"PageSize":10}
2022-06-14 23:13:16  INFO TOE.TOEIC.Web.Controllers.BaseEntityController`1.GetFilter - Filter BookItem info : {"Sort":null,"Columns":null,"Filter":"W1siSXNEZWxldGVkIiwiPSIsIjAiXV0=","Delta":0,"PageIndex":1,"PageSize":10}
2022-06-14 23:22:40  INFO TOE.TOEIC.Web.Controllers.BaseEntityController`1.GetFilter - Filter Post info : {"Sort":null,"Columns":null,"Filter":"W1tbIk1lbnVJRCIsIj0iLCI4ZDBmYjA1ZC01Y2E2LTRjZjYtYWRmYi03NWU1MGQyYTg4YzUiXSwiT1IiLFsiTWVudUlEIiwiPSIsImJlNzFmOTI1LTcyMWItNDg5Mi05YTM5LWM0NTBlYThlYTg4ZCJdLCJPUiIsWyJNZW51SUQiLCI9IiwiZGY4NjdiZDQtOGY3Ny00NDE4LWFmYTMtNWI0OWJkNDI3MGE1Il1dLCJBTkQiLFsiU3RhdHVzIiwiPSIsIjEiXSwiQU5EIixbIklzRGVsZXRlZCIsIj0iLCIwIl1d","Delta":0,"PageIndex":1,"PageSize":9999}
2022-06-14 23:23:00  INFO TOE.TOEIC.Web.Controllers.BaseEntityController`1.GetFilter - Filter Notification info : {"Sort":"[[\"CreatedDate\",\"DESC\"]]","Columns":null,"Filter":"W1siSXNEZWxldGVkIiwiPSIsIjAiXSwiQU5EIixbIlN0YXR1cyIsIj0iLCIxIl1d","Delta":0,"PageIndex":1,"PageSize":20}
2022-06-14 23:23:01  INFO TOE.TOEIC.Web.Controllers.BaseEntityController`1.GetFilter - Filter Post info : {"Sort":null,"Columns":null,"Filter":"W1tbIk1lbnVJRCIsIj0iLCI4ZDBmYjA1ZC01Y2E2LTRjZjYtYWRmYi03NWU1MGQyYTg4YzUiXSwiT1IiLFsiTWVudUlEIiwiPSIsImJlNzFmOTI1LTcyMWItNDg5Mi05YTM5LWM0NTBlYThlYTg4ZCJdLCJPUiIsWyJNZW51SUQiLCI9IiwiZGY4NjdiZDQtOGY3Ny00NDE4LWFmYTMtNWI0OWJkNDI3MGE1Il1dLCJBTkQiLFsiU3RhdHVzIiwiPSIsIjEiXSwiQU5EIixbIklzRGVsZXRlZCIsIj0iLCIwIl1d","Delta":0,"PageIndex":1,"PageSize":9999}
2022-06-14 23:23:04  INFO TOE.TOEIC.Web.Controllers.BaseEntityController`1.GetFilter - Filter Account info : {"Sort":null,"Columns":"PhoneNumber,Email,AccountID,Address,FullName,UserName,Avatar,CreatedBy,CreatedDate,ModifiedBy,ModifiedDate,Status","Filter":"W1siSXNEZWxldGVkIiwiPSIsIjAiXSwiQU5EIixbIlN0YXR1cyIsIj0iLCIxIl0sIkFORCIsWyJBY2NvdW50SUQiLCI9IiwiNThkNTRkNGUtYjIwNS00ZWQ4LWIwYTAtMGVhZmY1ODdjNTBlIl1d","Delta":0,"PageIndex":1,"PageSize":1}
2022-06-14 23:23:32  INFO TOE.TOEIC.Web.Controllers.BaseEntityController`1.Put - Body put Account:{"AccountID":"58d54d4e-b205-4ed8-b0a0-0eaff587c50e","UserName":"admin","Email":"admin@library.com.vn","Password":null,"FullName":"admin","PhoneNumber":"","Avatar":"https://firebasestorage.googleapis.com/v0/b/fir-library-upload.appspot.com/o/images%2Fme1.jpg_143549_11062022?alt=media&token=20548e52-c47c-44e2-905c-f7b92af531c0","Address":"Nam Định","TotalBookCheckedOut":0,"TotalBookCheckingOut":0,"EntityState":0,"CreatedDate":"2022-06-11T08:13:48","CreatedBy":"đỗ văn hải","ModifiedDate":"2022-06-14T23:23:32.293Z","ModifiedBy":"admin","Status":true,"IsDeleted":false}
2022-06-14 23:23:32  INFO TOE.TOEIC.Web.Controllers.BaseEntityController`1.Put - ServiceResult Body put Account:{"Data":1,"Messasge":"Thao tác thành công","TOECode":100}
2022-06-14 23:23:56  INFO TOE.TOEIC.Web.Controllers.BaseEntityController`1.GetFilter - Filter Account info : {"Sort":null,"Columns":"PhoneNumber,Email,AccountID,Address,FullName,UserName,Avatar,CreatedBy,CreatedDate,ModifiedBy,ModifiedDate,Status","Filter":"W1siSXNEZWxldGVkIiwiPSIsIjAiXSwiQU5EIixbIlN0YXR1cyIsIj0iLCIxIl0sIkFORCIsWyJBY2NvdW50SUQiLCI9IiwiNThkNTRkNGUtYjIwNS00ZWQ4LWIwYTAtMGVhZmY1ODdjNTBlIl1d","Delta":0,"PageIndex":1,"PageSize":1}
2022-06-14 23:23:59  INFO TOE.TOEIC.Web.Controllers.BaseEntityController`1.GetFilter - Filter Account info : {"Sort":null,"Columns":"PhoneNumber,Email,AccountID,Address,FullName,UserName,Avatar,CreatedBy,CreatedDate,ModifiedBy,ModifiedDate,Status","Filter":"W1siSXNEZWxldGVkIiwiPSIsIjAiXSwiQU5EIixbIlN0YXR1cyIsIj0iLCIxIl0sIkFORCIsWyJBY2NvdW50SUQiLCI9IiwiNThkNTRkNGUtYjIwNS00ZWQ4LWIwYTAtMGVhZmY1ODdjNTBlIl1d","Delta":0,"PageIndex":1,"PageSize":1}
2022-06-14 23:24:06  INFO TOE.TOEIC.Web.Controllers.BaseEntityController`1.GetFilter - Filter Account info : {"Sort":null,"Columns":"PhoneNumber,Email,AccountID,Address,FullName,UserName,Avatar,CreatedBy,CreatedDate,ModifiedBy,ModifiedDate,Status","Filter":"W1siSXNEZWxldGVkIiwiPSIsIjAiXSwiQU5EIixbIlN0YXR1cyIsIj0iLCIxIl0sIkFORCIsWyJBY2NvdW50SUQiLCI9IiwiNThkNTRkNGUtYjIwNS00ZWQ4LWIwYTAtMGVhZmY1ODdjNTBlIl1d","Delta":0,"PageIndex":1,"PageSize":1}
2022-06-14 23:25:06  INFO TOE.TOEIC.Web.Controllers.BaseEntityController`1.Put - Body put Account:{"AccountID":"58d54d4e-b205-4ed8-b0a0-0eaff587c50e","UserName":"admin","Email":"admin@library.com.vn","Password":null,"FullName":"admin","PhoneNumber":"123","Avatar":"https://firebasestorage.googleapis.com/v0/b/fir-library-upload.appspot.com/o/images%2Fme1.jpg_143549_11062022?alt=media&token=20548e52-c47c-44e2-905c-f7b92af531c0","Address":"Nam Định","TotalBookCheckedOut":0,"TotalBookCheckingOut":0,"EntityState":0,"CreatedDate":"2022-06-11T08:13:48","CreatedBy":"đỗ văn hải","ModifiedDate":"2022-06-14T23:25:06.268Z","ModifiedBy":"admin","Status":true,"IsDeleted":false}
2022-06-14 23:25:06  INFO TOE.TOEIC.Web.Controllers.BaseEntityController`1.Put - ServiceResult Body put Account:{"Data":1,"Messasge":"Thao tác thành công","TOECode":100}
2022-06-14 23:25:09  INFO TOE.TOEIC.Web.Controllers.BaseEntityController`1.Put - Body put Account:{"AccountID":"58d54d4e-b205-4ed8-b0a0-0eaff587c50e","UserName":"admin","Email":"admin@library.com.vn","Password":null,"FullName":"admin","PhoneNumber":"","Avatar":"https://firebasestorage.googleapis.com/v0/b/fir-library-upload.appspot.com/o/images%2Fme1.jpg_143549_11062022?alt=media&token=20548e52-c47c-44e2-905c-f7b92af531c0","Address":"Nam Định","TotalBookCheckedOut":0,"TotalBookCheckingOut":0,"EntityState":0,"CreatedDate":"2022-06-11T08:13:48","CreatedBy":"đỗ văn hải","ModifiedDate":"2022-06-14T23:25:09.648Z","ModifiedBy":"admin","Status":true,"IsDeleted":false}
2022-06-14 23:25:09  INFO TOE.TOEIC.Web.Controllers.BaseEntityController`1.Put - ServiceResult Body put Account:{"Data":1,"Messasge":"Thao tác thành công","TOECode":100}
2022-06-14 23:25:13  INFO TOE.TOEIC.Web.Controllers.BaseEntityController`1.Put - Body put Account:{"AccountID":"58d54d4e-b205-4ed8-b0a0-0eaff587c50e","UserName":"admin","Email":"admin@library.com.vn","Password":null,"FullName":"admin","PhoneNumber":"123","Avatar":"https://firebasestorage.googleapis.com/v0/b/fir-library-upload.appspot.com/o/images%2Fme1.jpg_143549_11062022?alt=media&token=20548e52-c47c-44e2-905c-f7b92af531c0","Address":"Nam Định","TotalBookCheckedOut":0,"TotalBookCheckingOut":0,"EntityState":0,"CreatedDate":"2022-06-11T08:13:48","CreatedBy":"đỗ văn hải","ModifiedDate":"2022-06-14T23:25:13.555Z","ModifiedBy":"admin","Status":true,"IsDeleted":false}
2022-06-14 23:25:13  INFO TOE.TOEIC.Web.Controllers.BaseEntityController`1.Put - ServiceResult Body put Account:{"Data":1,"Messasge":"Thao tác thành công","TOECode":100}
2022-06-14 23:25:14  INFO TOE.TOEIC.Web.Controllers.BaseEntityController`1.Put - Body put Account:{"AccountID":"58d54d4e-b205-4ed8-b0a0-0eaff587c50e","UserName":"admin","Email":"admin@library.com.vn","Password":null,"FullName":"admin","PhoneNumber":"1232","Avatar":"https://firebasestorage.googleapis.com/v0/b/fir-library-upload.appspot.com/o/images%2Fme1.jpg_143549_11062022?alt=media&token=20548e52-c47c-44e2-905c-f7b92af531c0","Address":"Nam Định","TotalBookCheckedOut":0,"TotalBookCheckingOut":0,"EntityState":0,"CreatedDate":"2022-06-11T08:13:48","CreatedBy":"đỗ văn hải","ModifiedDate":"2022-06-14T23:25:14.928Z","ModifiedBy":"admin","Status":true,"IsDeleted":false}
2022-06-14 23:25:14  INFO TOE.TOEIC.Web.Controllers.BaseEntityController`1.Put - ServiceResult Body put Account:{"Data":1,"Messasge":"Thao tác thành công","TOECode":100}
2022-06-14 23:25:17  INFO TOE.TOEIC.Web.Controllers.BaseEntityController`1.Put - Body put Account:{"AccountID":"58d54d4e-b205-4ed8-b0a0-0eaff587c50e","UserName":"admin","Email":"admin@library.com.vn","Password":null,"FullName":"admin","PhoneNumber":"123","Avatar":"https://firebasestorage.googleapis.com/v0/b/fir-library-upload.appspot.com/o/images%2Fme1.jpg_143549_11062022?alt=media&token=20548e52-c47c-44e2-905c-f7b92af531c0","Address":"Nam Định","TotalBookCheckedOut":0,"TotalBookCheckingOut":0,"EntityState":0,"CreatedDate":"2022-06-11T08:13:48","CreatedBy":"đỗ văn hải","ModifiedDate":"2022-06-14T23:25:17.6Z","ModifiedBy":"admin","Status":true,"IsDeleted":false}
2022-06-14 23:25:17  INFO TOE.TOEIC.Web.Controllers.BaseEntityController`1.Put - ServiceResult Body put Account:{"Data":1,"Messasge":"Thao tác thành công","TOECode":100}
2022-06-14 23:25:18  INFO TOE.TOEIC.Web.Controllers.BaseEntityController`1.Put - Body put Account:{"AccountID":"58d54d4e-b205-4ed8-b0a0-0eaff587c50e","UserName":"admin","Email":"admin@library.com.vn","Password":null,"FullName":"admin","PhoneNumber":"","Avatar":"https://firebasestorage.googleapis.com/v0/b/fir-library-upload.appspot.com/o/images%2Fme1.jpg_143549_11062022?alt=media&token=20548e52-c47c-44e2-905c-f7b92af531c0","Address":"Nam Định","TotalBookCheckedOut":0,"TotalBookCheckingOut":0,"EntityState":0,"CreatedDate":"2022-06-11T08:13:48","CreatedBy":"đỗ văn hải","ModifiedDate":"2022-06-14T23:25:18.151Z","ModifiedBy":"admin","Status":true,"IsDeleted":false}
2022-06-14 23:25:18  INFO TOE.TOEIC.Web.Controllers.BaseEntityController`1.Put - ServiceResult Body put Account:{"Data":1,"Messasge":"Thao tác thành công","TOECode":100}
2022-06-14 23:26:22  INFO TOE.TOEIC.Web.Controllers.BaseEntityController`1.GetFilter - Filter Account info : {"Sort":null,"Columns":"PhoneNumber,Email,AccountID,Address,FullName,UserName,Avatar,CreatedBy,CreatedDate,ModifiedBy,ModifiedDate,Status","Filter":"W1siSXNEZWxldGVkIiwiPSIsIjAiXSwiQU5EIixbIlN0YXR1cyIsIj0iLCIxIl0sIkFORCIsWyJBY2NvdW50SUQiLCI9IiwiNThkNTRkNGUtYjIwNS00ZWQ4LWIwYTAtMGVhZmY1ODdjNTBlIl1d","Delta":0,"PageIndex":1,"PageSize":1}
2022-06-14 23:26:44  INFO TOE.TOEIC.Web.Controllers.BaseEntityController`1.GetFilter - Filter Account info : {"Sort":null,"Columns":"PhoneNumber,Email,AccountID,Address,FullName,UserName,Avatar,CreatedBy,CreatedDate,ModifiedBy,ModifiedDate,Status","Filter":"W1siSXNEZWxldGVkIiwiPSIsIjAiXSwiQU5EIixbIlN0YXR1cyIsIj0iLCIxIl0sIkFORCIsWyJBY2NvdW50SUQiLCI9IiwiNThkNTRkNGUtYjIwNS00ZWQ4LWIwYTAtMGVhZmY1ODdjNTBlIl1d","Delta":0,"PageIndex":1,"PageSize":1}
2022-06-14 23:26:51  INFO TOE.TOEIC.Web.Controllers.BaseEntityController`1.GetFilter - Filter Account info : {"Sort":null,"Columns":"PhoneNumber,Email,AccountID,Address,FullName,UserName,Avatar,CreatedBy,CreatedDate,ModifiedBy,ModifiedDate,Status","Filter":"W1siSXNEZWxldGVkIiwiPSIsIjAiXSwiQU5EIixbIlN0YXR1cyIsIj0iLCIxIl0sIkFORCIsWyJBY2NvdW50SUQiLCI9IiwiNThkNTRkNGUtYjIwNS00ZWQ4LWIwYTAtMGVhZmY1ODdjNTBlIl1d","Delta":0,"PageIndex":1,"PageSize":1}
2022-06-14 23:27:09  INFO TOE.TOEIC.Web.Controllers.BaseEntityController`1.GetFilter - Filter Account info : {"Sort":null,"Columns":"PhoneNumber,Email,AccountID,Address,FullName,UserName,Avatar,CreatedBy,CreatedDate,ModifiedBy,ModifiedDate,Status","Filter":"W1siSXNEZWxldGVkIiwiPSIsIjAiXSwiQU5EIixbIlN0YXR1cyIsIj0iLCIxIl0sIkFORCIsWyJBY2NvdW50SUQiLCI9IiwiNThkNTRkNGUtYjIwNS00ZWQ4LWIwYTAtMGVhZmY1ODdjNTBlIl1d","Delta":0,"PageIndex":1,"PageSize":1}
2022-06-14 23:28:30  INFO TOE.TOEIC.ApplicationCore.Interfaces.SafeAddressService.CheckIsInNetworkAllowed - [IP ADDRESS]: System.Collections.Generic.List`1[System.Net.IPAddress]
2022-06-14 23:28:30  INFO TOE.TOEIC.ApplicationCore.Interfaces.SafeAddressService.CheckIsInNetworkAllowed - [MAC ADDRESS]: C46516B228DC
2022-06-14 23:28:31  INFO TOE.TOEIC.Web.Controllers.BaseEntityController`1.GetFilter - Filter Menu info : {"Sort":null,"Columns":null,"Filter":"W1siSXNEZWxldGVkIiwiPSIsIjAiXSwiQU5EIixbIlN0YXR1cyIsIj0iLCIxIl0sIkFORCIsWyJJc1Nob3dIb21lIiwiPSIsIjEiXV0=","Delta":0,"PageIndex":1,"PageSize":9999}
2022-06-14 23:28:31  INFO TOE.TOEIC.Web.Controllers.BaseEntityController`1.GetFilter - Filter Post info : {"Sort":null,"Columns":null,"Filter":"W1tbIk1lbnVJRCIsIj0iLCI4ZDBmYjA1ZC01Y2E2LTRjZjYtYWRmYi03NWU1MGQyYTg4YzUiXSwiT1IiLFsiTWVudUlEIiwiPSIsImJlNzFmOTI1LTcyMWItNDg5Mi05YTM5LWM0NTBlYThlYTg4ZCJdLCJPUiIsWyJNZW51SUQiLCI9IiwiZGY4NjdiZDQtOGY3Ny00NDE4LWFmYTMtNWI0OWJkNDI3MGE1Il1dLCJBTkQiLFsiU3RhdHVzIiwiPSIsIjEiXSwiQU5EIixbIklzRGVsZXRlZCIsIj0iLCIwIl1d","Delta":0,"PageIndex":1,"PageSize":9999}
2022-06-14 23:28:34  INFO TOE.TOEIC.Web.Controllers.BaseEntityController`1.GetFilter - Filter Account info : {"Sort":null,"Columns":"PhoneNumber,Email,AccountID,Address,FullName,UserName,Avatar,CreatedBy,CreatedDate,ModifiedBy,ModifiedDate,Status","Filter":"W1siSXNEZWxldGVkIiwiPSIsIjAiXSwiQU5EIixbIlN0YXR1cyIsIj0iLCIxIl0sIkFORCIsWyJBY2NvdW50SUQiLCI9IiwiNThkNTRkNGUtYjIwNS00ZWQ4LWIwYTAtMGVhZmY1ODdjNTBlIl1d","Delta":0,"PageIndex":1,"PageSize":1}
2022-06-14 23:28:47  INFO TOE.TOEIC.Web.Controllers.BaseEntityController`1.Put - Body put Account:{"AccountID":"58d54d4e-b205-4ed8-b0a0-0eaff587c50e","UserName":"admin","Email":"admin@library.com.vn","Password":null,"FullName":"admin","PhoneNumber":"123","Avatar":"https://firebasestorage.googleapis.com/v0/b/fir-library-upload.appspot.com/o/images%2Fme1.jpg_143549_11062022?alt=media&token=20548e52-c47c-44e2-905c-f7b92af531c0","Address":"Nam Định","TotalBookCheckedOut":0,"TotalBookCheckingOut":0,"EntityState":0,"CreatedDate":"2022-06-11T08:13:48","CreatedBy":"đỗ văn hải","ModifiedDate":"2022-06-14T23:28:38.477Z","ModifiedBy":"admin","Status":true,"IsDeleted":false}
2022-06-14 23:28:47  INFO TOE.TOEIC.Web.Controllers.BaseEntityController`1.Put - ServiceResult Body put Account:{"Data":1,"Messasge":"Thao tác thành công","TOECode":100}
2022-06-14 23:29:00  INFO TOE.TOEIC.Web.Controllers.BaseEntityController`1.Put - Body put Account:{"AccountID":"58d54d4e-b205-4ed8-b0a0-0eaff587c50e","UserName":"admin","Email":"admin@library.com.vn","Password":null,"FullName":"admin","PhoneNumber":"","Avatar":"https://firebasestorage.googleapis.com/v0/b/fir-library-upload.appspot.com/o/images%2Fme1.jpg_143549_11062022?alt=media&token=20548e52-c47c-44e2-905c-f7b92af531c0","Address":"Nam Định","TotalBookCheckedOut":0,"TotalBookCheckingOut":0,"EntityState":0,"CreatedDate":"2022-06-11T08:13:48","CreatedBy":"đỗ văn hải","ModifiedDate":"2022-06-14T23:28:49.736Z","ModifiedBy":"admin","Status":true,"IsDeleted":false}
2022-06-14 23:29:00  INFO TOE.TOEIC.Web.Controllers.BaseEntityController`1.Put - ServiceResult Body put Account:{"Data":1,"Messasge":"Thao tác thành công","TOECode":100}
2022-06-14 23:29:33  INFO TOE.TOEIC.Web.Controllers.BaseEntityController`1.GetFilter - Filter Account info : {"Sort":null,"Columns":"PhoneNumber,Email,AccountID,Address,FullName,UserName,Avatar,CreatedBy,CreatedDate,ModifiedBy,ModifiedDate,Status","Filter":"W1siSXNEZWxldGVkIiwiPSIsIjAiXSwiQU5EIixbIlN0YXR1cyIsIj0iLCIxIl0sIkFORCIsWyJBY2NvdW50SUQiLCI9IiwiNThkNTRkNGUtYjIwNS00ZWQ4LWIwYTAtMGVhZmY1ODdjNTBlIl1d","Delta":0,"PageIndex":1,"PageSize":1}
2022-06-14 23:29:42  INFO TOE.TOEIC.Web.Controllers.BaseEntityController`1.Put - Body put Account:{"AccountID":"58d54d4e-b205-4ed8-b0a0-0eaff587c50e","UserName":"admin","Email":"admin@library.com.vn","Password":null,"FullName":"admin","PhoneNumber":"123","Avatar":"https://firebasestorage.googleapis.com/v0/b/fir-library-upload.appspot.com/o/images%2Fme1.jpg_143549_11062022?alt=media&token=20548e52-c47c-44e2-905c-f7b92af531c0","Address":"Nam Định","TotalBookCheckedOut":0,"TotalBookCheckingOut":0,"EntityState":0,"CreatedDate":"2022-06-11T08:13:48","CreatedBy":"đỗ văn hải","ModifiedDate":"2022-06-14T23:29:42.342Z","ModifiedBy":"admin","Status":true,"IsDeleted":false}
2022-06-14 23:29:42  INFO TOE.TOEIC.Web.Controllers.BaseEntityController`1.Put - ServiceResult Body put Account:{"Data":1,"Messasge":"Thao tác thành công","TOECode":100}
2022-06-14 23:29:45  INFO TOE.TOEIC.Web.Controllers.BaseEntityController`1.Put - Body put Account:{"AccountID":"58d54d4e-b205-4ed8-b0a0-0eaff587c50e","UserName":"admin","Email":"admin@library.com.vn","Password":null,"FullName":"admin","PhoneNumber":"","Avatar":"https://firebasestorage.googleapis.com/v0/b/fir-library-upload.appspot.com/o/images%2Fme1.jpg_143549_11062022?alt=media&token=20548e52-c47c-44e2-905c-f7b92af531c0","Address":"Nam Định","TotalBookCheckedOut":0,"TotalBookCheckingOut":0,"EntityState":0,"CreatedDate":"2022-06-11T08:13:48","CreatedBy":"đỗ văn hải","ModifiedDate":"2022-06-14T23:29:45.106Z","ModifiedBy":"admin","Status":true,"IsDeleted":false}
2022-06-14 23:29:45  INFO TOE.TOEIC.Web.Controllers.BaseEntityController`1.Put - ServiceResult Body put Account:{"Data":1,"Messasge":"Thao tác thành công","TOECode":100}
2022-06-14 23:29:46  INFO TOE.TOEIC.Web.Controllers.BaseEntityController`1.Put - Body put Account:{"AccountID":"58d54d4e-b205-4ed8-b0a0-0eaff587c50e","UserName":"admin","Email":"admin@library.com.vn","Password":null,"FullName":"admin","PhoneNumber":"","Avatar":"https://firebasestorage.googleapis.com/v0/b/fir-library-upload.appspot.com/o/images%2Fme1.jpg_143549_11062022?alt=media&token=20548e52-c47c-44e2-905c-f7b92af531c0","Address":"Nam Định","TotalBookCheckedOut":0,"TotalBookCheckingOut":0,"EntityState":0,"CreatedDate":"2022-06-11T08:13:48","CreatedBy":"đỗ văn hải","ModifiedDate":"2022-06-14T23:29:46.542Z","ModifiedBy":"admin","Status":true,"IsDeleted":false}
2022-06-14 23:29:46  INFO TOE.TOEIC.Web.Controllers.BaseEntityController`1.Put - ServiceResult Body put Account:{"Data":1,"Messasge":"Thao tác thành công","TOECode":100}
2022-06-14 23:29:47  INFO TOE.TOEIC.Web.Controllers.BaseEntityController`1.Put - Body put Account:{"AccountID":"58d54d4e-b205-4ed8-b0a0-0eaff587c50e","UserName":"admin","Email":"admin@library.com.vn","Password":null,"FullName":"admin","PhoneNumber":"","Avatar":"https://firebasestorage.googleapis.com/v0/b/fir-library-upload.appspot.com/o/images%2Fme1.jpg_143549_11062022?alt=media&token=20548e52-c47c-44e2-905c-f7b92af531c0","Address":"Nam Định","TotalBookCheckedOut":0,"TotalBookCheckingOut":0,"EntityState":0,"CreatedDate":"2022-06-11T08:13:48","CreatedBy":"đỗ văn hải","ModifiedDate":"2022-06-14T23:29:47.87Z","ModifiedBy":"admin","Status":true,"IsDeleted":false}
2022-06-14 23:29:47  INFO TOE.TOEIC.Web.Controllers.BaseEntityController`1.Put - ServiceResult Body put Account:{"Data":1,"Messasge":"Thao tác thành công","TOECode":100}
2022-06-14 23:29:48  INFO TOE.TOEIC.Web.Controllers.BaseEntityController`1.Put - Body put Account:{"AccountID":"58d54d4e-b205-4ed8-b0a0-0eaff587c50e","UserName":"admin","Email":"admin@library.com.vn","Password":null,"FullName":"admin","PhoneNumber":"","Avatar":"https://firebasestorage.googleapis.com/v0/b/fir-library-upload.appspot.com/o/images%2Fme1.jpg_143549_11062022?alt=media&token=20548e52-c47c-44e2-905c-f7b92af531c0","Address":"Nam Định","TotalBookCheckedOut":0,"TotalBookCheckingOut":0,"EntityState":0,"CreatedDate":"2022-06-11T08:13:48","CreatedBy":"đỗ văn hải","ModifiedDate":"2022-06-14T23:29:48.559Z","ModifiedBy":"admin","Status":true,"IsDeleted":false}
2022-06-14 23:29:48  INFO TOE.TOEIC.Web.Controllers.BaseEntityController`1.Put - ServiceResult Body put Account:{"Data":1,"Messasge":"Thao tác thành công","TOECode":100}
2022-06-14 23:29:49  INFO TOE.TOEIC.Web.Controllers.BaseEntityController`1.Put - Body put Account:{"AccountID":"58d54d4e-b205-4ed8-b0a0-0eaff587c50e","UserName":"admin","Email":"admin@library.com.vn","Password":null,"FullName":"admin","PhoneNumber":"","Avatar":"https://firebasestorage.googleapis.com/v0/b/fir-library-upload.appspot.com/o/images%2Fme1.jpg_143549_11062022?alt=media&token=20548e52-c47c-44e2-905c-f7b92af531c0","Address":"Nam Định","TotalBookCheckedOut":0,"TotalBookCheckingOut":0,"EntityState":0,"CreatedDate":"2022-06-11T08:13:48","CreatedBy":"đỗ văn hải","ModifiedDate":"2022-06-14T23:29:49.135Z","ModifiedBy":"admin","Status":true,"IsDeleted":false}
2022-06-14 23:29:49  INFO TOE.TOEIC.Web.Controllers.BaseEntityController`1.Put - ServiceResult Body put Account:{"Data":1,"Messasge":"Thao tác thành công","TOECode":100}
2022-06-14 23:30:27  INFO TOE.TOEIC.Web.Controllers.BaseEntityController`1.GetFilter - Filter Account info : {"Sort":null,"Columns":"PhoneNumber,Email,AccountID,Address,FullName,UserName,Avatar,CreatedBy,CreatedDate,ModifiedBy,ModifiedDate,Status","Filter":"W1siSXNEZWxldGVkIiwiPSIsIjAiXSwiQU5EIixbIlN0YXR1cyIsIj0iLCIxIl0sIkFORCIsWyJBY2NvdW50SUQiLCI9IiwiNThkNTRkNGUtYjIwNS00ZWQ4LWIwYTAtMGVhZmY1ODdjNTBlIl1d","Delta":0,"PageIndex":1,"PageSize":1}
2022-06-14 23:30:40  INFO TOE.TOEIC.Web.Controllers.BaseEntityController`1.Put - Body put Account:{"AccountID":"58d54d4e-b205-4ed8-b0a0-0eaff587c50e","UserName":"admin","Email":"admin@library.com.vn","Password":null,"FullName":"admin","PhoneNumber":"1","Avatar":"https://firebasestorage.googleapis.com/v0/b/fir-library-upload.appspot.com/o/images%2Fme1.jpg_143549_11062022?alt=media&token=20548e52-c47c-44e2-905c-f7b92af531c0","Address":"Nam Định","TotalBookCheckedOut":0,"TotalBookCheckingOut":0,"EntityState":0,"CreatedDate":"2022-06-11T08:13:48","CreatedBy":"đỗ văn hải","ModifiedDate":"2022-06-14T23:30:40.49Z","ModifiedBy":"admin","Status":true,"IsDeleted":false}
2022-06-14 23:30:40  INFO TOE.TOEIC.Web.Controllers.BaseEntityController`1.Put - ServiceResult Body put Account:{"Data":1,"Messasge":"Thao tác thành công","TOECode":100}
2022-06-14 23:31:42  INFO TOE.TOEIC.Web.Controllers.BaseEntityController`1.Put - Body put Account:{"AccountID":"58d54d4e-b205-4ed8-b0a0-0eaff587c50e","UserName":"admin","Email":"admin@library.com.vn","Password":null,"FullName":"admin","PhoneNumber":"033","Avatar":"https://firebasestorage.googleapis.com/v0/b/fir-library-upload.appspot.com/o/images%2Fme1.jpg_143549_11062022?alt=media&token=20548e52-c47c-44e2-905c-f7b92af531c0","Address":"Nam Định","TotalBookCheckedOut":0,"TotalBookCheckingOut":0,"EntityState":0,"CreatedDate":"2022-06-11T08:13:48","CreatedBy":"đỗ văn hải","ModifiedDate":"2022-06-14T23:31:42.044Z","ModifiedBy":"admin","Status":true,"IsDeleted":false}
2022-06-14 23:31:42  INFO TOE.TOEIC.Web.Controllers.BaseEntityController`1.Put - ServiceResult Body put Account:{"Data":1,"Messasge":"Thao tác thành công","TOECode":100}
2022-06-14 23:31:43  INFO TOE.TOEIC.Web.Controllers.BaseEntityController`1.Put - Body put Account:{"AccountID":"58d54d4e-b205-4ed8-b0a0-0eaff587c50e","UserName":"admin","Email":"admin@library.com.vn","Password":null,"FullName":"admin","PhoneNumber":"033","Avatar":"https://firebasestorage.googleapis.com/v0/b/fir-library-upload.appspot.com/o/images%2Fme1.jpg_143549_11062022?alt=media&token=20548e52-c47c-44e2-905c-f7b92af531c0","Address":"Nam Định","TotalBookCheckedOut":0,"TotalBookCheckingOut":0,"EntityState":0,"CreatedDate":"2022-06-11T08:13:48","CreatedBy":"đỗ văn hải","ModifiedDate":"2022-06-14T23:31:43.187Z","ModifiedBy":"admin","Status":true,"IsDeleted":false}
2022-06-14 23:31:43  INFO TOE.TOEIC.Web.Controllers.BaseEntityController`1.Put - ServiceResult Body put Account:{"Data":1,"Messasge":"Thao tác thành công","TOECode":100}
2022-06-14 23:31:43  INFO TOE.TOEIC.Web.Controllers.BaseEntityController`1.Put - Body put Account:{"AccountID":"58d54d4e-b205-4ed8-b0a0-0eaff587c50e","UserName":"admin","Email":"admin@library.com.vn","Password":null,"FullName":"admin","PhoneNumber":"033","Avatar":"https://firebasestorage.googleapis.com/v0/b/fir-library-upload.appspot.com/o/images%2Fme1.jpg_143549_11062022?alt=media&token=20548e52-c47c-44e2-905c-f7b92af531c0","Address":"Nam Định","TotalBookCheckedOut":0,"TotalBookCheckingOut":0,"EntityState":0,"CreatedDate":"2022-06-11T08:13:48","CreatedBy":"đỗ văn hải","ModifiedDate":"2022-06-14T23:31:43.907Z","ModifiedBy":"admin","Status":true,"IsDeleted":false}
2022-06-14 23:31:43  INFO TOE.TOEIC.Web.Controllers.BaseEntityController`1.Put - ServiceResult Body put Account:{"Data":1,"Messasge":"Thao tác thành công","TOECode":100}
2022-06-14 23:31:59  INFO TOE.TOEIC.Web.Controllers.BaseEntityController`1.GetFilter - Filter Account info : {"Sort":null,"Columns":"PhoneNumber,Email,AccountID,Address,FullName,UserName,Avatar,CreatedBy,CreatedDate,ModifiedBy,ModifiedDate,Status","Filter":"W1siSXNEZWxldGVkIiwiPSIsIjAiXSwiQU5EIixbIlN0YXR1cyIsIj0iLCIxIl0sIkFORCIsWyJBY2NvdW50SUQiLCI9IiwiNThkNTRkNGUtYjIwNS00ZWQ4LWIwYTAtMGVhZmY1ODdjNTBlIl1d","Delta":0,"PageIndex":1,"PageSize":1}
2022-06-14 23:32:03  INFO TOE.TOEIC.Web.Controllers.BaseEntityController`1.Put - Body put Account:{"AccountID":"58d54d4e-b205-4ed8-b0a0-0eaff587c50e","UserName":"admin","Email":"admin@library.com.vn","Password":null,"FullName":"admin","PhoneNumber":"033","Avatar":"https://firebasestorage.googleapis.com/v0/b/fir-library-upload.appspot.com/o/images%2Fme1.jpg_143549_11062022?alt=media&token=20548e52-c47c-44e2-905c-f7b92af531c0","Address":"Nam Định","TotalBookCheckedOut":0,"TotalBookCheckingOut":0,"EntityState":0,"CreatedDate":"2022-06-11T08:13:48","CreatedBy":"đỗ văn hải","ModifiedDate":"2022-06-14T23:32:03.861Z","ModifiedBy":"admin","Status":true,"IsDeleted":false}
2022-06-14 23:32:03  INFO TOE.TOEIC.Web.Controllers.BaseEntityController`1.Put - ServiceResult Body put Account:{"Data":1,"Messasge":"Thao tác thành công","TOECode":100}
2022-06-14 23:32:05  INFO TOE.TOEIC.Web.Controllers.BaseEntityController`1.Put - Body put Account:{"AccountID":"58d54d4e-b205-4ed8-b0a0-0eaff587c50e","UserName":"admin","Email":"admin@library.com.vn","Password":null,"FullName":"admin","PhoneNumber":"033","Avatar":"https://firebasestorage.googleapis.com/v0/b/fir-library-upload.appspot.com/o/images%2Fme1.jpg_143549_11062022?alt=media&token=20548e52-c47c-44e2-905c-f7b92af531c0","Address":"Nam Định","TotalBookCheckedOut":0,"TotalBookCheckingOut":0,"EntityState":0,"CreatedDate":"2022-06-11T08:13:48","CreatedBy":"đỗ văn hải","ModifiedDate":"2022-06-14T23:32:05.547Z","ModifiedBy":"admin","Status":true,"IsDeleted":false}
2022-06-14 23:32:05  INFO TOE.TOEIC.Web.Controllers.BaseEntityController`1.Put - ServiceResult Body put Account:{"Data":1,"Messasge":"Thao tác thành công","TOECode":100}
2022-06-14 23:32:13  INFO TOE.TOEIC.Web.Controllers.BaseEntityController`1.GetFilter - Filter Account info : {"Sort":null,"Columns":"PhoneNumber,Email,AccountID,Address,FullName,UserName,Avatar,CreatedBy,CreatedDate,ModifiedBy,ModifiedDate,Status","Filter":"W1siSXNEZWxldGVkIiwiPSIsIjAiXSwiQU5EIixbIlN0YXR1cyIsIj0iLCIxIl0sIkFORCIsWyJBY2NvdW50SUQiLCI9IiwiNThkNTRkNGUtYjIwNS00ZWQ4LWIwYTAtMGVhZmY1ODdjNTBlIl1d","Delta":0,"PageIndex":1,"PageSize":1}
2022-06-14 23:32:37  INFO TOE.TOEIC.ApplicationCore.Interfaces.SafeAddressService.CheckIsInNetworkAllowed - [IP ADDRESS]: System.Collections.Generic.List`1[System.Net.IPAddress]
2022-06-14 23:32:37  INFO TOE.TOEIC.ApplicationCore.Interfaces.SafeAddressService.CheckIsInNetworkAllowed - [MAC ADDRESS]: C46516B228DC
2022-06-14 23:32:37  INFO TOE.TOEIC.Web.Controllers.BaseEntityController`1.GetFilter - Filter Menu info : {"Sort":null,"Columns":null,"Filter":"W1siSXNEZWxldGVkIiwiPSIsIjAiXSwiQU5EIixbIlN0YXR1cyIsIj0iLCIxIl0sIkFORCIsWyJJc1Nob3dIb21lIiwiPSIsIjEiXV0=","Delta":0,"PageIndex":1,"PageSize":9999}
2022-06-14 23:32:37  INFO TOE.TOEIC.Web.Controllers.BaseEntityController`1.GetFilter - Filter Post info : {"Sort":null,"Columns":null,"Filter":"W1tbIk1lbnVJRCIsIj0iLCI4ZDBmYjA1ZC01Y2E2LTRjZjYtYWRmYi03NWU1MGQyYTg4YzUiXSwiT1IiLFsiTWVudUlEIiwiPSIsImJlNzFmOTI1LTcyMWItNDg5Mi05YTM5LWM0NTBlYThlYTg4ZCJdLCJPUiIsWyJNZW51SUQiLCI9IiwiZGY4NjdiZDQtOGY3Ny00NDE4LWFmYTMtNWI0OWJkNDI3MGE1Il1dLCJBTkQiLFsiU3RhdHVzIiwiPSIsIjEiXSwiQU5EIixbIklzRGVsZXRlZCIsIj0iLCIwIl1d","Delta":0,"PageIndex":1,"PageSize":9999}
2022-06-14 23:33:03  INFO TOE.TOEIC.Web.Controllers.BaseEntityController`1.GetFilter - Filter Account info : {"Sort":null,"Columns":"PhoneNumber,Email,AccountID,Address,FullName,UserName,Avatar,CreatedBy,CreatedDate,ModifiedBy,ModifiedDate,Status","Filter":"W1siSXNEZWxldGVkIiwiPSIsIjAiXSwiQU5EIixbIlN0YXR1cyIsIj0iLCIxIl0sIkFORCIsWyJBY2NvdW50SUQiLCI9IiwiNThkNTRkNGUtYjIwNS00ZWQ4LWIwYTAtMGVhZmY1ODdjNTBlIl1d","Delta":0,"PageIndex":1,"PageSize":1}
2022-06-14 23:33:06  INFO TOE.TOEIC.Web.Controllers.BaseEntityController`1.Put - Body put Account:{"AccountID":"58d54d4e-b205-4ed8-b0a0-0eaff587c50e","UserName":"admin","Email":"admin@library.com.vn","Password":null,"FullName":"admin","PhoneNumber":"033","Avatar":"https://firebasestorage.googleapis.com/v0/b/fir-library-upload.appspot.com/o/images%2Fme1.jpg_143549_11062022?alt=media&token=20548e52-c47c-44e2-905c-f7b92af531c0","Address":"Nam Định","TotalBookCheckedOut":0,"TotalBookCheckingOut":0,"EntityState":0,"CreatedDate":"2022-06-11T08:13:48","CreatedBy":"đỗ văn hải","ModifiedDate":"2022-06-14T23:33:06.429Z","ModifiedBy":"admin","Status":true,"IsDeleted":false}
2022-06-14 23:33:06  INFO TOE.TOEIC.Web.Controllers.BaseEntityController`1.Put - ServiceResult Body put Account:{"Data":1,"Messasge":"Thao tác thành công","TOECode":100}
2022-06-14 23:33:10  INFO TOE.TOEIC.Web.Controllers.BaseEntityController`1.Put - Body put Account:{"AccountID":"58d54d4e-b205-4ed8-b0a0-0eaff587c50e","UserName":"admin","Email":"admin@library.com.vn","Password":null,"FullName":"admin","PhoneNumber":"0334343","Avatar":"https://firebasestorage.googleapis.com/v0/b/fir-library-upload.appspot.com/o/images%2Fme1.jpg_143549_11062022?alt=media&token=20548e52-c47c-44e2-905c-f7b92af531c0","Address":"Nam Định","TotalBookCheckedOut":0,"TotalBookCheckingOut":0,"EntityState":0,"CreatedDate":"2022-06-11T08:13:48","CreatedBy":"đỗ văn hải","ModifiedDate":"2022-06-14T23:33:10.543Z","ModifiedBy":"admin","Status":true,"IsDeleted":false}
2022-06-14 23:33:10  INFO TOE.TOEIC.Web.Controllers.BaseEntityController`1.Put - ServiceResult Body put Account:{"Data":1,"Messasge":"Thao tác thành công","TOECode":100}
2022-06-14 23:33:19  INFO TOE.TOEIC.Web.Controllers.BaseEntityController`1.GetFilter - Filter Account info : {"Sort":null,"Columns":"PhoneNumber,Email,AccountID,Address,FullName,UserName,Avatar,CreatedBy,CreatedDate,ModifiedBy,ModifiedDate,Status","Filter":"W1siSXNEZWxldGVkIiwiPSIsIjAiXSwiQU5EIixbIlN0YXR1cyIsIj0iLCIxIl0sIkFORCIsWyJBY2NvdW50SUQiLCI9IiwiNThkNTRkNGUtYjIwNS00ZWQ4LWIwYTAtMGVhZmY1ODdjNTBlIl1d","Delta":0,"PageIndex":1,"PageSize":1}
2022-06-14 23:33:26  INFO TOE.TOEIC.Web.Controllers.BaseEntityController`1.Put - Body put Account:{"AccountID":"58d54d4e-b205-4ed8-b0a0-0eaff587c50e","UserName":"admin","Email":"admin@library.com.vn","Password":null,"FullName":"admin","PhoneNumber":"","Avatar":"https://firebasestorage.googleapis.com/v0/b/fir-library-upload.appspot.com/o/images%2Fme1.jpg_143549_11062022?alt=media&token=20548e52-c47c-44e2-905c-f7b92af531c0","Address":"Nam Định","TotalBookCheckedOut":0,"TotalBookCheckingOut":0,"EntityState":0,"CreatedDate":"2022-06-11T08:13:48","CreatedBy":"đỗ văn hải","ModifiedDate":"2022-06-14T23:33:26.801Z","ModifiedBy":"admin","Status":true,"IsDeleted":false}
2022-06-14 23:33:26  INFO TOE.TOEIC.Web.Controllers.BaseEntityController`1.Put - ServiceResult Body put Account:{"Data":1,"Messasge":"Thao tác thành công","TOECode":100}
2022-06-14 23:33:30  INFO TOE.TOEIC.Web.Controllers.BaseEntityController`1.GetFilter - Filter Post info : {"Sort":null,"Columns":null,"Filter":"W1tbIk1lbnVJRCIsIj0iLCI4ZDBmYjA1ZC01Y2E2LTRjZjYtYWRmYi03NWU1MGQyYTg4YzUiXSwiT1IiLFsiTWVudUlEIiwiPSIsImJlNzFmOTI1LTcyMWItNDg5Mi05YTM5LWM0NTBlYThlYTg4ZCJdLCJPUiIsWyJNZW51SUQiLCI9IiwiZGY4NjdiZDQtOGY3Ny00NDE4LWFmYTMtNWI0OWJkNDI3MGE1Il1dLCJBTkQiLFsiU3RhdHVzIiwiPSIsIjEiXSwiQU5EIixbIklzRGVsZXRlZCIsIj0iLCIwIl1d","Delta":0,"PageIndex":1,"PageSize":9999}
2022-06-14 23:33:32  INFO TOE.TOEIC.Web.Controllers.BaseEntityController`1.GetFilter - Filter Account info : {"Sort":null,"Columns":"PhoneNumber,Email,AccountID,Address,FullName,UserName,Avatar,CreatedBy,CreatedDate,ModifiedBy,ModifiedDate,Status","Filter":"W1siSXNEZWxldGVkIiwiPSIsIjAiXSwiQU5EIixbIlN0YXR1cyIsIj0iLCIxIl0sIkFORCIsWyJBY2NvdW50SUQiLCI9IiwiNThkNTRkNGUtYjIwNS00ZWQ4LWIwYTAtMGVhZmY1ODdjNTBlIl1d","Delta":0,"PageIndex":1,"PageSize":1}
2022-06-14 23:33:37  INFO TOE.TOEIC.Web.Controllers.BaseEntityController`1.Put - Body put Account:{"AccountID":"58d54d4e-b205-4ed8-b0a0-0eaff587c50e","UserName":"admin","Email":"admin@library.com.vn","Password":null,"FullName":"admin","PhoneNumber":"0388039267","Avatar":"https://firebasestorage.googleapis.com/v0/b/fir-library-upload.appspot.com/o/images%2Fme1.jpg_143549_11062022?alt=media&token=20548e52-c47c-44e2-905c-f7b92af531c0","Address":"Nam Định","TotalBookCheckedOut":0,"TotalBookCheckingOut":0,"EntityState":0,"CreatedDate":"2022-06-11T08:13:48","CreatedBy":"đỗ văn hải","ModifiedDate":"2022-06-14T23:33:37.573Z","ModifiedBy":"admin","Status":true,"IsDeleted":false}
2022-06-14 23:33:37  INFO TOE.TOEIC.Web.Controllers.BaseEntityController`1.Put - ServiceResult Body put Account:{"Data":"Thông tin Số điện thoại đã tồn tại trên hệ thống","Messasge":"Dữ liệu không hợp lệ, vui lòng kiểm tra lại.","TOECode":200}
2022-06-14 23:33:41  INFO TOE.TOEIC.Web.Controllers.BaseEntityController`1.Put - Body put Account:{"AccountID":"58d54d4e-b205-4ed8-b0a0-0eaff587c50e","UserName":"admin","Email":"admin@library.com.vn","Password":null,"FullName":"admin","PhoneNumber":"0388039263","Avatar":"https://firebasestorage.googleapis.com/v0/b/fir-library-upload.appspot.com/o/images%2Fme1.jpg_143549_11062022?alt=media&token=20548e52-c47c-44e2-905c-f7b92af531c0","Address":"Nam Định","TotalBookCheckedOut":0,"TotalBookCheckingOut":0,"EntityState":0,"CreatedDate":"2022-06-11T08:13:48","CreatedBy":"đỗ văn hải","ModifiedDate":"2022-06-14T23:33:40.993Z","ModifiedBy":"admin","Status":true,"IsDeleted":false}
2022-06-14 23:33:41  INFO TOE.TOEIC.Web.Controllers.BaseEntityController`1.Put - ServiceResult Body put Account:{"Data":1,"Messasge":"Thao tác thành công","TOECode":100}
2022-06-14 23:33:48  INFO TOE.TOEIC.Web.Controllers.BaseEntityController`1.Put - Body put Account:{"AccountID":"58d54d4e-b205-4ed8-b0a0-0eaff587c50e","UserName":"admin","Email":"admin@library.com.vn","Password":null,"FullName":"admi1","PhoneNumber":"0388039263","Avatar":"https://firebasestorage.googleapis.com/v0/b/fir-library-upload.appspot.com/o/images%2Fme1.jpg_143549_11062022?alt=media&token=20548e52-c47c-44e2-905c-f7b92af531c0","Address":"Nam Định","TotalBookCheckedOut":0,"TotalBookCheckingOut":0,"EntityState":0,"CreatedDate":"2022-06-11T08:13:48","CreatedBy":"đỗ văn hải","ModifiedDate":"2022-06-14T23:33:48.498Z","ModifiedBy":"admin","Status":true,"IsDeleted":false}
2022-06-14 23:33:48  INFO TOE.TOEIC.Web.Controllers.BaseEntityController`1.Put - ServiceResult Body put Account:{"Data":1,"Messasge":"Thao tác thành công","TOECode":100}
2022-06-14 23:33:49  INFO TOE.TOEIC.Web.Controllers.BaseEntityController`1.GetFilter - Filter Post info : {"Sort":null,"Columns":null,"Filter":"W1tbIk1lbnVJRCIsIj0iLCI4ZDBmYjA1ZC01Y2E2LTRjZjYtYWRmYi03NWU1MGQyYTg4YzUiXSwiT1IiLFsiTWVudUlEIiwiPSIsImJlNzFmOTI1LTcyMWItNDg5Mi05YTM5LWM0NTBlYThlYTg4ZCJdLCJPUiIsWyJNZW51SUQiLCI9IiwiZGY4NjdiZDQtOGY3Ny00NDE4LWFmYTMtNWI0OWJkNDI3MGE1Il1dLCJBTkQiLFsiU3RhdHVzIiwiPSIsIjEiXSwiQU5EIixbIklzRGVsZXRlZCIsIj0iLCIwIl1d","Delta":0,"PageIndex":1,"PageSize":9999}
2022-06-14 23:33:54  INFO TOE.TOEIC.ApplicationCore.Interfaces.SafeAddressService.CheckIsInNetworkAllowed - [IP ADDRESS]: System.Collections.Generic.List`1[System.Net.IPAddress]
2022-06-14 23:33:54  INFO TOE.TOEIC.ApplicationCore.Interfaces.SafeAddressService.CheckIsInNetworkAllowed - [MAC ADDRESS]: C46516B228DC
2022-06-14 23:33:54  INFO TOE.TOEIC.Web.Controllers.BaseEntityController`1.GetFilter - Filter Menu info : {"Sort":null,"Columns":null,"Filter":"W1siSXNEZWxldGVkIiwiPSIsIjAiXSwiQU5EIixbIlN0YXR1cyIsIj0iLCIxIl0sIkFORCIsWyJJc1Nob3dIb21lIiwiPSIsIjEiXV0=","Delta":0,"PageIndex":1,"PageSize":9999}
2022-06-14 23:33:54  INFO TOE.TOEIC.Web.Controllers.BaseEntityController`1.GetFilter - Filter Post info : {"Sort":null,"Columns":null,"Filter":"W1tbIk1lbnVJRCIsIj0iLCI4ZDBmYjA1ZC01Y2E2LTRjZjYtYWRmYi03NWU1MGQyYTg4YzUiXSwiT1IiLFsiTWVudUlEIiwiPSIsImJlNzFmOTI1LTcyMWItNDg5Mi05YTM5LWM0NTBlYThlYTg4ZCJdLCJPUiIsWyJNZW51SUQiLCI9IiwiZGY4NjdiZDQtOGY3Ny00NDE4LWFmYTMtNWI0OWJkNDI3MGE1Il1dLCJBTkQiLFsiU3RhdHVzIiwiPSIsIjEiXSwiQU5EIixbIklzRGVsZXRlZCIsIj0iLCIwIl1d","Delta":0,"PageIndex":1,"PageSize":9999}
2022-06-14 23:33:56  INFO TOE.TOEIC.Web.Controllers.BaseEntityController`1.GetFilter - Filter Account info : {"Sort":null,"Columns":"PhoneNumber,Email,AccountID,Address,FullName,UserName,Avatar,CreatedBy,CreatedDate,ModifiedBy,ModifiedDate,Status","Filter":"W1siSXNEZWxldGVkIiwiPSIsIjAiXSwiQU5EIixbIlN0YXR1cyIsIj0iLCIxIl0sIkFORCIsWyJBY2NvdW50SUQiLCI9IiwiNThkNTRkNGUtYjIwNS00ZWQ4LWIwYTAtMGVhZmY1ODdjNTBlIl1d","Delta":0,"PageIndex":1,"PageSize":1}
2022-06-14 23:33:59  INFO TOE.TOEIC.Web.Controllers.BaseEntityController`1.Put - Body put Account:{"AccountID":"58d54d4e-b205-4ed8-b0a0-0eaff587c50e","UserName":"admin","Email":"admin@library.com.vn","Password":null,"FullName":"admin","PhoneNumber":"0388039263","Avatar":"https://firebasestorage.googleapis.com/v0/b/fir-library-upload.appspot.com/o/images%2Fme1.jpg_143549_11062022?alt=media&token=20548e52-c47c-44e2-905c-f7b92af531c0","Address":"Nam Định","TotalBookCheckedOut":0,"TotalBookCheckingOut":0,"EntityState":0,"CreatedDate":"2022-06-11T08:13:48","CreatedBy":"đỗ văn hải","ModifiedDate":"2022-06-14T23:33:59.121Z","ModifiedBy":"admin","Status":true,"IsDeleted":false}
2022-06-14 23:33:59  INFO TOE.TOEIC.Web.Controllers.BaseEntityController`1.Put - ServiceResult Body put Account:{"Data":1,"Messasge":"Thao tác thành công","TOECode":100}
2022-06-14 23:34:14  INFO TOE.TOEIC.Web.Controllers.BaseEntityController`1.Put - Body put Account:{"AccountID":"58d54d4e-b205-4ed8-b0a0-0eaff587c50e","UserName":"admin","Email":"admin@library.com.vn","Password":null,"FullName":"Đỗ Văn Hải","PhoneNumber":"0388039263","Avatar":"https://firebasestorage.googleapis.com/v0/b/fir-library-upload.appspot.com/o/images%2Fme1.jpg_143549_11062022?alt=media&token=20548e52-c47c-44e2-905c-f7b92af531c0","Address":"Nam Định","TotalBookCheckedOut":0,"TotalBookCheckingOut":0,"EntityState":0,"CreatedDate":"2022-06-11T08:13:48","CreatedBy":"đỗ văn hải","ModifiedDate":"2022-06-14T23:34:14.07Z","ModifiedBy":"admin","Status":true,"IsDeleted":false}
2022-06-14 23:34:14  INFO TOE.TOEIC.Web.Controllers.BaseEntityController`1.Put - ServiceResult Body put Account:{"Data":1,"Messasge":"Thao tác thành công","TOECode":100}
2022-06-14 23:34:58  INFO TOE.TOEIC.Web.Controllers.BaseEntityController`1.GetFilter - Filter Account info : {"Sort":null,"Columns":"PhoneNumber,Email,AccountID,Address,FullName,UserName,Avatar,CreatedBy,CreatedDate,ModifiedBy,ModifiedDate,Status","Filter":"W1siSXNEZWxldGVkIiwiPSIsIjAiXSwiQU5EIixbIlN0YXR1cyIsIj0iLCIxIl0sIkFORCIsWyJBY2NvdW50SUQiLCI9IiwiNThkNTRkNGUtYjIwNS00ZWQ4LWIwYTAtMGVhZmY1ODdjNTBlIl1d","Delta":0,"PageIndex":1,"PageSize":1}
2022-06-14 23:35:23  INFO TOE.TOEIC.Web.Controllers.BaseEntityController`1.GetFilter - Filter Account info : {"Sort":null,"Columns":"PhoneNumber,Email,AccountID,Address,FullName,UserName,Avatar,CreatedBy,CreatedDate,ModifiedBy,ModifiedDate,Status","Filter":"W1siSXNEZWxldGVkIiwiPSIsIjAiXSwiQU5EIixbIlN0YXR1cyIsIj0iLCIxIl0sIkFORCIsWyJBY2NvdW50SUQiLCI9IiwiNThkNTRkNGUtYjIwNS00ZWQ4LWIwYTAtMGVhZmY1ODdjNTBlIl1d","Delta":0,"PageIndex":1,"PageSize":1}
2022-06-14 23:35:23  INFO TOE.TOEIC.ApplicationCore.Interfaces.SafeAddressService.CheckIsInNetworkAllowed - [IP ADDRESS]: System.Collections.Generic.List`1[System.Net.IPAddress]
2022-06-14 23:35:23  INFO TOE.TOEIC.ApplicationCore.Interfaces.SafeAddressService.CheckIsInNetworkAllowed - [MAC ADDRESS]: C46516B228DC
2022-06-14 23:35:25  INFO TOE.TOEIC.Web.Controllers.BaseEntityController`1.GetFilter - Filter Menu info : {"Sort":null,"Columns":null,"Filter":"W1siSXNEZWxldGVkIiwiPSIsIjAiXSwiQU5EIixbIlN0YXR1cyIsIj0iLCIxIl0sIkFORCIsWyJJc1Nob3dIb21lIiwiPSIsIjEiXV0=","Delta":0,"PageIndex":1,"PageSize":9999}
2022-06-14 23:36:07  INFO TOE.TOEIC.ApplicationCore.Interfaces.SafeAddressService.CheckIsInNetworkAllowed - [IP ADDRESS]: System.Collections.Generic.List`1[System.Net.IPAddress]
2022-06-14 23:36:07  INFO TOE.TOEIC.ApplicationCore.Interfaces.SafeAddressService.CheckIsInNetworkAllowed - [MAC ADDRESS]: C46516B228DC
2022-06-14 23:36:08  INFO TOE.TOEIC.Web.Controllers.BaseEntityController`1.GetFilter - Filter Menu info : {"Sort":null,"Columns":null,"Filter":"W1siSXNEZWxldGVkIiwiPSIsIjAiXSwiQU5EIixbIlN0YXR1cyIsIj0iLCIxIl0sIkFORCIsWyJJc1Nob3dIb21lIiwiPSIsIjEiXV0=","Delta":0,"PageIndex":1,"PageSize":9999}
2022-06-14 23:36:08  INFO TOE.TOEIC.Web.Controllers.BaseEntityController`1.GetFilter - Filter Post info : {"Sort":null,"Columns":null,"Filter":"W1tbIk1lbnVJRCIsIj0iLCI4ZDBmYjA1ZC01Y2E2LTRjZjYtYWRmYi03NWU1MGQyYTg4YzUiXSwiT1IiLFsiTWVudUlEIiwiPSIsImJlNzFmOTI1LTcyMWItNDg5Mi05YTM5LWM0NTBlYThlYTg4ZCJdLCJPUiIsWyJNZW51SUQiLCI9IiwiZGY4NjdiZDQtOGY3Ny00NDE4LWFmYTMtNWI0OWJkNDI3MGE1Il1dLCJBTkQiLFsiU3RhdHVzIiwiPSIsIjEiXSwiQU5EIixbIklzRGVsZXRlZCIsIj0iLCIwIl1d","Delta":0,"PageIndex":1,"PageSize":9999}
2022-06-14 23:36:28  INFO TOE.TOEIC.ApplicationCore.Interfaces.SafeAddressService.CheckIsInNetworkAllowed - [IP ADDRESS]: System.Collections.Generic.List`1[System.Net.IPAddress]
2022-06-14 23:36:28  INFO TOE.TOEIC.ApplicationCore.Interfaces.SafeAddressService.CheckIsInNetworkAllowed - [MAC ADDRESS]: C46516B228DC
2022-06-14 23:36:28  INFO TOE.TOEIC.Web.Controllers.BaseEntityController`1.GetFilter - Filter Menu info : {"Sort":null,"Columns":null,"Filter":"W1siSXNEZWxldGVkIiwiPSIsIjAiXSwiQU5EIixbIlN0YXR1cyIsIj0iLCIxIl0sIkFORCIsWyJJc1Nob3dIb21lIiwiPSIsIjEiXV0=","Delta":0,"PageIndex":1,"PageSize":9999}
2022-06-14 23:36:28  INFO TOE.TOEIC.Web.Controllers.BaseEntityController`1.GetFilter - Filter Post info : {"Sort":null,"Columns":null,"Filter":"W1tbIk1lbnVJRCIsIj0iLCI4ZDBmYjA1ZC01Y2E2LTRjZjYtYWRmYi03NWU1MGQyYTg4YzUiXSwiT1IiLFsiTWVudUlEIiwiPSIsImJlNzFmOTI1LTcyMWItNDg5Mi05YTM5LWM0NTBlYThlYTg4ZCJdLCJPUiIsWyJNZW51SUQiLCI9IiwiZGY4NjdiZDQtOGY3Ny00NDE4LWFmYTMtNWI0OWJkNDI3MGE1Il1dLCJBTkQiLFsiU3RhdHVzIiwiPSIsIjEiXSwiQU5EIixbIklzRGVsZXRlZCIsIj0iLCIwIl1d","Delta":0,"PageIndex":1,"PageSize":9999}
2022-06-14 23:36:32  INFO TOE.TOEIC.Web.Controllers.BaseEntityController`1.GetFilter - Filter Notification info : {"Sort":"[[\"CreatedDate\",\"DESC\"]]","Columns":null,"Filter":"W1siSXNEZWxldGVkIiwiPSIsIjAiXSwiQU5EIixbIlN0YXR1cyIsIj0iLCIxIl1d","Delta":0,"PageIndex":1,"PageSize":20}
2022-06-14 23:36:35  INFO TOE.TOEIC.Web.Controllers.BaseEntityController`1.GetFilter - Filter Post info : {"Sort":null,"Columns":null,"Filter":"W1tbIk1lbnVJRCIsIj0iLCI4ZDBmYjA1ZC01Y2E2LTRjZjYtYWRmYi03NWU1MGQyYTg4YzUiXSwiT1IiLFsiTWVudUlEIiwiPSIsImJlNzFmOTI1LTcyMWItNDg5Mi05YTM5LWM0NTBlYThlYTg4ZCJdLCJPUiIsWyJNZW51SUQiLCI9IiwiZGY4NjdiZDQtOGY3Ny00NDE4LWFmYTMtNWI0OWJkNDI3MGE1Il1dLCJBTkQiLFsiU3RhdHVzIiwiPSIsIjEiXSwiQU5EIixbIklzRGVsZXRlZCIsIj0iLCIwIl1d","Delta":0,"PageIndex":1,"PageSize":9999}
2022-06-14 23:36:37  INFO TOE.TOEIC.Web.Controllers.BaseEntityController`1.GetFilter - Filter Account info : {"Sort":null,"Columns":"PhoneNumber,Email,AccountID,Address,FullName,UserName,Avatar,CreatedBy,CreatedDate,ModifiedBy,ModifiedDate,Status","Filter":"W1siSXNEZWxldGVkIiwiPSIsIjAiXSwiQU5EIixbIlN0YXR1cyIsIj0iLCIxIl0sIkFORCIsWyJBY2NvdW50SUQiLCI9IiwiNThkNTRkNGUtYjIwNS00ZWQ4LWIwYTAtMGVhZmY1ODdjNTBlIl1d","Delta":0,"PageIndex":1,"PageSize":1}
2022-06-14 23:36:39  INFO TOE.TOEIC.Web.Controllers.BaseEntityController`1.GetFilter - Filter Post info : {"Sort":null,"Columns":null,"Filter":"W1tbIk1lbnVJRCIsIj0iLCI4ZDBmYjA1ZC01Y2E2LTRjZjYtYWRmYi03NWU1MGQyYTg4YzUiXSwiT1IiLFsiTWVudUlEIiwiPSIsImJlNzFmOTI1LTcyMWItNDg5Mi05YTM5LWM0NTBlYThlYTg4ZCJdLCJPUiIsWyJNZW51SUQiLCI9IiwiZGY4NjdiZDQtOGY3Ny00NDE4LWFmYTMtNWI0OWJkNDI3MGE1Il1dLCJBTkQiLFsiU3RhdHVzIiwiPSIsIjEiXSwiQU5EIixbIklzRGVsZXRlZCIsIj0iLCIwIl1d","Delta":0,"PageIndex":1,"PageSize":9999}
2022-06-14 23:36:43  INFO TOE.TOEIC.Web.Controllers.BaseEntityController`1.GetFilter - Filter Notification info : {"Sort":"[[\"CreatedDate\",\"DESC\"]]","Columns":null,"Filter":"W1siSXNEZWxldGVkIiwiPSIsIjAiXSwiQU5EIixbIlN0YXR1cyIsIj0iLCIxIl1d","Delta":0,"PageIndex":1,"PageSize":20}
2022-06-14 23:36:45  INFO TOE.TOEIC.Web.Controllers.BaseEntityController`1.GetFilter - Filter Post info : {"Sort":null,"Columns":null,"Filter":"W1tbIk1lbnVJRCIsIj0iLCI4ZDBmYjA1ZC01Y2E2LTRjZjYtYWRmYi03NWU1MGQyYTg4YzUiXSwiT1IiLFsiTWVudUlEIiwiPSIsImJlNzFmOTI1LTcyMWItNDg5Mi05YTM5LWM0NTBlYThlYTg4ZCJdLCJPUiIsWyJNZW51SUQiLCI9IiwiZGY4NjdiZDQtOGY3Ny00NDE4LWFmYTMtNWI0OWJkNDI3MGE1Il1dLCJBTkQiLFsiU3RhdHVzIiwiPSIsIjEiXSwiQU5EIixbIklzRGVsZXRlZCIsIj0iLCIwIl1d","Delta":0,"PageIndex":1,"PageSize":9999}
2022-06-14 23:36:50  INFO TOE.TOEIC.Web.Controllers.BaseEntityController`1.GetFilter - Filter Account info : {"Sort":null,"Columns":"PhoneNumber,Email,AccountID,Address,FullName,UserName,Avatar,CreatedBy,CreatedDate,ModifiedBy,ModifiedDate,Status","Filter":"W1siSXNEZWxldGVkIiwiPSIsIjAiXSwiQU5EIixbIlN0YXR1cyIsIj0iLCIxIl0sIkFORCIsWyJBY2NvdW50SUQiLCI9IiwiNThkNTRkNGUtYjIwNS00ZWQ4LWIwYTAtMGVhZmY1ODdjNTBlIl1d","Delta":0,"PageIndex":1,"PageSize":1}
2022-06-14 23:36:54  INFO TOE.TOEIC.Web.Controllers.BaseEntityController`1.Put - Body put Account:{"AccountID":"58d54d4e-b205-4ed8-b0a0-0eaff587c50e","UserName":"admin","Email":"admin@library.com.vn","Password":null,"FullName":"Đỗ Văn Hải","PhoneNumber":"0388039261","Avatar":"https://firebasestorage.googleapis.com/v0/b/fir-library-upload.appspot.com/o/images%2Fme1.jpg_143549_11062022?alt=media&token=20548e52-c47c-44e2-905c-f7b92af531c0","Address":"Nam Định","TotalBookCheckedOut":0,"TotalBookCheckingOut":0,"EntityState":0,"CreatedDate":"2022-06-11T08:13:48","CreatedBy":"đỗ văn hải","ModifiedDate":"2022-06-14T23:36:54.712Z","ModifiedBy":"Đỗ Văn Hải","Status":true,"IsDeleted":false}
2022-06-14 23:36:54  INFO TOE.TOEIC.Web.Controllers.BaseEntityController`1.Put - ServiceResult Body put Account:{"Data":1,"Messasge":"Thao tác thành công","TOECode":100}
2022-06-14 23:36:58  INFO TOE.TOEIC.Web.Controllers.BaseEntityController`1.GetFilter - Filter BookItem info : {"Sort":"[[\"CreatedDate\",\"DESC\"]]","Columns":null,"Filter":"W1siSXNEZWxldGVkIiwiPSIsIjAiXSwiQU5EIixbIlN0YXR1cyIsIj0iLCIxIl0sIkFORCIsWyJCb29rRm9ybWF0IiwiPSIsMF0sIkFORCIsWyJJc1ByaXZhdGUiLCI9IiwiMCJdXQ==","Delta":0,"PageIndex":1,"PageSize":5}
2022-06-14 23:36:58  INFO TOE.TOEIC.Web.Controllers.BaseEntityController`1.GetFilter - Filter BookItem info : {"Sort":"[[\"CreatedDate\",\"DESC\"]]","Columns":null,"Filter":"W1siSXNEZWxldGVkIiwiPSIsIjAiXSwiQU5EIixbIlN0YXR1cyIsIj0iLCIxIl0sIkFORCIsWyJCb29rRm9ybWF0IiwiPSIsMV0sIkFORCIsWyJJc1ByaXZhdGUiLCI9IiwiMCJdXQ==","Delta":0,"PageIndex":1,"PageSize":5}
