2022-04-23 09:38:14  INFO Microsoft.Extensions.Hosting.Internal.ConsoleLifetime.OnApplicationStarted - Application started. Press Ctrl+C to shut down.
2022-04-23 09:38:14  INFO Microsoft.Extensions.Hosting.Internal.ConsoleLifetime.OnApplicationStarted - Hosting environment: Development
2022-04-23 09:38:14  INFO Microsoft.Extensions.Hosting.Internal.ConsoleLifetime.OnApplicationStarted - Content root path: D:\nam4ki2\DATN\DA\Toiec-365\Toeic-365-backend-v1\MISA.AMIS\MISA.AMIS.Web
2022-04-23 09:38:35  INFO TOE.TOEIC.Web.Controllers.BaseEntityController`1.GetFilter - Filter base info : {"Sort":null,"Columns":null,"Filter":"W1tbIk1lbnVJRCIsIj0iLCI4ZDBmYjA1ZC01Y2E2LTRjZjYtYWRmYi03NWU1MGQyYTg4YzUiXSwiT1IiLFsiTWVudUlEIiwiPSIsImJlNzFmOTI1LTcyMWItNDg5Mi05YTM5LWM0NTBlYThlYTg4ZCJdLCJPUiIsWyJNZW51SUQiLCI9IiwiZGY4NjdiZDQtOGY3Ny00NDE4LWFmYTMtNWI0OWJkNDI3MGE1Il1dLCJBTkQiLFsiU3RhdHVzIiwiPSIsIjEiXSwiQU5EIixbIklzRGVsZXRlZCIsIj0iLCIwIl1d","Delta":0,"PageIndex":1,"PageSize":9999}
2022-04-23 09:38:35  INFO TOE.TOEIC.Web.Controllers.BaseEntityController`1.GetFilter - Filter base info : {"Sort":null,"Columns":null,"Filter":"W1siSXNEZWxldGVkIiwiPSIsIjAiXSwiQU5EIixbIlN0YXR1cyIsIj0iLCIxIl0sIkFORCIsWyJJc1Nob3dIb21lIiwiPSIsIjEiXV0=","Delta":0,"PageIndex":1,"PageSize":9999}
2022-04-23 09:38:43  INFO TOE.TOEIC.Web.Controllers.BaseEntityController`1.GetFilter - Filter base info : {"Sort":null,"Columns":null,"Filter":"W1siSXNEZWxldGVkIiwiPSIsIjAiXSwiQU5EIixbIlN0YXR1cyIsIj0iLCIxIl0sIkFORCIsWyJJc1Nob3dIb21lIiwiPSIsIjEiXV0=","Delta":0,"PageIndex":1,"PageSize":9999}
2022-04-23 09:38:43  INFO TOE.TOEIC.Web.Controllers.BaseEntityController`1.GetFilter - Filter base info : {"Sort":null,"Columns":null,"Filter":"W1siTWVudUlEIiwiPSIsImVjZGE5N2RkLTZkYTktNGViNC1iZjMyLTkzN2Q4NWEzNTFiNCJdLCJBTkQiLFsiSXNEZWxldGVkIiwiPSIsIjAiXSwiQU5EIixbIlN0YXR1cyIsIj0iLCIxIl1d","Delta":0,"PageIndex":1,"PageSize":9999}
2022-04-23 09:38:43  INFO TOE.TOEIC.Web.Controllers.BaseEntityController`1.GetFilter - Filter base info : {"Sort":null,"Columns":null,"Filter":"W1siU3RhdHVzIiwiPSIsIjEiXSwiQU5EIixbIklzRGVsZXRlZCIsIj0iLCIwIl1d","Delta":0,"PageIndex":1,"PageSize":5}
2022-04-23 09:38:43  INFO TOE.TOEIC.Web.Controllers.BaseEntityController`1.GetFilter - Filter base info : {"Sort":null,"Columns":null,"Filter":"W1siTWVudUlEIiwiPSIsImVjZGE5N2RkLTZkYTktNGViNC1iZjMyLTkzN2Q4NWEzNTFiNCJdLCJBTkQiLFsiSXNEZWxldGVkIiwiPSIsIjAiXSwiQU5EIixbIlN0YXR1cyIsIj0iLCIxIl1d","Delta":0,"PageIndex":1,"PageSize":9999}
2022-04-23 09:38:45  INFO TOE.TOEIC.Web.Controllers.BaseEntityController`1.GetFilter - Filter base info : {"Sort":null,"Columns":null,"Filter":"W1tbIk1lbnVJRCIsIj0iLCI4ZDBmYjA1ZC01Y2E2LTRjZjYtYWRmYi03NWU1MGQyYTg4YzUiXSwiT1IiLFsiTWVudUlEIiwiPSIsImJlNzFmOTI1LTcyMWItNDg5Mi05YTM5LWM0NTBlYThlYTg4ZCJdLCJPUiIsWyJNZW51SUQiLCI9IiwiZGY4NjdiZDQtOGY3Ny00NDE4LWFmYTMtNWI0OWJkNDI3MGE1Il1dLCJBTkQiLFsiU3RhdHVzIiwiPSIsIjEiXSwiQU5EIixbIklzRGVsZXRlZCIsIj0iLCIwIl1d","Delta":0,"PageIndex":1,"PageSize":9999}
2022-04-23 09:38:45  INFO TOE.TOEIC.Web.Controllers.BaseEntityController`1.GetFilter - Filter base info : {"Sort":null,"Columns":null,"Filter":"W1siSXNEZWxldGVkIiwiPSIsIjAiXSwiQU5EIixbIlN0YXR1cyIsIj0iLCIxIl0sIkFORCIsWyJJc1Nob3dIb21lIiwiPSIsIjEiXV0=","Delta":0,"PageIndex":1,"PageSize":9999}
2022-04-23 09:38:48  INFO TOE.TOEIC.Web.Controllers.BaseEntityController`1.GetFilter - Filter base info : {"Sort":null,"Columns":null,"Filter":"W1siSXNEZWxldGVkIiwiPSIsIjAiXSwiQU5EIixbIlN0YXR1cyIsIj0iLCIxIl0sIkFORCIsWyJJc1Nob3dIb21lIiwiPSIsIjEiXV0=","Delta":0,"PageIndex":1,"PageSize":9999}
2022-04-23 09:38:48  INFO TOE.TOEIC.Web.Controllers.BaseEntityController`1.GetFilter - Filter base info : {"Sort":null,"Columns":null,"Filter":"W1siU3RhdHVzIiwiPSIsIjEiXSwiQU5EIixbIklzRGVsZXRlZCIsIj0iLCIwIl1d","Delta":0,"PageIndex":1,"PageSize":5}
2022-04-23 09:38:48  INFO TOE.TOEIC.Web.Controllers.BaseEntityController`1.GetFilter - Filter base info : {"Sort":null,"Columns":null,"Filter":"W1siTWVudUlEIiwiPSIsImVjZGE5N2RkLTZkYTktNGViNC1iZjMyLTkzN2Q4NWEzNTFiNCJdLCJBTkQiLFsiSXNEZWxldGVkIiwiPSIsIjAiXSwiQU5EIixbIlN0YXR1cyIsIj0iLCIxIl1d","Delta":0,"PageIndex":1,"PageSize":9999}
2022-04-23 09:38:48  INFO TOE.TOEIC.Web.Controllers.BaseEntityController`1.GetFilter - Filter base info : {"Sort":null,"Columns":null,"Filter":"W1siTWVudUlEIiwiPSIsImVjZGE5N2RkLTZkYTktNGViNC1iZjMyLTkzN2Q4NWEzNTFiNCJdLCJBTkQiLFsiSXNEZWxldGVkIiwiPSIsIjAiXSwiQU5EIixbIlN0YXR1cyIsIj0iLCIxIl1d","Delta":0,"PageIndex":1,"PageSize":9999}
2022-04-23 09:38:52  INFO TOE.TOEIC.Web.Controllers.BaseEntityController`1.GetFilter - Filter base info : {"Sort":null,"Columns":null,"Filter":"W1siTWVudUlEIiwiPSIsImVjZGE5N2RkLTZkYTktNGViNC1iZjMyLTkzN2Q4NWEzNTFiNCJdLCJBTkQiLFsiSXNEZWxldGVkIiwiPSIsIjAiXSwiQU5EIixbIlN0YXR1cyIsIj0iLCIxIl1d","Delta":0,"PageIndex":1,"PageSize":9999}
2022-04-23 09:38:54  INFO TOE.TOEIC.Web.Controllers.BaseEntityController`1.GetFilter - Filter base info : {"Sort":null,"Columns":null,"Filter":"W1siTWVudUlEIiwiPSIsImVjZGE5N2RkLTZkYTktNGViNC1iZjMyLTkzN2Q4NWEzNTFiNCJdLCJBTkQiLFsiSXNEZWxldGVkIiwiPSIsIjAiXSwiQU5EIixbIlN0YXR1cyIsIj0iLCIxIl1d","Delta":0,"PageIndex":1,"PageSize":9999}
2022-04-23 09:39:02  INFO TOE.TOEIC.Web.Controllers.BaseEntityController`1.GetFilter - Filter base info : {"Sort":null,"Columns":null,"Filter":"W1tbIk1lbnVJRCIsIj0iLCI4ZDBmYjA1ZC01Y2E2LTRjZjYtYWRmYi03NWU1MGQyYTg4YzUiXSwiT1IiLFsiTWVudUlEIiwiPSIsImJlNzFmOTI1LTcyMWItNDg5Mi05YTM5LWM0NTBlYThlYTg4ZCJdLCJPUiIsWyJNZW51SUQiLCI9IiwiZGY4NjdiZDQtOGY3Ny00NDE4LWFmYTMtNWI0OWJkNDI3MGE1Il1dLCJBTkQiLFsiU3RhdHVzIiwiPSIsIjEiXSwiQU5EIixbIklzRGVsZXRlZCIsIj0iLCIwIl1d","Delta":0,"PageIndex":1,"PageSize":9999}
2022-04-23 09:39:02  INFO TOE.TOEIC.Web.Controllers.BaseEntityController`1.GetFilter - Filter base info : {"Sort":null,"Columns":null,"Filter":"W1siSXNEZWxldGVkIiwiPSIsIjAiXSwiQU5EIixbIlN0YXR1cyIsIj0iLCIxIl0sIkFORCIsWyJJc1Nob3dIb21lIiwiPSIsIjEiXV0=","Delta":0,"PageIndex":1,"PageSize":9999}
2022-04-23 09:39:16  INFO TOE.TOEIC.Web.Controllers.BaseEntityController`1.GetFilter - Filter base info : {"Sort":null,"Columns":null,"Filter":"W1siSXNEZWxldGVkIiwiPSIsIjAiXV0=","Delta":0,"PageIndex":1,"PageSize":10}
2022-04-23 09:39:16  INFO TOE.TOEIC.Web.Controllers.BaseEntityController`1.GetFilter - Filter base info : {"Sort":null,"Columns":null,"Filter":"W1siSXNEZWxldGVkIiwiPSIsIjAiXV0=","Delta":0,"PageIndex":1,"PageSize":10}
2022-04-23 09:39:56  INFO TOE.TOEIC.Web.Controllers.BaseEntityController`1.GetFilter - Filter base info : {"Sort":null,"Columns":null,"Filter":"W1siSXNEZWxldGVkIiwiPSIsIjAiXSwiQU5EIixbIlN0YXR1cyIsIj0iLCIxIl0sIkFORCIsWyJJc1Nob3dIb21lIiwiPSIsIjEiXV0=","Delta":0,"PageIndex":1,"PageSize":9999}
2022-04-23 09:39:56  INFO TOE.TOEIC.Web.Controllers.BaseEntityController`1.GetFilter - Filter base info : {"Sort":null,"Columns":null,"Filter":"W1tbIk1lbnVJRCIsIj0iLCI4ZDBmYjA1ZC01Y2E2LTRjZjYtYWRmYi03NWU1MGQyYTg4YzUiXSwiT1IiLFsiTWVudUlEIiwiPSIsImJlNzFmOTI1LTcyMWItNDg5Mi05YTM5LWM0NTBlYThlYTg4ZCJdLCJPUiIsWyJNZW51SUQiLCI9IiwiZGY4NjdiZDQtOGY3Ny00NDE4LWFmYTMtNWI0OWJkNDI3MGE1Il1dLCJBTkQiLFsiU3RhdHVzIiwiPSIsIjEiXSwiQU5EIixbIklzRGVsZXRlZCIsIj0iLCIwIl1d","Delta":0,"PageIndex":1,"PageSize":9999}
2022-04-23 09:39:58  INFO TOE.TOEIC.Web.Controllers.BaseEntityController`1.GetFilter - Filter base info : {"Sort":null,"Columns":null,"Filter":"W1siU3RhdHVzIiwiPSIsIjEiXSwiQU5EIixbIklzRGVsZXRlZCIsIj0iLCIwIl1d","Delta":0,"PageIndex":1,"PageSize":5}
2022-04-23 09:39:58  INFO TOE.TOEIC.Web.Controllers.BaseEntityController`1.GetFilter - Filter base info : {"Sort":null,"Columns":null,"Filter":"W1siTWVudUlEIiwiPSIsImVjZGE5N2RkLTZkYTktNGViNC1iZjMyLTkzN2Q4NWEzNTFiNCJdLCJBTkQiLFsiSXNEZWxldGVkIiwiPSIsIjAiXSwiQU5EIixbIlN0YXR1cyIsIj0iLCIxIl1d","Delta":0,"PageIndex":1,"PageSize":9999}
2022-04-23 09:39:58  INFO TOE.TOEIC.Web.Controllers.BaseEntityController`1.GetFilter - Filter base info : {"Sort":null,"Columns":null,"Filter":"W1siSXNEZWxldGVkIiwiPSIsIjAiXSwiQU5EIixbIlN0YXR1cyIsIj0iLCIxIl0sIkFORCIsWyJJc1Nob3dIb21lIiwiPSIsIjEiXV0=","Delta":0,"PageIndex":1,"PageSize":9999}
2022-04-23 09:39:58  INFO TOE.TOEIC.Web.Controllers.BaseEntityController`1.GetFilter - Filter base info : {"Sort":null,"Columns":null,"Filter":"W1siTWVudUlEIiwiPSIsImVjZGE5N2RkLTZkYTktNGViNC1iZjMyLTkzN2Q4NWEzNTFiNCJdLCJBTkQiLFsiSXNEZWxldGVkIiwiPSIsIjAiXSwiQU5EIixbIlN0YXR1cyIsIj0iLCIxIl1d","Delta":0,"PageIndex":1,"PageSize":9999}
2022-04-23 09:40:01  INFO TOE.TOEIC.Web.Controllers.BaseEntityController`1.GetFilter - Filter base info : {"Sort":null,"Columns":null,"Filter":"W1tbIk1lbnVJRCIsIj0iLCI4ZDBmYjA1ZC01Y2E2LTRjZjYtYWRmYi03NWU1MGQyYTg4YzUiXSwiT1IiLFsiTWVudUlEIiwiPSIsImJlNzFmOTI1LTcyMWItNDg5Mi05YTM5LWM0NTBlYThlYTg4ZCJdLCJPUiIsWyJNZW51SUQiLCI9IiwiZGY4NjdiZDQtOGY3Ny00NDE4LWFmYTMtNWI0OWJkNDI3MGE1Il1dLCJBTkQiLFsiU3RhdHVzIiwiPSIsIjEiXSwiQU5EIixbIklzRGVsZXRlZCIsIj0iLCIwIl1d","Delta":0,"PageIndex":1,"PageSize":9999}
2022-04-23 09:40:01  INFO TOE.TOEIC.Web.Controllers.BaseEntityController`1.GetFilter - Filter base info : {"Sort":null,"Columns":null,"Filter":"W1siSXNEZWxldGVkIiwiPSIsIjAiXSwiQU5EIixbIlN0YXR1cyIsIj0iLCIxIl0sIkFORCIsWyJJc1Nob3dIb21lIiwiPSIsIjEiXV0=","Delta":0,"PageIndex":1,"PageSize":9999}
2022-04-23 09:40:31  INFO TOE.TOEIC.Web.Controllers.BaseEntityController`1.GetFilter - Filter base info : {"Sort":null,"Columns":null,"Filter":"W1siSXNEZWxldGVkIiwiPSIsIjAiXV0=","Delta":0,"PageIndex":1,"PageSize":10}
2022-04-23 09:40:32  INFO TOE.TOEIC.Web.Controllers.BaseEntityController`1.GetFilter - Filter base info : {"Sort":null,"Columns":null,"Filter":"W1siSXNEZWxldGVkIiwiPSIsIjAiXV0=","Delta":0,"PageIndex":1,"PageSize":10}
2022-04-23 09:41:12  INFO TOE.TOEIC.Web.Controllers.BaseEntityController`1.GetFilter - Filter base info : {"Sort":null,"Columns":null,"Filter":"W1siSXNEZWxldGVkIiwiPSIsIjAiXV0=","Delta":0,"PageIndex":1,"PageSize":10}
2022-04-23 09:41:16  INFO TOE.TOEIC.Web.Controllers.BaseEntityController`1.GetFilter - Filter base info : {"Sort":null,"Columns":null,"Filter":"W1siSXNEZWxldGVkIiwiPSIsIjAiXSwiQU5EIixbIlN0YXR1cyIsIj0iLCIxIl0sIkFORCIsWyJJc1Nob3dIb21lIiwiPSIsIjEiXV0=","Delta":0,"PageIndex":1,"PageSize":9999}
2022-04-23 09:41:16  INFO TOE.TOEIC.Web.Controllers.BaseEntityController`1.GetFilter - Filter base info : {"Sort":null,"Columns":null,"Filter":"W1tbIk1lbnVJRCIsIj0iLCI4ZDBmYjA1ZC01Y2E2LTRjZjYtYWRmYi03NWU1MGQyYTg4YzUiXSwiT1IiLFsiTWVudUlEIiwiPSIsImJlNzFmOTI1LTcyMWItNDg5Mi05YTM5LWM0NTBlYThlYTg4ZCJdLCJPUiIsWyJNZW51SUQiLCI9IiwiZGY4NjdiZDQtOGY3Ny00NDE4LWFmYTMtNWI0OWJkNDI3MGE1Il1dLCJBTkQiLFsiU3RhdHVzIiwiPSIsIjEiXSwiQU5EIixbIklzRGVsZXRlZCIsIj0iLCIwIl1d","Delta":0,"PageIndex":1,"PageSize":9999}
2022-04-23 09:41:18  INFO TOE.TOEIC.Web.Controllers.BaseEntityController`1.GetFilter - Filter base info : {"Sort":null,"Columns":null,"Filter":"W1siU3RhdHVzIiwiPSIsIjEiXSwiQU5EIixbIklzRGVsZXRlZCIsIj0iLCIwIl1d","Delta":0,"PageIndex":1,"PageSize":5}
2022-04-23 09:41:18  INFO TOE.TOEIC.Web.Controllers.BaseEntityController`1.GetFilter - Filter base info : {"Sort":null,"Columns":null,"Filter":"W1siTWVudUlEIiwiPSIsImVjZGE5N2RkLTZkYTktNGViNC1iZjMyLTkzN2Q4NWEzNTFiNCJdLCJBTkQiLFsiSXNEZWxldGVkIiwiPSIsIjAiXSwiQU5EIixbIlN0YXR1cyIsIj0iLCIxIl1d","Delta":0,"PageIndex":1,"PageSize":9999}
2022-04-23 09:41:18  INFO TOE.TOEIC.Web.Controllers.BaseEntityController`1.GetFilter - Filter base info : {"Sort":null,"Columns":null,"Filter":"W1siSXNEZWxldGVkIiwiPSIsIjAiXSwiQU5EIixbIlN0YXR1cyIsIj0iLCIxIl0sIkFORCIsWyJJc1Nob3dIb21lIiwiPSIsIjEiXV0=","Delta":0,"PageIndex":1,"PageSize":9999}
2022-04-23 09:41:18  INFO TOE.TOEIC.Web.Controllers.BaseEntityController`1.GetFilter - Filter base info : {"Sort":null,"Columns":null,"Filter":"W1siTWVudUlEIiwiPSIsImVjZGE5N2RkLTZkYTktNGViNC1iZjMyLTkzN2Q4NWEzNTFiNCJdLCJBTkQiLFsiSXNEZWxldGVkIiwiPSIsIjAiXSwiQU5EIixbIlN0YXR1cyIsIj0iLCIxIl1d","Delta":0,"PageIndex":1,"PageSize":9999}
2022-04-23 09:41:23  INFO TOE.TOEIC.Web.Controllers.BaseEntityController`1.GetFilter - Filter base info : {"Sort":null,"Columns":null,"Filter":"W1siSXNEZWxldGVkIiwiPSIsIjAiXSwiQU5EIixbIlN0YXR1cyIsIj0iLCIxIl0sIkFORCIsWyJJc1Nob3dIb21lIiwiPSIsIjEiXV0=","Delta":0,"PageIndex":1,"PageSize":9999}
2022-04-23 09:41:23  INFO TOE.TOEIC.Web.Controllers.BaseEntityController`1.GetFilter - Filter base info : {"Sort":null,"Columns":null,"Filter":"W1siU3RhdHVzIiwiPSIsIjEiXSwiQU5EIixbIklzRGVsZXRlZCIsIj0iLCIwIl1d","Delta":0,"PageIndex":1,"PageSize":5}
2022-04-23 09:41:23  INFO TOE.TOEIC.Web.Controllers.BaseEntityController`1.GetFilter - Filter base info : {"Sort":null,"Columns":null,"Filter":"W1siTWVudUlEIiwiPSIsImVjZGE5N2RkLTZkYTktNGViNC1iZjMyLTkzN2Q4NWEzNTFiNCJdLCJBTkQiLFsiSXNEZWxldGVkIiwiPSIsIjAiXSwiQU5EIixbIlN0YXR1cyIsIj0iLCIxIl1d","Delta":0,"PageIndex":1,"PageSize":9999}
2022-04-23 09:41:23  INFO TOE.TOEIC.Web.Controllers.BaseEntityController`1.GetFilter - Filter base info : {"Sort":null,"Columns":null,"Filter":"W1siTWVudUlEIiwiPSIsImVjZGE5N2RkLTZkYTktNGViNC1iZjMyLTkzN2Q4NWEzNTFiNCJdLCJBTkQiLFsiSXNEZWxldGVkIiwiPSIsIjAiXSwiQU5EIixbIlN0YXR1cyIsIj0iLCIxIl1d","Delta":0,"PageIndex":1,"PageSize":9999}
2022-04-23 09:42:15  INFO TOE.TOEIC.Web.Controllers.BaseEntityController`1.GetFilter - Filter base info : {"Sort":null,"Columns":null,"Filter":"W1siTWVudUlEIiwiPSIsImVjZGE5N2RkLTZkYTktNGViNC1iZjMyLTkzN2Q4NWEzNTFiNCJdLCJBTkQiLFsiSXNEZWxldGVkIiwiPSIsIjAiXSwiQU5EIixbIlN0YXR1cyIsIj0iLCIxIl1d","Delta":0,"PageIndex":1,"PageSize":9999}
2022-04-23 09:42:16  INFO TOE.TOEIC.Web.Controllers.BaseEntityController`1.GetFilter - Filter base info : {"Sort":null,"Columns":null,"Filter":"W1siTWVudUlEIiwiPSIsImVjZGE5N2RkLTZkYTktNGViNC1iZjMyLTkzN2Q4NWEzNTFiNCJdLCJBTkQiLFsiSXNEZWxldGVkIiwiPSIsIjAiXSwiQU5EIixbIlN0YXR1cyIsIj0iLCIxIl1d","Delta":0,"PageIndex":1,"PageSize":9999}
2022-04-23 09:42:16  INFO TOE.TOEIC.Web.Controllers.BaseEntityController`1.GetFilter - Filter base info : {"Sort":null,"Columns":null,"Filter":"W1siTWVudUlEIiwiPSIsImVjZGE5N2RkLTZkYTktNGViNC1iZjMyLTkzN2Q4NWEzNTFiNCJdLCJBTkQiLFsiSXNEZWxldGVkIiwiPSIsIjAiXSwiQU5EIixbIlN0YXR1cyIsIj0iLCIxIl1d","Delta":0,"PageIndex":1,"PageSize":9999}
2022-04-23 09:42:16  INFO TOE.TOEIC.Web.Controllers.BaseEntityController`1.GetFilter - Filter base info : {"Sort":null,"Columns":null,"Filter":"W1siTWVudUlEIiwiPSIsImVjZGE5N2RkLTZkYTktNGViNC1iZjMyLTkzN2Q4NWEzNTFiNCJdLCJBTkQiLFsiSXNEZWxldGVkIiwiPSIsIjAiXSwiQU5EIixbIlN0YXR1cyIsIj0iLCIxIl1d","Delta":0,"PageIndex":1,"PageSize":9999}
2022-04-23 09:42:16  INFO TOE.TOEIC.Web.Controllers.BaseEntityController`1.GetFilter - Filter base info : {"Sort":null,"Columns":null,"Filter":"W1siTWVudUlEIiwiPSIsImVjZGE5N2RkLTZkYTktNGViNC1iZjMyLTkzN2Q4NWEzNTFiNCJdLCJBTkQiLFsiSXNEZWxldGVkIiwiPSIsIjAiXSwiQU5EIixbIlN0YXR1cyIsIj0iLCIxIl1d","Delta":0,"PageIndex":1,"PageSize":9999}
2022-04-23 09:42:17  INFO TOE.TOEIC.Web.Controllers.BaseEntityController`1.GetFilter - Filter base info : {"Sort":null,"Columns":null,"Filter":"W1siTWVudUlEIiwiPSIsImVjZGE5N2RkLTZkYTktNGViNC1iZjMyLTkzN2Q4NWEzNTFiNCJdLCJBTkQiLFsiSXNEZWxldGVkIiwiPSIsIjAiXSwiQU5EIixbIlN0YXR1cyIsIj0iLCIxIl1d","Delta":0,"PageIndex":1,"PageSize":9999}
2022-04-23 09:42:18  INFO TOE.TOEIC.Web.Controllers.BaseEntityController`1.GetFilter - Filter base info : {"Sort":null,"Columns":null,"Filter":"W1tbIk1lbnVJRCIsIj0iLCI4ZDBmYjA1ZC01Y2E2LTRjZjYtYWRmYi03NWU1MGQyYTg4YzUiXSwiT1IiLFsiTWVudUlEIiwiPSIsImJlNzFmOTI1LTcyMWItNDg5Mi05YTM5LWM0NTBlYThlYTg4ZCJdLCJPUiIsWyJNZW51SUQiLCI9IiwiZGY4NjdiZDQtOGY3Ny00NDE4LWFmYTMtNWI0OWJkNDI3MGE1Il1dLCJBTkQiLFsiU3RhdHVzIiwiPSIsIjEiXSwiQU5EIixbIklzRGVsZXRlZCIsIj0iLCIwIl1d","Delta":0,"PageIndex":1,"PageSize":9999}
2022-04-23 09:42:18  INFO TOE.TOEIC.Web.Controllers.BaseEntityController`1.GetFilter - Filter base info : {"Sort":null,"Columns":null,"Filter":"W1siSXNEZWxldGVkIiwiPSIsIjAiXSwiQU5EIixbIlN0YXR1cyIsIj0iLCIxIl0sIkFORCIsWyJJc1Nob3dIb21lIiwiPSIsIjEiXV0=","Delta":0,"PageIndex":1,"PageSize":9999}
2022-04-23 09:42:21  INFO TOE.TOEIC.Web.Controllers.BaseEntityController`1.GetFilter - Filter base info : {"Sort":null,"Columns":null,"Filter":"W1siSXNEZWxldGVkIiwiPSIsIjAiXSwiQU5EIixbIlN0YXR1cyIsIj0iLCIxIl0sIkFORCIsWyJJc1Nob3dIb21lIiwiPSIsIjEiXV0=","Delta":0,"PageIndex":1,"PageSize":9999}
2022-04-23 09:42:21  INFO TOE.TOEIC.Web.Controllers.BaseEntityController`1.GetFilter - Filter base info : {"Sort":null,"Columns":null,"Filter":"W1siTWVudUlEIiwiPSIsImVjZGE5N2RkLTZkYTktNGViNC1iZjMyLTkzN2Q4NWEzNTFiNCJdLCJBTkQiLFsiSXNEZWxldGVkIiwiPSIsIjAiXSwiQU5EIixbIlN0YXR1cyIsIj0iLCIxIl1d","Delta":0,"PageIndex":1,"PageSize":9999}
2022-04-23 09:42:21  INFO TOE.TOEIC.Web.Controllers.BaseEntityController`1.GetFilter - Filter base info : {"Sort":null,"Columns":null,"Filter":"W1siTWVudUlEIiwiPSIsImVjZGE5N2RkLTZkYTktNGViNC1iZjMyLTkzN2Q4NWEzNTFiNCJdLCJBTkQiLFsiSXNEZWxldGVkIiwiPSIsIjAiXSwiQU5EIixbIlN0YXR1cyIsIj0iLCIxIl1d","Delta":0,"PageIndex":1,"PageSize":9999}
2022-04-23 09:42:21  INFO TOE.TOEIC.Web.Controllers.BaseEntityController`1.GetFilter - Filter base info : {"Sort":null,"Columns":null,"Filter":"W1siU3RhdHVzIiwiPSIsIjEiXSwiQU5EIixbIklzRGVsZXRlZCIsIj0iLCIwIl1d","Delta":0,"PageIndex":1,"PageSize":5}
2022-04-23 09:42:27  INFO TOE.TOEIC.Web.Controllers.BaseEntityController`1.GetFilter - Filter base info : {"Sort":null,"Columns":null,"Filter":"W1siTWVudUlEIiwiPSIsImVjZGE5N2RkLTZkYTktNGViNC1iZjMyLTkzN2Q4NWEzNTFiNCJdLCJBTkQiLFsiSXNEZWxldGVkIiwiPSIsIjAiXSwiQU5EIixbIlN0YXR1cyIsIj0iLCIxIl1d","Delta":0,"PageIndex":1,"PageSize":9999}
2022-04-23 09:42:28  INFO TOE.TOEIC.Web.Controllers.BaseEntityController`1.GetFilter - Filter base info : {"Sort":null,"Columns":null,"Filter":"W1siTWVudUlEIiwiPSIsImVjZGE5N2RkLTZkYTktNGViNC1iZjMyLTkzN2Q4NWEzNTFiNCJdLCJBTkQiLFsiSXNEZWxldGVkIiwiPSIsIjAiXSwiQU5EIixbIlN0YXR1cyIsIj0iLCIxIl1d","Delta":0,"PageIndex":1,"PageSize":9999}
2022-04-23 09:42:28  INFO TOE.TOEIC.Web.Controllers.BaseEntityController`1.GetFilter - Filter base info : {"Sort":null,"Columns":null,"Filter":"W1siTWVudUlEIiwiPSIsImVjZGE5N2RkLTZkYTktNGViNC1iZjMyLTkzN2Q4NWEzNTFiNCJdLCJBTkQiLFsiSXNEZWxldGVkIiwiPSIsIjAiXSwiQU5EIixbIlN0YXR1cyIsIj0iLCIxIl1d","Delta":0,"PageIndex":1,"PageSize":9999}
2022-04-23 09:42:30  INFO TOE.TOEIC.Web.Controllers.BaseEntityController`1.GetFilter - Filter base info : {"Sort":null,"Columns":null,"Filter":"W1siTWVudUlEIiwiPSIsImVjZGE5N2RkLTZkYTktNGViNC1iZjMyLTkzN2Q4NWEzNTFiNCJdLCJBTkQiLFsiSXNEZWxldGVkIiwiPSIsIjAiXSwiQU5EIixbIlN0YXR1cyIsIj0iLCIxIl1d","Delta":0,"PageIndex":1,"PageSize":9999}
2022-04-23 09:42:42  INFO TOE.TOEIC.Web.Controllers.BaseEntityController`1.GetFilter - Filter base info : {"Sort":null,"Columns":null,"Filter":"W1siSXNEZWxldGVkIiwiPSIsIjAiXSwiQU5EIixbIlN0YXR1cyIsIj0iLCIxIl0sIkFORCIsWyJJc1Nob3dIb21lIiwiPSIsIjEiXV0=","Delta":0,"PageIndex":1,"PageSize":9999}
2022-04-23 09:42:42  INFO TOE.TOEIC.Web.Controllers.BaseEntityController`1.GetFilter - Filter base info : {"Sort":null,"Columns":null,"Filter":"W1siTWVudUlEIiwiPSIsImVjZGE5N2RkLTZkYTktNGViNC1iZjMyLTkzN2Q4NWEzNTFiNCJdLCJBTkQiLFsiSXNEZWxldGVkIiwiPSIsIjAiXSwiQU5EIixbIlN0YXR1cyIsIj0iLCIxIl1d","Delta":0,"PageIndex":1,"PageSize":9999}
2022-04-23 09:42:42  INFO TOE.TOEIC.Web.Controllers.BaseEntityController`1.GetFilter - Filter base info : {"Sort":null,"Columns":null,"Filter":"W1siU3RhdHVzIiwiPSIsIjEiXSwiQU5EIixbIklzRGVsZXRlZCIsIj0iLCIwIl1d","Delta":0,"PageIndex":1,"PageSize":5}
2022-04-23 09:42:42  INFO TOE.TOEIC.Web.Controllers.BaseEntityController`1.GetFilter - Filter base info : {"Sort":null,"Columns":null,"Filter":"W1siTWVudUlEIiwiPSIsImVjZGE5N2RkLTZkYTktNGViNC1iZjMyLTkzN2Q4NWEzNTFiNCJdLCJBTkQiLFsiSXNEZWxldGVkIiwiPSIsIjAiXSwiQU5EIixbIlN0YXR1cyIsIj0iLCIxIl1d","Delta":0,"PageIndex":1,"PageSize":9999}
2022-04-23 09:43:51  INFO TOE.TOEIC.Web.Controllers.BaseEntityController`1.GetFilter - Filter base info : {"Sort":null,"Columns":null,"Filter":"W1siSXNEZWxldGVkIiwiPSIsIjAiXSwiQU5EIixbIlN0YXR1cyIsIj0iLCIxIl0sIkFORCIsWyJJc1Nob3dIb21lIiwiPSIsIjEiXV0=","Delta":0,"PageIndex":1,"PageSize":9999}
2022-04-23 09:43:51  INFO TOE.TOEIC.Web.Controllers.BaseEntityController`1.GetFilter - Filter base info : {"Sort":null,"Columns":null,"Filter":"W1siTWVudUlEIiwiPSIsImVjZGE5N2RkLTZkYTktNGViNC1iZjMyLTkzN2Q4NWEzNTFiNCJdLCJBTkQiLFsiSXNEZWxldGVkIiwiPSIsIjAiXSwiQU5EIixbIlN0YXR1cyIsIj0iLCIxIl1d","Delta":0,"PageIndex":1,"PageSize":9999}
2022-04-23 09:43:51  INFO TOE.TOEIC.Web.Controllers.BaseEntityController`1.GetFilter - Filter base info : {"Sort":null,"Columns":null,"Filter":"W1siU3RhdHVzIiwiPSIsIjEiXSwiQU5EIixbIklzRGVsZXRlZCIsIj0iLCIwIl1d","Delta":0,"PageIndex":1,"PageSize":5}
2022-04-23 09:43:51  INFO TOE.TOEIC.Web.Controllers.BaseEntityController`1.GetFilter - Filter base info : {"Sort":null,"Columns":null,"Filter":"W1siTWVudUlEIiwiPSIsImVjZGE5N2RkLTZkYTktNGViNC1iZjMyLTkzN2Q4NWEzNTFiNCJdLCJBTkQiLFsiSXNEZWxldGVkIiwiPSIsIjAiXSwiQU5EIixbIlN0YXR1cyIsIj0iLCIxIl1d","Delta":0,"PageIndex":1,"PageSize":9999}
2022-04-23 09:43:53  INFO TOE.TOEIC.Web.Controllers.BaseEntityController`1.GetFilter - Filter base info : {"Sort":null,"Columns":null,"Filter":"W1tbIk1lbnVJRCIsIj0iLCI4ZDBmYjA1ZC01Y2E2LTRjZjYtYWRmYi03NWU1MGQyYTg4YzUiXSwiT1IiLFsiTWVudUlEIiwiPSIsImJlNzFmOTI1LTcyMWItNDg5Mi05YTM5LWM0NTBlYThlYTg4ZCJdLCJPUiIsWyJNZW51SUQiLCI9IiwiZGY4NjdiZDQtOGY3Ny00NDE4LWFmYTMtNWI0OWJkNDI3MGE1Il1dLCJBTkQiLFsiU3RhdHVzIiwiPSIsIjEiXSwiQU5EIixbIklzRGVsZXRlZCIsIj0iLCIwIl1d","Delta":0,"PageIndex":1,"PageSize":9999}
2022-04-23 09:43:53  INFO TOE.TOEIC.Web.Controllers.BaseEntityController`1.GetFilter - Filter base info : {"Sort":null,"Columns":null,"Filter":"W1siSXNEZWxldGVkIiwiPSIsIjAiXSwiQU5EIixbIlN0YXR1cyIsIj0iLCIxIl0sIkFORCIsWyJJc1Nob3dIb21lIiwiPSIsIjEiXV0=","Delta":0,"PageIndex":1,"PageSize":9999}
2022-04-23 09:44:05  INFO TOE.TOEIC.Web.Controllers.BaseEntityController`1.GetFilter - Filter base info : {"Sort":null,"Columns":null,"Filter":"W1tbIk1lbnVJRCIsIj0iLCI4ZDBmYjA1ZC01Y2E2LTRjZjYtYWRmYi03NWU1MGQyYTg4YzUiXSwiT1IiLFsiTWVudUlEIiwiPSIsImJlNzFmOTI1LTcyMWItNDg5Mi05YTM5LWM0NTBlYThlYTg4ZCJdLCJPUiIsWyJNZW51SUQiLCI9IiwiZGY4NjdiZDQtOGY3Ny00NDE4LWFmYTMtNWI0OWJkNDI3MGE1Il1dLCJBTkQiLFsiU3RhdHVzIiwiPSIsIjEiXSwiQU5EIixbIklzRGVsZXRlZCIsIj0iLCIwIl1d","Delta":0,"PageIndex":1,"PageSize":9999}
2022-04-23 09:44:05  INFO TOE.TOEIC.Web.Controllers.BaseEntityController`1.GetFilter - Filter base info : {"Sort":null,"Columns":null,"Filter":"W1siSXNEZWxldGVkIiwiPSIsIjAiXSwiQU5EIixbIlN0YXR1cyIsIj0iLCIxIl0sIkFORCIsWyJJc1Nob3dIb21lIiwiPSIsIjEiXV0=","Delta":0,"PageIndex":1,"PageSize":9999}
2022-04-23 09:44:31  INFO TOE.TOEIC.Web.Controllers.BaseEntityController`1.GetFilter - Filter base info : {"Sort":null,"Columns":null,"Filter":"W1siSXNEZWxldGVkIiwiPSIsIjAiXSwiQU5EIixbIlN0YXR1cyIsIj0iLCIxIl0sIkFORCIsWyJJc1Nob3dIb21lIiwiPSIsIjEiXV0=","Delta":0,"PageIndex":1,"PageSize":9999}
2022-04-23 09:44:42  INFO TOE.TOEIC.Web.Controllers.BaseEntityController`1.GetFilter - Filter base info : {"Sort":null,"Columns":null,"Filter":"W1siSXNEZWxldGVkIiwiPSIsIjAiXV0=","Delta":0,"PageIndex":1,"PageSize":10}
2022-04-23 09:44:43  INFO TOE.TOEIC.Web.Controllers.BaseEntityController`1.GetFilter - Filter base info : {"Sort":null,"Columns":null,"Filter":"W1siSXNEZWxldGVkIiwiPSIsIjAiXV0=","Delta":0,"PageIndex":1,"PageSize":10}
2022-04-23 09:45:08  INFO TOE.TOEIC.Web.Controllers.BaseEntityController`1.GetFilter - Filter base info : {"Sort":null,"Columns":null,"Filter":"W1siSXNEZWxldGVkIiwiPSIsIjAiXV0=","Delta":0,"PageIndex":1,"PageSize":10}
2022-04-23 09:45:11  INFO TOE.TOEIC.Web.Controllers.BaseEntityController`1.GetFilter - Filter base info : {"Sort":null,"Columns":null,"Filter":"W1siSXNEZWxldGVkIiwiPSIsIjAiXSwiQU5EIixbIlN0YXR1cyIsIj0iLCIxIl0sIkFORCIsWyJJc1Nob3dIb21lIiwiPSIsIjEiXV0=","Delta":0,"PageIndex":1,"PageSize":9999}
2022-04-23 09:45:11  INFO TOE.TOEIC.Web.Controllers.BaseEntityController`1.GetFilter - Filter base info : {"Sort":null,"Columns":null,"Filter":"W1tbIk1lbnVJRCIsIj0iLCI4ZDBmYjA1ZC01Y2E2LTRjZjYtYWRmYi03NWU1MGQyYTg4YzUiXSwiT1IiLFsiTWVudUlEIiwiPSIsImJlNzFmOTI1LTcyMWItNDg5Mi05YTM5LWM0NTBlYThlYTg4ZCJdLCJPUiIsWyJNZW51SUQiLCI9IiwiZGY4NjdiZDQtOGY3Ny00NDE4LWFmYTMtNWI0OWJkNDI3MGE1Il1dLCJBTkQiLFsiU3RhdHVzIiwiPSIsIjEiXSwiQU5EIixbIklzRGVsZXRlZCIsIj0iLCIwIl1d","Delta":0,"PageIndex":1,"PageSize":9999}
2022-04-23 09:45:13  INFO TOE.TOEIC.Web.Controllers.BaseEntityController`1.GetFilter - Filter base info : {"Sort":null,"Columns":null,"Filter":"W1siTWVudUlEIiwiPSIsImVjZGE5N2RkLTZkYTktNGViNC1iZjMyLTkzN2Q4NWEzNTFiNCJdLCJBTkQiLFsiSXNEZWxldGVkIiwiPSIsIjAiXSwiQU5EIixbIlN0YXR1cyIsIj0iLCIxIl1d","Delta":0,"PageIndex":1,"PageSize":9999}
2022-04-23 09:45:13  INFO TOE.TOEIC.Web.Controllers.BaseEntityController`1.GetFilter - Filter base info : {"Sort":null,"Columns":null,"Filter":"W1siSXNEZWxldGVkIiwiPSIsIjAiXSwiQU5EIixbIlN0YXR1cyIsIj0iLCIxIl0sIkFORCIsWyJJc1Nob3dIb21lIiwiPSIsIjEiXV0=","Delta":0,"PageIndex":1,"PageSize":9999}
2022-04-23 09:45:13  INFO TOE.TOEIC.Web.Controllers.BaseEntityController`1.GetFilter - Filter base info : {"Sort":null,"Columns":null,"Filter":"W1siTWVudUlEIiwiPSIsImVjZGE5N2RkLTZkYTktNGViNC1iZjMyLTkzN2Q4NWEzNTFiNCJdLCJBTkQiLFsiSXNEZWxldGVkIiwiPSIsIjAiXSwiQU5EIixbIlN0YXR1cyIsIj0iLCIxIl1d","Delta":0,"PageIndex":1,"PageSize":9999}
2022-04-23 09:45:13  INFO TOE.TOEIC.Web.Controllers.BaseEntityController`1.GetFilter - Filter base info : {"Sort":null,"Columns":null,"Filter":"W1siU3RhdHVzIiwiPSIsIjEiXSwiQU5EIixbIklzRGVsZXRlZCIsIj0iLCIwIl1d","Delta":0,"PageIndex":1,"PageSize":5}
2022-04-23 09:45:14  INFO TOE.TOEIC.Web.Controllers.BaseEntityController`1.GetFilter - Filter base info : {"Sort":null,"Columns":null,"Filter":"W1siSXNEZWxldGVkIiwiPSIsIjAiXSwiQU5EIixbIlN0YXR1cyIsIj0iLCIxIl0sIkFORCIsWyJJc1Nob3dIb21lIiwiPSIsIjEiXV0=","Delta":0,"PageIndex":1,"PageSize":9999}
2022-04-23 09:45:27  INFO TOE.TOEIC.Web.Controllers.BaseEntityController`1.GetFilter - Filter base info : {"Sort":null,"Columns":null,"Filter":"W1siSXNEZWxldGVkIiwiPSIsIjAiXSwiQU5EIixbIlN0YXR1cyIsIj0iLCIxIl0sIkFORCIsWyJJc1Nob3dIb21lIiwiPSIsIjEiXV0=","Delta":0,"PageIndex":1,"PageSize":9999}
2022-04-23 09:45:27  INFO TOE.TOEIC.Web.Controllers.BaseEntityController`1.GetFilter - Filter base info : {"Sort":null,"Columns":null,"Filter":"W1tbIk1lbnVJRCIsIj0iLCI4ZDBmYjA1ZC01Y2E2LTRjZjYtYWRmYi03NWU1MGQyYTg4YzUiXSwiT1IiLFsiTWVudUlEIiwiPSIsImJlNzFmOTI1LTcyMWItNDg5Mi05YTM5LWM0NTBlYThlYTg4ZCJdLCJPUiIsWyJNZW51SUQiLCI9IiwiZGY4NjdiZDQtOGY3Ny00NDE4LWFmYTMtNWI0OWJkNDI3MGE1Il1dLCJBTkQiLFsiU3RhdHVzIiwiPSIsIjEiXSwiQU5EIixbIklzRGVsZXRlZCIsIj0iLCIwIl1d","Delta":0,"PageIndex":1,"PageSize":9999}
2022-04-23 09:45:30  INFO TOE.TOEIC.Web.Controllers.BaseEntityController`1.GetFilter - Filter base info : {"Sort":null,"Columns":null,"Filter":"W1siSXNEZWxldGVkIiwiPSIsIjAiXSwiQU5EIixbIlN0YXR1cyIsIj0iLCIxIl0sIkFORCIsWyJJc1Nob3dIb21lIiwiPSIsIjEiXV0=","Delta":0,"PageIndex":1,"PageSize":9999}
2022-04-23 09:47:13  INFO TOE.TOEIC.Web.Controllers.BaseEntityController`1.GetFilter - Filter base info : {"Sort":null,"Columns":null,"Filter":"W1tbIk1lbnVJRCIsIj0iLCI4ZDBmYjA1ZC01Y2E2LTRjZjYtYWRmYi03NWU1MGQyYTg4YzUiXSwiT1IiLFsiTWVudUlEIiwiPSIsImJlNzFmOTI1LTcyMWItNDg5Mi05YTM5LWM0NTBlYThlYTg4ZCJdLCJPUiIsWyJNZW51SUQiLCI9IiwiZGY4NjdiZDQtOGY3Ny00NDE4LWFmYTMtNWI0OWJkNDI3MGE1Il1dLCJBTkQiLFsiU3RhdHVzIiwiPSIsIjEiXSwiQU5EIixbIklzRGVsZXRlZCIsIj0iLCIwIl1d","Delta":0,"PageIndex":1,"PageSize":9999}
2022-04-23 09:47:13  INFO TOE.TOEIC.Web.Controllers.BaseEntityController`1.GetFilter - Filter base info : {"Sort":null,"Columns":null,"Filter":"W1siSXNEZWxldGVkIiwiPSIsIjAiXSwiQU5EIixbIlN0YXR1cyIsIj0iLCIxIl0sIkFORCIsWyJJc1Nob3dIb21lIiwiPSIsIjEiXV0=","Delta":0,"PageIndex":1,"PageSize":9999}
2022-04-23 09:47:29  INFO TOE.TOEIC.Web.Controllers.BaseEntityController`1.GetFilter - Filter base info : {"Sort":null,"Columns":null,"Filter":"W1tbIk1lbnVJRCIsIj0iLCI4ZDBmYjA1ZC01Y2E2LTRjZjYtYWRmYi03NWU1MGQyYTg4YzUiXSwiT1IiLFsiTWVudUlEIiwiPSIsImJlNzFmOTI1LTcyMWItNDg5Mi05YTM5LWM0NTBlYThlYTg4ZCJdLCJPUiIsWyJNZW51SUQiLCI9IiwiZGY4NjdiZDQtOGY3Ny00NDE4LWFmYTMtNWI0OWJkNDI3MGE1Il1dLCJBTkQiLFsiU3RhdHVzIiwiPSIsIjEiXSwiQU5EIixbIklzRGVsZXRlZCIsIj0iLCIwIl1d","Delta":0,"PageIndex":1,"PageSize":9999}
2022-04-23 09:47:29  INFO TOE.TOEIC.Web.Controllers.BaseEntityController`1.GetFilter - Filter base info : {"Sort":null,"Columns":null,"Filter":"W1siSXNEZWxldGVkIiwiPSIsIjAiXSwiQU5EIixbIlN0YXR1cyIsIj0iLCIxIl0sIkFORCIsWyJJc1Nob3dIb21lIiwiPSIsIjEiXV0=","Delta":0,"PageIndex":1,"PageSize":9999}
2022-04-23 09:47:30  INFO TOE.TOEIC.Web.Controllers.BaseEntityController`1.GetFilter - Filter base info : {"Sort":null,"Columns":null,"Filter":"W1siSXNEZWxldGVkIiwiPSIsIjAiXSwiQU5EIixbIlN0YXR1cyIsIj0iLCIxIl0sIkFORCIsWyJJc1Nob3dIb21lIiwiPSIsIjEiXV0=","Delta":0,"PageIndex":1,"PageSize":9999}
2022-04-23 09:48:17  INFO TOE.TOEIC.Web.Controllers.BaseEntityController`1.GetFilter - Filter base info : {"Sort":null,"Columns":null,"Filter":"W1siSXNEZWxldGVkIiwiPSIsIjAiXSwiQU5EIixbIlN0YXR1cyIsIj0iLCIxIl0sIkFORCIsWyJJc1Nob3dIb21lIiwiPSIsIjEiXV0=","Delta":0,"PageIndex":1,"PageSize":9999}
2022-04-23 09:48:19  INFO TOE.TOEIC.Web.Controllers.BaseEntityController`1.GetFilter - Filter base info : {"Sort":null,"Columns":null,"Filter":"W1siSXNEZWxldGVkIiwiPSIsIjAiXSwiQU5EIixbIlN0YXR1cyIsIj0iLCIxIl0sIkFORCIsWyJJc1Nob3dIb21lIiwiPSIsIjEiXV0=","Delta":0,"PageIndex":1,"PageSize":9999}
2022-04-23 09:48:24  INFO TOE.TOEIC.Web.Controllers.BaseEntityController`1.GetFilter - Filter base info : {"Sort":null,"Columns":null,"Filter":"W1siSXNEZWxldGVkIiwiPSIsIjAiXSwiQU5EIixbIlN0YXR1cyIsIj0iLCIxIl0sIkFORCIsWyJJc1Nob3dIb21lIiwiPSIsIjEiXV0=","Delta":0,"PageIndex":1,"PageSize":9999}
2022-04-23 09:48:59  INFO TOE.TOEIC.Web.Controllers.BaseEntityController`1.GetFilter - Filter base info : {"Sort":null,"Columns":null,"Filter":"W1siSXNEZWxldGVkIiwiPSIsIjAiXSwiQU5EIixbIlN0YXR1cyIsIj0iLCIxIl0sIkFORCIsWyJJc1Nob3dIb21lIiwiPSIsIjEiXV0=","Delta":0,"PageIndex":1,"PageSize":9999}
2022-04-23 09:48:59  INFO TOE.TOEIC.Web.Controllers.BaseEntityController`1.GetFilter - Filter base info : {"Sort":null,"Columns":null,"Filter":"W1tbIk1lbnVJRCIsIj0iLCI4ZDBmYjA1ZC01Y2E2LTRjZjYtYWRmYi03NWU1MGQyYTg4YzUiXSwiT1IiLFsiTWVudUlEIiwiPSIsImJlNzFmOTI1LTcyMWItNDg5Mi05YTM5LWM0NTBlYThlYTg4ZCJdLCJPUiIsWyJNZW51SUQiLCI9IiwiZGY4NjdiZDQtOGY3Ny00NDE4LWFmYTMtNWI0OWJkNDI3MGE1Il1dLCJBTkQiLFsiU3RhdHVzIiwiPSIsIjEiXSwiQU5EIixbIklzRGVsZXRlZCIsIj0iLCIwIl1d","Delta":0,"PageIndex":1,"PageSize":9999}
2022-04-23 09:49:01  INFO TOE.TOEIC.Web.Controllers.BaseEntityController`1.GetFilter - Filter base info : {"Sort":null,"Columns":null,"Filter":"W1siSXNEZWxldGVkIiwiPSIsIjAiXSwiQU5EIixbIlN0YXR1cyIsIj0iLCIxIl0sIkFORCIsWyJJc1Nob3dIb21lIiwiPSIsIjEiXV0=","Delta":0,"PageIndex":1,"PageSize":9999}
2022-04-23 09:57:12  INFO Microsoft.Extensions.Hosting.Internal.ConsoleLifetime.OnApplicationStarted - Application started. Press Ctrl+C to shut down.
2022-04-23 09:57:12  INFO Microsoft.Extensions.Hosting.Internal.ConsoleLifetime.OnApplicationStarted - Hosting environment: Development
2022-04-23 09:57:12  INFO Microsoft.Extensions.Hosting.Internal.ConsoleLifetime.OnApplicationStarted - Content root path: D:\nam4ki2\DATN\DA\Toiec-365\Toeic-365-backend-v1\MISA.AMIS\MISA.AMIS.Web
2022-04-23 09:57:39  INFO Microsoft.Extensions.Hosting.Internal.ConsoleLifetime.OnApplicationStarted - Application started. Press Ctrl+C to shut down.
2022-04-23 09:57:39  INFO Microsoft.Extensions.Hosting.Internal.ConsoleLifetime.OnApplicationStarted - Hosting environment: Development
2022-04-23 09:57:39  INFO Microsoft.Extensions.Hosting.Internal.ConsoleLifetime.OnApplicationStarted - Content root path: D:\nam4ki2\DATN\DA\Toiec-365\Toeic-365-backend-v1\MISA.AMIS\MISA.AMIS.Web
2022-04-23 09:57:48  INFO Microsoft.Extensions.Hosting.Internal.ConsoleLifetime.OnApplicationStarted - Application started. Press Ctrl+C to shut down.
2022-04-23 09:57:48  INFO Microsoft.Extensions.Hosting.Internal.ConsoleLifetime.OnApplicationStarted - Hosting environment: Development
2022-04-23 09:57:48  INFO Microsoft.Extensions.Hosting.Internal.ConsoleLifetime.OnApplicationStarted - Content root path: D:\nam4ki2\DATN\DA\Toiec-365\Toeic-365-backend-v1\MISA.AMIS\MISA.AMIS.Web
2022-04-23 09:58:22  INFO Microsoft.Extensions.Hosting.Internal.ConsoleLifetime.OnApplicationStarted - Application started. Press Ctrl+C to shut down.
2022-04-23 09:58:22  INFO Microsoft.Extensions.Hosting.Internal.ConsoleLifetime.OnApplicationStarted - Hosting environment: Development
2022-04-23 09:58:22  INFO Microsoft.Extensions.Hosting.Internal.ConsoleLifetime.OnApplicationStarted - Content root path: D:\nam4ki2\DATN\DA\Toiec-365\Toeic-365-backend-v1\MISA.AMIS\MISA.AMIS.Web
2022-04-23 09:59:55  INFO TOE.TOEIC.Web.Controllers.BaseEntityController`1.GetFilter - Filter base info : {"Sort":null,"Columns":null,"Filter":"W1siSXNEZWxldGVkIiwiPSIsIjAiXSwiQU5EIixbIlN0YXR1cyIsIj0iLCIxIl0sIkFORCIsWyJJc1Nob3dIb21lIiwiPSIsIjEiXV0=","Delta":0,"PageIndex":1,"PageSize":9999}
2022-04-23 10:00:27 ERROR TOE.TOEIC.Web.Controllers.BaseEntityController`1.GetFilter - Lỗi : The Command Timeout expired before the operation completed.
2022-04-23 10:00:27 ERROR TOE.TOEIC.Web.Controllers.BaseEntityController`1.GetFilter - Lỗi : The Command Timeout expired before the operation completed.
2022-04-23 10:01:32  INFO TOE.TOEIC.Web.Controllers.BaseEntityController`1.GetFilter - Filter base info : {"Sort":null,"Columns":null,"Filter":"W1siSXNEZWxldGVkIiwiPSIsIjAiXSwiQU5EIixbIlN0YXR1cyIsIj0iLCIxIl0sIkFORCIsWyJJc1Nob3dIb21lIiwiPSIsIjEiXV0=","Delta":0,"PageIndex":1,"PageSize":9999}
2022-04-23 10:01:33  INFO TOE.TOEIC.Web.Controllers.BaseEntityController`1.GetFilter - Filter base info : {"Sort":null,"Columns":null,"Filter":"W1tbIk1lbnVJRCIsIj0iLCI4ZDBmYjA1ZC01Y2E2LTRjZjYtYWRmYi03NWU1MGQyYTg4YzUiXSwiT1IiLFsiTWVudUlEIiwiPSIsImJlNzFmOTI1LTcyMWItNDg5Mi05YTM5LWM0NTBlYThlYTg4ZCJdLCJPUiIsWyJNZW51SUQiLCI9IiwiZGY4NjdiZDQtOGY3Ny00NDE4LWFmYTMtNWI0OWJkNDI3MGE1Il1dLCJBTkQiLFsiU3RhdHVzIiwiPSIsIjEiXSwiQU5EIixbIklzRGVsZXRlZCIsIj0iLCIwIl1d","Delta":0,"PageIndex":1,"PageSize":9999}
2022-04-23 10:01:38  INFO Microsoft.Extensions.Hosting.Internal.ConsoleLifetime.OnApplicationStarted - Application started. Press Ctrl+C to shut down.
2022-04-23 10:01:38  INFO TOE.TOEIC.Web.Controllers.BaseEntityController`1.GetFilter - Filter base info : {"Sort":null,"Columns":null,"Filter":"W1siSXNEZWxldGVkIiwiPSIsIjAiXSwiQU5EIixbIlN0YXR1cyIsIj0iLCIxIl0sIkFORCIsWyJJc1Nob3dIb21lIiwiPSIsIjEiXV0=","Delta":0,"PageIndex":1,"PageSize":9999}
2022-04-23 10:01:39  INFO Microsoft.Extensions.Hosting.Internal.ConsoleLifetime.OnApplicationStarted - Hosting environment: Development
2022-04-23 10:01:39  INFO Microsoft.Extensions.Hosting.Internal.ConsoleLifetime.OnApplicationStarted - Content root path: D:\nam4ki2\DATN\DA\Toiec-365\Toeic-365-backend-v1\MISA.AMIS\MISA.AMIS.Web
