2022-05-09 00:11:01  INFO TOE.TOEIC.Web.Controllers.BaseEntityController`1.GetFilter - Filter Menu info : {"Sort":null,"Columns":null,"Filter":"W1siSXNEZWxldGVkIiwiPSIsIjAiXSwiQU5EIixbIlN0YXR1cyIsIj0iLCIxIl0sIkFORCIsWyJJc1Nob3dIb21lIiwiPSIsIjEiXV0=","Delta":0,"PageIndex":1,"PageSize":9999}
2022-05-09 00:11:01  INFO TOE.TOEIC.Web.Controllers.BaseEntityController`1.GetFilter - Filter Post info : {"Sort":null,"Columns":null,"Filter":"W1tbIk1lbnVJRCIsIj0iLCI4ZDBmYjA1ZC01Y2E2LTRjZjYtYWRmYi03NWU1MGQyYTg4YzUiXSwiT1IiLFsiTWVudUlEIiwiPSIsImJlNzFmOTI1LTcyMWItNDg5Mi05YTM5LWM0NTBlYThlYTg4ZCJdLCJPUiIsWyJNZW51SUQiLCI9IiwiZGY4NjdiZDQtOGY3Ny00NDE4LWFmYTMtNWI0OWJkNDI3MGE1Il1dLCJBTkQiLFsiU3RhdHVzIiwiPSIsIjEiXSwiQU5EIixbIklzRGVsZXRlZCIsIj0iLCIwIl1d","Delta":0,"PageIndex":1,"PageSize":9999}
2022-05-09 00:14:40  INFO Microsoft.Extensions.Hosting.Internal.ConsoleLifetime.OnApplicationStarted - Application started. Press Ctrl+C to shut down.
2022-05-09 00:14:40  INFO Microsoft.Extensions.Hosting.Internal.ConsoleLifetime.OnApplicationStarted - Hosting environment: Development
2022-05-09 00:14:40  INFO Microsoft.Extensions.Hosting.Internal.ConsoleLifetime.OnApplicationStarted - Content root path: D:\nam4ki2\DATN\DA\Toiec-365\Toeic-365-backend-v1\MISA.AMIS\MISA.AMIS.Web
2022-05-09 00:42:44  INFO Microsoft.Extensions.Hosting.Internal.ConsoleLifetime.OnApplicationStarted - Application started. Press Ctrl+C to shut down.
2022-05-09 00:42:44  INFO Microsoft.Extensions.Hosting.Internal.ConsoleLifetime.OnApplicationStarted - Hosting environment: Development
2022-05-09 00:42:44  INFO Microsoft.Extensions.Hosting.Internal.ConsoleLifetime.OnApplicationStarted - Content root path: D:\nam4ki2\DATN\DA\Toiec-365\Toeic-365-backend-v1\MISA.AMIS\MISA.AMIS.Web
2022-05-09 00:48:30  INFO Microsoft.Extensions.Hosting.Internal.ConsoleLifetime.OnApplicationStarted - Application started. Press Ctrl+C to shut down.
2022-05-09 00:48:30  INFO Microsoft.Extensions.Hosting.Internal.ConsoleLifetime.OnApplicationStarted - Hosting environment: Development
2022-05-09 00:48:30  INFO Microsoft.Extensions.Hosting.Internal.ConsoleLifetime.OnApplicationStarted - Content root path: D:\nam4ki2\DATN\DA\Toiec-365\Toeic-365-backend-v1\MISA.AMIS\MISA.AMIS.Web
2022-05-09 00:54:50  INFO Microsoft.Extensions.Hosting.Internal.ConsoleLifetime.OnApplicationStarted - Application started. Press Ctrl+C to shut down.
2022-05-09 00:54:50  INFO Microsoft.Extensions.Hosting.Internal.ConsoleLifetime.OnApplicationStarted - Hosting environment: Development
2022-05-09 00:54:50  INFO Microsoft.Extensions.Hosting.Internal.ConsoleLifetime.OnApplicationStarted - Content root path: D:\nam4ki2\DATN\DA\Toiec-365\Toeic-365-backend-v1\MISA.AMIS\MISA.AMIS.Web
2022-05-09 00:59:44  INFO Microsoft.Extensions.Hosting.Internal.ConsoleLifetime.OnApplicationStarted - Application started. Press Ctrl+C to shut down.
2022-05-09 00:59:44  INFO Microsoft.Extensions.Hosting.Internal.ConsoleLifetime.OnApplicationStarted - Hosting environment: Development
2022-05-09 00:59:44  INFO Microsoft.Extensions.Hosting.Internal.ConsoleLifetime.OnApplicationStarted - Content root path: D:\nam4ki2\DATN\DA\Toiec-365\Toeic-365-backend-v1\MISA.AMIS\MISA.AMIS.Web
2022-05-09 01:00:22  INFO Microsoft.Extensions.Hosting.Internal.ConsoleLifetime.OnApplicationStarted - Application started. Press Ctrl+C to shut down.
2022-05-09 01:00:22  INFO Microsoft.Extensions.Hosting.Internal.ConsoleLifetime.OnApplicationStarted - Hosting environment: Development
2022-05-09 01:00:22  INFO Microsoft.Extensions.Hosting.Internal.ConsoleLifetime.OnApplicationStarted - Content root path: D:\nam4ki2\DATN\DA\Toiec-365\Toeic-365-backend-v1\MISA.AMIS\MISA.AMIS.Web
2022-05-09 01:03:50 FATAL Microsoft.AspNetCore.Hosting.HostingLoggerExtensions.ApplicationError - Application startup exception
EXCEPTION OCCURRED:System.ArgumentNullException Value cannot be null. (Parameter 'path1') System.String Combine(System.String, System.String)    at System.IO.Path.Combine(String path1, String path2)
   at TOE.TOEIC.Web.Startup.Configure(IApplicationBuilder app, IWebHostEnvironment env, ICorsService corsService, ICorsPolicyProvider corsPolicyProvider) in D:\nam4ki2\DATN\DA\Toiec-365\Toeic-365-backend-v1\MISA.AMIS\MISA.AMIS.Web\Startup.cs:line 148
   at System.RuntimeMethodHandle.InvokeMethod(Object target, Object[] arguments, Signature sig, Boolean constructor, Boolean wrapExceptions)
   at System.Reflection.RuntimeMethodInfo.Invoke(Object obj, BindingFlags invokeAttr, Binder binder, Object[] parameters, CultureInfo culture)
   at Microsoft.AspNetCore.Hosting.ConfigureBuilder.Invoke(Object instance, IApplicationBuilder builder)
   at Microsoft.AspNetCore.Hosting.ConfigureBuilder.<>c__DisplayClass4_0.<Build>b__0(IApplicationBuilder builder)
   at Microsoft.AspNetCore.Hosting.GenericWebHostBuilder.<>c__DisplayClass13_0.<UseStartup>b__2(IApplicationBuilder app)
   at Microsoft.AspNetCore.Mvc.Filters.MiddlewareFilterBuilderStartupFilter.<>c__DisplayClass0_0.<Configure>g__MiddlewareFilterBuilder|0(IApplicationBuilder builder)
   at Microsoft.AspNetCore.Server.IIS.Core.IISServerSetupFilter.<>c__DisplayClass2_0.<Configure>b__0(IApplicationBuilder app)
   at Microsoft.AspNetCore.HostFilteringStartupFilter.<>c__DisplayClass0_0.<Configure>b__0(IApplicationBuilder app)
   at Microsoft.AspNetCore.Watch.BrowserRefresh.HostingStartup.<>c__DisplayClass1_0.<Configure>b__0(IApplicationBuilder app)
   at Microsoft.AspNetCore.Hosting.GenericWebHostService.StartAsync(CancellationToken cancellationToken)
2022-05-09 01:03:50 FATAL Microsoft.AspNetCore.Hosting.HostingLoggerExtensions.ApplicationError - Application startup exception
EXCEPTION OCCURRED:System.ArgumentNullException Value cannot be null. (Parameter 'path1') System.String Combine(System.String, System.String)    at System.IO.Path.Combine(String path1, String path2)
   at TOE.TOEIC.Web.Startup.Configure(IApplicationBuilder app, IWebHostEnvironment env, ICorsService corsService, ICorsPolicyProvider corsPolicyProvider) in D:\nam4ki2\DATN\DA\Toiec-365\Toeic-365-backend-v1\MISA.AMIS\MISA.AMIS.Web\Startup.cs:line 148
   at System.RuntimeMethodHandle.InvokeMethod(Object target, Object[] arguments, Signature sig, Boolean constructor, Boolean wrapExceptions)
   at System.Reflection.RuntimeMethodInfo.Invoke(Object obj, BindingFlags invokeAttr, Binder binder, Object[] parameters, CultureInfo culture)
   at Microsoft.AspNetCore.Hosting.ConfigureBuilder.Invoke(Object instance, IApplicationBuilder builder)
   at Microsoft.AspNetCore.Hosting.ConfigureBuilder.<>c__DisplayClass4_0.<Build>b__0(IApplicationBuilder builder)
   at Microsoft.AspNetCore.Hosting.GenericWebHostBuilder.<>c__DisplayClass13_0.<UseStartup>b__2(IApplicationBuilder app)
   at Microsoft.AspNetCore.Mvc.Filters.MiddlewareFilterBuilderStartupFilter.<>c__DisplayClass0_0.<Configure>g__MiddlewareFilterBuilder|0(IApplicationBuilder builder)
   at Microsoft.AspNetCore.Server.IIS.Core.IISServerSetupFilter.<>c__DisplayClass2_0.<Configure>b__0(IApplicationBuilder app)
   at Microsoft.AspNetCore.HostFilteringStartupFilter.<>c__DisplayClass0_0.<Configure>b__0(IApplicationBuilder app)
   at Microsoft.AspNetCore.Watch.BrowserRefresh.HostingStartup.<>c__DisplayClass1_0.<Configure>b__0(IApplicationBuilder app)
   at Microsoft.AspNetCore.Hosting.GenericWebHostService.StartAsync(CancellationToken cancellationToken)
2022-05-09 01:03:51 ERROR TOE.TOEIC.Web.Program.Main - Exception during execution..
EXCEPTION OCCURRED:System.ArgumentNullException Value cannot be null. (Parameter 'path1') System.String Combine(System.String, System.String)    at System.IO.Path.Combine(String path1, String path2)
   at TOE.TOEIC.Web.Startup.Configure(IApplicationBuilder app, IWebHostEnvironment env, ICorsService corsService, ICorsPolicyProvider corsPolicyProvider) in D:\nam4ki2\DATN\DA\Toiec-365\Toeic-365-backend-v1\MISA.AMIS\MISA.AMIS.Web\Startup.cs:line 148
   at System.RuntimeMethodHandle.InvokeMethod(Object target, Object[] arguments, Signature sig, Boolean constructor, Boolean wrapExceptions)
   at System.Reflection.RuntimeMethodInfo.Invoke(Object obj, BindingFlags invokeAttr, Binder binder, Object[] parameters, CultureInfo culture)
   at Microsoft.AspNetCore.Hosting.ConfigureBuilder.Invoke(Object instance, IApplicationBuilder builder)
   at Microsoft.AspNetCore.Hosting.ConfigureBuilder.<>c__DisplayClass4_0.<Build>b__0(IApplicationBuilder builder)
   at Microsoft.AspNetCore.Hosting.GenericWebHostBuilder.<>c__DisplayClass13_0.<UseStartup>b__2(IApplicationBuilder app)
   at Microsoft.AspNetCore.Mvc.Filters.MiddlewareFilterBuilderStartupFilter.<>c__DisplayClass0_0.<Configure>g__MiddlewareFilterBuilder|0(IApplicationBuilder builder)
   at Microsoft.AspNetCore.Server.IIS.Core.IISServerSetupFilter.<>c__DisplayClass2_0.<Configure>b__0(IApplicationBuilder app)
   at Microsoft.AspNetCore.HostFilteringStartupFilter.<>c__DisplayClass0_0.<Configure>b__0(IApplicationBuilder app)
   at Microsoft.AspNetCore.Watch.BrowserRefresh.HostingStartup.<>c__DisplayClass1_0.<Configure>b__0(IApplicationBuilder app)
   at Microsoft.AspNetCore.Hosting.GenericWebHostService.StartAsync(CancellationToken cancellationToken)
   at Microsoft.Extensions.Hosting.Internal.Host.StartAsync(CancellationToken cancellationToken)
   at Microsoft.Extensions.Hosting.HostingAbstractionsHostExtensions.RunAsync(IHost host, CancellationToken token)
   at Microsoft.Extensions.Hosting.HostingAbstractionsHostExtensions.RunAsync(IHost host, CancellationToken token)
   at Microsoft.Extensions.Hosting.HostingAbstractionsHostExtensions.Run(IHost host)
   at TOE.TOEIC.Web.Program.Main(String[] args) in D:\nam4ki2\DATN\DA\Toiec-365\Toeic-365-backend-v1\MISA.AMIS\MISA.AMIS.Web\Program.cs:line 23
2022-05-09 01:03:51 ERROR TOE.TOEIC.Web.Program.Main - Exception during execution..
EXCEPTION OCCURRED:System.ArgumentNullException Value cannot be null. (Parameter 'path1') System.String Combine(System.String, System.String)    at System.IO.Path.Combine(String path1, String path2)
   at TOE.TOEIC.Web.Startup.Configure(IApplicationBuilder app, IWebHostEnvironment env, ICorsService corsService, ICorsPolicyProvider corsPolicyProvider) in D:\nam4ki2\DATN\DA\Toiec-365\Toeic-365-backend-v1\MISA.AMIS\MISA.AMIS.Web\Startup.cs:line 148
   at System.RuntimeMethodHandle.InvokeMethod(Object target, Object[] arguments, Signature sig, Boolean constructor, Boolean wrapExceptions)
   at System.Reflection.RuntimeMethodInfo.Invoke(Object obj, BindingFlags invokeAttr, Binder binder, Object[] parameters, CultureInfo culture)
   at Microsoft.AspNetCore.Hosting.ConfigureBuilder.Invoke(Object instance, IApplicationBuilder builder)
   at Microsoft.AspNetCore.Hosting.ConfigureBuilder.<>c__DisplayClass4_0.<Build>b__0(IApplicationBuilder builder)
   at Microsoft.AspNetCore.Hosting.GenericWebHostBuilder.<>c__DisplayClass13_0.<UseStartup>b__2(IApplicationBuilder app)
   at Microsoft.AspNetCore.Mvc.Filters.MiddlewareFilterBuilderStartupFilter.<>c__DisplayClass0_0.<Configure>g__MiddlewareFilterBuilder|0(IApplicationBuilder builder)
   at Microsoft.AspNetCore.Server.IIS.Core.IISServerSetupFilter.<>c__DisplayClass2_0.<Configure>b__0(IApplicationBuilder app)
   at Microsoft.AspNetCore.HostFilteringStartupFilter.<>c__DisplayClass0_0.<Configure>b__0(IApplicationBuilder app)
   at Microsoft.AspNetCore.Watch.BrowserRefresh.HostingStartup.<>c__DisplayClass1_0.<Configure>b__0(IApplicationBuilder app)
   at Microsoft.AspNetCore.Hosting.GenericWebHostService.StartAsync(CancellationToken cancellationToken)
   at Microsoft.Extensions.Hosting.Internal.Host.StartAsync(CancellationToken cancellationToken)
   at Microsoft.Extensions.Hosting.HostingAbstractionsHostExtensions.RunAsync(IHost host, CancellationToken token)
   at Microsoft.Extensions.Hosting.HostingAbstractionsHostExtensions.RunAsync(IHost host, CancellationToken token)
   at Microsoft.Extensions.Hosting.HostingAbstractionsHostExtensions.Run(IHost host)
   at TOE.TOEIC.Web.Program.Main(String[] args) in D:\nam4ki2\DATN\DA\Toiec-365\Toeic-365-backend-v1\MISA.AMIS\MISA.AMIS.Web\Program.cs:line 23
2022-05-09 01:03:54 FATAL Microsoft.AspNetCore.Hosting.HostingLoggerExtensions.ApplicationError - Application startup exception
EXCEPTION OCCURRED:System.ArgumentNullException Value cannot be null. (Parameter 'path1') System.String Combine(System.String, System.String)    at System.IO.Path.Combine(String path1, String path2)
   at TOE.TOEIC.Web.Startup.Configure(IApplicationBuilder app, IWebHostEnvironment env, ICorsService corsService, ICorsPolicyProvider corsPolicyProvider) in D:\nam4ki2\DATN\DA\Toiec-365\Toeic-365-backend-v1\MISA.AMIS\MISA.AMIS.Web\Startup.cs:line 149
   at System.RuntimeMethodHandle.InvokeMethod(Object target, Object[] arguments, Signature sig, Boolean constructor, Boolean wrapExceptions)
   at System.Reflection.RuntimeMethodInfo.Invoke(Object obj, BindingFlags invokeAttr, Binder binder, Object[] parameters, CultureInfo culture)
   at Microsoft.AspNetCore.Hosting.ConfigureBuilder.Invoke(Object instance, IApplicationBuilder builder)
   at Microsoft.AspNetCore.Hosting.ConfigureBuilder.<>c__DisplayClass4_0.<Build>b__0(IApplicationBuilder builder)
   at Microsoft.AspNetCore.Hosting.GenericWebHostBuilder.<>c__DisplayClass13_0.<UseStartup>b__2(IApplicationBuilder app)
   at Microsoft.AspNetCore.Mvc.Filters.MiddlewareFilterBuilderStartupFilter.<>c__DisplayClass0_0.<Configure>g__MiddlewareFilterBuilder|0(IApplicationBuilder builder)
   at Microsoft.AspNetCore.Server.IIS.Core.IISServerSetupFilter.<>c__DisplayClass2_0.<Configure>b__0(IApplicationBuilder app)
   at Microsoft.AspNetCore.HostFilteringStartupFilter.<>c__DisplayClass0_0.<Configure>b__0(IApplicationBuilder app)
   at Microsoft.AspNetCore.Watch.BrowserRefresh.HostingStartup.<>c__DisplayClass1_0.<Configure>b__0(IApplicationBuilder app)
   at Microsoft.AspNetCore.Hosting.GenericWebHostService.StartAsync(CancellationToken cancellationToken)
2022-05-09 01:03:54 FATAL Microsoft.AspNetCore.Hosting.HostingLoggerExtensions.ApplicationError - Application startup exception
EXCEPTION OCCURRED:System.ArgumentNullException Value cannot be null. (Parameter 'path1') System.String Combine(System.String, System.String)    at System.IO.Path.Combine(String path1, String path2)
   at TOE.TOEIC.Web.Startup.Configure(IApplicationBuilder app, IWebHostEnvironment env, ICorsService corsService, ICorsPolicyProvider corsPolicyProvider) in D:\nam4ki2\DATN\DA\Toiec-365\Toeic-365-backend-v1\MISA.AMIS\MISA.AMIS.Web\Startup.cs:line 149
   at System.RuntimeMethodHandle.InvokeMethod(Object target, Object[] arguments, Signature sig, Boolean constructor, Boolean wrapExceptions)
   at System.Reflection.RuntimeMethodInfo.Invoke(Object obj, BindingFlags invokeAttr, Binder binder, Object[] parameters, CultureInfo culture)
   at Microsoft.AspNetCore.Hosting.ConfigureBuilder.Invoke(Object instance, IApplicationBuilder builder)
   at Microsoft.AspNetCore.Hosting.ConfigureBuilder.<>c__DisplayClass4_0.<Build>b__0(IApplicationBuilder builder)
   at Microsoft.AspNetCore.Hosting.GenericWebHostBuilder.<>c__DisplayClass13_0.<UseStartup>b__2(IApplicationBuilder app)
   at Microsoft.AspNetCore.Mvc.Filters.MiddlewareFilterBuilderStartupFilter.<>c__DisplayClass0_0.<Configure>g__MiddlewareFilterBuilder|0(IApplicationBuilder builder)
   at Microsoft.AspNetCore.Server.IIS.Core.IISServerSetupFilter.<>c__DisplayClass2_0.<Configure>b__0(IApplicationBuilder app)
   at Microsoft.AspNetCore.HostFilteringStartupFilter.<>c__DisplayClass0_0.<Configure>b__0(IApplicationBuilder app)
   at Microsoft.AspNetCore.Watch.BrowserRefresh.HostingStartup.<>c__DisplayClass1_0.<Configure>b__0(IApplicationBuilder app)
   at Microsoft.AspNetCore.Hosting.GenericWebHostService.StartAsync(CancellationToken cancellationToken)
2022-05-09 01:03:54 ERROR TOE.TOEIC.Web.Program.Main - Exception during execution..
EXCEPTION OCCURRED:System.ArgumentNullException Value cannot be null. (Parameter 'path1') System.String Combine(System.String, System.String)    at System.IO.Path.Combine(String path1, String path2)
   at TOE.TOEIC.Web.Startup.Configure(IApplicationBuilder app, IWebHostEnvironment env, ICorsService corsService, ICorsPolicyProvider corsPolicyProvider) in D:\nam4ki2\DATN\DA\Toiec-365\Toeic-365-backend-v1\MISA.AMIS\MISA.AMIS.Web\Startup.cs:line 149
   at System.RuntimeMethodHandle.InvokeMethod(Object target, Object[] arguments, Signature sig, Boolean constructor, Boolean wrapExceptions)
   at System.Reflection.RuntimeMethodInfo.Invoke(Object obj, BindingFlags invokeAttr, Binder binder, Object[] parameters, CultureInfo culture)
   at Microsoft.AspNetCore.Hosting.ConfigureBuilder.Invoke(Object instance, IApplicationBuilder builder)
   at Microsoft.AspNetCore.Hosting.ConfigureBuilder.<>c__DisplayClass4_0.<Build>b__0(IApplicationBuilder builder)
   at Microsoft.AspNetCore.Hosting.GenericWebHostBuilder.<>c__DisplayClass13_0.<UseStartup>b__2(IApplicationBuilder app)
   at Microsoft.AspNetCore.Mvc.Filters.MiddlewareFilterBuilderStartupFilter.<>c__DisplayClass0_0.<Configure>g__MiddlewareFilterBuilder|0(IApplicationBuilder builder)
   at Microsoft.AspNetCore.Server.IIS.Core.IISServerSetupFilter.<>c__DisplayClass2_0.<Configure>b__0(IApplicationBuilder app)
   at Microsoft.AspNetCore.HostFilteringStartupFilter.<>c__DisplayClass0_0.<Configure>b__0(IApplicationBuilder app)
   at Microsoft.AspNetCore.Watch.BrowserRefresh.HostingStartup.<>c__DisplayClass1_0.<Configure>b__0(IApplicationBuilder app)
   at Microsoft.AspNetCore.Hosting.GenericWebHostService.StartAsync(CancellationToken cancellationToken)
   at Microsoft.Extensions.Hosting.Internal.Host.StartAsync(CancellationToken cancellationToken)
   at Microsoft.Extensions.Hosting.HostingAbstractionsHostExtensions.RunAsync(IHost host, CancellationToken token)
   at Microsoft.Extensions.Hosting.HostingAbstractionsHostExtensions.RunAsync(IHost host, CancellationToken token)
   at Microsoft.Extensions.Hosting.HostingAbstractionsHostExtensions.Run(IHost host)
   at TOE.TOEIC.Web.Program.Main(String[] args) in D:\nam4ki2\DATN\DA\Toiec-365\Toeic-365-backend-v1\MISA.AMIS\MISA.AMIS.Web\Program.cs:line 23
2022-05-09 01:03:54 ERROR TOE.TOEIC.Web.Program.Main - Exception during execution..
EXCEPTION OCCURRED:System.ArgumentNullException Value cannot be null. (Parameter 'path1') System.String Combine(System.String, System.String)    at System.IO.Path.Combine(String path1, String path2)
   at TOE.TOEIC.Web.Startup.Configure(IApplicationBuilder app, IWebHostEnvironment env, ICorsService corsService, ICorsPolicyProvider corsPolicyProvider) in D:\nam4ki2\DATN\DA\Toiec-365\Toeic-365-backend-v1\MISA.AMIS\MISA.AMIS.Web\Startup.cs:line 149
   at System.RuntimeMethodHandle.InvokeMethod(Object target, Object[] arguments, Signature sig, Boolean constructor, Boolean wrapExceptions)
   at System.Reflection.RuntimeMethodInfo.Invoke(Object obj, BindingFlags invokeAttr, Binder binder, Object[] parameters, CultureInfo culture)
   at Microsoft.AspNetCore.Hosting.ConfigureBuilder.Invoke(Object instance, IApplicationBuilder builder)
   at Microsoft.AspNetCore.Hosting.ConfigureBuilder.<>c__DisplayClass4_0.<Build>b__0(IApplicationBuilder builder)
   at Microsoft.AspNetCore.Hosting.GenericWebHostBuilder.<>c__DisplayClass13_0.<UseStartup>b__2(IApplicationBuilder app)
   at Microsoft.AspNetCore.Mvc.Filters.MiddlewareFilterBuilderStartupFilter.<>c__DisplayClass0_0.<Configure>g__MiddlewareFilterBuilder|0(IApplicationBuilder builder)
   at Microsoft.AspNetCore.Server.IIS.Core.IISServerSetupFilter.<>c__DisplayClass2_0.<Configure>b__0(IApplicationBuilder app)
   at Microsoft.AspNetCore.HostFilteringStartupFilter.<>c__DisplayClass0_0.<Configure>b__0(IApplicationBuilder app)
   at Microsoft.AspNetCore.Watch.BrowserRefresh.HostingStartup.<>c__DisplayClass1_0.<Configure>b__0(IApplicationBuilder app)
   at Microsoft.AspNetCore.Hosting.GenericWebHostService.StartAsync(CancellationToken cancellationToken)
   at Microsoft.Extensions.Hosting.Internal.Host.StartAsync(CancellationToken cancellationToken)
   at Microsoft.Extensions.Hosting.HostingAbstractionsHostExtensions.RunAsync(IHost host, CancellationToken token)
   at Microsoft.Extensions.Hosting.HostingAbstractionsHostExtensions.RunAsync(IHost host, CancellationToken token)
   at Microsoft.Extensions.Hosting.HostingAbstractionsHostExtensions.Run(IHost host)
   at TOE.TOEIC.Web.Program.Main(String[] args) in D:\nam4ki2\DATN\DA\Toiec-365\Toeic-365-backend-v1\MISA.AMIS\MISA.AMIS.Web\Program.cs:line 23
2022-05-09 01:04:30 FATAL Microsoft.AspNetCore.Hosting.HostingLoggerExtensions.ApplicationError - Application startup exception
EXCEPTION OCCURRED:System.ArgumentNullException Value cannot be null. (Parameter 'path1') System.String Combine(System.String, System.String)    at System.IO.Path.Combine(String path1, String path2)
   at TOE.TOEIC.Web.Startup.Configure(IApplicationBuilder app, IWebHostEnvironment env, ICorsService corsService, ICorsPolicyProvider corsPolicyProvider) in D:\nam4ki2\DATN\DA\Toiec-365\Toeic-365-backend-v1\MISA.AMIS\MISA.AMIS.Web\Startup.cs:line 149
   at System.RuntimeMethodHandle.InvokeMethod(Object target, Object[] arguments, Signature sig, Boolean constructor, Boolean wrapExceptions)
   at System.Reflection.RuntimeMethodInfo.Invoke(Object obj, BindingFlags invokeAttr, Binder binder, Object[] parameters, CultureInfo culture)
   at Microsoft.AspNetCore.Hosting.ConfigureBuilder.Invoke(Object instance, IApplicationBuilder builder)
   at Microsoft.AspNetCore.Hosting.ConfigureBuilder.<>c__DisplayClass4_0.<Build>b__0(IApplicationBuilder builder)
   at Microsoft.AspNetCore.Hosting.GenericWebHostBuilder.<>c__DisplayClass13_0.<UseStartup>b__2(IApplicationBuilder app)
   at Microsoft.AspNetCore.Mvc.Filters.MiddlewareFilterBuilderStartupFilter.<>c__DisplayClass0_0.<Configure>g__MiddlewareFilterBuilder|0(IApplicationBuilder builder)
   at Microsoft.AspNetCore.Server.IIS.Core.IISServerSetupFilter.<>c__DisplayClass2_0.<Configure>b__0(IApplicationBuilder app)
   at Microsoft.AspNetCore.HostFilteringStartupFilter.<>c__DisplayClass0_0.<Configure>b__0(IApplicationBuilder app)
   at Microsoft.AspNetCore.Watch.BrowserRefresh.HostingStartup.<>c__DisplayClass1_0.<Configure>b__0(IApplicationBuilder app)
   at Microsoft.AspNetCore.Hosting.GenericWebHostService.StartAsync(CancellationToken cancellationToken)
2022-05-09 01:04:30 FATAL Microsoft.AspNetCore.Hosting.HostingLoggerExtensions.ApplicationError - Application startup exception
EXCEPTION OCCURRED:System.ArgumentNullException Value cannot be null. (Parameter 'path1') System.String Combine(System.String, System.String)    at System.IO.Path.Combine(String path1, String path2)
   at TOE.TOEIC.Web.Startup.Configure(IApplicationBuilder app, IWebHostEnvironment env, ICorsService corsService, ICorsPolicyProvider corsPolicyProvider) in D:\nam4ki2\DATN\DA\Toiec-365\Toeic-365-backend-v1\MISA.AMIS\MISA.AMIS.Web\Startup.cs:line 149
   at System.RuntimeMethodHandle.InvokeMethod(Object target, Object[] arguments, Signature sig, Boolean constructor, Boolean wrapExceptions)
   at System.Reflection.RuntimeMethodInfo.Invoke(Object obj, BindingFlags invokeAttr, Binder binder, Object[] parameters, CultureInfo culture)
   at Microsoft.AspNetCore.Hosting.ConfigureBuilder.Invoke(Object instance, IApplicationBuilder builder)
   at Microsoft.AspNetCore.Hosting.ConfigureBuilder.<>c__DisplayClass4_0.<Build>b__0(IApplicationBuilder builder)
   at Microsoft.AspNetCore.Hosting.GenericWebHostBuilder.<>c__DisplayClass13_0.<UseStartup>b__2(IApplicationBuilder app)
   at Microsoft.AspNetCore.Mvc.Filters.MiddlewareFilterBuilderStartupFilter.<>c__DisplayClass0_0.<Configure>g__MiddlewareFilterBuilder|0(IApplicationBuilder builder)
   at Microsoft.AspNetCore.Server.IIS.Core.IISServerSetupFilter.<>c__DisplayClass2_0.<Configure>b__0(IApplicationBuilder app)
   at Microsoft.AspNetCore.HostFilteringStartupFilter.<>c__DisplayClass0_0.<Configure>b__0(IApplicationBuilder app)
   at Microsoft.AspNetCore.Watch.BrowserRefresh.HostingStartup.<>c__DisplayClass1_0.<Configure>b__0(IApplicationBuilder app)
   at Microsoft.AspNetCore.Hosting.GenericWebHostService.StartAsync(CancellationToken cancellationToken)
2022-05-09 01:04:30 ERROR TOE.TOEIC.Web.Program.Main - Exception during execution..
EXCEPTION OCCURRED:System.ArgumentNullException Value cannot be null. (Parameter 'path1') System.String Combine(System.String, System.String)    at System.IO.Path.Combine(String path1, String path2)
   at TOE.TOEIC.Web.Startup.Configure(IApplicationBuilder app, IWebHostEnvironment env, ICorsService corsService, ICorsPolicyProvider corsPolicyProvider) in D:\nam4ki2\DATN\DA\Toiec-365\Toeic-365-backend-v1\MISA.AMIS\MISA.AMIS.Web\Startup.cs:line 149
   at System.RuntimeMethodHandle.InvokeMethod(Object target, Object[] arguments, Signature sig, Boolean constructor, Boolean wrapExceptions)
   at System.Reflection.RuntimeMethodInfo.Invoke(Object obj, BindingFlags invokeAttr, Binder binder, Object[] parameters, CultureInfo culture)
   at Microsoft.AspNetCore.Hosting.ConfigureBuilder.Invoke(Object instance, IApplicationBuilder builder)
   at Microsoft.AspNetCore.Hosting.ConfigureBuilder.<>c__DisplayClass4_0.<Build>b__0(IApplicationBuilder builder)
   at Microsoft.AspNetCore.Hosting.GenericWebHostBuilder.<>c__DisplayClass13_0.<UseStartup>b__2(IApplicationBuilder app)
   at Microsoft.AspNetCore.Mvc.Filters.MiddlewareFilterBuilderStartupFilter.<>c__DisplayClass0_0.<Configure>g__MiddlewareFilterBuilder|0(IApplicationBuilder builder)
   at Microsoft.AspNetCore.Server.IIS.Core.IISServerSetupFilter.<>c__DisplayClass2_0.<Configure>b__0(IApplicationBuilder app)
   at Microsoft.AspNetCore.HostFilteringStartupFilter.<>c__DisplayClass0_0.<Configure>b__0(IApplicationBuilder app)
   at Microsoft.AspNetCore.Watch.BrowserRefresh.HostingStartup.<>c__DisplayClass1_0.<Configure>b__0(IApplicationBuilder app)
   at Microsoft.AspNetCore.Hosting.GenericWebHostService.StartAsync(CancellationToken cancellationToken)
   at Microsoft.Extensions.Hosting.Internal.Host.StartAsync(CancellationToken cancellationToken)
   at Microsoft.Extensions.Hosting.HostingAbstractionsHostExtensions.RunAsync(IHost host, CancellationToken token)
   at Microsoft.Extensions.Hosting.HostingAbstractionsHostExtensions.RunAsync(IHost host, CancellationToken token)
   at Microsoft.Extensions.Hosting.HostingAbstractionsHostExtensions.Run(IHost host)
   at TOE.TOEIC.Web.Program.Main(String[] args) in D:\nam4ki2\DATN\DA\Toiec-365\Toeic-365-backend-v1\MISA.AMIS\MISA.AMIS.Web\Program.cs:line 23
2022-05-09 01:04:30 ERROR TOE.TOEIC.Web.Program.Main - Exception during execution..
EXCEPTION OCCURRED:System.ArgumentNullException Value cannot be null. (Parameter 'path1') System.String Combine(System.String, System.String)    at System.IO.Path.Combine(String path1, String path2)
   at TOE.TOEIC.Web.Startup.Configure(IApplicationBuilder app, IWebHostEnvironment env, ICorsService corsService, ICorsPolicyProvider corsPolicyProvider) in D:\nam4ki2\DATN\DA\Toiec-365\Toeic-365-backend-v1\MISA.AMIS\MISA.AMIS.Web\Startup.cs:line 149
   at System.RuntimeMethodHandle.InvokeMethod(Object target, Object[] arguments, Signature sig, Boolean constructor, Boolean wrapExceptions)
   at System.Reflection.RuntimeMethodInfo.Invoke(Object obj, BindingFlags invokeAttr, Binder binder, Object[] parameters, CultureInfo culture)
   at Microsoft.AspNetCore.Hosting.ConfigureBuilder.Invoke(Object instance, IApplicationBuilder builder)
   at Microsoft.AspNetCore.Hosting.ConfigureBuilder.<>c__DisplayClass4_0.<Build>b__0(IApplicationBuilder builder)
   at Microsoft.AspNetCore.Hosting.GenericWebHostBuilder.<>c__DisplayClass13_0.<UseStartup>b__2(IApplicationBuilder app)
   at Microsoft.AspNetCore.Mvc.Filters.MiddlewareFilterBuilderStartupFilter.<>c__DisplayClass0_0.<Configure>g__MiddlewareFilterBuilder|0(IApplicationBuilder builder)
   at Microsoft.AspNetCore.Server.IIS.Core.IISServerSetupFilter.<>c__DisplayClass2_0.<Configure>b__0(IApplicationBuilder app)
   at Microsoft.AspNetCore.HostFilteringStartupFilter.<>c__DisplayClass0_0.<Configure>b__0(IApplicationBuilder app)
   at Microsoft.AspNetCore.Watch.BrowserRefresh.HostingStartup.<>c__DisplayClass1_0.<Configure>b__0(IApplicationBuilder app)
   at Microsoft.AspNetCore.Hosting.GenericWebHostService.StartAsync(CancellationToken cancellationToken)
   at Microsoft.Extensions.Hosting.Internal.Host.StartAsync(CancellationToken cancellationToken)
   at Microsoft.Extensions.Hosting.HostingAbstractionsHostExtensions.RunAsync(IHost host, CancellationToken token)
   at Microsoft.Extensions.Hosting.HostingAbstractionsHostExtensions.RunAsync(IHost host, CancellationToken token)
   at Microsoft.Extensions.Hosting.HostingAbstractionsHostExtensions.Run(IHost host)
   at TOE.TOEIC.Web.Program.Main(String[] args) in D:\nam4ki2\DATN\DA\Toiec-365\Toeic-365-backend-v1\MISA.AMIS\MISA.AMIS.Web\Program.cs:line 23
2022-05-09 01:04:48  INFO Microsoft.Extensions.Hosting.Internal.ConsoleLifetime.OnApplicationStarted - Application started. Press Ctrl+C to shut down.
2022-05-09 01:04:49  INFO Microsoft.Extensions.Hosting.Internal.ConsoleLifetime.OnApplicationStarted - Hosting environment: Development
2022-05-09 01:04:49  INFO Microsoft.Extensions.Hosting.Internal.ConsoleLifetime.OnApplicationStarted - Content root path: D:\nam4ki2\DATN\DA\Toiec-365\Toeic-365-backend-v1\MISA.AMIS\MISA.AMIS.Web
2022-05-09 01:05:51  INFO Microsoft.Extensions.Hosting.Internal.ConsoleLifetime.OnApplicationStarted - Application started. Press Ctrl+C to shut down.
2022-05-09 01:05:51  INFO Microsoft.Extensions.Hosting.Internal.ConsoleLifetime.OnApplicationStarted - Hosting environment: Development
2022-05-09 01:05:51  INFO Microsoft.Extensions.Hosting.Internal.ConsoleLifetime.OnApplicationStarted - Content root path: D:\nam4ki2\DATN\DA\Toiec-365\Toeic-365-backend-v1\MISA.AMIS\MISA.AMIS.Web
2022-05-09 01:06:03 FATAL Microsoft.AspNetCore.Hosting.HostingLoggerExtensions.ApplicationError - Application startup exception
EXCEPTION OCCURRED:System.IO.DirectoryNotFoundException D:\nam4ki2\DATN\DA\Toiec-365\Toeic-365-backend-v1\MISA.AMIS\MISA.AMIS.Web\MyStaticFiles\ Void .ctor(System.String, Microsoft.Extensions.FileProviders.Physical.ExclusionFilters)    at Microsoft.Extensions.FileProviders.PhysicalFileProvider..ctor(String root, ExclusionFilters filters)
   at Microsoft.Extensions.FileProviders.PhysicalFileProvider..ctor(String root)
   at TOE.TOEIC.Web.Startup.Configure(IApplicationBuilder app, IWebHostEnvironment env, ICorsService corsService, ICorsPolicyProvider corsPolicyProvider) in D:\nam4ki2\DATN\DA\Toiec-365\Toeic-365-backend-v1\MISA.AMIS\MISA.AMIS.Web\Startup.cs:line 154
   at System.RuntimeMethodHandle.InvokeMethod(Object target, Object[] arguments, Signature sig, Boolean constructor, Boolean wrapExceptions)
   at System.Reflection.RuntimeMethodInfo.Invoke(Object obj, BindingFlags invokeAttr, Binder binder, Object[] parameters, CultureInfo culture)
   at Microsoft.AspNetCore.Hosting.ConfigureBuilder.Invoke(Object instance, IApplicationBuilder builder)
   at Microsoft.AspNetCore.Hosting.ConfigureBuilder.<>c__DisplayClass4_0.<Build>b__0(IApplicationBuilder builder)
   at Microsoft.AspNetCore.Hosting.GenericWebHostBuilder.<>c__DisplayClass13_0.<UseStartup>b__2(IApplicationBuilder app)
   at Microsoft.AspNetCore.Mvc.Filters.MiddlewareFilterBuilderStartupFilter.<>c__DisplayClass0_0.<Configure>g__MiddlewareFilterBuilder|0(IApplicationBuilder builder)
   at Microsoft.AspNetCore.Server.IIS.Core.IISServerSetupFilter.<>c__DisplayClass2_0.<Configure>b__0(IApplicationBuilder app)
   at Microsoft.AspNetCore.HostFilteringStartupFilter.<>c__DisplayClass0_0.<Configure>b__0(IApplicationBuilder app)
   at Microsoft.AspNetCore.Watch.BrowserRefresh.HostingStartup.<>c__DisplayClass1_0.<Configure>b__0(IApplicationBuilder app)
   at Microsoft.AspNetCore.Hosting.GenericWebHostService.StartAsync(CancellationToken cancellationToken)
2022-05-09 01:06:03 FATAL Microsoft.AspNetCore.Hosting.HostingLoggerExtensions.ApplicationError - Application startup exception
EXCEPTION OCCURRED:System.IO.DirectoryNotFoundException D:\nam4ki2\DATN\DA\Toiec-365\Toeic-365-backend-v1\MISA.AMIS\MISA.AMIS.Web\MyStaticFiles\ Void .ctor(System.String, Microsoft.Extensions.FileProviders.Physical.ExclusionFilters)    at Microsoft.Extensions.FileProviders.PhysicalFileProvider..ctor(String root, ExclusionFilters filters)
   at Microsoft.Extensions.FileProviders.PhysicalFileProvider..ctor(String root)
   at TOE.TOEIC.Web.Startup.Configure(IApplicationBuilder app, IWebHostEnvironment env, ICorsService corsService, ICorsPolicyProvider corsPolicyProvider) in D:\nam4ki2\DATN\DA\Toiec-365\Toeic-365-backend-v1\MISA.AMIS\MISA.AMIS.Web\Startup.cs:line 154
   at System.RuntimeMethodHandle.InvokeMethod(Object target, Object[] arguments, Signature sig, Boolean constructor, Boolean wrapExceptions)
   at System.Reflection.RuntimeMethodInfo.Invoke(Object obj, BindingFlags invokeAttr, Binder binder, Object[] parameters, CultureInfo culture)
   at Microsoft.AspNetCore.Hosting.ConfigureBuilder.Invoke(Object instance, IApplicationBuilder builder)
   at Microsoft.AspNetCore.Hosting.ConfigureBuilder.<>c__DisplayClass4_0.<Build>b__0(IApplicationBuilder builder)
   at Microsoft.AspNetCore.Hosting.GenericWebHostBuilder.<>c__DisplayClass13_0.<UseStartup>b__2(IApplicationBuilder app)
   at Microsoft.AspNetCore.Mvc.Filters.MiddlewareFilterBuilderStartupFilter.<>c__DisplayClass0_0.<Configure>g__MiddlewareFilterBuilder|0(IApplicationBuilder builder)
   at Microsoft.AspNetCore.Server.IIS.Core.IISServerSetupFilter.<>c__DisplayClass2_0.<Configure>b__0(IApplicationBuilder app)
   at Microsoft.AspNetCore.HostFilteringStartupFilter.<>c__DisplayClass0_0.<Configure>b__0(IApplicationBuilder app)
   at Microsoft.AspNetCore.Watch.BrowserRefresh.HostingStartup.<>c__DisplayClass1_0.<Configure>b__0(IApplicationBuilder app)
   at Microsoft.AspNetCore.Hosting.GenericWebHostService.StartAsync(CancellationToken cancellationToken)
2022-05-09 01:06:04 ERROR TOE.TOEIC.Web.Program.Main - Exception during execution..
EXCEPTION OCCURRED:System.IO.DirectoryNotFoundException D:\nam4ki2\DATN\DA\Toiec-365\Toeic-365-backend-v1\MISA.AMIS\MISA.AMIS.Web\MyStaticFiles\ Void .ctor(System.String, Microsoft.Extensions.FileProviders.Physical.ExclusionFilters)    at Microsoft.Extensions.FileProviders.PhysicalFileProvider..ctor(String root, ExclusionFilters filters)
   at Microsoft.Extensions.FileProviders.PhysicalFileProvider..ctor(String root)
   at TOE.TOEIC.Web.Startup.Configure(IApplicationBuilder app, IWebHostEnvironment env, ICorsService corsService, ICorsPolicyProvider corsPolicyProvider) in D:\nam4ki2\DATN\DA\Toiec-365\Toeic-365-backend-v1\MISA.AMIS\MISA.AMIS.Web\Startup.cs:line 154
   at System.RuntimeMethodHandle.InvokeMethod(Object target, Object[] arguments, Signature sig, Boolean constructor, Boolean wrapExceptions)
   at System.Reflection.RuntimeMethodInfo.Invoke(Object obj, BindingFlags invokeAttr, Binder binder, Object[] parameters, CultureInfo culture)
   at Microsoft.AspNetCore.Hosting.ConfigureBuilder.Invoke(Object instance, IApplicationBuilder builder)
   at Microsoft.AspNetCore.Hosting.ConfigureBuilder.<>c__DisplayClass4_0.<Build>b__0(IApplicationBuilder builder)
   at Microsoft.AspNetCore.Hosting.GenericWebHostBuilder.<>c__DisplayClass13_0.<UseStartup>b__2(IApplicationBuilder app)
   at Microsoft.AspNetCore.Mvc.Filters.MiddlewareFilterBuilderStartupFilter.<>c__DisplayClass0_0.<Configure>g__MiddlewareFilterBuilder|0(IApplicationBuilder builder)
   at Microsoft.AspNetCore.Server.IIS.Core.IISServerSetupFilter.<>c__DisplayClass2_0.<Configure>b__0(IApplicationBuilder app)
   at Microsoft.AspNetCore.HostFilteringStartupFilter.<>c__DisplayClass0_0.<Configure>b__0(IApplicationBuilder app)
   at Microsoft.AspNetCore.Watch.BrowserRefresh.HostingStartup.<>c__DisplayClass1_0.<Configure>b__0(IApplicationBuilder app)
   at Microsoft.AspNetCore.Hosting.GenericWebHostService.StartAsync(CancellationToken cancellationToken)
   at Microsoft.Extensions.Hosting.Internal.Host.StartAsync(CancellationToken cancellationToken)
   at Microsoft.Extensions.Hosting.HostingAbstractionsHostExtensions.RunAsync(IHost host, CancellationToken token)
   at Microsoft.Extensions.Hosting.HostingAbstractionsHostExtensions.RunAsync(IHost host, CancellationToken token)
   at Microsoft.Extensions.Hosting.HostingAbstractionsHostExtensions.Run(IHost host)
   at TOE.TOEIC.Web.Program.Main(String[] args) in D:\nam4ki2\DATN\DA\Toiec-365\Toeic-365-backend-v1\MISA.AMIS\MISA.AMIS.Web\Program.cs:line 23
2022-05-09 01:06:04 ERROR TOE.TOEIC.Web.Program.Main - Exception during execution..
EXCEPTION OCCURRED:System.IO.DirectoryNotFoundException D:\nam4ki2\DATN\DA\Toiec-365\Toeic-365-backend-v1\MISA.AMIS\MISA.AMIS.Web\MyStaticFiles\ Void .ctor(System.String, Microsoft.Extensions.FileProviders.Physical.ExclusionFilters)    at Microsoft.Extensions.FileProviders.PhysicalFileProvider..ctor(String root, ExclusionFilters filters)
   at Microsoft.Extensions.FileProviders.PhysicalFileProvider..ctor(String root)
   at TOE.TOEIC.Web.Startup.Configure(IApplicationBuilder app, IWebHostEnvironment env, ICorsService corsService, ICorsPolicyProvider corsPolicyProvider) in D:\nam4ki2\DATN\DA\Toiec-365\Toeic-365-backend-v1\MISA.AMIS\MISA.AMIS.Web\Startup.cs:line 154
   at System.RuntimeMethodHandle.InvokeMethod(Object target, Object[] arguments, Signature sig, Boolean constructor, Boolean wrapExceptions)
   at System.Reflection.RuntimeMethodInfo.Invoke(Object obj, BindingFlags invokeAttr, Binder binder, Object[] parameters, CultureInfo culture)
   at Microsoft.AspNetCore.Hosting.ConfigureBuilder.Invoke(Object instance, IApplicationBuilder builder)
   at Microsoft.AspNetCore.Hosting.ConfigureBuilder.<>c__DisplayClass4_0.<Build>b__0(IApplicationBuilder builder)
   at Microsoft.AspNetCore.Hosting.GenericWebHostBuilder.<>c__DisplayClass13_0.<UseStartup>b__2(IApplicationBuilder app)
   at Microsoft.AspNetCore.Mvc.Filters.MiddlewareFilterBuilderStartupFilter.<>c__DisplayClass0_0.<Configure>g__MiddlewareFilterBuilder|0(IApplicationBuilder builder)
   at Microsoft.AspNetCore.Server.IIS.Core.IISServerSetupFilter.<>c__DisplayClass2_0.<Configure>b__0(IApplicationBuilder app)
   at Microsoft.AspNetCore.HostFilteringStartupFilter.<>c__DisplayClass0_0.<Configure>b__0(IApplicationBuilder app)
   at Microsoft.AspNetCore.Watch.BrowserRefresh.HostingStartup.<>c__DisplayClass1_0.<Configure>b__0(IApplicationBuilder app)
   at Microsoft.AspNetCore.Hosting.GenericWebHostService.StartAsync(CancellationToken cancellationToken)
   at Microsoft.Extensions.Hosting.Internal.Host.StartAsync(CancellationToken cancellationToken)
   at Microsoft.Extensions.Hosting.HostingAbstractionsHostExtensions.RunAsync(IHost host, CancellationToken token)
   at Microsoft.Extensions.Hosting.HostingAbstractionsHostExtensions.RunAsync(IHost host, CancellationToken token)
   at Microsoft.Extensions.Hosting.HostingAbstractionsHostExtensions.Run(IHost host)
   at TOE.TOEIC.Web.Program.Main(String[] args) in D:\nam4ki2\DATN\DA\Toiec-365\Toeic-365-backend-v1\MISA.AMIS\MISA.AMIS.Web\Program.cs:line 23
2022-05-09 01:06:13  INFO Microsoft.Extensions.Hosting.Internal.ConsoleLifetime.OnApplicationStarted - Application started. Press Ctrl+C to shut down.
2022-05-09 01:06:13  INFO Microsoft.Extensions.Hosting.Internal.ConsoleLifetime.OnApplicationStarted - Hosting environment: Development
2022-05-09 01:06:13  INFO Microsoft.Extensions.Hosting.Internal.ConsoleLifetime.OnApplicationStarted - Content root path: D:\nam4ki2\DATN\DA\Toiec-365\Toeic-365-backend-v1\MISA.AMIS\MISA.AMIS.Web
2022-05-09 01:08:03  INFO Microsoft.Extensions.Hosting.Internal.ConsoleLifetime.OnApplicationStarted - Application started. Press Ctrl+C to shut down.
2022-05-09 01:08:03  INFO Microsoft.Extensions.Hosting.Internal.ConsoleLifetime.OnApplicationStarted - Hosting environment: Development
2022-05-09 01:08:03  INFO Microsoft.Extensions.Hosting.Internal.ConsoleLifetime.OnApplicationStarted - Content root path: D:\nam4ki2\DATN\DA\Toiec-365\Toeic-365-backend-v1\MISA.AMIS\MISA.AMIS.Web
2022-05-09 01:08:41  INFO Microsoft.Extensions.Hosting.Internal.ConsoleLifetime.OnApplicationStarted - Application started. Press Ctrl+C to shut down.
2022-05-09 01:08:41  INFO Microsoft.Extensions.Hosting.Internal.ConsoleLifetime.OnApplicationStarted - Hosting environment: Development
2022-05-09 01:08:41  INFO Microsoft.Extensions.Hosting.Internal.ConsoleLifetime.OnApplicationStarted - Content root path: D:\nam4ki2\DATN\DA\Toiec-365\Toeic-365-backend-v1\MISA.AMIS\MISA.AMIS.Web
2022-05-09 01:11:39  INFO Microsoft.Extensions.Hosting.Internal.ConsoleLifetime.OnApplicationStarted - Application started. Press Ctrl+C to shut down.
2022-05-09 01:11:39  INFO Microsoft.Extensions.Hosting.Internal.ConsoleLifetime.OnApplicationStarted - Hosting environment: Development
2022-05-09 01:11:39  INFO Microsoft.Extensions.Hosting.Internal.ConsoleLifetime.OnApplicationStarted - Content root path: D:\nam4ki2\DATN\DA\Toiec-365\Toeic-365-backend-v1\MISA.AMIS\MISA.AMIS.Web
2022-05-09 01:11:41  INFO Microsoft.Extensions.Hosting.Internal.ConsoleLifetime.OnApplicationStarted - Application started. Press Ctrl+C to shut down.
2022-05-09 01:11:41  INFO Microsoft.Extensions.Hosting.Internal.ConsoleLifetime.OnApplicationStarted - Hosting environment: Development
2022-05-09 01:11:41  INFO Microsoft.Extensions.Hosting.Internal.ConsoleLifetime.OnApplicationStarted - Content root path: D:\nam4ki2\DATN\DA\Toiec-365\Toeic-365-backend-v1\MISA.AMIS\MISA.AMIS.Web
2022-05-09 01:13:59  INFO Microsoft.Extensions.Hosting.Internal.ConsoleLifetime.OnApplicationStarted - Application started. Press Ctrl+C to shut down.
2022-05-09 01:13:59  INFO Microsoft.Extensions.Hosting.Internal.ConsoleLifetime.OnApplicationStarted - Hosting environment: Development
2022-05-09 01:13:59  INFO Microsoft.Extensions.Hosting.Internal.ConsoleLifetime.OnApplicationStarted - Content root path: D:\nam4ki2\DATN\DA\Toiec-365\Toeic-365-backend-v1\MISA.AMIS\MISA.AMIS.Web
2022-05-09 01:14:02  INFO Microsoft.Extensions.Hosting.Internal.ConsoleLifetime.OnApplicationStarted - Application started. Press Ctrl+C to shut down.
2022-05-09 01:14:02  INFO Microsoft.Extensions.Hosting.Internal.ConsoleLifetime.OnApplicationStarted - Hosting environment: Development
2022-05-09 01:14:02  INFO Microsoft.Extensions.Hosting.Internal.ConsoleLifetime.OnApplicationStarted - Content root path: D:\nam4ki2\DATN\DA\Toiec-365\Toeic-365-backend-v1\MISA.AMIS\MISA.AMIS.Web
2022-05-09 01:18:47  INFO Microsoft.Extensions.Hosting.Internal.ConsoleLifetime.OnApplicationStarted - Application started. Press Ctrl+C to shut down.
2022-05-09 01:18:47  INFO Microsoft.Extensions.Hosting.Internal.ConsoleLifetime.OnApplicationStarted - Hosting environment: Development
2022-05-09 01:18:47  INFO Microsoft.Extensions.Hosting.Internal.ConsoleLifetime.OnApplicationStarted - Content root path: D:\nam4ki2\DATN\DA\Toiec-365\Toeic-365-backend-v1\MISA.AMIS\MISA.AMIS.Web
2022-05-09 01:20:40 FATAL Microsoft.AspNetCore.Hosting.HostingLoggerExtensions.ApplicationError - Application startup exception
EXCEPTION OCCURRED:System.Exception Could not resolve a service of type 'Microsoft.AspNetCore.Cors.Infrastructure.ICorsService' for the parameter 'corsService' of method 'Configure' on type 'TOE.TOEIC.Web.Startup'. Void Invoke(System.Object, Microsoft.AspNetCore.Builder.IApplicationBuilder)    at Microsoft.AspNetCore.Hosting.ConfigureBuilder.Invoke(Object instance, IApplicationBuilder builder)
   at Microsoft.AspNetCore.Hosting.ConfigureBuilder.<>c__DisplayClass4_0.<Build>b__0(IApplicationBuilder builder)
   at Microsoft.AspNetCore.Hosting.GenericWebHostBuilder.<>c__DisplayClass13_0.<UseStartup>b__2(IApplicationBuilder app)
   at Microsoft.AspNetCore.Mvc.Filters.MiddlewareFilterBuilderStartupFilter.<>c__DisplayClass0_0.<Configure>g__MiddlewareFilterBuilder|0(IApplicationBuilder builder)
   at Microsoft.AspNetCore.Server.IIS.Core.IISServerSetupFilter.<>c__DisplayClass2_0.<Configure>b__0(IApplicationBuilder app)
   at Microsoft.AspNetCore.HostFilteringStartupFilter.<>c__DisplayClass0_0.<Configure>b__0(IApplicationBuilder app)
   at Microsoft.AspNetCore.Watch.BrowserRefresh.HostingStartup.<>c__DisplayClass1_0.<Configure>b__0(IApplicationBuilder app)
   at Microsoft.AspNetCore.Hosting.GenericWebHostService.StartAsync(CancellationToken cancellationToken)
InvalidOperationException The CORS protocol does not allow specifying a wildcard (any) origin and credentials at the same time. Configure the CORS policy by listing individual origins if credentials needs to be supported. Microsoft.AspNetCore.Cors.Infrastructure.CorsPolicy Build()
2022-05-09 01:20:40 FATAL Microsoft.AspNetCore.Hosting.HostingLoggerExtensions.ApplicationError - Application startup exception
EXCEPTION OCCURRED:System.Exception Could not resolve a service of type 'Microsoft.AspNetCore.Cors.Infrastructure.ICorsService' for the parameter 'corsService' of method 'Configure' on type 'TOE.TOEIC.Web.Startup'. Void Invoke(System.Object, Microsoft.AspNetCore.Builder.IApplicationBuilder)    at Microsoft.AspNetCore.Hosting.ConfigureBuilder.Invoke(Object instance, IApplicationBuilder builder)
   at Microsoft.AspNetCore.Hosting.ConfigureBuilder.<>c__DisplayClass4_0.<Build>b__0(IApplicationBuilder builder)
   at Microsoft.AspNetCore.Hosting.GenericWebHostBuilder.<>c__DisplayClass13_0.<UseStartup>b__2(IApplicationBuilder app)
   at Microsoft.AspNetCore.Mvc.Filters.MiddlewareFilterBuilderStartupFilter.<>c__DisplayClass0_0.<Configure>g__MiddlewareFilterBuilder|0(IApplicationBuilder builder)
   at Microsoft.AspNetCore.Server.IIS.Core.IISServerSetupFilter.<>c__DisplayClass2_0.<Configure>b__0(IApplicationBuilder app)
   at Microsoft.AspNetCore.HostFilteringStartupFilter.<>c__DisplayClass0_0.<Configure>b__0(IApplicationBuilder app)
   at Microsoft.AspNetCore.Watch.BrowserRefresh.HostingStartup.<>c__DisplayClass1_0.<Configure>b__0(IApplicationBuilder app)
   at Microsoft.AspNetCore.Hosting.GenericWebHostService.StartAsync(CancellationToken cancellationToken)
InvalidOperationException The CORS protocol does not allow specifying a wildcard (any) origin and credentials at the same time. Configure the CORS policy by listing individual origins if credentials needs to be supported. Microsoft.AspNetCore.Cors.Infrastructure.CorsPolicy Build()
2022-05-09 01:20:41 ERROR TOE.TOEIC.Web.Program.Main - Exception during execution..
EXCEPTION OCCURRED:System.Exception Could not resolve a service of type 'Microsoft.AspNetCore.Cors.Infrastructure.ICorsService' for the parameter 'corsService' of method 'Configure' on type 'TOE.TOEIC.Web.Startup'. Void Invoke(System.Object, Microsoft.AspNetCore.Builder.IApplicationBuilder)    at Microsoft.AspNetCore.Hosting.ConfigureBuilder.Invoke(Object instance, IApplicationBuilder builder)
   at Microsoft.AspNetCore.Hosting.ConfigureBuilder.<>c__DisplayClass4_0.<Build>b__0(IApplicationBuilder builder)
   at Microsoft.AspNetCore.Hosting.GenericWebHostBuilder.<>c__DisplayClass13_0.<UseStartup>b__2(IApplicationBuilder app)
   at Microsoft.AspNetCore.Mvc.Filters.MiddlewareFilterBuilderStartupFilter.<>c__DisplayClass0_0.<Configure>g__MiddlewareFilterBuilder|0(IApplicationBuilder builder)
   at Microsoft.AspNetCore.Server.IIS.Core.IISServerSetupFilter.<>c__DisplayClass2_0.<Configure>b__0(IApplicationBuilder app)
   at Microsoft.AspNetCore.HostFilteringStartupFilter.<>c__DisplayClass0_0.<Configure>b__0(IApplicationBuilder app)
   at Microsoft.AspNetCore.Watch.BrowserRefresh.HostingStartup.<>c__DisplayClass1_0.<Configure>b__0(IApplicationBuilder app)
   at Microsoft.AspNetCore.Hosting.GenericWebHostService.StartAsync(CancellationToken cancellationToken)
   at Microsoft.Extensions.Hosting.Internal.Host.StartAsync(CancellationToken cancellationToken)
   at Microsoft.Extensions.Hosting.HostingAbstractionsHostExtensions.RunAsync(IHost host, CancellationToken token)
   at Microsoft.Extensions.Hosting.HostingAbstractionsHostExtensions.RunAsync(IHost host, CancellationToken token)
   at Microsoft.Extensions.Hosting.HostingAbstractionsHostExtensions.Run(IHost host)
   at TOE.TOEIC.Web.Program.Main(String[] args) in D:\nam4ki2\DATN\DA\Toiec-365\Toeic-365-backend-v1\MISA.AMIS\MISA.AMIS.Web\Program.cs:line 23
InvalidOperationException The CORS protocol does not allow specifying a wildcard (any) origin and credentials at the same time. Configure the CORS policy by listing individual origins if credentials needs to be supported. Microsoft.AspNetCore.Cors.Infrastructure.CorsPolicy Build()
2022-05-09 01:20:41 ERROR TOE.TOEIC.Web.Program.Main - Exception during execution..
EXCEPTION OCCURRED:System.Exception Could not resolve a service of type 'Microsoft.AspNetCore.Cors.Infrastructure.ICorsService' for the parameter 'corsService' of method 'Configure' on type 'TOE.TOEIC.Web.Startup'. Void Invoke(System.Object, Microsoft.AspNetCore.Builder.IApplicationBuilder)    at Microsoft.AspNetCore.Hosting.ConfigureBuilder.Invoke(Object instance, IApplicationBuilder builder)
   at Microsoft.AspNetCore.Hosting.ConfigureBuilder.<>c__DisplayClass4_0.<Build>b__0(IApplicationBuilder builder)
   at Microsoft.AspNetCore.Hosting.GenericWebHostBuilder.<>c__DisplayClass13_0.<UseStartup>b__2(IApplicationBuilder app)
   at Microsoft.AspNetCore.Mvc.Filters.MiddlewareFilterBuilderStartupFilter.<>c__DisplayClass0_0.<Configure>g__MiddlewareFilterBuilder|0(IApplicationBuilder builder)
   at Microsoft.AspNetCore.Server.IIS.Core.IISServerSetupFilter.<>c__DisplayClass2_0.<Configure>b__0(IApplicationBuilder app)
   at Microsoft.AspNetCore.HostFilteringStartupFilter.<>c__DisplayClass0_0.<Configure>b__0(IApplicationBuilder app)
   at Microsoft.AspNetCore.Watch.BrowserRefresh.HostingStartup.<>c__DisplayClass1_0.<Configure>b__0(IApplicationBuilder app)
   at Microsoft.AspNetCore.Hosting.GenericWebHostService.StartAsync(CancellationToken cancellationToken)
   at Microsoft.Extensions.Hosting.Internal.Host.StartAsync(CancellationToken cancellationToken)
   at Microsoft.Extensions.Hosting.HostingAbstractionsHostExtensions.RunAsync(IHost host, CancellationToken token)
   at Microsoft.Extensions.Hosting.HostingAbstractionsHostExtensions.RunAsync(IHost host, CancellationToken token)
   at Microsoft.Extensions.Hosting.HostingAbstractionsHostExtensions.Run(IHost host)
   at TOE.TOEIC.Web.Program.Main(String[] args) in D:\nam4ki2\DATN\DA\Toiec-365\Toeic-365-backend-v1\MISA.AMIS\MISA.AMIS.Web\Program.cs:line 23
InvalidOperationException The CORS protocol does not allow specifying a wildcard (any) origin and credentials at the same time. Configure the CORS policy by listing individual origins if credentials needs to be supported. Microsoft.AspNetCore.Cors.Infrastructure.CorsPolicy Build()
2022-05-09 01:20:54 FATAL Microsoft.AspNetCore.Hosting.HostingLoggerExtensions.ApplicationError - Application startup exception
EXCEPTION OCCURRED:System.Exception Could not resolve a service of type 'Microsoft.AspNetCore.Cors.Infrastructure.ICorsService' for the parameter 'corsService' of method 'Configure' on type 'TOE.TOEIC.Web.Startup'. Void Invoke(System.Object, Microsoft.AspNetCore.Builder.IApplicationBuilder)    at Microsoft.AspNetCore.Hosting.ConfigureBuilder.Invoke(Object instance, IApplicationBuilder builder)
   at Microsoft.AspNetCore.Hosting.ConfigureBuilder.<>c__DisplayClass4_0.<Build>b__0(IApplicationBuilder builder)
   at Microsoft.AspNetCore.Hosting.GenericWebHostBuilder.<>c__DisplayClass13_0.<UseStartup>b__2(IApplicationBuilder app)
   at Microsoft.AspNetCore.Mvc.Filters.MiddlewareFilterBuilderStartupFilter.<>c__DisplayClass0_0.<Configure>g__MiddlewareFilterBuilder|0(IApplicationBuilder builder)
   at Microsoft.AspNetCore.Server.IIS.Core.IISServerSetupFilter.<>c__DisplayClass2_0.<Configure>b__0(IApplicationBuilder app)
   at Microsoft.AspNetCore.HostFilteringStartupFilter.<>c__DisplayClass0_0.<Configure>b__0(IApplicationBuilder app)
   at Microsoft.AspNetCore.Watch.BrowserRefresh.HostingStartup.<>c__DisplayClass1_0.<Configure>b__0(IApplicationBuilder app)
   at Microsoft.AspNetCore.Hosting.GenericWebHostService.StartAsync(CancellationToken cancellationToken)
InvalidOperationException The CORS protocol does not allow specifying a wildcard (any) origin and credentials at the same time. Configure the CORS policy by listing individual origins if credentials needs to be supported. Microsoft.AspNetCore.Cors.Infrastructure.CorsPolicy Build()
2022-05-09 01:20:54 FATAL Microsoft.AspNetCore.Hosting.HostingLoggerExtensions.ApplicationError - Application startup exception
EXCEPTION OCCURRED:System.Exception Could not resolve a service of type 'Microsoft.AspNetCore.Cors.Infrastructure.ICorsService' for the parameter 'corsService' of method 'Configure' on type 'TOE.TOEIC.Web.Startup'. Void Invoke(System.Object, Microsoft.AspNetCore.Builder.IApplicationBuilder)    at Microsoft.AspNetCore.Hosting.ConfigureBuilder.Invoke(Object instance, IApplicationBuilder builder)
   at Microsoft.AspNetCore.Hosting.ConfigureBuilder.<>c__DisplayClass4_0.<Build>b__0(IApplicationBuilder builder)
   at Microsoft.AspNetCore.Hosting.GenericWebHostBuilder.<>c__DisplayClass13_0.<UseStartup>b__2(IApplicationBuilder app)
   at Microsoft.AspNetCore.Mvc.Filters.MiddlewareFilterBuilderStartupFilter.<>c__DisplayClass0_0.<Configure>g__MiddlewareFilterBuilder|0(IApplicationBuilder builder)
   at Microsoft.AspNetCore.Server.IIS.Core.IISServerSetupFilter.<>c__DisplayClass2_0.<Configure>b__0(IApplicationBuilder app)
   at Microsoft.AspNetCore.HostFilteringStartupFilter.<>c__DisplayClass0_0.<Configure>b__0(IApplicationBuilder app)
   at Microsoft.AspNetCore.Watch.BrowserRefresh.HostingStartup.<>c__DisplayClass1_0.<Configure>b__0(IApplicationBuilder app)
   at Microsoft.AspNetCore.Hosting.GenericWebHostService.StartAsync(CancellationToken cancellationToken)
InvalidOperationException The CORS protocol does not allow specifying a wildcard (any) origin and credentials at the same time. Configure the CORS policy by listing individual origins if credentials needs to be supported. Microsoft.AspNetCore.Cors.Infrastructure.CorsPolicy Build()
2022-05-09 01:20:54 ERROR TOE.TOEIC.Web.Program.Main - Exception during execution..
EXCEPTION OCCURRED:System.Exception Could not resolve a service of type 'Microsoft.AspNetCore.Cors.Infrastructure.ICorsService' for the parameter 'corsService' of method 'Configure' on type 'TOE.TOEIC.Web.Startup'. Void Invoke(System.Object, Microsoft.AspNetCore.Builder.IApplicationBuilder)    at Microsoft.AspNetCore.Hosting.ConfigureBuilder.Invoke(Object instance, IApplicationBuilder builder)
   at Microsoft.AspNetCore.Hosting.ConfigureBuilder.<>c__DisplayClass4_0.<Build>b__0(IApplicationBuilder builder)
   at Microsoft.AspNetCore.Hosting.GenericWebHostBuilder.<>c__DisplayClass13_0.<UseStartup>b__2(IApplicationBuilder app)
   at Microsoft.AspNetCore.Mvc.Filters.MiddlewareFilterBuilderStartupFilter.<>c__DisplayClass0_0.<Configure>g__MiddlewareFilterBuilder|0(IApplicationBuilder builder)
   at Microsoft.AspNetCore.Server.IIS.Core.IISServerSetupFilter.<>c__DisplayClass2_0.<Configure>b__0(IApplicationBuilder app)
   at Microsoft.AspNetCore.HostFilteringStartupFilter.<>c__DisplayClass0_0.<Configure>b__0(IApplicationBuilder app)
   at Microsoft.AspNetCore.Watch.BrowserRefresh.HostingStartup.<>c__DisplayClass1_0.<Configure>b__0(IApplicationBuilder app)
   at Microsoft.AspNetCore.Hosting.GenericWebHostService.StartAsync(CancellationToken cancellationToken)
   at Microsoft.Extensions.Hosting.Internal.Host.StartAsync(CancellationToken cancellationToken)
   at Microsoft.Extensions.Hosting.HostingAbstractionsHostExtensions.RunAsync(IHost host, CancellationToken token)
   at Microsoft.Extensions.Hosting.HostingAbstractionsHostExtensions.RunAsync(IHost host, CancellationToken token)
   at Microsoft.Extensions.Hosting.HostingAbstractionsHostExtensions.Run(IHost host)
   at TOE.TOEIC.Web.Program.Main(String[] args) in D:\nam4ki2\DATN\DA\Toiec-365\Toeic-365-backend-v1\MISA.AMIS\MISA.AMIS.Web\Program.cs:line 23
InvalidOperationException The CORS protocol does not allow specifying a wildcard (any) origin and credentials at the same time. Configure the CORS policy by listing individual origins if credentials needs to be supported. Microsoft.AspNetCore.Cors.Infrastructure.CorsPolicy Build()
2022-05-09 01:20:54 ERROR TOE.TOEIC.Web.Program.Main - Exception during execution..
EXCEPTION OCCURRED:System.Exception Could not resolve a service of type 'Microsoft.AspNetCore.Cors.Infrastructure.ICorsService' for the parameter 'corsService' of method 'Configure' on type 'TOE.TOEIC.Web.Startup'. Void Invoke(System.Object, Microsoft.AspNetCore.Builder.IApplicationBuilder)    at Microsoft.AspNetCore.Hosting.ConfigureBuilder.Invoke(Object instance, IApplicationBuilder builder)
   at Microsoft.AspNetCore.Hosting.ConfigureBuilder.<>c__DisplayClass4_0.<Build>b__0(IApplicationBuilder builder)
   at Microsoft.AspNetCore.Hosting.GenericWebHostBuilder.<>c__DisplayClass13_0.<UseStartup>b__2(IApplicationBuilder app)
   at Microsoft.AspNetCore.Mvc.Filters.MiddlewareFilterBuilderStartupFilter.<>c__DisplayClass0_0.<Configure>g__MiddlewareFilterBuilder|0(IApplicationBuilder builder)
   at Microsoft.AspNetCore.Server.IIS.Core.IISServerSetupFilter.<>c__DisplayClass2_0.<Configure>b__0(IApplicationBuilder app)
   at Microsoft.AspNetCore.HostFilteringStartupFilter.<>c__DisplayClass0_0.<Configure>b__0(IApplicationBuilder app)
   at Microsoft.AspNetCore.Watch.BrowserRefresh.HostingStartup.<>c__DisplayClass1_0.<Configure>b__0(IApplicationBuilder app)
   at Microsoft.AspNetCore.Hosting.GenericWebHostService.StartAsync(CancellationToken cancellationToken)
   at Microsoft.Extensions.Hosting.Internal.Host.StartAsync(CancellationToken cancellationToken)
   at Microsoft.Extensions.Hosting.HostingAbstractionsHostExtensions.RunAsync(IHost host, CancellationToken token)
   at Microsoft.Extensions.Hosting.HostingAbstractionsHostExtensions.RunAsync(IHost host, CancellationToken token)
   at Microsoft.Extensions.Hosting.HostingAbstractionsHostExtensions.Run(IHost host)
   at TOE.TOEIC.Web.Program.Main(String[] args) in D:\nam4ki2\DATN\DA\Toiec-365\Toeic-365-backend-v1\MISA.AMIS\MISA.AMIS.Web\Program.cs:line 23
InvalidOperationException The CORS protocol does not allow specifying a wildcard (any) origin and credentials at the same time. Configure the CORS policy by listing individual origins if credentials needs to be supported. Microsoft.AspNetCore.Cors.Infrastructure.CorsPolicy Build()
2022-05-09 01:21:12 FATAL Microsoft.AspNetCore.Hosting.HostingLoggerExtensions.ApplicationError - Application startup exception
EXCEPTION OCCURRED:System.Exception Could not resolve a service of type 'Microsoft.AspNetCore.Cors.Infrastructure.ICorsService' for the parameter 'corsService' of method 'Configure' on type 'TOE.TOEIC.Web.Startup'. Void Invoke(System.Object, Microsoft.AspNetCore.Builder.IApplicationBuilder)    at Microsoft.AspNetCore.Hosting.ConfigureBuilder.Invoke(Object instance, IApplicationBuilder builder)
   at Microsoft.AspNetCore.Hosting.ConfigureBuilder.<>c__DisplayClass4_0.<Build>b__0(IApplicationBuilder builder)
   at Microsoft.AspNetCore.Hosting.GenericWebHostBuilder.<>c__DisplayClass13_0.<UseStartup>b__2(IApplicationBuilder app)
   at Microsoft.AspNetCore.Mvc.Filters.MiddlewareFilterBuilderStartupFilter.<>c__DisplayClass0_0.<Configure>g__MiddlewareFilterBuilder|0(IApplicationBuilder builder)
   at Microsoft.AspNetCore.Server.IIS.Core.IISServerSetupFilter.<>c__DisplayClass2_0.<Configure>b__0(IApplicationBuilder app)
   at Microsoft.AspNetCore.HostFilteringStartupFilter.<>c__DisplayClass0_0.<Configure>b__0(IApplicationBuilder app)
   at Microsoft.AspNetCore.Watch.BrowserRefresh.HostingStartup.<>c__DisplayClass1_0.<Configure>b__0(IApplicationBuilder app)
   at Microsoft.AspNetCore.Hosting.GenericWebHostService.StartAsync(CancellationToken cancellationToken)
InvalidOperationException The CORS protocol does not allow specifying a wildcard (any) origin and credentials at the same time. Configure the CORS policy by listing individual origins if credentials needs to be supported. Microsoft.AspNetCore.Cors.Infrastructure.CorsPolicy Build()
2022-05-09 01:21:12 FATAL Microsoft.AspNetCore.Hosting.HostingLoggerExtensions.ApplicationError - Application startup exception
EXCEPTION OCCURRED:System.Exception Could not resolve a service of type 'Microsoft.AspNetCore.Cors.Infrastructure.ICorsService' for the parameter 'corsService' of method 'Configure' on type 'TOE.TOEIC.Web.Startup'. Void Invoke(System.Object, Microsoft.AspNetCore.Builder.IApplicationBuilder)    at Microsoft.AspNetCore.Hosting.ConfigureBuilder.Invoke(Object instance, IApplicationBuilder builder)
   at Microsoft.AspNetCore.Hosting.ConfigureBuilder.<>c__DisplayClass4_0.<Build>b__0(IApplicationBuilder builder)
   at Microsoft.AspNetCore.Hosting.GenericWebHostBuilder.<>c__DisplayClass13_0.<UseStartup>b__2(IApplicationBuilder app)
   at Microsoft.AspNetCore.Mvc.Filters.MiddlewareFilterBuilderStartupFilter.<>c__DisplayClass0_0.<Configure>g__MiddlewareFilterBuilder|0(IApplicationBuilder builder)
   at Microsoft.AspNetCore.Server.IIS.Core.IISServerSetupFilter.<>c__DisplayClass2_0.<Configure>b__0(IApplicationBuilder app)
   at Microsoft.AspNetCore.HostFilteringStartupFilter.<>c__DisplayClass0_0.<Configure>b__0(IApplicationBuilder app)
   at Microsoft.AspNetCore.Watch.BrowserRefresh.HostingStartup.<>c__DisplayClass1_0.<Configure>b__0(IApplicationBuilder app)
   at Microsoft.AspNetCore.Hosting.GenericWebHostService.StartAsync(CancellationToken cancellationToken)
InvalidOperationException The CORS protocol does not allow specifying a wildcard (any) origin and credentials at the same time. Configure the CORS policy by listing individual origins if credentials needs to be supported. Microsoft.AspNetCore.Cors.Infrastructure.CorsPolicy Build()
2022-05-09 01:21:12 ERROR TOE.TOEIC.Web.Program.Main - Exception during execution..
EXCEPTION OCCURRED:System.Exception Could not resolve a service of type 'Microsoft.AspNetCore.Cors.Infrastructure.ICorsService' for the parameter 'corsService' of method 'Configure' on type 'TOE.TOEIC.Web.Startup'. Void Invoke(System.Object, Microsoft.AspNetCore.Builder.IApplicationBuilder)    at Microsoft.AspNetCore.Hosting.ConfigureBuilder.Invoke(Object instance, IApplicationBuilder builder)
   at Microsoft.AspNetCore.Hosting.ConfigureBuilder.<>c__DisplayClass4_0.<Build>b__0(IApplicationBuilder builder)
   at Microsoft.AspNetCore.Hosting.GenericWebHostBuilder.<>c__DisplayClass13_0.<UseStartup>b__2(IApplicationBuilder app)
   at Microsoft.AspNetCore.Mvc.Filters.MiddlewareFilterBuilderStartupFilter.<>c__DisplayClass0_0.<Configure>g__MiddlewareFilterBuilder|0(IApplicationBuilder builder)
   at Microsoft.AspNetCore.Server.IIS.Core.IISServerSetupFilter.<>c__DisplayClass2_0.<Configure>b__0(IApplicationBuilder app)
   at Microsoft.AspNetCore.HostFilteringStartupFilter.<>c__DisplayClass0_0.<Configure>b__0(IApplicationBuilder app)
   at Microsoft.AspNetCore.Watch.BrowserRefresh.HostingStartup.<>c__DisplayClass1_0.<Configure>b__0(IApplicationBuilder app)
   at Microsoft.AspNetCore.Hosting.GenericWebHostService.StartAsync(CancellationToken cancellationToken)
   at Microsoft.Extensions.Hosting.Internal.Host.StartAsync(CancellationToken cancellationToken)
   at Microsoft.Extensions.Hosting.HostingAbstractionsHostExtensions.RunAsync(IHost host, CancellationToken token)
   at Microsoft.Extensions.Hosting.HostingAbstractionsHostExtensions.RunAsync(IHost host, CancellationToken token)
   at Microsoft.Extensions.Hosting.HostingAbstractionsHostExtensions.Run(IHost host)
   at TOE.TOEIC.Web.Program.Main(String[] args) in D:\nam4ki2\DATN\DA\Toiec-365\Toeic-365-backend-v1\MISA.AMIS\MISA.AMIS.Web\Program.cs:line 23
InvalidOperationException The CORS protocol does not allow specifying a wildcard (any) origin and credentials at the same time. Configure the CORS policy by listing individual origins if credentials needs to be supported. Microsoft.AspNetCore.Cors.Infrastructure.CorsPolicy Build()
2022-05-09 01:21:12 ERROR TOE.TOEIC.Web.Program.Main - Exception during execution..
EXCEPTION OCCURRED:System.Exception Could not resolve a service of type 'Microsoft.AspNetCore.Cors.Infrastructure.ICorsService' for the parameter 'corsService' of method 'Configure' on type 'TOE.TOEIC.Web.Startup'. Void Invoke(System.Object, Microsoft.AspNetCore.Builder.IApplicationBuilder)    at Microsoft.AspNetCore.Hosting.ConfigureBuilder.Invoke(Object instance, IApplicationBuilder builder)
   at Microsoft.AspNetCore.Hosting.ConfigureBuilder.<>c__DisplayClass4_0.<Build>b__0(IApplicationBuilder builder)
   at Microsoft.AspNetCore.Hosting.GenericWebHostBuilder.<>c__DisplayClass13_0.<UseStartup>b__2(IApplicationBuilder app)
   at Microsoft.AspNetCore.Mvc.Filters.MiddlewareFilterBuilderStartupFilter.<>c__DisplayClass0_0.<Configure>g__MiddlewareFilterBuilder|0(IApplicationBuilder builder)
   at Microsoft.AspNetCore.Server.IIS.Core.IISServerSetupFilter.<>c__DisplayClass2_0.<Configure>b__0(IApplicationBuilder app)
   at Microsoft.AspNetCore.HostFilteringStartupFilter.<>c__DisplayClass0_0.<Configure>b__0(IApplicationBuilder app)
   at Microsoft.AspNetCore.Watch.BrowserRefresh.HostingStartup.<>c__DisplayClass1_0.<Configure>b__0(IApplicationBuilder app)
   at Microsoft.AspNetCore.Hosting.GenericWebHostService.StartAsync(CancellationToken cancellationToken)
   at Microsoft.Extensions.Hosting.Internal.Host.StartAsync(CancellationToken cancellationToken)
   at Microsoft.Extensions.Hosting.HostingAbstractionsHostExtensions.RunAsync(IHost host, CancellationToken token)
   at Microsoft.Extensions.Hosting.HostingAbstractionsHostExtensions.RunAsync(IHost host, CancellationToken token)
   at Microsoft.Extensions.Hosting.HostingAbstractionsHostExtensions.Run(IHost host)
   at TOE.TOEIC.Web.Program.Main(String[] args) in D:\nam4ki2\DATN\DA\Toiec-365\Toeic-365-backend-v1\MISA.AMIS\MISA.AMIS.Web\Program.cs:line 23
InvalidOperationException The CORS protocol does not allow specifying a wildcard (any) origin and credentials at the same time. Configure the CORS policy by listing individual origins if credentials needs to be supported. Microsoft.AspNetCore.Cors.Infrastructure.CorsPolicy Build()
2022-05-09 01:21:22  INFO Microsoft.Extensions.Hosting.Internal.ConsoleLifetime.OnApplicationStarted - Application started. Press Ctrl+C to shut down.
2022-05-09 01:21:22  INFO Microsoft.Extensions.Hosting.Internal.ConsoleLifetime.OnApplicationStarted - Hosting environment: Development
2022-05-09 01:21:22  INFO Microsoft.Extensions.Hosting.Internal.ConsoleLifetime.OnApplicationStarted - Content root path: D:\nam4ki2\DATN\DA\Toiec-365\Toeic-365-backend-v1\MISA.AMIS\MISA.AMIS.Web
2022-05-09 01:22:31 FATAL Microsoft.AspNetCore.Hosting.HostingLoggerExtensions.ApplicationError - Application startup exception
EXCEPTION OCCURRED:System.Exception Could not resolve a service of type 'Microsoft.AspNetCore.Cors.Infrastructure.ICorsService' for the parameter 'corsService' of method 'Configure' on type 'TOE.TOEIC.Web.Startup'. Void Invoke(System.Object, Microsoft.AspNetCore.Builder.IApplicationBuilder)    at Microsoft.AspNetCore.Hosting.ConfigureBuilder.Invoke(Object instance, IApplicationBuilder builder)
   at Microsoft.AspNetCore.Hosting.ConfigureBuilder.<>c__DisplayClass4_0.<Build>b__0(IApplicationBuilder builder)
   at Microsoft.AspNetCore.Hosting.GenericWebHostBuilder.<>c__DisplayClass13_0.<UseStartup>b__2(IApplicationBuilder app)
   at Microsoft.AspNetCore.Mvc.Filters.MiddlewareFilterBuilderStartupFilter.<>c__DisplayClass0_0.<Configure>g__MiddlewareFilterBuilder|0(IApplicationBuilder builder)
   at Microsoft.AspNetCore.Server.IIS.Core.IISServerSetupFilter.<>c__DisplayClass2_0.<Configure>b__0(IApplicationBuilder app)
   at Microsoft.AspNetCore.HostFilteringStartupFilter.<>c__DisplayClass0_0.<Configure>b__0(IApplicationBuilder app)
   at Microsoft.AspNetCore.Watch.BrowserRefresh.HostingStartup.<>c__DisplayClass1_0.<Configure>b__0(IApplicationBuilder app)
   at Microsoft.AspNetCore.Hosting.GenericWebHostService.StartAsync(CancellationToken cancellationToken)
InvalidOperationException The CORS protocol does not allow specifying a wildcard (any) origin and credentials at the same time. Configure the CORS policy by listing individual origins if credentials needs to be supported. Microsoft.AspNetCore.Cors.Infrastructure.CorsPolicy Build()
2022-05-09 01:22:31 FATAL Microsoft.AspNetCore.Hosting.HostingLoggerExtensions.ApplicationError - Application startup exception
EXCEPTION OCCURRED:System.Exception Could not resolve a service of type 'Microsoft.AspNetCore.Cors.Infrastructure.ICorsService' for the parameter 'corsService' of method 'Configure' on type 'TOE.TOEIC.Web.Startup'. Void Invoke(System.Object, Microsoft.AspNetCore.Builder.IApplicationBuilder)    at Microsoft.AspNetCore.Hosting.ConfigureBuilder.Invoke(Object instance, IApplicationBuilder builder)
   at Microsoft.AspNetCore.Hosting.ConfigureBuilder.<>c__DisplayClass4_0.<Build>b__0(IApplicationBuilder builder)
   at Microsoft.AspNetCore.Hosting.GenericWebHostBuilder.<>c__DisplayClass13_0.<UseStartup>b__2(IApplicationBuilder app)
   at Microsoft.AspNetCore.Mvc.Filters.MiddlewareFilterBuilderStartupFilter.<>c__DisplayClass0_0.<Configure>g__MiddlewareFilterBuilder|0(IApplicationBuilder builder)
   at Microsoft.AspNetCore.Server.IIS.Core.IISServerSetupFilter.<>c__DisplayClass2_0.<Configure>b__0(IApplicationBuilder app)
   at Microsoft.AspNetCore.HostFilteringStartupFilter.<>c__DisplayClass0_0.<Configure>b__0(IApplicationBuilder app)
   at Microsoft.AspNetCore.Watch.BrowserRefresh.HostingStartup.<>c__DisplayClass1_0.<Configure>b__0(IApplicationBuilder app)
   at Microsoft.AspNetCore.Hosting.GenericWebHostService.StartAsync(CancellationToken cancellationToken)
InvalidOperationException The CORS protocol does not allow specifying a wildcard (any) origin and credentials at the same time. Configure the CORS policy by listing individual origins if credentials needs to be supported. Microsoft.AspNetCore.Cors.Infrastructure.CorsPolicy Build()
2022-05-09 01:22:31 ERROR TOE.TOEIC.Web.Program.Main - Exception during execution..
EXCEPTION OCCURRED:System.Exception Could not resolve a service of type 'Microsoft.AspNetCore.Cors.Infrastructure.ICorsService' for the parameter 'corsService' of method 'Configure' on type 'TOE.TOEIC.Web.Startup'. Void Invoke(System.Object, Microsoft.AspNetCore.Builder.IApplicationBuilder)    at Microsoft.AspNetCore.Hosting.ConfigureBuilder.Invoke(Object instance, IApplicationBuilder builder)
   at Microsoft.AspNetCore.Hosting.ConfigureBuilder.<>c__DisplayClass4_0.<Build>b__0(IApplicationBuilder builder)
   at Microsoft.AspNetCore.Hosting.GenericWebHostBuilder.<>c__DisplayClass13_0.<UseStartup>b__2(IApplicationBuilder app)
   at Microsoft.AspNetCore.Mvc.Filters.MiddlewareFilterBuilderStartupFilter.<>c__DisplayClass0_0.<Configure>g__MiddlewareFilterBuilder|0(IApplicationBuilder builder)
   at Microsoft.AspNetCore.Server.IIS.Core.IISServerSetupFilter.<>c__DisplayClass2_0.<Configure>b__0(IApplicationBuilder app)
   at Microsoft.AspNetCore.HostFilteringStartupFilter.<>c__DisplayClass0_0.<Configure>b__0(IApplicationBuilder app)
   at Microsoft.AspNetCore.Watch.BrowserRefresh.HostingStartup.<>c__DisplayClass1_0.<Configure>b__0(IApplicationBuilder app)
   at Microsoft.AspNetCore.Hosting.GenericWebHostService.StartAsync(CancellationToken cancellationToken)
   at Microsoft.Extensions.Hosting.Internal.Host.StartAsync(CancellationToken cancellationToken)
   at Microsoft.Extensions.Hosting.HostingAbstractionsHostExtensions.RunAsync(IHost host, CancellationToken token)
   at Microsoft.Extensions.Hosting.HostingAbstractionsHostExtensions.RunAsync(IHost host, CancellationToken token)
   at Microsoft.Extensions.Hosting.HostingAbstractionsHostExtensions.Run(IHost host)
   at TOE.TOEIC.Web.Program.Main(String[] args) in D:\nam4ki2\DATN\DA\Toiec-365\Toeic-365-backend-v1\MISA.AMIS\MISA.AMIS.Web\Program.cs:line 23
InvalidOperationException The CORS protocol does not allow specifying a wildcard (any) origin and credentials at the same time. Configure the CORS policy by listing individual origins if credentials needs to be supported. Microsoft.AspNetCore.Cors.Infrastructure.CorsPolicy Build()
2022-05-09 01:22:31 ERROR TOE.TOEIC.Web.Program.Main - Exception during execution..
EXCEPTION OCCURRED:System.Exception Could not resolve a service of type 'Microsoft.AspNetCore.Cors.Infrastructure.ICorsService' for the parameter 'corsService' of method 'Configure' on type 'TOE.TOEIC.Web.Startup'. Void Invoke(System.Object, Microsoft.AspNetCore.Builder.IApplicationBuilder)    at Microsoft.AspNetCore.Hosting.ConfigureBuilder.Invoke(Object instance, IApplicationBuilder builder)
   at Microsoft.AspNetCore.Hosting.ConfigureBuilder.<>c__DisplayClass4_0.<Build>b__0(IApplicationBuilder builder)
   at Microsoft.AspNetCore.Hosting.GenericWebHostBuilder.<>c__DisplayClass13_0.<UseStartup>b__2(IApplicationBuilder app)
   at Microsoft.AspNetCore.Mvc.Filters.MiddlewareFilterBuilderStartupFilter.<>c__DisplayClass0_0.<Configure>g__MiddlewareFilterBuilder|0(IApplicationBuilder builder)
   at Microsoft.AspNetCore.Server.IIS.Core.IISServerSetupFilter.<>c__DisplayClass2_0.<Configure>b__0(IApplicationBuilder app)
   at Microsoft.AspNetCore.HostFilteringStartupFilter.<>c__DisplayClass0_0.<Configure>b__0(IApplicationBuilder app)
   at Microsoft.AspNetCore.Watch.BrowserRefresh.HostingStartup.<>c__DisplayClass1_0.<Configure>b__0(IApplicationBuilder app)
   at Microsoft.AspNetCore.Hosting.GenericWebHostService.StartAsync(CancellationToken cancellationToken)
   at Microsoft.Extensions.Hosting.Internal.Host.StartAsync(CancellationToken cancellationToken)
   at Microsoft.Extensions.Hosting.HostingAbstractionsHostExtensions.RunAsync(IHost host, CancellationToken token)
   at Microsoft.Extensions.Hosting.HostingAbstractionsHostExtensions.RunAsync(IHost host, CancellationToken token)
   at Microsoft.Extensions.Hosting.HostingAbstractionsHostExtensions.Run(IHost host)
   at TOE.TOEIC.Web.Program.Main(String[] args) in D:\nam4ki2\DATN\DA\Toiec-365\Toeic-365-backend-v1\MISA.AMIS\MISA.AMIS.Web\Program.cs:line 23
InvalidOperationException The CORS protocol does not allow specifying a wildcard (any) origin and credentials at the same time. Configure the CORS policy by listing individual origins if credentials needs to be supported. Microsoft.AspNetCore.Cors.Infrastructure.CorsPolicy Build()
2022-05-09 01:22:40 FATAL Microsoft.AspNetCore.Hosting.HostingLoggerExtensions.ApplicationError - Application startup exception
EXCEPTION OCCURRED:System.Exception Could not resolve a service of type 'Microsoft.AspNetCore.Cors.Infrastructure.ICorsService' for the parameter 'corsService' of method 'Configure' on type 'TOE.TOEIC.Web.Startup'. Void Invoke(System.Object, Microsoft.AspNetCore.Builder.IApplicationBuilder)    at Microsoft.AspNetCore.Hosting.ConfigureBuilder.Invoke(Object instance, IApplicationBuilder builder)
   at Microsoft.AspNetCore.Hosting.ConfigureBuilder.<>c__DisplayClass4_0.<Build>b__0(IApplicationBuilder builder)
   at Microsoft.AspNetCore.Hosting.GenericWebHostBuilder.<>c__DisplayClass13_0.<UseStartup>b__2(IApplicationBuilder app)
   at Microsoft.AspNetCore.Mvc.Filters.MiddlewareFilterBuilderStartupFilter.<>c__DisplayClass0_0.<Configure>g__MiddlewareFilterBuilder|0(IApplicationBuilder builder)
   at Microsoft.AspNetCore.Server.IIS.Core.IISServerSetupFilter.<>c__DisplayClass2_0.<Configure>b__0(IApplicationBuilder app)
   at Microsoft.AspNetCore.HostFilteringStartupFilter.<>c__DisplayClass0_0.<Configure>b__0(IApplicationBuilder app)
   at Microsoft.AspNetCore.Watch.BrowserRefresh.HostingStartup.<>c__DisplayClass1_0.<Configure>b__0(IApplicationBuilder app)
   at Microsoft.AspNetCore.Hosting.GenericWebHostService.StartAsync(CancellationToken cancellationToken)
InvalidOperationException The CORS protocol does not allow specifying a wildcard (any) origin and credentials at the same time. Configure the CORS policy by listing individual origins if credentials needs to be supported. Microsoft.AspNetCore.Cors.Infrastructure.CorsPolicy Build()
2022-05-09 01:22:40 FATAL Microsoft.AspNetCore.Hosting.HostingLoggerExtensions.ApplicationError - Application startup exception
EXCEPTION OCCURRED:System.Exception Could not resolve a service of type 'Microsoft.AspNetCore.Cors.Infrastructure.ICorsService' for the parameter 'corsService' of method 'Configure' on type 'TOE.TOEIC.Web.Startup'. Void Invoke(System.Object, Microsoft.AspNetCore.Builder.IApplicationBuilder)    at Microsoft.AspNetCore.Hosting.ConfigureBuilder.Invoke(Object instance, IApplicationBuilder builder)
   at Microsoft.AspNetCore.Hosting.ConfigureBuilder.<>c__DisplayClass4_0.<Build>b__0(IApplicationBuilder builder)
   at Microsoft.AspNetCore.Hosting.GenericWebHostBuilder.<>c__DisplayClass13_0.<UseStartup>b__2(IApplicationBuilder app)
   at Microsoft.AspNetCore.Mvc.Filters.MiddlewareFilterBuilderStartupFilter.<>c__DisplayClass0_0.<Configure>g__MiddlewareFilterBuilder|0(IApplicationBuilder builder)
   at Microsoft.AspNetCore.Server.IIS.Core.IISServerSetupFilter.<>c__DisplayClass2_0.<Configure>b__0(IApplicationBuilder app)
   at Microsoft.AspNetCore.HostFilteringStartupFilter.<>c__DisplayClass0_0.<Configure>b__0(IApplicationBuilder app)
   at Microsoft.AspNetCore.Watch.BrowserRefresh.HostingStartup.<>c__DisplayClass1_0.<Configure>b__0(IApplicationBuilder app)
   at Microsoft.AspNetCore.Hosting.GenericWebHostService.StartAsync(CancellationToken cancellationToken)
InvalidOperationException The CORS protocol does not allow specifying a wildcard (any) origin and credentials at the same time. Configure the CORS policy by listing individual origins if credentials needs to be supported. Microsoft.AspNetCore.Cors.Infrastructure.CorsPolicy Build()
2022-05-09 01:22:40 ERROR TOE.TOEIC.Web.Program.Main - Exception during execution..
EXCEPTION OCCURRED:System.Exception Could not resolve a service of type 'Microsoft.AspNetCore.Cors.Infrastructure.ICorsService' for the parameter 'corsService' of method 'Configure' on type 'TOE.TOEIC.Web.Startup'. Void Invoke(System.Object, Microsoft.AspNetCore.Builder.IApplicationBuilder)    at Microsoft.AspNetCore.Hosting.ConfigureBuilder.Invoke(Object instance, IApplicationBuilder builder)
   at Microsoft.AspNetCore.Hosting.ConfigureBuilder.<>c__DisplayClass4_0.<Build>b__0(IApplicationBuilder builder)
   at Microsoft.AspNetCore.Hosting.GenericWebHostBuilder.<>c__DisplayClass13_0.<UseStartup>b__2(IApplicationBuilder app)
   at Microsoft.AspNetCore.Mvc.Filters.MiddlewareFilterBuilderStartupFilter.<>c__DisplayClass0_0.<Configure>g__MiddlewareFilterBuilder|0(IApplicationBuilder builder)
   at Microsoft.AspNetCore.Server.IIS.Core.IISServerSetupFilter.<>c__DisplayClass2_0.<Configure>b__0(IApplicationBuilder app)
   at Microsoft.AspNetCore.HostFilteringStartupFilter.<>c__DisplayClass0_0.<Configure>b__0(IApplicationBuilder app)
   at Microsoft.AspNetCore.Watch.BrowserRefresh.HostingStartup.<>c__DisplayClass1_0.<Configure>b__0(IApplicationBuilder app)
   at Microsoft.AspNetCore.Hosting.GenericWebHostService.StartAsync(CancellationToken cancellationToken)
   at Microsoft.Extensions.Hosting.Internal.Host.StartAsync(CancellationToken cancellationToken)
   at Microsoft.Extensions.Hosting.HostingAbstractionsHostExtensions.RunAsync(IHost host, CancellationToken token)
   at Microsoft.Extensions.Hosting.HostingAbstractionsHostExtensions.RunAsync(IHost host, CancellationToken token)
   at Microsoft.Extensions.Hosting.HostingAbstractionsHostExtensions.Run(IHost host)
   at TOE.TOEIC.Web.Program.Main(String[] args) in D:\nam4ki2\DATN\DA\Toiec-365\Toeic-365-backend-v1\MISA.AMIS\MISA.AMIS.Web\Program.cs:line 23
InvalidOperationException The CORS protocol does not allow specifying a wildcard (any) origin and credentials at the same time. Configure the CORS policy by listing individual origins if credentials needs to be supported. Microsoft.AspNetCore.Cors.Infrastructure.CorsPolicy Build()
2022-05-09 01:22:40 ERROR TOE.TOEIC.Web.Program.Main - Exception during execution..
EXCEPTION OCCURRED:System.Exception Could not resolve a service of type 'Microsoft.AspNetCore.Cors.Infrastructure.ICorsService' for the parameter 'corsService' of method 'Configure' on type 'TOE.TOEIC.Web.Startup'. Void Invoke(System.Object, Microsoft.AspNetCore.Builder.IApplicationBuilder)    at Microsoft.AspNetCore.Hosting.ConfigureBuilder.Invoke(Object instance, IApplicationBuilder builder)
   at Microsoft.AspNetCore.Hosting.ConfigureBuilder.<>c__DisplayClass4_0.<Build>b__0(IApplicationBuilder builder)
   at Microsoft.AspNetCore.Hosting.GenericWebHostBuilder.<>c__DisplayClass13_0.<UseStartup>b__2(IApplicationBuilder app)
   at Microsoft.AspNetCore.Mvc.Filters.MiddlewareFilterBuilderStartupFilter.<>c__DisplayClass0_0.<Configure>g__MiddlewareFilterBuilder|0(IApplicationBuilder builder)
   at Microsoft.AspNetCore.Server.IIS.Core.IISServerSetupFilter.<>c__DisplayClass2_0.<Configure>b__0(IApplicationBuilder app)
   at Microsoft.AspNetCore.HostFilteringStartupFilter.<>c__DisplayClass0_0.<Configure>b__0(IApplicationBuilder app)
   at Microsoft.AspNetCore.Watch.BrowserRefresh.HostingStartup.<>c__DisplayClass1_0.<Configure>b__0(IApplicationBuilder app)
   at Microsoft.AspNetCore.Hosting.GenericWebHostService.StartAsync(CancellationToken cancellationToken)
   at Microsoft.Extensions.Hosting.Internal.Host.StartAsync(CancellationToken cancellationToken)
   at Microsoft.Extensions.Hosting.HostingAbstractionsHostExtensions.RunAsync(IHost host, CancellationToken token)
   at Microsoft.Extensions.Hosting.HostingAbstractionsHostExtensions.RunAsync(IHost host, CancellationToken token)
   at Microsoft.Extensions.Hosting.HostingAbstractionsHostExtensions.Run(IHost host)
   at TOE.TOEIC.Web.Program.Main(String[] args) in D:\nam4ki2\DATN\DA\Toiec-365\Toeic-365-backend-v1\MISA.AMIS\MISA.AMIS.Web\Program.cs:line 23
InvalidOperationException The CORS protocol does not allow specifying a wildcard (any) origin and credentials at the same time. Configure the CORS policy by listing individual origins if credentials needs to be supported. Microsoft.AspNetCore.Cors.Infrastructure.CorsPolicy Build()
2022-05-09 01:22:52  INFO Microsoft.Extensions.Hosting.Internal.ConsoleLifetime.OnApplicationStarted - Application started. Press Ctrl+C to shut down.
2022-05-09 01:22:52  INFO Microsoft.Extensions.Hosting.Internal.ConsoleLifetime.OnApplicationStarted - Hosting environment: Development
2022-05-09 01:22:52  INFO Microsoft.Extensions.Hosting.Internal.ConsoleLifetime.OnApplicationStarted - Content root path: D:\nam4ki2\DATN\DA\Toiec-365\Toeic-365-backend-v1\MISA.AMIS\MISA.AMIS.Web
2022-05-09 01:23:46  INFO Microsoft.Extensions.Hosting.Internal.ConsoleLifetime.OnApplicationStarted - Application started. Press Ctrl+C to shut down.
2022-05-09 01:23:46  INFO Microsoft.Extensions.Hosting.Internal.ConsoleLifetime.OnApplicationStarted - Hosting environment: Development
2022-05-09 01:23:46  INFO Microsoft.Extensions.Hosting.Internal.ConsoleLifetime.OnApplicationStarted - Content root path: D:\nam4ki2\DATN\DA\Toiec-365\Toeic-365-backend-v1\MISA.AMIS\MISA.AMIS.Web
2022-05-09 01:23:59  INFO Microsoft.Extensions.Hosting.Internal.ConsoleLifetime.OnApplicationStarted - Application started. Press Ctrl+C to shut down.
2022-05-09 01:23:59  INFO Microsoft.Extensions.Hosting.Internal.ConsoleLifetime.OnApplicationStarted - Hosting environment: Development
2022-05-09 01:23:59  INFO Microsoft.Extensions.Hosting.Internal.ConsoleLifetime.OnApplicationStarted - Content root path: D:\nam4ki2\DATN\DA\Toiec-365\Toeic-365-backend-v1\MISA.AMIS\MISA.AMIS.Web
2022-05-09 01:24:25  INFO TOE.TOEIC.Web.Controllers.BaseEntityController`1.GetFilter - Filter Menu info : {"Sort":null,"Columns":null,"Filter":"W1siSXNEZWxldGVkIiwiPSIsIjAiXSwiQU5EIixbIlN0YXR1cyIsIj0iLCIxIl0sIkFORCIsWyJJc1Nob3dIb21lIiwiPSIsIjEiXV0=","Delta":0,"PageIndex":1,"PageSize":9999}
2022-05-09 01:24:25  INFO TOE.TOEIC.Web.Controllers.BaseEntityController`1.GetFilter - Filter Post info : {"Sort":null,"Columns":null,"Filter":"W1tbIk1lbnVJRCIsIj0iLCI4ZDBmYjA1ZC01Y2E2LTRjZjYtYWRmYi03NWU1MGQyYTg4YzUiXSwiT1IiLFsiTWVudUlEIiwiPSIsImJlNzFmOTI1LTcyMWItNDg5Mi05YTM5LWM0NTBlYThlYTg4ZCJdLCJPUiIsWyJNZW51SUQiLCI9IiwiZGY4NjdiZDQtOGY3Ny00NDE4LWFmYTMtNWI0OWJkNDI3MGE1Il1dLCJBTkQiLFsiU3RhdHVzIiwiPSIsIjEiXSwiQU5EIixbIklzRGVsZXRlZCIsIj0iLCIwIl1d","Delta":0,"PageIndex":1,"PageSize":9999}
2022-05-09 01:25:55  INFO Microsoft.Extensions.Hosting.Internal.ConsoleLifetime.OnApplicationStarted - Application started. Press Ctrl+C to shut down.
2022-05-09 01:25:55  INFO Microsoft.Extensions.Hosting.Internal.ConsoleLifetime.OnApplicationStarted - Hosting environment: Development
2022-05-09 01:25:55  INFO Microsoft.Extensions.Hosting.Internal.ConsoleLifetime.OnApplicationStarted - Content root path: D:\nam4ki2\DATN\DA\Toiec-365\Toeic-365-backend-v1\MISA.AMIS\MISA.AMIS.Web
2022-05-09 01:32:27  INFO Microsoft.Extensions.Hosting.Internal.ConsoleLifetime.OnApplicationStarted - Application started. Press Ctrl+C to shut down.
2022-05-09 01:32:27  INFO Microsoft.Extensions.Hosting.Internal.ConsoleLifetime.OnApplicationStarted - Hosting environment: Development
2022-05-09 01:32:27  INFO Microsoft.Extensions.Hosting.Internal.ConsoleLifetime.OnApplicationStarted - Content root path: D:\nam4ki2\DATN\DA\Toiec-365\Toeic-365-backend-v1\MISA.AMIS\MISA.AMIS.Web
2022-05-09 01:32:32  INFO Microsoft.Extensions.Hosting.Internal.ConsoleLifetime.OnApplicationStarted - Application started. Press Ctrl+C to shut down.
2022-05-09 01:32:33  INFO Microsoft.Extensions.Hosting.Internal.ConsoleLifetime.OnApplicationStarted - Hosting environment: Development
2022-05-09 01:32:33  INFO Microsoft.Extensions.Hosting.Internal.ConsoleLifetime.OnApplicationStarted - Content root path: D:\nam4ki2\DATN\DA\Toiec-365\Toeic-365-backend-v1\MISA.AMIS\MISA.AMIS.Web
2022-05-09 01:34:15  INFO Microsoft.Extensions.Hosting.Internal.ConsoleLifetime.OnApplicationStarted - Application started. Press Ctrl+C to shut down.
2022-05-09 01:34:16  INFO Microsoft.Extensions.Hosting.Internal.ConsoleLifetime.OnApplicationStarted - Hosting environment: Development
2022-05-09 01:34:16  INFO Microsoft.Extensions.Hosting.Internal.ConsoleLifetime.OnApplicationStarted - Content root path: D:\nam4ki2\DATN\DA\Toiec-365\Toeic-365-backend-v1\MISA.AMIS\MISA.AMIS.Web
2022-05-09 01:35:00 FATAL Microsoft.AspNetCore.Hosting.HostingLoggerExtensions.ApplicationError - Application startup exception
EXCEPTION OCCURRED:System.Exception Could not resolve a service of type 'Microsoft.AspNetCore.Cors.Infrastructure.ICorsService' for the parameter 'corsService' of method 'Configure' on type 'TOE.TOEIC.Web.Startup'. Void Invoke(System.Object, Microsoft.AspNetCore.Builder.IApplicationBuilder)    at Microsoft.AspNetCore.Hosting.ConfigureBuilder.Invoke(Object instance, IApplicationBuilder builder)
   at Microsoft.AspNetCore.Hosting.ConfigureBuilder.<>c__DisplayClass4_0.<Build>b__0(IApplicationBuilder builder)
   at Microsoft.AspNetCore.Hosting.GenericWebHostBuilder.<>c__DisplayClass13_0.<UseStartup>b__2(IApplicationBuilder app)
   at Microsoft.AspNetCore.Mvc.Filters.MiddlewareFilterBuilderStartupFilter.<>c__DisplayClass0_0.<Configure>g__MiddlewareFilterBuilder|0(IApplicationBuilder builder)
   at Microsoft.AspNetCore.Server.IIS.Core.IISServerSetupFilter.<>c__DisplayClass2_0.<Configure>b__0(IApplicationBuilder app)
   at Microsoft.AspNetCore.HostFilteringStartupFilter.<>c__DisplayClass0_0.<Configure>b__0(IApplicationBuilder app)
   at Microsoft.AspNetCore.Watch.BrowserRefresh.HostingStartup.<>c__DisplayClass1_0.<Configure>b__0(IApplicationBuilder app)
   at Microsoft.AspNetCore.Hosting.GenericWebHostService.StartAsync(CancellationToken cancellationToken)
InvalidOperationException The CORS protocol does not allow specifying a wildcard (any) origin and credentials at the same time. Configure the CORS policy by listing individual origins if credentials needs to be supported. Microsoft.AspNetCore.Cors.Infrastructure.CorsPolicy Build()
2022-05-09 01:35:00 FATAL Microsoft.AspNetCore.Hosting.HostingLoggerExtensions.ApplicationError - Application startup exception
EXCEPTION OCCURRED:System.Exception Could not resolve a service of type 'Microsoft.AspNetCore.Cors.Infrastructure.ICorsService' for the parameter 'corsService' of method 'Configure' on type 'TOE.TOEIC.Web.Startup'. Void Invoke(System.Object, Microsoft.AspNetCore.Builder.IApplicationBuilder)    at Microsoft.AspNetCore.Hosting.ConfigureBuilder.Invoke(Object instance, IApplicationBuilder builder)
   at Microsoft.AspNetCore.Hosting.ConfigureBuilder.<>c__DisplayClass4_0.<Build>b__0(IApplicationBuilder builder)
   at Microsoft.AspNetCore.Hosting.GenericWebHostBuilder.<>c__DisplayClass13_0.<UseStartup>b__2(IApplicationBuilder app)
   at Microsoft.AspNetCore.Mvc.Filters.MiddlewareFilterBuilderStartupFilter.<>c__DisplayClass0_0.<Configure>g__MiddlewareFilterBuilder|0(IApplicationBuilder builder)
   at Microsoft.AspNetCore.Server.IIS.Core.IISServerSetupFilter.<>c__DisplayClass2_0.<Configure>b__0(IApplicationBuilder app)
   at Microsoft.AspNetCore.HostFilteringStartupFilter.<>c__DisplayClass0_0.<Configure>b__0(IApplicationBuilder app)
   at Microsoft.AspNetCore.Watch.BrowserRefresh.HostingStartup.<>c__DisplayClass1_0.<Configure>b__0(IApplicationBuilder app)
   at Microsoft.AspNetCore.Hosting.GenericWebHostService.StartAsync(CancellationToken cancellationToken)
InvalidOperationException The CORS protocol does not allow specifying a wildcard (any) origin and credentials at the same time. Configure the CORS policy by listing individual origins if credentials needs to be supported. Microsoft.AspNetCore.Cors.Infrastructure.CorsPolicy Build()
2022-05-09 01:35:00 ERROR TOE.TOEIC.Web.Program.Main - Exception during execution..
EXCEPTION OCCURRED:System.Exception Could not resolve a service of type 'Microsoft.AspNetCore.Cors.Infrastructure.ICorsService' for the parameter 'corsService' of method 'Configure' on type 'TOE.TOEIC.Web.Startup'. Void Invoke(System.Object, Microsoft.AspNetCore.Builder.IApplicationBuilder)    at Microsoft.AspNetCore.Hosting.ConfigureBuilder.Invoke(Object instance, IApplicationBuilder builder)
   at Microsoft.AspNetCore.Hosting.ConfigureBuilder.<>c__DisplayClass4_0.<Build>b__0(IApplicationBuilder builder)
   at Microsoft.AspNetCore.Hosting.GenericWebHostBuilder.<>c__DisplayClass13_0.<UseStartup>b__2(IApplicationBuilder app)
   at Microsoft.AspNetCore.Mvc.Filters.MiddlewareFilterBuilderStartupFilter.<>c__DisplayClass0_0.<Configure>g__MiddlewareFilterBuilder|0(IApplicationBuilder builder)
   at Microsoft.AspNetCore.Server.IIS.Core.IISServerSetupFilter.<>c__DisplayClass2_0.<Configure>b__0(IApplicationBuilder app)
   at Microsoft.AspNetCore.HostFilteringStartupFilter.<>c__DisplayClass0_0.<Configure>b__0(IApplicationBuilder app)
   at Microsoft.AspNetCore.Watch.BrowserRefresh.HostingStartup.<>c__DisplayClass1_0.<Configure>b__0(IApplicationBuilder app)
   at Microsoft.AspNetCore.Hosting.GenericWebHostService.StartAsync(CancellationToken cancellationToken)
   at Microsoft.Extensions.Hosting.Internal.Host.StartAsync(CancellationToken cancellationToken)
   at Microsoft.Extensions.Hosting.HostingAbstractionsHostExtensions.RunAsync(IHost host, CancellationToken token)
   at Microsoft.Extensions.Hosting.HostingAbstractionsHostExtensions.RunAsync(IHost host, CancellationToken token)
   at Microsoft.Extensions.Hosting.HostingAbstractionsHostExtensions.Run(IHost host)
   at TOE.TOEIC.Web.Program.Main(String[] args) in D:\nam4ki2\DATN\DA\Toiec-365\Toeic-365-backend-v1\MISA.AMIS\MISA.AMIS.Web\Program.cs:line 23
InvalidOperationException The CORS protocol does not allow specifying a wildcard (any) origin and credentials at the same time. Configure the CORS policy by listing individual origins if credentials needs to be supported. Microsoft.AspNetCore.Cors.Infrastructure.CorsPolicy Build()
2022-05-09 01:35:00 ERROR TOE.TOEIC.Web.Program.Main - Exception during execution..
EXCEPTION OCCURRED:System.Exception Could not resolve a service of type 'Microsoft.AspNetCore.Cors.Infrastructure.ICorsService' for the parameter 'corsService' of method 'Configure' on type 'TOE.TOEIC.Web.Startup'. Void Invoke(System.Object, Microsoft.AspNetCore.Builder.IApplicationBuilder)    at Microsoft.AspNetCore.Hosting.ConfigureBuilder.Invoke(Object instance, IApplicationBuilder builder)
   at Microsoft.AspNetCore.Hosting.ConfigureBuilder.<>c__DisplayClass4_0.<Build>b__0(IApplicationBuilder builder)
   at Microsoft.AspNetCore.Hosting.GenericWebHostBuilder.<>c__DisplayClass13_0.<UseStartup>b__2(IApplicationBuilder app)
   at Microsoft.AspNetCore.Mvc.Filters.MiddlewareFilterBuilderStartupFilter.<>c__DisplayClass0_0.<Configure>g__MiddlewareFilterBuilder|0(IApplicationBuilder builder)
   at Microsoft.AspNetCore.Server.IIS.Core.IISServerSetupFilter.<>c__DisplayClass2_0.<Configure>b__0(IApplicationBuilder app)
   at Microsoft.AspNetCore.HostFilteringStartupFilter.<>c__DisplayClass0_0.<Configure>b__0(IApplicationBuilder app)
   at Microsoft.AspNetCore.Watch.BrowserRefresh.HostingStartup.<>c__DisplayClass1_0.<Configure>b__0(IApplicationBuilder app)
   at Microsoft.AspNetCore.Hosting.GenericWebHostService.StartAsync(CancellationToken cancellationToken)
   at Microsoft.Extensions.Hosting.Internal.Host.StartAsync(CancellationToken cancellationToken)
   at Microsoft.Extensions.Hosting.HostingAbstractionsHostExtensions.RunAsync(IHost host, CancellationToken token)
   at Microsoft.Extensions.Hosting.HostingAbstractionsHostExtensions.RunAsync(IHost host, CancellationToken token)
   at Microsoft.Extensions.Hosting.HostingAbstractionsHostExtensions.Run(IHost host)
   at TOE.TOEIC.Web.Program.Main(String[] args) in D:\nam4ki2\DATN\DA\Toiec-365\Toeic-365-backend-v1\MISA.AMIS\MISA.AMIS.Web\Program.cs:line 23
InvalidOperationException The CORS protocol does not allow specifying a wildcard (any) origin and credentials at the same time. Configure the CORS policy by listing individual origins if credentials needs to be supported. Microsoft.AspNetCore.Cors.Infrastructure.CorsPolicy Build()
2022-05-09 01:35:27  INFO Microsoft.Extensions.Hosting.Internal.ConsoleLifetime.OnApplicationStarted - Application started. Press Ctrl+C to shut down.
2022-05-09 01:35:27  INFO Microsoft.Extensions.Hosting.Internal.ConsoleLifetime.OnApplicationStarted - Hosting environment: Development
2022-05-09 01:35:27  INFO Microsoft.Extensions.Hosting.Internal.ConsoleLifetime.OnApplicationStarted - Content root path: D:\nam4ki2\DATN\DA\Toiec-365\Toeic-365-backend-v1\MISA.AMIS\MISA.AMIS.Web
2022-05-09 01:43:21  INFO TOE.TOEIC.Web.Controllers.BaseEntityController`1.GetFilter - Filter Menu info : {"Sort":null,"Columns":null,"Filter":"W1siSXNEZWxldGVkIiwiPSIsIjAiXSwiQU5EIixbIlN0YXR1cyIsIj0iLCIxIl0sIkFORCIsWyJJc1Nob3dIb21lIiwiPSIsIjEiXV0=","Delta":0,"PageIndex":1,"PageSize":9999}
2022-05-09 01:43:21  INFO TOE.TOEIC.Web.Controllers.BaseEntityController`1.GetFilter - Filter Post info : {"Sort":null,"Columns":null,"Filter":"W1tbIk1lbnVJRCIsIj0iLCI4ZDBmYjA1ZC01Y2E2LTRjZjYtYWRmYi03NWU1MGQyYTg4YzUiXSwiT1IiLFsiTWVudUlEIiwiPSIsImJlNzFmOTI1LTcyMWItNDg5Mi05YTM5LWM0NTBlYThlYTg4ZCJdLCJPUiIsWyJNZW51SUQiLCI9IiwiZGY4NjdiZDQtOGY3Ny00NDE4LWFmYTMtNWI0OWJkNDI3MGE1Il1dLCJBTkQiLFsiU3RhdHVzIiwiPSIsIjEiXSwiQU5EIixbIklzRGVsZXRlZCIsIj0iLCIwIl1d","Delta":0,"PageIndex":1,"PageSize":9999}
2022-05-09 01:48:43  INFO TOE.TOEIC.Web.Controllers.BaseEntityController`1.GetFilter - Filter Menu info : {"Sort":null,"Columns":null,"Filter":"W1siSXNEZWxldGVkIiwiPSIsIjAiXSwiQU5EIixbIlN0YXR1cyIsIj0iLCIxIl0sIkFORCIsWyJJc1Nob3dIb21lIiwiPSIsIjEiXV0=","Delta":0,"PageIndex":1,"PageSize":9999}
2022-05-09 01:48:43  INFO TOE.TOEIC.Web.Controllers.BaseEntityController`1.GetFilter - Filter Post info : {"Sort":null,"Columns":null,"Filter":"W1tbIk1lbnVJRCIsIj0iLCI4ZDBmYjA1ZC01Y2E2LTRjZjYtYWRmYi03NWU1MGQyYTg4YzUiXSwiT1IiLFsiTWVudUlEIiwiPSIsImJlNzFmOTI1LTcyMWItNDg5Mi05YTM5LWM0NTBlYThlYTg4ZCJdLCJPUiIsWyJNZW51SUQiLCI9IiwiZGY4NjdiZDQtOGY3Ny00NDE4LWFmYTMtNWI0OWJkNDI3MGE1Il1dLCJBTkQiLFsiU3RhdHVzIiwiPSIsIjEiXSwiQU5EIixbIklzRGVsZXRlZCIsIj0iLCIwIl1d","Delta":0,"PageIndex":1,"PageSize":9999}
