2022-04-26 07:00:48  INFO Microsoft.Extensions.Hosting.Internal.ConsoleLifetime.OnApplicationStarted - Application started. Press Ctrl+C to shut down.
2022-04-26 07:00:48  INFO Microsoft.Extensions.Hosting.Internal.ConsoleLifetime.OnApplicationStarted - Hosting environment: Development
2022-04-26 07:00:48  INFO Microsoft.Extensions.Hosting.Internal.ConsoleLifetime.OnApplicationStarted - Content root path: D:\nam4ki2\DATN\DA\Toiec-365\Toeic-365-backend-v1\MISA.AMIS\MISA.AMIS.Web
2022-04-26 07:06:46  INFO TOE.TOEIC.Web.Controllers.BaseEntityController`1.Post - Thêm bản ghi Category: {"CategoryID":"a8fc28c8-b1ab-4713-80d4-1565951be23a","Title":"Văn học","ParentID":"00000000-0000-0000-0000-000000000000","Note":"note","EntityState":1,"CreatedDate":"2022-04-26T00:01:01.422Z","CreatedBy":"string","ModifiedDate":"2022-04-26T00:01:01.422Z","ModifiedBy":"string","Status":true,"IsDeleted":true}
2022-04-26 07:08:59  INFO TOE.TOEIC.Web.Controllers.BaseEntityController`1.Post - Thêm bản ghi Category: {"CategoryID":"cb83b93c-52b1-418d-90c6-d0226c141c29","Title":"Triết học và tâm lý học","ParentID":"00000000-0000-0000-0000-000000000000","Note":"","EntityState":1,"CreatedDate":"2022-04-26T00:01:01.422Z","CreatedBy":"string","ModifiedDate":"2022-04-26T00:01:01.422Z","ModifiedBy":"string","Status":true,"IsDeleted":true}
2022-04-26 07:09:25  INFO TOE.TOEIC.Web.Controllers.BaseEntityController`1.Post - Thêm bản ghi Category: {"CategoryID":"94398e3c-f972-49d0-a5f8-b9fdfd492c64","Title":"Các nguyên tắc chung, Khoa học máy tính, và thông tin","ParentID":"00000000-0000-0000-0000-000000000000","Note":"","EntityState":1,"CreatedDate":"2022-04-26T00:01:01.422Z","CreatedBy":"string","ModifiedDate":"2022-04-26T00:01:01.422Z","ModifiedBy":"string","Status":true,"IsDeleted":true}
2022-04-26 07:09:58  INFO TOE.TOEIC.Web.Controllers.BaseEntityController`1.Post - Thêm bản ghi Category: {"CategoryID":"6eaa5c9d-cb89-4557-865a-bf4b7da22cc7","Title":"Tôn giáo học","ParentID":"00000000-0000-0000-0000-000000000000","Note":"","EntityState":1,"CreatedDate":"2022-04-26T00:01:01.422Z","CreatedBy":"string","ModifiedDate":"2022-04-26T00:01:01.422Z","ModifiedBy":"string","Status":true,"IsDeleted":true}
2022-04-26 07:10:15  INFO TOE.TOEIC.Web.Controllers.BaseEntityController`1.Post - Thêm bản ghi Category: {"CategoryID":"520448e5-e64b-424f-b723-2c06487b6e8b","Title":"Các khoa học xã hội","ParentID":"00000000-0000-0000-0000-000000000000","Note":"","EntityState":1,"CreatedDate":"2022-04-26T00:01:01.422Z","CreatedBy":"string","ModifiedDate":"2022-04-26T00:01:01.422Z","ModifiedBy":"string","Status":true,"IsDeleted":true}
2022-04-26 07:10:31  INFO TOE.TOEIC.Web.Controllers.BaseEntityController`1.Post - Thêm bản ghi Category: {"CategoryID":"3559a16b-6157-4faf-acc9-498771fa7357","Title":"Ngôn ngữ học","ParentID":"00000000-0000-0000-0000-000000000000","Note":"","EntityState":1,"CreatedDate":"2022-04-26T00:01:01.422Z","CreatedBy":"string","ModifiedDate":"2022-04-26T00:01:01.422Z","ModifiedBy":"string","Status":true,"IsDeleted":true}
2022-04-26 07:10:49  INFO TOE.TOEIC.Web.Controllers.BaseEntityController`1.Post - Thêm bản ghi Category: {"CategoryID":"13f9e4a6-971f-4ecb-a45c-b49cda8b3021","Title":"Các khoa học tự nhiên","ParentID":"00000000-0000-0000-0000-000000000000","Note":"","EntityState":1,"CreatedDate":"2022-04-26T00:01:01.422Z","CreatedBy":"string","ModifiedDate":"2022-04-26T00:01:01.422Z","ModifiedBy":"string","Status":true,"IsDeleted":true}
2022-04-26 07:11:03  INFO TOE.TOEIC.Web.Controllers.BaseEntityController`1.Post - Thêm bản ghi Category: {"CategoryID":"9b04384c-27dd-40e4-9e82-0a57db26536c","Title":"Công nghệ và khoa học ứng dụng","ParentID":"00000000-0000-0000-0000-000000000000","Note":"","EntityState":1,"CreatedDate":"2022-04-26T00:01:01.422Z","CreatedBy":"string","ModifiedDate":"2022-04-26T00:01:01.422Z","ModifiedBy":"string","Status":true,"IsDeleted":true}
2022-04-26 07:11:18  INFO TOE.TOEIC.Web.Controllers.BaseEntityController`1.Post - Thêm bản ghi Category: {"CategoryID":"222aa432-29bd-4c84-868f-a52f67889efa","Title":"Nghệ thuật và tái tạo","ParentID":"00000000-0000-0000-0000-000000000000","Note":"","EntityState":1,"CreatedDate":"2022-04-26T00:01:01.422Z","CreatedBy":"string","ModifiedDate":"2022-04-26T00:01:01.422Z","ModifiedBy":"string","Status":true,"IsDeleted":true}
2022-04-26 07:11:34  INFO TOE.TOEIC.Web.Controllers.BaseEntityController`1.Post - Thêm bản ghi Category: {"CategoryID":"29d58753-7166-43d3-a9c8-084bea84beb6","Title":"Địa lý và lịch sử","ParentID":"00000000-0000-0000-0000-000000000000","Note":"","EntityState":1,"CreatedDate":"2022-04-26T00:01:01.422Z","CreatedBy":"string","ModifiedDate":"2022-04-26T00:01:01.422Z","ModifiedBy":"string","Status":true,"IsDeleted":true}
2022-04-26 19:45:59  INFO Microsoft.Extensions.Hosting.Internal.ConsoleLifetime.OnApplicationStarted - Application started. Press Ctrl+C to shut down.
2022-04-26 19:45:59  INFO Microsoft.Extensions.Hosting.Internal.ConsoleLifetime.OnApplicationStarted - Hosting environment: Development
2022-04-26 19:45:59  INFO Microsoft.Extensions.Hosting.Internal.ConsoleLifetime.OnApplicationStarted - Content root path: D:\nam4ki2\DATN\DA\Toiec-365\Toeic-365-backend-v1\MISA.AMIS\MISA.AMIS.Web
2022-04-26 19:46:04  INFO TOE.TOEIC.Web.Controllers.BaseEntityController`1.GetFilter - Filter base info : {"Sort":null,"Columns":null,"Filter":"W1tbIk1lbnVJRCIsIj0iLCI4ZDBmYjA1ZC01Y2E2LTRjZjYtYWRmYi03NWU1MGQyYTg4YzUiXSwiT1IiLFsiTWVudUlEIiwiPSIsImJlNzFmOTI1LTcyMWItNDg5Mi05YTM5LWM0NTBlYThlYTg4ZCJdLCJPUiIsWyJNZW51SUQiLCI9IiwiZGY4NjdiZDQtOGY3Ny00NDE4LWFmYTMtNWI0OWJkNDI3MGE1Il1dLCJBTkQiLFsiU3RhdHVzIiwiPSIsIjEiXSwiQU5EIixbIklzRGVsZXRlZCIsIj0iLCIwIl1d","Delta":0,"PageIndex":1,"PageSize":9999}
2022-04-26 19:46:04  INFO TOE.TOEIC.Web.Controllers.BaseEntityController`1.GetFilter - Filter base info : {"Sort":null,"Columns":null,"Filter":"W1siSXNEZWxldGVkIiwiPSIsIjAiXSwiQU5EIixbIlN0YXR1cyIsIj0iLCIxIl0sIkFORCIsWyJJc1Nob3dIb21lIiwiPSIsIjEiXV0=","Delta":0,"PageIndex":1,"PageSize":9999}
2022-04-26 19:46:43  INFO TOE.TOEIC.Web.Controllers.BaseEntityController`1.GetFilter - Filter base info : {"Sort":null,"Columns":null,"Filter":"W1siSXNEZWxldGVkIiwiPSIsIjAiXSwiQU5EIixbIlN0YXR1cyIsIj0iLCIxIl0sIkFORCIsWyJJc1Nob3dIb21lIiwiPSIsIjEiXV0=","Delta":0,"PageIndex":1,"PageSize":9999}
2022-04-26 19:46:43  INFO TOE.TOEIC.Web.Controllers.BaseEntityController`1.GetFilter - Filter base info : {"Sort":null,"Columns":null,"Filter":"W1siU3RhdHVzIiwiPSIsIjEiXSwiQU5EIixbIklzRGVsZXRlZCIsIj0iLCIwIl1d","Delta":0,"PageIndex":1,"PageSize":5}
2022-04-26 19:46:45  INFO TOE.TOEIC.Web.Controllers.BaseEntityController`1.GetFilter - Filter base info : {"Sort":null,"Columns":null,"Filter":"W1tbIk1lbnVJRCIsIj0iLCI4ZDBmYjA1ZC01Y2E2LTRjZjYtYWRmYi03NWU1MGQyYTg4YzUiXSwiT1IiLFsiTWVudUlEIiwiPSIsImJlNzFmOTI1LTcyMWItNDg5Mi05YTM5LWM0NTBlYThlYTg4ZCJdLCJPUiIsWyJNZW51SUQiLCI9IiwiZGY4NjdiZDQtOGY3Ny00NDE4LWFmYTMtNWI0OWJkNDI3MGE1Il1dLCJBTkQiLFsiU3RhdHVzIiwiPSIsIjEiXSwiQU5EIixbIklzRGVsZXRlZCIsIj0iLCIwIl1d","Delta":0,"PageIndex":1,"PageSize":9999}
2022-04-26 19:46:45  INFO TOE.TOEIC.Web.Controllers.BaseEntityController`1.GetFilter - Filter base info : {"Sort":null,"Columns":null,"Filter":"W1siSXNEZWxldGVkIiwiPSIsIjAiXSwiQU5EIixbIlN0YXR1cyIsIj0iLCIxIl0sIkFORCIsWyJJc1Nob3dIb21lIiwiPSIsIjEiXV0=","Delta":0,"PageIndex":1,"PageSize":9999}
2022-04-26 19:46:47  INFO TOE.TOEIC.Web.Controllers.BaseEntityController`1.GetFilter - Filter base info : {"Sort":null,"Columns":null,"Filter":"W1siSXNEZWxldGVkIiwiPSIsIjAiXSwiQU5EIixbIlN0YXR1cyIsIj0iLCIxIl0sIkFORCIsWyJJc1Nob3dIb21lIiwiPSIsIjEiXV0=","Delta":0,"PageIndex":1,"PageSize":9999}
2022-04-26 19:46:47  INFO TOE.TOEIC.Web.Controllers.BaseEntityController`1.GetFilter - Filter base info : {"Sort":null,"Columns":null,"Filter":"W1siU3RhdHVzIiwiPSIsIjEiXSwiQU5EIixbIklzRGVsZXRlZCIsIj0iLCIwIl1d","Delta":0,"PageIndex":1,"PageSize":5}
2022-04-26 19:46:49  INFO TOE.TOEIC.Web.Controllers.BaseEntityController`1.GetFilter - Filter base info : {"Sort":null,"Columns":null,"Filter":"W1tbIk1lbnVJRCIsIj0iLCI4ZDBmYjA1ZC01Y2E2LTRjZjYtYWRmYi03NWU1MGQyYTg4YzUiXSwiT1IiLFsiTWVudUlEIiwiPSIsImJlNzFmOTI1LTcyMWItNDg5Mi05YTM5LWM0NTBlYThlYTg4ZCJdLCJPUiIsWyJNZW51SUQiLCI9IiwiZGY4NjdiZDQtOGY3Ny00NDE4LWFmYTMtNWI0OWJkNDI3MGE1Il1dLCJBTkQiLFsiU3RhdHVzIiwiPSIsIjEiXSwiQU5EIixbIklzRGVsZXRlZCIsIj0iLCIwIl1d","Delta":0,"PageIndex":1,"PageSize":9999}
2022-04-26 19:46:49  INFO TOE.TOEIC.Web.Controllers.BaseEntityController`1.GetFilter - Filter base info : {"Sort":null,"Columns":null,"Filter":"W1siSXNEZWxldGVkIiwiPSIsIjAiXSwiQU5EIixbIlN0YXR1cyIsIj0iLCIxIl0sIkFORCIsWyJJc1Nob3dIb21lIiwiPSIsIjEiXV0=","Delta":0,"PageIndex":1,"PageSize":9999}
2022-04-26 19:47:02  INFO TOE.TOEIC.Web.Controllers.BaseEntityController`1.GetFilter - Filter base info : {"Sort":null,"Columns":null,"Filter":"W1siSXNEZWxldGVkIiwiPSIsIjAiXV0=","Delta":0,"PageIndex":1,"PageSize":10}
2022-04-26 19:47:03  INFO TOE.TOEIC.Web.Controllers.BaseEntityController`1.GetFilter - Filter base info : {"Sort":null,"Columns":null,"Filter":"W1siSXNEZWxldGVkIiwiPSIsIjAiXV0=","Delta":0,"PageIndex":1,"PageSize":10}
2022-04-26 19:47:05  INFO TOE.TOEIC.Web.Controllers.BaseEntityController`1.GetFilter - Filter base info : {"Sort":null,"Columns":null,"Filter":"W1siSXNEZWxldGVkIiwiPSIsIjAiXV0=","Delta":0,"PageIndex":1,"PageSize":10}
2022-04-26 19:47:06  INFO TOE.TOEIC.Web.Controllers.BaseEntityController`1.GetFilter - Filter base info : {"Sort":null,"Columns":null,"Filter":"W1siSXNEZWxldGVkIiwiPSIsIjAiXV0=","Delta":0,"PageIndex":1,"PageSize":10}
2022-04-26 19:50:04  INFO TOE.TOEIC.Web.Controllers.BaseEntityController`1.GetFilter - Filter base info : {"Sort":null,"Columns":null,"Filter":"W1siSXNEZWxldGVkIiwiPSIsIjAiXV0=","Delta":0,"PageIndex":1,"PageSize":10}
2022-04-26 19:50:04  INFO TOE.TOEIC.Web.Controllers.BaseEntityController`1.GetFilter - Filter base info : {"Sort":null,"Columns":null,"Filter":"W1siSXNEZWxldGVkIiwiPSIsIjAiXV0=","Delta":0,"PageIndex":1,"PageSize":10}
2022-04-26 19:52:37  INFO TOE.TOEIC.Web.Controllers.BaseEntityController`1.GetFilter - Filter base info : {"Sort":null,"Columns":null,"Filter":"W1siSXNEZWxldGVkIiwiPSIsIjAiXV0=","Delta":0,"PageIndex":1,"PageSize":10}
2022-04-26 19:52:37  INFO TOE.TOEIC.Web.Controllers.BaseEntityController`1.GetFilter - Filter base info : {"Sort":null,"Columns":null,"Filter":"W1siSXNEZWxldGVkIiwiPSIsIjAiXV0=","Delta":0,"PageIndex":1,"PageSize":10}
2022-04-26 19:53:00  INFO TOE.TOEIC.Web.Controllers.BaseEntityController`1.GetFilter - Filter base info : {"Sort":null,"Columns":null,"Filter":"W1siSXNEZWxldGVkIiwiPSIsIjAiXV0=","Delta":0,"PageIndex":1,"PageSize":10}
2022-04-26 19:53:02  INFO TOE.TOEIC.Web.Controllers.BaseEntityController`1.GetFilter - Filter base info : {"Sort":null,"Columns":null,"Filter":"W1siSXNEZWxldGVkIiwiPSIsIjAiXV0=","Delta":0,"PageIndex":1,"PageSize":10}
2022-04-26 19:53:05  INFO TOE.TOEIC.Web.Controllers.BaseEntityController`1.GetFilter - Filter base info : {"Sort":null,"Columns":null,"Filter":"W1siSXNEZWxldGVkIiwiPSIsIjAiXV0=","Delta":0,"PageIndex":1,"PageSize":10}
2022-04-26 19:53:10  INFO TOE.TOEIC.Web.Controllers.BaseEntityController`1.GetFilter - Filter base info : {"Sort":null,"Columns":null,"Filter":"W1siSXNEZWxldGVkIiwiPSIsIjAiXV0=","Delta":0,"PageIndex":1,"PageSize":10}
2022-04-26 19:53:12  INFO TOE.TOEIC.Web.Controllers.BaseEntityController`1.GetFilter - Filter base info : {"Sort":null,"Columns":null,"Filter":"W1siSXNEZWxldGVkIiwiPSIsIjAiXV0=","Delta":0,"PageIndex":1,"PageSize":10}
2022-04-26 19:53:13  INFO TOE.TOEIC.Web.Controllers.BaseEntityController`1.Put - Body put BookItem:{"IsReferenceOnly":true,"Price":0.0,"BookFormat":0,"BorrowedDate":"2022-04-23T07:48:29","DueDate":"2022-04-23T07:48:29","DateOfPurchase":"2022-04-23T07:48:29","PublicationDate":"0001-01-01T00:00:00","BookID":"3fa85f64-5717-4562-b3fc-2c963f66afa6","CategoryID":"3fa85f64-5717-4562-b3fc-2c963f66afa6","BookCode":"63765","BookName":"string","Description":"string","Publisher":"string","Author":"string","LanguageCode":"string","Image":"string","EntityState":0,"CreatedDate":"2022-04-23T07:48:29","CreatedBy":"string","ModifiedDate":"2022-04-26T19:53:13.642Z","ModifiedBy":"string","Status":false,"IsDeleted":false}
2022-04-26 19:53:13  INFO TOE.TOEIC.Web.Controllers.BaseEntityController`1.Put - ServiceResult Body put BookItem:{"Data":1,"Messasge":"Thao tác thành công","TOECode":100}
2022-04-26 19:53:13  INFO TOE.TOEIC.Web.Controllers.BaseEntityController`1.GetFilter - Filter base info : {"Sort":null,"Columns":null,"Filter":"W1siSXNEZWxldGVkIiwiPSIsIjAiXV0=","Delta":0,"PageIndex":1,"PageSize":10}
2022-04-26 19:53:18  INFO TOE.TOEIC.Web.Controllers.BaseEntityController`1.GetFilter - Filter base info : {"Sort":null,"Columns":null,"Filter":"W1siSXNEZWxldGVkIiwiPSIsIjAiXV0=","Delta":0,"PageIndex":1,"PageSize":10}
2022-04-26 20:02:12  INFO TOE.TOEIC.Web.Controllers.BaseEntityController`1.GetFilter - Filter base info : {"Sort":null,"Columns":null,"Filter":"W1siSXNEZWxldGVkIiwiPSIsIjAiXSwiQU5EIixbIlN0YXR1cyIsIj0iLCIxIl0sIkFORCIsWyJJc1Nob3dIb21lIiwiPSIsIjEiXV0=","Delta":0,"PageIndex":1,"PageSize":9999}
2022-04-26 20:02:12  INFO TOE.TOEIC.Web.Controllers.BaseEntityController`1.GetFilter - Filter base info : {"Sort":null,"Columns":null,"Filter":"W1tbIk1lbnVJRCIsIj0iLCI4ZDBmYjA1ZC01Y2E2LTRjZjYtYWRmYi03NWU1MGQyYTg4YzUiXSwiT1IiLFsiTWVudUlEIiwiPSIsImJlNzFmOTI1LTcyMWItNDg5Mi05YTM5LWM0NTBlYThlYTg4ZCJdLCJPUiIsWyJNZW51SUQiLCI9IiwiZGY4NjdiZDQtOGY3Ny00NDE4LWFmYTMtNWI0OWJkNDI3MGE1Il1dLCJBTkQiLFsiU3RhdHVzIiwiPSIsIjEiXSwiQU5EIixbIklzRGVsZXRlZCIsIj0iLCIwIl1d","Delta":0,"PageIndex":1,"PageSize":9999}
2022-04-26 20:09:49  INFO TOE.TOEIC.Web.Controllers.BaseEntityController`1.GetFilter - Filter base info : {"Sort":null,"Columns":null,"Filter":"W1tbIk1lbnVJRCIsIj0iLCI4ZDBmYjA1ZC01Y2E2LTRjZjYtYWRmYi03NWU1MGQyYTg4YzUiXSwiT1IiLFsiTWVudUlEIiwiPSIsImJlNzFmOTI1LTcyMWItNDg5Mi05YTM5LWM0NTBlYThlYTg4ZCJdLCJPUiIsWyJNZW51SUQiLCI9IiwiZGY4NjdiZDQtOGY3Ny00NDE4LWFmYTMtNWI0OWJkNDI3MGE1Il1dLCJBTkQiLFsiU3RhdHVzIiwiPSIsIjEiXSwiQU5EIixbIklzRGVsZXRlZCIsIj0iLCIwIl1d","Delta":0,"PageIndex":1,"PageSize":9999}
2022-04-26 20:09:49  INFO TOE.TOEIC.Web.Controllers.BaseEntityController`1.GetFilter - Filter base info : {"Sort":null,"Columns":null,"Filter":"W1siSXNEZWxldGVkIiwiPSIsIjAiXSwiQU5EIixbIlN0YXR1cyIsIj0iLCIxIl0sIkFORCIsWyJJc1Nob3dIb21lIiwiPSIsIjEiXV0=","Delta":0,"PageIndex":1,"PageSize":9999}
2022-04-26 20:11:00  INFO TOE.TOEIC.Web.Controllers.BaseEntityController`1.GetFilter - Filter base info : {"Sort":null,"Columns":null,"Filter":"W1siSXNEZWxldGVkIiwiPSIsIjAiXSwiQU5EIixbIlN0YXR1cyIsIj0iLCIxIl0sIkFORCIsWyJJc1Nob3dIb21lIiwiPSIsIjEiXV0=","Delta":0,"PageIndex":1,"PageSize":9999}
2022-04-26 20:11:00  INFO TOE.TOEIC.Web.Controllers.BaseEntityController`1.GetFilter - Filter base info : {"Sort":null,"Columns":null,"Filter":"W1siSXNEZWxldGVkIiwiPSIsIjAiXV0=","Delta":0,"PageIndex":1,"PageSize":10}
2022-04-26 20:11:00  INFO TOE.TOEIC.Web.Controllers.BaseEntityController`1.GetFilter - Filter base info : {"Sort":null,"Columns":null,"Filter":"W1tbIk1lbnVJRCIsIj0iLCI4ZDBmYjA1ZC01Y2E2LTRjZjYtYWRmYi03NWU1MGQyYTg4YzUiXSwiT1IiLFsiTWVudUlEIiwiPSIsImJlNzFmOTI1LTcyMWItNDg5Mi05YTM5LWM0NTBlYThlYTg4ZCJdLCJPUiIsWyJNZW51SUQiLCI9IiwiZGY4NjdiZDQtOGY3Ny00NDE4LWFmYTMtNWI0OWJkNDI3MGE1Il1dLCJBTkQiLFsiU3RhdHVzIiwiPSIsIjEiXSwiQU5EIixbIklzRGVsZXRlZCIsIj0iLCIwIl1d","Delta":0,"PageIndex":1,"PageSize":9999}
2022-04-26 20:14:51  INFO TOE.TOEIC.Web.Controllers.BaseEntityController`1.GetFilter - Filter base info : {"Sort":null,"Columns":null,"Filter":"W1tbIk1lbnVJRCIsIj0iLCI4ZDBmYjA1ZC01Y2E2LTRjZjYtYWRmYi03NWU1MGQyYTg4YzUiXSwiT1IiLFsiTWVudUlEIiwiPSIsImJlNzFmOTI1LTcyMWItNDg5Mi05YTM5LWM0NTBlYThlYTg4ZCJdLCJPUiIsWyJNZW51SUQiLCI9IiwiZGY4NjdiZDQtOGY3Ny00NDE4LWFmYTMtNWI0OWJkNDI3MGE1Il1dLCJBTkQiLFsiU3RhdHVzIiwiPSIsIjEiXSwiQU5EIixbIklzRGVsZXRlZCIsIj0iLCIwIl1d","Delta":0,"PageIndex":1,"PageSize":9999}
2022-04-26 20:14:51  INFO TOE.TOEIC.Web.Controllers.BaseEntityController`1.GetFilter - Filter base info : {"Sort":null,"Columns":null,"Filter":"W1siSXNEZWxldGVkIiwiPSIsIjAiXSwiQU5EIixbIlN0YXR1cyIsIj0iLCIxIl0sIkFORCIsWyJJc1Nob3dIb21lIiwiPSIsIjEiXV0=","Delta":0,"PageIndex":1,"PageSize":9999}
2022-04-26 20:17:45  INFO TOE.TOEIC.Web.Controllers.BaseEntityController`1.GetFilter - Filter base info : {"Sort":null,"Columns":null,"Filter":"W1siSXNEZWxldGVkIiwiPSIsIjAiXSwiQU5EIixbIlN0YXR1cyIsIj0iLCIxIl0sIkFORCIsWyJJc1Nob3dIb21lIiwiPSIsIjEiXV0=","Delta":0,"PageIndex":1,"PageSize":9999}
2022-04-26 20:17:45  INFO TOE.TOEIC.Web.Controllers.BaseEntityController`1.GetFilter - Filter base info : {"Sort":null,"Columns":null,"Filter":"W1tbIk1lbnVJRCIsIj0iLCI4ZDBmYjA1ZC01Y2E2LTRjZjYtYWRmYi03NWU1MGQyYTg4YzUiXSwiT1IiLFsiTWVudUlEIiwiPSIsImJlNzFmOTI1LTcyMWItNDg5Mi05YTM5LWM0NTBlYThlYTg4ZCJdLCJPUiIsWyJNZW51SUQiLCI9IiwiZGY4NjdiZDQtOGY3Ny00NDE4LWFmYTMtNWI0OWJkNDI3MGE1Il1dLCJBTkQiLFsiU3RhdHVzIiwiPSIsIjEiXSwiQU5EIixbIklzRGVsZXRlZCIsIj0iLCIwIl1d","Delta":0,"PageIndex":1,"PageSize":9999}
2022-04-26 20:18:57  INFO TOE.TOEIC.Web.Controllers.BaseEntityController`1.GetFilter - Filter base info : {"Sort":null,"Columns":null,"Filter":"W1tbIk1lbnVJRCIsIj0iLCI4ZDBmYjA1ZC01Y2E2LTRjZjYtYWRmYi03NWU1MGQyYTg4YzUiXSwiT1IiLFsiTWVudUlEIiwiPSIsImJlNzFmOTI1LTcyMWItNDg5Mi05YTM5LWM0NTBlYThlYTg4ZCJdLCJPUiIsWyJNZW51SUQiLCI9IiwiZGY4NjdiZDQtOGY3Ny00NDE4LWFmYTMtNWI0OWJkNDI3MGE1Il1dLCJBTkQiLFsiU3RhdHVzIiwiPSIsIjEiXSwiQU5EIixbIklzRGVsZXRlZCIsIj0iLCIwIl1d","Delta":0,"PageIndex":1,"PageSize":9999}
2022-04-26 20:18:57  INFO TOE.TOEIC.Web.Controllers.BaseEntityController`1.GetFilter - Filter base info : {"Sort":null,"Columns":null,"Filter":"W1siSXNEZWxldGVkIiwiPSIsIjAiXSwiQU5EIixbIlN0YXR1cyIsIj0iLCIxIl0sIkFORCIsWyJJc1Nob3dIb21lIiwiPSIsIjEiXV0=","Delta":0,"PageIndex":1,"PageSize":9999}
2022-04-26 20:19:03  INFO TOE.TOEIC.Web.Controllers.BaseEntityController`1.GetFilter - Filter base info : {"Sort":null,"Columns":null,"Filter":"W1siSXNEZWxldGVkIiwiPSIsIjAiXV0=","Delta":0,"PageIndex":1,"PageSize":10}
2022-04-26 20:19:04  INFO TOE.TOEIC.Web.Controllers.BaseEntityController`1.GetFilter - Filter base info : {"Sort":null,"Columns":null,"Filter":"W1siSXNEZWxldGVkIiwiPSIsIjAiXV0=","Delta":0,"PageIndex":1,"PageSize":10}
2022-04-26 20:33:14  INFO TOE.TOEIC.Web.Controllers.BaseEntityController`1.GetFilter - Filter base info : {"Sort":null,"Columns":null,"Filter":"W1siSXNEZWxldGVkIiwiPSIsIjAiXV0=","Delta":0,"PageIndex":1,"PageSize":10}
2022-04-26 20:33:15  INFO TOE.TOEIC.Web.Controllers.BaseEntityController`1.GetFilter - Filter base info : {"Sort":null,"Columns":null,"Filter":"W1siSXNEZWxldGVkIiwiPSIsIjAiXV0=","Delta":0,"PageIndex":1,"PageSize":10}
2022-04-26 20:33:33  INFO TOE.TOEIC.Web.Controllers.BaseEntityController`1.GetFilter - Filter base info : {"Sort":null,"Columns":null,"Filter":"W1tbIk1lbnVJRCIsIj0iLCI4ZDBmYjA1ZC01Y2E2LTRjZjYtYWRmYi03NWU1MGQyYTg4YzUiXSwiT1IiLFsiTWVudUlEIiwiPSIsImJlNzFmOTI1LTcyMWItNDg5Mi05YTM5LWM0NTBlYThlYTg4ZCJdLCJPUiIsWyJNZW51SUQiLCI9IiwiZGY4NjdiZDQtOGY3Ny00NDE4LWFmYTMtNWI0OWJkNDI3MGE1Il1dLCJBTkQiLFsiU3RhdHVzIiwiPSIsIjEiXSwiQU5EIixbIklzRGVsZXRlZCIsIj0iLCIwIl1d","Delta":0,"PageIndex":1,"PageSize":9999}
2022-04-26 20:33:33  INFO TOE.TOEIC.Web.Controllers.BaseEntityController`1.GetFilter - Filter base info : {"Sort":null,"Columns":null,"Filter":"W1siSXNEZWxldGVkIiwiPSIsIjAiXSwiQU5EIixbIlN0YXR1cyIsIj0iLCIxIl0sIkFORCIsWyJJc1Nob3dIb21lIiwiPSIsIjEiXV0=","Delta":0,"PageIndex":1,"PageSize":9999}
2022-04-26 20:33:38  INFO TOE.TOEIC.Web.Controllers.BaseEntityController`1.GetFilter - Filter base info : {"Sort":null,"Columns":null,"Filter":"W1siSXNEZWxldGVkIiwiPSIsIjAiXV0=","Delta":0,"PageIndex":1,"PageSize":10}
2022-04-26 20:33:38  INFO TOE.TOEIC.Web.Controllers.BaseEntityController`1.GetFilter - Filter base info : {"Sort":null,"Columns":null,"Filter":"W1siSXNEZWxldGVkIiwiPSIsIjAiXV0=","Delta":0,"PageIndex":1,"PageSize":10}
2022-04-26 20:51:41  INFO TOE.TOEIC.Web.Controllers.BaseEntityController`1.GetFilter - Filter base info : {"Sort":null,"Columns":null,"Filter":"W1tbIk1lbnVJRCIsIj0iLCI4ZDBmYjA1ZC01Y2E2LTRjZjYtYWRmYi03NWU1MGQyYTg4YzUiXSwiT1IiLFsiTWVudUlEIiwiPSIsImJlNzFmOTI1LTcyMWItNDg5Mi05YTM5LWM0NTBlYThlYTg4ZCJdLCJPUiIsWyJNZW51SUQiLCI9IiwiZGY4NjdiZDQtOGY3Ny00NDE4LWFmYTMtNWI0OWJkNDI3MGE1Il1dLCJBTkQiLFsiU3RhdHVzIiwiPSIsIjEiXSwiQU5EIixbIklzRGVsZXRlZCIsIj0iLCIwIl1d","Delta":0,"PageIndex":1,"PageSize":9999}
2022-04-26 20:51:41  INFO TOE.TOEIC.Web.Controllers.BaseEntityController`1.GetFilter - Filter base info : {"Sort":null,"Columns":null,"Filter":"W1siSXNEZWxldGVkIiwiPSIsIjAiXSwiQU5EIixbIlN0YXR1cyIsIj0iLCIxIl0sIkFORCIsWyJJc1Nob3dIb21lIiwiPSIsIjEiXV0=","Delta":0,"PageIndex":1,"PageSize":9999}
2022-04-26 20:58:27  INFO TOE.TOEIC.Web.Controllers.BaseEntityController`1.GetFilter - Filter base info : {"Sort":null,"Columns":null,"Filter":"W1tbIk1lbnVJRCIsIj0iLCI4ZDBmYjA1ZC01Y2E2LTRjZjYtYWRmYi03NWU1MGQyYTg4YzUiXSwiT1IiLFsiTWVudUlEIiwiPSIsImJlNzFmOTI1LTcyMWItNDg5Mi05YTM5LWM0NTBlYThlYTg4ZCJdLCJPUiIsWyJNZW51SUQiLCI9IiwiZGY4NjdiZDQtOGY3Ny00NDE4LWFmYTMtNWI0OWJkNDI3MGE1Il1dLCJBTkQiLFsiU3RhdHVzIiwiPSIsIjEiXSwiQU5EIixbIklzRGVsZXRlZCIsIj0iLCIwIl1d","Delta":0,"PageIndex":1,"PageSize":9999}
2022-04-26 20:58:28  INFO TOE.TOEIC.Web.Controllers.BaseEntityController`1.GetFilter - Filter base info : {"Sort":null,"Columns":null,"Filter":"W1siSXNEZWxldGVkIiwiPSIsIjAiXSwiQU5EIixbIlN0YXR1cyIsIj0iLCIxIl0sIkFORCIsWyJJc1Nob3dIb21lIiwiPSIsIjEiXV0=","Delta":0,"PageIndex":1,"PageSize":9999}
2022-04-26 20:58:42  INFO TOE.TOEIC.Web.Controllers.BaseEntityController`1.GetFilter - Filter base info : {"Sort":null,"Columns":null,"Filter":"W1siSXNEZWxldGVkIiwiPSIsIjAiXV0=","Delta":0,"PageIndex":1,"PageSize":10}
2022-04-26 20:58:43  INFO TOE.TOEIC.Web.Controllers.BaseEntityController`1.GetFilter - Filter base info : {"Sort":null,"Columns":null,"Filter":"W1siSXNEZWxldGVkIiwiPSIsIjAiXV0=","Delta":0,"PageIndex":1,"PageSize":10}
2022-04-26 20:59:33  INFO TOE.TOEIC.Web.Controllers.BaseEntityController`1.GetFilter - Filter base info : {"Sort":null,"Columns":null,"Filter":"W1siSXNEZWxldGVkIiwiPSIsIjAiXV0=","Delta":0,"PageIndex":1,"PageSize":10}
2022-04-26 20:59:33  INFO TOE.TOEIC.Web.Controllers.BaseEntityController`1.GetFilter - Filter base info : {"Sort":null,"Columns":null,"Filter":"W1siSXNEZWxldGVkIiwiPSIsIjAiXV0=","Delta":0,"PageIndex":1,"PageSize":10}
2022-04-26 20:59:35  INFO TOE.TOEIC.Web.Controllers.BaseEntityController`1.GetFilter - Filter base info : {"Sort":null,"Columns":null,"Filter":"W1siSXNEZWxldGVkIiwiPSIsIjAiXV0=","Delta":0,"PageIndex":1,"PageSize":10}
2022-04-26 20:59:35  INFO TOE.TOEIC.Web.Controllers.BaseEntityController`1.GetFilter - Filter base info : {"Sort":null,"Columns":null,"Filter":"W1siSXNEZWxldGVkIiwiPSIsIjAiXV0=","Delta":0,"PageIndex":1,"PageSize":10}
2022-04-26 21:00:21  INFO TOE.TOEIC.Web.Controllers.BaseEntityController`1.GetFilter - Filter base info : {"Sort":null,"Columns":null,"Filter":"W1siSXNEZWxldGVkIiwiPSIsIjAiXSwiQU5EIixbWyJCb29rQ29kZSIsIkNPTlRBSU5TIiwiMTk0NTUiXV1d","Delta":0,"PageIndex":1,"PageSize":10}
2022-04-26 21:00:24  INFO TOE.TOEIC.Web.Controllers.BaseEntityController`1.GetFilter - Filter base info : {"Sort":null,"Columns":null,"Filter":"W1siSXNEZWxldGVkIiwiPSIsIjAiXV0=","Delta":0,"PageIndex":1,"PageSize":10}
2022-04-26 21:08:10  INFO TOE.TOEIC.Web.Controllers.BaseEntityController`1.GetFilter - Filter base info : {"Sort":null,"Columns":null,"Filter":"W1siSXNEZWxldGVkIiwiPSIsIjAiXV0=","Delta":0,"PageIndex":1,"PageSize":10}
2022-04-26 21:11:50  INFO TOE.TOEIC.Web.Controllers.BaseEntityController`1.GetFilter - Filter base info : {"Sort":null,"Columns":null,"Filter":"W1siSXNEZWxldGVkIiwiPSIsIjAiXSwiQU5EIixbIlN0YXR1cyIsIj0iLCIxIl0sIkFORCIsWyJJc1Nob3dIb21lIiwiPSIsIjEiXV0=","Delta":0,"PageIndex":1,"PageSize":9999}
2022-04-26 21:11:50  INFO TOE.TOEIC.Web.Controllers.BaseEntityController`1.GetFilter - Filter base info : {"Sort":null,"Columns":null,"Filter":"W1tbIk1lbnVJRCIsIj0iLCI4ZDBmYjA1ZC01Y2E2LTRjZjYtYWRmYi03NWU1MGQyYTg4YzUiXSwiT1IiLFsiTWVudUlEIiwiPSIsImJlNzFmOTI1LTcyMWItNDg5Mi05YTM5LWM0NTBlYThlYTg4ZCJdLCJPUiIsWyJNZW51SUQiLCI9IiwiZGY4NjdiZDQtOGY3Ny00NDE4LWFmYTMtNWI0OWJkNDI3MGE1Il1dLCJBTkQiLFsiU3RhdHVzIiwiPSIsIjEiXSwiQU5EIixbIklzRGVsZXRlZCIsIj0iLCIwIl1d","Delta":0,"PageIndex":1,"PageSize":9999}
2022-04-26 21:12:11  INFO TOE.TOEIC.Web.Controllers.BaseEntityController`1.GetFilter - Filter base info : {"Sort":null,"Columns":null,"Filter":"W1siSXNEZWxldGVkIiwiPSIsIjAiXV0=","Delta":0,"PageIndex":1,"PageSize":10}
2022-04-26 21:12:12  INFO TOE.TOEIC.Web.Controllers.BaseEntityController`1.GetFilter - Filter base info : {"Sort":null,"Columns":null,"Filter":"W1siSXNEZWxldGVkIiwiPSIsIjAiXV0=","Delta":0,"PageIndex":1,"PageSize":10}
2022-04-26 21:14:24  INFO Microsoft.Extensions.Hosting.Internal.ConsoleLifetime.OnApplicationStarted - Application started. Press Ctrl+C to shut down.
2022-04-26 21:14:24  INFO Microsoft.Extensions.Hosting.Internal.ConsoleLifetime.OnApplicationStarted - Hosting environment: Development
2022-04-26 21:14:24  INFO Microsoft.Extensions.Hosting.Internal.ConsoleLifetime.OnApplicationStarted - Content root path: D:\nam4ki2\DATN\DA\Toiec-365\Toeic-365-backend-v1\MISA.AMIS\MISA.AMIS.Web
2022-04-26 21:15:06  INFO TOE.TOEIC.Web.Controllers.BaseEntityController`1.GetFilter - Filter Post info : {"Sort":null,"Columns":null,"Filter":"W1siSXNEZWxldGVkIiwiPSIsIjAiXV0=","Delta":0,"PageIndex":1,"PageSize":10}
2022-04-26 21:15:12  INFO TOE.TOEIC.Web.Controllers.BaseEntityController`1.GetFilter - Filter BookItem info : {"Sort":null,"Columns":null,"Filter":"W1siSXNEZWxldGVkIiwiPSIsIjAiXV0=","Delta":0,"PageIndex":1,"PageSize":10}
2022-04-26 21:15:20  INFO TOE.TOEIC.Web.Controllers.BaseEntityController`1.GetFilter - Filter BookItem info : {"Sort":null,"Columns":null,"Filter":"W1siSXNEZWxldGVkIiwiPSIsIjAiXSwiQU5EIixbWyJCb29rQ29kZSIsIkNPTlRBSU5TIiwiYSJdLCJPUiIsWyJCb29rTmFtZSIsIkNPTlRBSU5TIiwiYSJdLCJPUiIsWyJEZXNjcmlwdGlvbiIsIkNPTlRBSU5TIiwiYSJdLCJPUiIsWyJQdWJsaXNoZXIiLCJDT05UQUlOUyIsImEiXV1d","Delta":0,"PageIndex":1,"PageSize":10}
2022-04-26 21:15:24  INFO TOE.TOEIC.Web.Controllers.BaseEntityController`1.GetFilter - Filter BookItem info : {"Sort":null,"Columns":null,"Filter":"W1siSXNEZWxldGVkIiwiPSIsIjAiXV0=","Delta":0,"PageIndex":1,"PageSize":10}
2022-04-26 21:15:30  INFO TOE.TOEIC.Web.Controllers.BaseEntityController`1.GetFilter - Filter Post info : {"Sort":null,"Columns":null,"Filter":"W1siSXNEZWxldGVkIiwiPSIsIjAiXV0=","Delta":0,"PageIndex":1,"PageSize":10}
2022-04-26 21:15:39  INFO TOE.TOEIC.Web.Controllers.BaseEntityController`1.GetFilter - Filter BookItem info : {"Sort":null,"Columns":null,"Filter":"W1siSXNEZWxldGVkIiwiPSIsIjAiXV0=","Delta":0,"PageIndex":1,"PageSize":10}
2022-04-26 21:16:32  INFO TOE.TOEIC.Web.Controllers.BaseEntityController`1.GetFilter - Filter BookItem info : {"Sort":null,"Columns":null,"Filter":"W1siSXNEZWxldGVkIiwiPSIsIjAiXV0=","Delta":0,"PageIndex":1,"PageSize":10}
2022-04-26 21:16:32  INFO TOE.TOEIC.Web.Controllers.BaseEntityController`1.GetFilter - Filter Category info : {"Sort":null,"Columns":null,"Filter":"W1siSXNEZWxldGVkIiwiPSIsIjAiXSxbIlN0YXR1cyIsIj0iLCIxIl1d","Delta":0,"PageIndex":1,"PageSize":9999}
2022-04-26 21:16:32  INFO TOE.TOEIC.Web.Controllers.BaseEntityController`1.GetFilter - Filter BookItem info : {"Sort":null,"Columns":null,"Filter":"W1siSXNEZWxldGVkIiwiPSIsIjAiXV0=","Delta":0,"PageIndex":1,"PageSize":10}
2022-04-26 21:16:53 ERROR TOE.TOEIC.Web.Controllers.BaseEntityController`1.GetFilter - Lỗi GetFilter: You have an error in your SQL syntax; check the manual that corresponds to your MariaDB server version for the right syntax to use near '( Status = '1' )  )' at line 1
2022-04-26 21:16:53 ERROR TOE.TOEIC.Web.Controllers.BaseEntityController`1.GetFilter - Lỗi GetFilter: You have an error in your SQL syntax; check the manual that corresponds to your MariaDB server version for the right syntax to use near '( Status = '1' )  )' at line 1
2022-04-26 21:17:49  INFO TOE.TOEIC.Web.Controllers.BaseEntityController`1.GetFilter - Filter BookItem info : {"Sort":null,"Columns":null,"Filter":"W1siSXNEZWxldGVkIiwiPSIsIjAiXV0=","Delta":0,"PageIndex":1,"PageSize":10}
2022-04-26 21:17:49  INFO TOE.TOEIC.Web.Controllers.BaseEntityController`1.GetFilter - Filter Category info : {"Sort":null,"Columns":null,"Filter":"W1siSXNEZWxldGVkIiwiPSIsIjAiXSwiTiJd","Delta":0,"PageIndex":1,"PageSize":9999}
2022-04-26 21:17:49  INFO TOE.TOEIC.Web.Controllers.BaseEntityController`1.GetFilter - Filter BookItem info : {"Sort":null,"Columns":null,"Filter":"W1siSXNEZWxldGVkIiwiPSIsIjAiXV0=","Delta":0,"PageIndex":1,"PageSize":10}
2022-04-26 21:18:14  INFO TOE.TOEIC.Web.Controllers.BaseEntityController`1.GetFilter - Filter BookItem info : {"Sort":null,"Columns":null,"Filter":"W1siSXNEZWxldGVkIiwiPSIsIjAiXV0=","Delta":0,"PageIndex":1,"PageSize":10}
2022-04-26 21:18:14  INFO TOE.TOEIC.Web.Controllers.BaseEntityController`1.GetFilter - Filter Category info : {"Sort":null,"Columns":null,"Filter":"W1siSXNEZWxldGVkIiwiPSIsIjAiXSwiQU5EIixbIjEiXV0=","Delta":0,"PageIndex":1,"PageSize":9999}
2022-04-26 21:18:32 ERROR TOE.TOEIC.Web.Controllers.BaseEntityController`1.GetFilter - Lỗi GetFilter: You have an error in your SQL syntax; check the manual that corresponds to your MariaDB server version for the right syntax to use near ')  )' at line 1
2022-04-26 21:18:32 ERROR TOE.TOEIC.Web.Controllers.BaseEntityController`1.GetFilter - Lỗi GetFilter: You have an error in your SQL syntax; check the manual that corresponds to your MariaDB server version for the right syntax to use near ')  )' at line 1
2022-04-26 21:18:32  INFO TOE.TOEIC.Web.Controllers.BaseEntityController`1.GetFilter - Filter BookItem info : {"Sort":null,"Columns":null,"Filter":"W1siSXNEZWxldGVkIiwiPSIsIjAiXV0=","Delta":0,"PageIndex":1,"PageSize":10}
2022-04-26 21:18:46  INFO TOE.TOEIC.Web.Controllers.BaseEntityController`1.GetFilter - Filter BookItem info : {"Sort":null,"Columns":null,"Filter":"W1siSXNEZWxldGVkIiwiPSIsIjAiXV0=","Delta":0,"PageIndex":1,"PageSize":10}
2022-04-26 21:18:46  INFO TOE.TOEIC.Web.Controllers.BaseEntityController`1.GetFilter - Filter BookItem info : {"Sort":null,"Columns":null,"Filter":"W1siSXNEZWxldGVkIiwiPSIsIjAiXV0=","Delta":0,"PageIndex":1,"PageSize":10}
2022-04-26 21:18:46  INFO TOE.TOEIC.Web.Controllers.BaseEntityController`1.GetFilter - Filter Category info : {"Sort":null,"Columns":null,"Filter":"W1siSXNEZWxldGVkIiwiPSIsIjAiXSwiQU5EIixbIlN0YXR1cyIsIj0iLCIxIl1d","Delta":0,"PageIndex":1,"PageSize":9999}
2022-04-26 21:18:54  INFO TOE.TOEIC.Web.Controllers.BaseEntityController`1.GetFilter - Filter Post info : {"Sort":null,"Columns":null,"Filter":"W1siSXNEZWxldGVkIiwiPSIsIjAiXV0=","Delta":0,"PageIndex":1,"PageSize":10}
2022-04-26 21:18:54  INFO TOE.TOEIC.Web.Controllers.BaseEntityController`1.GetFilter - Filter Post info : {"Sort":null,"Columns":null,"Filter":"W1siSXNEZWxldGVkIiwiPSIsIjAiXV0=","Delta":0,"PageIndex":1,"PageSize":10}
2022-04-26 21:19:00  INFO TOE.TOEIC.Web.Controllers.BaseEntityController`1.GetFilter - Filter BookItem info : {"Sort":null,"Columns":null,"Filter":"W1siSXNEZWxldGVkIiwiPSIsIjAiXV0=","Delta":0,"PageIndex":1,"PageSize":10}
2022-04-26 21:19:00  INFO TOE.TOEIC.Web.Controllers.BaseEntityController`1.GetFilter - Filter Category info : {"Sort":null,"Columns":null,"Filter":"W1siSXNEZWxldGVkIiwiPSIsIjAiXSwiQU5EIixbIlN0YXR1cyIsIj0iLCIxIl1d","Delta":0,"PageIndex":1,"PageSize":9999}
2022-04-26 21:19:01  INFO TOE.TOEIC.Web.Controllers.BaseEntityController`1.GetFilter - Filter BookItem info : {"Sort":null,"Columns":null,"Filter":"W1siSXNEZWxldGVkIiwiPSIsIjAiXV0=","Delta":0,"PageIndex":1,"PageSize":10}
2022-04-26 21:19:38  INFO TOE.TOEIC.Web.Controllers.BaseEntityController`1.GetFilter - Filter BookItem info : {"Sort":null,"Columns":null,"Filter":"W1siSXNEZWxldGVkIiwiPSIsIjAiXV0=","Delta":0,"PageIndex":1,"PageSize":10}
2022-04-26 21:19:38  INFO TOE.TOEIC.Web.Controllers.BaseEntityController`1.GetFilter - Filter Category info : {"Sort":null,"Columns":null,"Filter":"W1siSXNEZWxldGVkIiwiPSIsIjAiXSwiQU5EIixbIlN0YXR1cyIsIj0iLCIxIl1d","Delta":0,"PageIndex":1,"PageSize":9999}
2022-04-26 21:19:38  INFO TOE.TOEIC.Web.Controllers.BaseEntityController`1.GetFilter - Filter BookItem info : {"Sort":null,"Columns":null,"Filter":"W1siSXNEZWxldGVkIiwiPSIsIjAiXV0=","Delta":0,"PageIndex":1,"PageSize":10}
2022-04-26 21:19:44  INFO TOE.TOEIC.Web.Controllers.BaseEntityController`1.GetFilter - Filter Post info : {"Sort":null,"Columns":null,"Filter":"W1siSXNEZWxldGVkIiwiPSIsIjAiXV0=","Delta":0,"PageIndex":1,"PageSize":10}
2022-04-26 21:19:45  INFO TOE.TOEIC.Web.Controllers.BaseEntityController`1.GetFilter - Filter Post info : {"Sort":null,"Columns":null,"Filter":"W1siSXNEZWxldGVkIiwiPSIsIjAiXV0=","Delta":0,"PageIndex":1,"PageSize":10}
2022-04-26 21:20:02  INFO TOE.TOEIC.Web.Controllers.BaseEntityController`1.GetFilter - Filter BookItem info : {"Sort":null,"Columns":null,"Filter":"W1siSXNEZWxldGVkIiwiPSIsIjAiXV0=","Delta":0,"PageIndex":1,"PageSize":10}
2022-04-26 21:20:02  INFO TOE.TOEIC.Web.Controllers.BaseEntityController`1.GetFilter - Filter Category info : {"Sort":null,"Columns":null,"Filter":"W1siSXNEZWxldGVkIiwiPSIsIjAiXSwiQU5EIixbIlN0YXR1cyIsIj0iLCIxIl1d","Delta":0,"PageIndex":1,"PageSize":9999}
2022-04-26 21:20:03  INFO TOE.TOEIC.Web.Controllers.BaseEntityController`1.GetFilter - Filter BookItem info : {"Sort":null,"Columns":null,"Filter":"W1siSXNEZWxldGVkIiwiPSIsIjAiXV0=","Delta":0,"PageIndex":1,"PageSize":10}
2022-04-26 21:20:50  INFO TOE.TOEIC.Web.Controllers.BaseEntityController`1.GetFilter - Filter Post info : {"Sort":null,"Columns":null,"Filter":"W1siSXNEZWxldGVkIiwiPSIsIjAiXV0=","Delta":0,"PageIndex":1,"PageSize":10}
2022-04-26 21:20:51  INFO TOE.TOEIC.Web.Controllers.BaseEntityController`1.GetFilter - Filter Post info : {"Sort":null,"Columns":null,"Filter":"W1siSXNEZWxldGVkIiwiPSIsIjAiXV0=","Delta":0,"PageIndex":1,"PageSize":10}
2022-04-26 21:20:54  INFO TOE.TOEIC.Web.Controllers.BaseEntityController`1.GetFilter - Filter BookItem info : {"Sort":null,"Columns":null,"Filter":"W1siSXNEZWxldGVkIiwiPSIsIjAiXV0=","Delta":0,"PageIndex":1,"PageSize":10}
2022-04-26 21:20:54  INFO TOE.TOEIC.Web.Controllers.BaseEntityController`1.GetFilter - Filter Category info : {"Sort":null,"Columns":null,"Filter":"W1siSXNEZWxldGVkIiwiPSIsIjAiXSwiQU5EIixbIlN0YXR1cyIsIj0iLCIxIl1d","Delta":0,"PageIndex":1,"PageSize":9999}
2022-04-26 21:20:54  INFO TOE.TOEIC.Web.Controllers.BaseEntityController`1.GetFilter - Filter BookItem info : {"Sort":null,"Columns":null,"Filter":"W1siSXNEZWxldGVkIiwiPSIsIjAiXV0=","Delta":0,"PageIndex":1,"PageSize":10}
2022-04-26 21:24:56  INFO TOE.TOEIC.Web.Controllers.BaseEntityController`1.GetFilter - Filter Menu info : {"Sort":null,"Columns":null,"Filter":"W1siSXNEZWxldGVkIiwiPSIsIjAiXSwiQU5EIixbIlN0YXR1cyIsIj0iLCIxIl0sIkFORCIsWyJJc1Nob3dIb21lIiwiPSIsIjEiXV0=","Delta":0,"PageIndex":1,"PageSize":9999}
2022-04-26 21:24:56  INFO TOE.TOEIC.Web.Controllers.BaseEntityController`1.GetFilter - Filter Post info : {"Sort":null,"Columns":null,"Filter":"W1tbIk1lbnVJRCIsIj0iLCI4ZDBmYjA1ZC01Y2E2LTRjZjYtYWRmYi03NWU1MGQyYTg4YzUiXSwiT1IiLFsiTWVudUlEIiwiPSIsImJlNzFmOTI1LTcyMWItNDg5Mi05YTM5LWM0NTBlYThlYTg4ZCJdLCJPUiIsWyJNZW51SUQiLCI9IiwiZGY4NjdiZDQtOGY3Ny00NDE4LWFmYTMtNWI0OWJkNDI3MGE1Il1dLCJBTkQiLFsiU3RhdHVzIiwiPSIsIjEiXSwiQU5EIixbIklzRGVsZXRlZCIsIj0iLCIwIl1d","Delta":0,"PageIndex":1,"PageSize":9999}
2022-04-26 21:32:00  INFO TOE.TOEIC.Web.Controllers.BaseEntityController`1.GetFilter - Filter BookItem info : {"Sort":null,"Columns":null,"Filter":"W1siSXNEZWxldGVkIiwiPSIsIjAiXV0=","Delta":0,"PageIndex":1,"PageSize":10}
2022-04-26 21:32:00  INFO TOE.TOEIC.Web.Controllers.BaseEntityController`1.GetFilter - Filter Category info : {"Sort":null,"Columns":null,"Filter":"W1siSXNEZWxldGVkIiwiPSIsIjAiXSwiQU5EIixbIlN0YXR1cyIsIj0iLCIxIl1d","Delta":0,"PageIndex":1,"PageSize":9999}
2022-04-26 21:32:01  INFO TOE.TOEIC.Web.Controllers.BaseEntityController`1.GetFilter - Filter BookItem info : {"Sort":null,"Columns":null,"Filter":"W1siSXNEZWxldGVkIiwiPSIsIjAiXV0=","Delta":0,"PageIndex":1,"PageSize":10}
2022-04-26 21:32:41  INFO TOE.TOEIC.Web.Controllers.BaseEntityController`1.GetFilter - Filter BookItem info : {"Sort":null,"Columns":null,"Filter":"W1siSXNEZWxldGVkIiwiPSIsIjAiXV0=","Delta":0,"PageIndex":1,"PageSize":10}
2022-04-26 21:32:41  INFO TOE.TOEIC.Web.Controllers.BaseEntityController`1.GetFilter - Filter BookItem info : {"Sort":null,"Columns":null,"Filter":"W1siSXNEZWxldGVkIiwiPSIsIjAiXV0=","Delta":0,"PageIndex":1,"PageSize":10}
2022-04-26 21:32:41  INFO TOE.TOEIC.Web.Controllers.BaseEntityController`1.GetFilter - Filter Category info : {"Sort":null,"Columns":null,"Filter":"W1siSXNEZWxldGVkIiwiPSIsIjAiXSwiQU5EIixbIlN0YXR1cyIsIj0iLCIxIl1d","Delta":0,"PageIndex":1,"PageSize":9999}
2022-04-26 21:32:49  INFO TOE.TOEIC.Web.Controllers.BaseEntityController`1.GetFilter - Filter Post info : {"Sort":null,"Columns":null,"Filter":"W1siSXNEZWxldGVkIiwiPSIsIjAiXV0=","Delta":0,"PageIndex":1,"PageSize":10}
2022-04-26 21:32:50  INFO TOE.TOEIC.Web.Controllers.BaseEntityController`1.GetFilter - Filter Post info : {"Sort":null,"Columns":null,"Filter":"W1siSXNEZWxldGVkIiwiPSIsIjAiXV0=","Delta":0,"PageIndex":1,"PageSize":10}
2022-04-26 21:32:52  INFO TOE.TOEIC.Web.Controllers.BaseEntityController`1.GetFilter - Filter Category info : {"Sort":null,"Columns":null,"Filter":"W1siSXNEZWxldGVkIiwiPSIsIjAiXSwiQU5EIixbIlN0YXR1cyIsIj0iLCIxIl1d","Delta":0,"PageIndex":1,"PageSize":9999}
2022-04-26 21:32:52  INFO TOE.TOEIC.Web.Controllers.BaseEntityController`1.GetFilter - Filter BookItem info : {"Sort":null,"Columns":null,"Filter":"W1siSXNEZWxldGVkIiwiPSIsIjAiXV0=","Delta":0,"PageIndex":1,"PageSize":10}
2022-04-26 21:32:52  INFO TOE.TOEIC.Web.Controllers.BaseEntityController`1.GetFilter - Filter BookItem info : {"Sort":null,"Columns":null,"Filter":"W1siSXNEZWxldGVkIiwiPSIsIjAiXV0=","Delta":0,"PageIndex":1,"PageSize":10}
2022-04-26 21:37:21  INFO TOE.TOEIC.Web.Controllers.BaseEntityController`1.GetFilter - Filter BookItem info : {"Sort":null,"Columns":null,"Filter":"W1siSXNEZWxldGVkIiwiPSIsIjAiXV0=","Delta":0,"PageIndex":1,"PageSize":10}
2022-04-26 21:37:21  INFO TOE.TOEIC.Web.Controllers.BaseEntityController`1.GetFilter - Filter Category info : {"Sort":null,"Columns":null,"Filter":"W1siSXNEZWxldGVkIiwiPSIsIjAiXSwiQU5EIixbIlN0YXR1cyIsIj0iLCIxIl1d","Delta":0,"PageIndex":1,"PageSize":9999}
2022-04-26 21:39:43  INFO TOE.TOEIC.Web.Controllers.BaseEntityController`1.GetFilter - Filter BookItem info : {"Sort":null,"Columns":null,"Filter":"W1siSXNEZWxldGVkIiwiPSIsIjAiXV0=","Delta":0,"PageIndex":1,"PageSize":10}
