2022-06-13 15:11:20  INFO Microsoft.Extensions.Hosting.Internal.ConsoleLifetime.OnApplicationStarted - Application started. Press Ctrl+C to shut down.
2022-06-13 15:11:20  INFO Microsoft.Extensions.Hosting.Internal.ConsoleLifetime.OnApplicationStarted - Hosting environment: Development
2022-06-13 15:11:20  INFO Microsoft.Extensions.Hosting.Internal.ConsoleLifetime.OnApplicationStarted - Content root path: D:\nam4ki2\DATN\DA\Toiec-365\Toeic-365-backend-v1\MISA.AMIS\MISA.AMIS.Web
2022-06-13 15:17:01  INFO TOE.TOEIC.Web.Controllers.BaseEntityController`1.GetFilter - Filter Post info : {"Sort":null,"Columns":null,"Filter":"W1tbIk1lbnVJRCIsIj0iLCI4ZDBmYjA1ZC01Y2E2LTRjZjYtYWRmYi03NWU1MGQyYTg4YzUiXSwiT1IiLFsiTWVudUlEIiwiPSIsImJlNzFmOTI1LTcyMWItNDg5Mi05YTM5LWM0NTBlYThlYTg4ZCJdLCJPUiIsWyJNZW51SUQiLCI9IiwiZGY4NjdiZDQtOGY3Ny00NDE4LWFmYTMtNWI0OWJkNDI3MGE1Il1dLCJBTkQiLFsiU3RhdHVzIiwiPSIsIjEiXSwiQU5EIixbIklzRGVsZXRlZCIsIj0iLCIwIl1d","Delta":0,"PageIndex":1,"PageSize":9999}
2022-06-13 15:17:01  INFO TOE.TOEIC.ApplicationCore.Interfaces.SafeAddressService+<CheckIsInNetworkAllowed>d__5.MoveNext - [IP ADDRESS]: System.Collections.Generic.List`1[System.Net.IPAddress]
2022-06-13 15:17:01  INFO TOE.TOEIC.ApplicationCore.Interfaces.SafeAddressService+<CheckIsInNetworkAllowed>d__5.MoveNext - [MAC ADDRESS]: C46516B228DC
2022-06-13 15:17:01  INFO TOE.TOEIC.Web.Controllers.BaseEntityController`1.GetFilter - Filter Menu info : {"Sort":null,"Columns":null,"Filter":"W1siSXNEZWxldGVkIiwiPSIsIjAiXSwiQU5EIixbIlN0YXR1cyIsIj0iLCIxIl0sIkFORCIsWyJJc1Nob3dIb21lIiwiPSIsIjEiXV0=","Delta":0,"PageIndex":1,"PageSize":9999}
2022-06-13 15:17:07  INFO TOE.TOEIC.Web.Controllers.BaseEntityController`1.GetFilter - Filter Notification info : {"Sort":"[[\"CreatedDate\",\"DESC\"]]","Columns":null,"Filter":"W1siSXNEZWxldGVkIiwiPSIsIjAiXSwiQU5EIixbIlN0YXR1cyIsIj0iLCIxIl1d","Delta":0,"PageIndex":1,"PageSize":20}
2022-06-13 15:17:32  INFO TOE.TOEIC.Web.Controllers.BaseEntityController`1.GetFilter - Filter Notification info : {"Sort":"[[\"CreatedDate\",\"DESC\"]]","Columns":null,"Filter":"W1siSXNEZWxldGVkIiwiPSIsIjAiXSwiQU5EIixbIlN0YXR1cyIsIj0iLCIxIl1d","Delta":0,"PageIndex":1,"PageSize":20}
2022-06-13 15:17:32  INFO TOE.TOEIC.ApplicationCore.Interfaces.SafeAddressService.CheckIsInNetworkAllowed - [IP ADDRESS]: System.Collections.Generic.List`1[System.Net.IPAddress]
2022-06-13 15:17:32  INFO TOE.TOEIC.ApplicationCore.Interfaces.SafeAddressService.CheckIsInNetworkAllowed - [MAC ADDRESS]: C46516B228DC
2022-06-13 15:17:36  INFO TOE.TOEIC.Web.Controllers.BaseEntityController`1.GetFilter - Filter Notification info : {"Sort":"[[\"CreatedDate\",\"DESC\"]]","Columns":null,"Filter":"W1siSXNEZWxldGVkIiwiPSIsIjAiXSwiQU5EIixbIlN0YXR1cyIsIj0iLCIxIl1d","Delta":0,"PageIndex":1,"PageSize":20}
2022-06-13 15:17:36  INFO TOE.TOEIC.ApplicationCore.Interfaces.SafeAddressService.CheckIsInNetworkAllowed - [IP ADDRESS]: System.Collections.Generic.List`1[System.Net.IPAddress]
2022-06-13 15:17:36  INFO TOE.TOEIC.ApplicationCore.Interfaces.SafeAddressService.CheckIsInNetworkAllowed - [MAC ADDRESS]: C46516B228DC
2022-06-13 15:17:51  INFO TOE.TOEIC.Web.Controllers.BaseEntityController`1.GetFilter - Filter Menu info : {"Sort":null,"Columns":null,"Filter":"W1siSXNEZWxldGVkIiwiPSIsIjAiXSwiQU5EIixbIlN0YXR1cyIsIj0iLCIxIl0sIkFORCIsWyJJc1Nob3dIb21lIiwiPSIsIjEiXV0=","Delta":0,"PageIndex":1,"PageSize":9999}
2022-06-13 15:17:53  INFO TOE.TOEIC.Web.Controllers.BaseEntityController`1.GetFilter - Filter Notification info : {"Sort":"[[\"CreatedDate\",\"DESC\"]]","Columns":null,"Filter":"W1siSXNEZWxldGVkIiwiPSIsIjAiXSwiQU5EIixbIlN0YXR1cyIsIj0iLCIxIl1d","Delta":0,"PageIndex":1,"PageSize":20}
2022-06-13 15:17:53  INFO TOE.TOEIC.ApplicationCore.Interfaces.SafeAddressService.CheckIsInNetworkAllowed - [IP ADDRESS]: System.Collections.Generic.List`1[System.Net.IPAddress]
2022-06-13 15:17:53  INFO TOE.TOEIC.ApplicationCore.Interfaces.SafeAddressService.CheckIsInNetworkAllowed - [MAC ADDRESS]: C46516B228DC
2022-06-13 15:17:53  INFO TOE.TOEIC.Web.Controllers.BaseEntityController`1.GetFilter - Filter Menu info : {"Sort":null,"Columns":null,"Filter":"W1siSXNEZWxldGVkIiwiPSIsIjAiXSwiQU5EIixbIlN0YXR1cyIsIj0iLCIxIl0sIkFORCIsWyJJc1Nob3dIb21lIiwiPSIsIjEiXV0=","Delta":0,"PageIndex":1,"PageSize":9999}
2022-06-13 15:17:59  INFO TOE.TOEIC.Web.Controllers.BaseEntityController`1.GetFilter - Filter Notification info : {"Sort":"[[\"CreatedDate\",\"DESC\"]]","Columns":null,"Filter":"W1siSXNEZWxldGVkIiwiPSIsIjAiXSwiQU5EIixbIlN0YXR1cyIsIj0iLCIxIl1d","Delta":0,"PageIndex":1,"PageSize":20}
2022-06-13 15:17:59  INFO TOE.TOEIC.ApplicationCore.Interfaces.SafeAddressService.CheckIsInNetworkAllowed - [IP ADDRESS]: System.Collections.Generic.List`1[System.Net.IPAddress]
2022-06-13 15:17:59  INFO TOE.TOEIC.ApplicationCore.Interfaces.SafeAddressService.CheckIsInNetworkAllowed - [MAC ADDRESS]: C46516B228DC
2022-06-13 15:17:59  INFO TOE.TOEIC.Web.Controllers.BaseEntityController`1.GetFilter - Filter Menu info : {"Sort":null,"Columns":null,"Filter":"W1siSXNEZWxldGVkIiwiPSIsIjAiXSwiQU5EIixbIlN0YXR1cyIsIj0iLCIxIl0sIkFORCIsWyJJc1Nob3dIb21lIiwiPSIsIjEiXV0=","Delta":0,"PageIndex":1,"PageSize":9999}
2022-06-13 15:18:01  INFO TOE.TOEIC.Web.Controllers.BaseEntityController`1.GetFilter - Filter Notification info : {"Sort":"[[\"CreatedDate\",\"DESC\"]]","Columns":null,"Filter":"W1siSXNEZWxldGVkIiwiPSIsIjAiXSwiQU5EIixbIlN0YXR1cyIsIj0iLCIxIl1d","Delta":0,"PageIndex":1,"PageSize":20}
2022-06-13 15:18:01  INFO TOE.TOEIC.ApplicationCore.Interfaces.SafeAddressService.CheckIsInNetworkAllowed - [IP ADDRESS]: System.Collections.Generic.List`1[System.Net.IPAddress]
2022-06-13 15:18:01  INFO TOE.TOEIC.ApplicationCore.Interfaces.SafeAddressService.CheckIsInNetworkAllowed - [MAC ADDRESS]: C46516B228DC
2022-06-13 15:18:01  INFO TOE.TOEIC.Web.Controllers.BaseEntityController`1.GetFilter - Filter Menu info : {"Sort":null,"Columns":null,"Filter":"W1siSXNEZWxldGVkIiwiPSIsIjAiXSwiQU5EIixbIlN0YXR1cyIsIj0iLCIxIl0sIkFORCIsWyJJc1Nob3dIb21lIiwiPSIsIjEiXV0=","Delta":0,"PageIndex":1,"PageSize":9999}
2022-06-13 15:19:16  INFO TOE.TOEIC.Web.Controllers.BaseEntityController`1.GetFilter - Filter Notification info : {"Sort":"[[\"CreatedDate\",\"DESC\"]]","Columns":null,"Filter":"W1siSXNEZWxldGVkIiwiPSIsIjAiXSwiQU5EIixbIlN0YXR1cyIsIj0iLCIxIl1d","Delta":0,"PageIndex":1,"PageSize":20}
2022-06-13 15:19:16  INFO TOE.TOEIC.ApplicationCore.Interfaces.SafeAddressService.CheckIsInNetworkAllowed - [IP ADDRESS]: System.Collections.Generic.List`1[System.Net.IPAddress]
2022-06-13 15:19:16  INFO TOE.TOEIC.ApplicationCore.Interfaces.SafeAddressService.CheckIsInNetworkAllowed - [MAC ADDRESS]: C46516B228DC
2022-06-13 15:19:16  INFO TOE.TOEIC.Web.Controllers.BaseEntityController`1.GetFilter - Filter Menu info : {"Sort":null,"Columns":null,"Filter":"W1siSXNEZWxldGVkIiwiPSIsIjAiXSwiQU5EIixbIlN0YXR1cyIsIj0iLCIxIl0sIkFORCIsWyJJc1Nob3dIb21lIiwiPSIsIjEiXV0=","Delta":0,"PageIndex":1,"PageSize":9999}
2022-06-13 15:19:32  INFO TOE.TOEIC.Web.Controllers.BaseEntityController`1.GetFilter - Filter Notification info : {"Sort":"[[\"CreatedDate\",\"DESC\"]]","Columns":null,"Filter":"W1siSXNEZWxldGVkIiwiPSIsIjAiXSwiQU5EIixbIlN0YXR1cyIsIj0iLCIxIl1d","Delta":0,"PageIndex":1,"PageSize":20}
2022-06-13 15:19:32  INFO TOE.TOEIC.ApplicationCore.Interfaces.SafeAddressService.CheckIsInNetworkAllowed - [IP ADDRESS]: System.Collections.Generic.List`1[System.Net.IPAddress]
2022-06-13 15:19:32  INFO TOE.TOEIC.ApplicationCore.Interfaces.SafeAddressService.CheckIsInNetworkAllowed - [MAC ADDRESS]: C46516B228DC
2022-06-13 15:19:32  INFO TOE.TOEIC.Web.Controllers.BaseEntityController`1.GetFilter - Filter Menu info : {"Sort":null,"Columns":null,"Filter":"W1siSXNEZWxldGVkIiwiPSIsIjAiXSwiQU5EIixbIlN0YXR1cyIsIj0iLCIxIl0sIkFORCIsWyJJc1Nob3dIb21lIiwiPSIsIjEiXV0=","Delta":0,"PageIndex":1,"PageSize":9999}
2022-06-13 15:20:07  INFO TOE.TOEIC.Web.Controllers.BaseEntityController`1.GetFilter - Filter Notification info : {"Sort":"[[\"CreatedDate\",\"DESC\"]]","Columns":null,"Filter":"W1siSXNEZWxldGVkIiwiPSIsIjAiXSwiQU5EIixbIlN0YXR1cyIsIj0iLCIxIl1d","Delta":0,"PageIndex":1,"PageSize":20}
2022-06-13 15:20:07  INFO TOE.TOEIC.ApplicationCore.Interfaces.SafeAddressService.CheckIsInNetworkAllowed - [IP ADDRESS]: System.Collections.Generic.List`1[System.Net.IPAddress]
2022-06-13 15:20:07  INFO TOE.TOEIC.ApplicationCore.Interfaces.SafeAddressService.CheckIsInNetworkAllowed - [MAC ADDRESS]: C46516B228DC
2022-06-13 15:20:07  INFO TOE.TOEIC.Web.Controllers.BaseEntityController`1.GetFilter - Filter Menu info : {"Sort":null,"Columns":null,"Filter":"W1siSXNEZWxldGVkIiwiPSIsIjAiXSwiQU5EIixbIlN0YXR1cyIsIj0iLCIxIl0sIkFORCIsWyJJc1Nob3dIb21lIiwiPSIsIjEiXV0=","Delta":0,"PageIndex":1,"PageSize":9999}
2022-06-13 15:21:45  INFO TOE.TOEIC.ApplicationCore.Interfaces.SafeAddressService.CheckIsInNetworkAllowed - [IP ADDRESS]: System.Collections.Generic.List`1[System.Net.IPAddress]
2022-06-13 15:21:45  INFO TOE.TOEIC.ApplicationCore.Interfaces.SafeAddressService.CheckIsInNetworkAllowed - [MAC ADDRESS]: C46516B228DC
2022-06-13 15:21:45  INFO TOE.TOEIC.Web.Controllers.BaseEntityController`1.GetFilter - Filter Menu info : {"Sort":null,"Columns":null,"Filter":"W1siSXNEZWxldGVkIiwiPSIsIjAiXSwiQU5EIixbIlN0YXR1cyIsIj0iLCIxIl0sIkFORCIsWyJJc1Nob3dIb21lIiwiPSIsIjEiXV0=","Delta":0,"PageIndex":1,"PageSize":9999}
2022-06-13 15:21:46  INFO TOE.TOEIC.Web.Controllers.BaseEntityController`1.GetFilter - Filter Post info : {"Sort":null,"Columns":null,"Filter":"W1tbIk1lbnVJRCIsIj0iLCI4ZDBmYjA1ZC01Y2E2LTRjZjYtYWRmYi03NWU1MGQyYTg4YzUiXSwiT1IiLFsiTWVudUlEIiwiPSIsImJlNzFmOTI1LTcyMWItNDg5Mi05YTM5LWM0NTBlYThlYTg4ZCJdLCJPUiIsWyJNZW51SUQiLCI9IiwiZGY4NjdiZDQtOGY3Ny00NDE4LWFmYTMtNWI0OWJkNDI3MGE1Il1dLCJBTkQiLFsiU3RhdHVzIiwiPSIsIjEiXSwiQU5EIixbIklzRGVsZXRlZCIsIj0iLCIwIl1d","Delta":0,"PageIndex":1,"PageSize":9999}
2022-06-13 15:23:07  INFO TOE.TOEIC.Web.Controllers.BaseEntityController`1.GetFilter - Filter Notification info : {"Sort":"[[\"CreatedDate\",\"DESC\"]]","Columns":null,"Filter":"W1siSXNEZWxldGVkIiwiPSIsIjAiXSwiQU5EIixbIlN0YXR1cyIsIj0iLCIxIl1d","Delta":0,"PageIndex":1,"PageSize":20}
2022-06-13 15:24:20  INFO TOE.TOEIC.Web.Controllers.BaseEntityController`1.GetFilter - Filter Notification info : {"Sort":"[[\"CreatedDate\",\"DESC\"]]","Columns":null,"Filter":"W1siSXNEZWxldGVkIiwiPSIsIjAiXSwiQU5EIixbIlN0YXR1cyIsIj0iLCIxIl1d","Delta":0,"PageIndex":1,"PageSize":20}
2022-06-13 15:24:20  INFO TOE.TOEIC.ApplicationCore.Interfaces.SafeAddressService.CheckIsInNetworkAllowed - [IP ADDRESS]: System.Collections.Generic.List`1[System.Net.IPAddress]
2022-06-13 15:24:20  INFO TOE.TOEIC.ApplicationCore.Interfaces.SafeAddressService.CheckIsInNetworkAllowed - [MAC ADDRESS]: C46516B228DC
2022-06-13 15:24:21  INFO TOE.TOEIC.Web.Controllers.BaseEntityController`1.GetFilter - Filter Menu info : {"Sort":null,"Columns":null,"Filter":"W1siSXNEZWxldGVkIiwiPSIsIjAiXSwiQU5EIixbIlN0YXR1cyIsIj0iLCIxIl0sIkFORCIsWyJJc1Nob3dIb21lIiwiPSIsIjEiXV0=","Delta":0,"PageIndex":1,"PageSize":9999}
2022-06-13 15:25:20  INFO TOE.TOEIC.ApplicationCore.Interfaces.SafeAddressService.CheckIsInNetworkAllowed - [IP ADDRESS]: System.Collections.Generic.List`1[System.Net.IPAddress]
2022-06-13 15:25:20  INFO TOE.TOEIC.ApplicationCore.Interfaces.SafeAddressService.CheckIsInNetworkAllowed - [MAC ADDRESS]: C46516B228DC
2022-06-13 15:25:21  INFO TOE.TOEIC.Web.Controllers.BaseEntityController`1.GetFilter - Filter Menu info : {"Sort":null,"Columns":null,"Filter":"W1siSXNEZWxldGVkIiwiPSIsIjAiXSwiQU5EIixbIlN0YXR1cyIsIj0iLCIxIl0sIkFORCIsWyJJc1Nob3dIb21lIiwiPSIsIjEiXV0=","Delta":0,"PageIndex":1,"PageSize":9999}
2022-06-13 15:25:21  INFO TOE.TOEIC.Web.Controllers.BaseEntityController`1.GetFilter - Filter Post info : {"Sort":null,"Columns":null,"Filter":"W1tbIk1lbnVJRCIsIj0iLCI4ZDBmYjA1ZC01Y2E2LTRjZjYtYWRmYi03NWU1MGQyYTg4YzUiXSwiT1IiLFsiTWVudUlEIiwiPSIsImJlNzFmOTI1LTcyMWItNDg5Mi05YTM5LWM0NTBlYThlYTg4ZCJdLCJPUiIsWyJNZW51SUQiLCI9IiwiZGY4NjdiZDQtOGY3Ny00NDE4LWFmYTMtNWI0OWJkNDI3MGE1Il1dLCJBTkQiLFsiU3RhdHVzIiwiPSIsIjEiXSwiQU5EIixbIklzRGVsZXRlZCIsIj0iLCIwIl1d","Delta":0,"PageIndex":1,"PageSize":9999}
2022-06-13 15:25:40  INFO TOE.TOEIC.Web.Controllers.BaseEntityController`1.GetFilter - Filter Notification info : {"Sort":"[[\"CreatedDate\",\"DESC\"]]","Columns":null,"Filter":"W1siSXNEZWxldGVkIiwiPSIsIjAiXSwiQU5EIixbIlN0YXR1cyIsIj0iLCIxIl1d","Delta":0,"PageIndex":1,"PageSize":20}
2022-06-13 15:26:44  INFO TOE.TOEIC.Web.Controllers.BaseEntityController`1.GetFilter - Filter Notification info : {"Sort":"[[\"CreatedDate\",\"DESC\"]]","Columns":null,"Filter":"W1siSXNEZWxldGVkIiwiPSIsIjAiXSwiQU5EIixbIlN0YXR1cyIsIj0iLCIxIl1d","Delta":0,"PageIndex":1,"PageSize":20}
2022-06-13 15:27:28  INFO TOE.TOEIC.Web.Controllers.BaseEntityController`1.GetFilter - Filter Post info : {"Sort":null,"Columns":null,"Filter":"W1tbIk1lbnVJRCIsIj0iLCI4ZDBmYjA1ZC01Y2E2LTRjZjYtYWRmYi03NWU1MGQyYTg4YzUiXSwiT1IiLFsiTWVudUlEIiwiPSIsImJlNzFmOTI1LTcyMWItNDg5Mi05YTM5LWM0NTBlYThlYTg4ZCJdLCJPUiIsWyJNZW51SUQiLCI9IiwiZGY4NjdiZDQtOGY3Ny00NDE4LWFmYTMtNWI0OWJkNDI3MGE1Il1dLCJBTkQiLFsiU3RhdHVzIiwiPSIsIjEiXSwiQU5EIixbIklzRGVsZXRlZCIsIj0iLCIwIl1d","Delta":0,"PageIndex":1,"PageSize":9999}
2022-06-13 15:27:31  INFO TOE.TOEIC.Web.Controllers.BaseEntityController`1.GetFilter - Filter Notification info : {"Sort":"[[\"CreatedDate\",\"DESC\"]]","Columns":null,"Filter":"W1siSXNEZWxldGVkIiwiPSIsIjAiXSwiQU5EIixbIlN0YXR1cyIsIj0iLCIxIl1d","Delta":0,"PageIndex":1,"PageSize":20}
2022-06-13 15:27:58  INFO TOE.TOEIC.ApplicationCore.Interfaces.SafeAddressService.CheckIsInNetworkAllowed - [IP ADDRESS]: System.Collections.Generic.List`1[System.Net.IPAddress]
2022-06-13 15:27:58  INFO TOE.TOEIC.ApplicationCore.Interfaces.SafeAddressService.CheckIsInNetworkAllowed - [MAC ADDRESS]: C46516B228DC
2022-06-13 15:27:59  INFO TOE.TOEIC.Web.Controllers.BaseEntityController`1.GetFilter - Filter Menu info : {"Sort":null,"Columns":null,"Filter":"W1siSXNEZWxldGVkIiwiPSIsIjAiXSwiQU5EIixbIlN0YXR1cyIsIj0iLCIxIl0sIkFORCIsWyJJc1Nob3dIb21lIiwiPSIsIjEiXV0=","Delta":0,"PageIndex":1,"PageSize":9999}
2022-06-13 15:27:59  INFO TOE.TOEIC.Web.Controllers.BaseEntityController`1.GetFilter - Filter Post info : {"Sort":null,"Columns":null,"Filter":"W1tbIk1lbnVJRCIsIj0iLCI4ZDBmYjA1ZC01Y2E2LTRjZjYtYWRmYi03NWU1MGQyYTg4YzUiXSwiT1IiLFsiTWVudUlEIiwiPSIsImJlNzFmOTI1LTcyMWItNDg5Mi05YTM5LWM0NTBlYThlYTg4ZCJdLCJPUiIsWyJNZW51SUQiLCI9IiwiZGY4NjdiZDQtOGY3Ny00NDE4LWFmYTMtNWI0OWJkNDI3MGE1Il1dLCJBTkQiLFsiU3RhdHVzIiwiPSIsIjEiXSwiQU5EIixbIklzRGVsZXRlZCIsIj0iLCIwIl1d","Delta":0,"PageIndex":1,"PageSize":9999}
2022-06-13 15:30:46  INFO TOE.TOEIC.Web.Controllers.BaseEntityController`1.GetFilter - Filter Notification info : {"Sort":"[[\"CreatedDate\",\"DESC\"]]","Columns":null,"Filter":"W1siSXNEZWxldGVkIiwiPSIsIjAiXSwiQU5EIixbIlN0YXR1cyIsIj0iLCIxIl1d","Delta":0,"PageIndex":1,"PageSize":20}
2022-06-13 15:30:46  INFO TOE.TOEIC.ApplicationCore.Interfaces.SafeAddressService.CheckIsInNetworkAllowed - [IP ADDRESS]: System.Collections.Generic.List`1[System.Net.IPAddress]
2022-06-13 15:30:46  INFO TOE.TOEIC.ApplicationCore.Interfaces.SafeAddressService.CheckIsInNetworkAllowed - [MAC ADDRESS]: C46516B228DC
2022-06-13 15:30:51  INFO TOE.TOEIC.Web.Controllers.BaseEntityController`1.GetFilter - Filter Menu info : {"Sort":null,"Columns":null,"Filter":"W1siSXNEZWxldGVkIiwiPSIsIjAiXSwiQU5EIixbIlN0YXR1cyIsIj0iLCIxIl0sIkFORCIsWyJJc1Nob3dIb21lIiwiPSIsIjEiXV0=","Delta":0,"PageIndex":1,"PageSize":9999}
2022-06-13 15:31:01  INFO TOE.TOEIC.Web.Controllers.BaseEntityController`1.GetFilter - Filter Notification info : {"Sort":"[[\"CreatedDate\",\"DESC\"]]","Columns":null,"Filter":"W1siSXNEZWxldGVkIiwiPSIsIjAiXSwiQU5EIixbIlN0YXR1cyIsIj0iLCIxIl1d","Delta":0,"PageIndex":1,"PageSize":20}
2022-06-13 15:31:01  INFO TOE.TOEIC.ApplicationCore.Interfaces.SafeAddressService.CheckIsInNetworkAllowed - [IP ADDRESS]: System.Collections.Generic.List`1[System.Net.IPAddress]
2022-06-13 15:31:01  INFO TOE.TOEIC.ApplicationCore.Interfaces.SafeAddressService.CheckIsInNetworkAllowed - [MAC ADDRESS]: C46516B228DC
2022-06-13 15:31:03  INFO TOE.TOEIC.Web.Controllers.BaseEntityController`1.GetFilter - Filter Menu info : {"Sort":null,"Columns":null,"Filter":"W1siSXNEZWxldGVkIiwiPSIsIjAiXSwiQU5EIixbIlN0YXR1cyIsIj0iLCIxIl0sIkFORCIsWyJJc1Nob3dIb21lIiwiPSIsIjEiXV0=","Delta":0,"PageIndex":1,"PageSize":9999}
2022-06-13 15:31:44  INFO TOE.TOEIC.Web.Controllers.BaseEntityController`1.GetFilter - Filter Notification info : {"Sort":"[[\"CreatedDate\",\"DESC\"]]","Columns":null,"Filter":"W1siSXNEZWxldGVkIiwiPSIsIjAiXSwiQU5EIixbIlN0YXR1cyIsIj0iLCIxIl1d","Delta":0,"PageIndex":1,"PageSize":20}
2022-06-13 15:31:53  INFO TOE.TOEIC.Web.Controllers.BaseEntityController`1.GetFilter - Filter Notification info : {"Sort":"[[\"CreatedDate\",\"DESC\"]]","Columns":null,"Filter":"W1siSXNEZWxldGVkIiwiPSIsIjAiXSwiQU5EIixbIlN0YXR1cyIsIj0iLCIxIl1d","Delta":0,"PageIndex":1,"PageSize":20}
2022-06-13 15:31:57  INFO TOE.TOEIC.Web.Controllers.BaseEntityController`1.GetFilter - Filter Notification info : {"Sort":"[[\"CreatedDate\",\"DESC\"]]","Columns":null,"Filter":"W1siSXNEZWxldGVkIiwiPSIsIjAiXSwiQU5EIixbIlN0YXR1cyIsIj0iLCIxIl1d","Delta":0,"PageIndex":1,"PageSize":20}
2022-06-13 15:32:11  INFO TOE.TOEIC.Web.Controllers.BaseEntityController`1.GetFilter - Filter Post info : {"Sort":null,"Columns":null,"Filter":"W1tbIk1lbnVJRCIsIj0iLCI4ZDBmYjA1ZC01Y2E2LTRjZjYtYWRmYi03NWU1MGQyYTg4YzUiXSwiT1IiLFsiTWVudUlEIiwiPSIsImJlNzFmOTI1LTcyMWItNDg5Mi05YTM5LWM0NTBlYThlYTg4ZCJdLCJPUiIsWyJNZW51SUQiLCI9IiwiZGY4NjdiZDQtOGY3Ny00NDE4LWFmYTMtNWI0OWJkNDI3MGE1Il1dLCJBTkQiLFsiU3RhdHVzIiwiPSIsIjEiXSwiQU5EIixbIklzRGVsZXRlZCIsIj0iLCIwIl1d","Delta":0,"PageIndex":1,"PageSize":9999}
2022-06-13 15:32:13  INFO TOE.TOEIC.Web.Controllers.BaseEntityController`1.GetFilter - Filter Notification info : {"Sort":"[[\"CreatedDate\",\"DESC\"]]","Columns":null,"Filter":"W1siSXNEZWxldGVkIiwiPSIsIjAiXSwiQU5EIixbIlN0YXR1cyIsIj0iLCIxIl1d","Delta":0,"PageIndex":1,"PageSize":20}
2022-06-13 15:32:39  INFO TOE.TOEIC.Web.Controllers.BaseEntityController`1.GetFilter - Filter Notification info : {"Sort":"[[\"CreatedDate\",\"DESC\"]]","Columns":null,"Filter":"W1siSXNEZWxldGVkIiwiPSIsIjAiXSwiQU5EIixbIlN0YXR1cyIsIj0iLCIxIl1d","Delta":0,"PageIndex":1,"PageSize":20}
2022-06-13 15:32:39  INFO TOE.TOEIC.ApplicationCore.Interfaces.SafeAddressService.CheckIsInNetworkAllowed - [IP ADDRESS]: System.Collections.Generic.List`1[System.Net.IPAddress]
2022-06-13 15:32:39  INFO TOE.TOEIC.ApplicationCore.Interfaces.SafeAddressService.CheckIsInNetworkAllowed - [MAC ADDRESS]: C46516B228DC
2022-06-13 15:32:41  INFO TOE.TOEIC.Web.Controllers.BaseEntityController`1.GetFilter - Filter Menu info : {"Sort":null,"Columns":null,"Filter":"W1siSXNEZWxldGVkIiwiPSIsIjAiXSwiQU5EIixbIlN0YXR1cyIsIj0iLCIxIl0sIkFORCIsWyJJc1Nob3dIb21lIiwiPSIsIjEiXV0=","Delta":0,"PageIndex":1,"PageSize":9999}
2022-06-13 15:33:07  INFO TOE.TOEIC.Web.Controllers.BaseEntityController`1.GetFilter - Filter Notification info : {"Sort":"[[\"CreatedDate\",\"DESC\"]]","Columns":null,"Filter":"W1siSXNEZWxldGVkIiwiPSIsIjAiXSwiQU5EIixbIlN0YXR1cyIsIj0iLCIxIl1d","Delta":0,"PageIndex":1,"PageSize":20}
2022-06-13 15:33:07  INFO TOE.TOEIC.ApplicationCore.Interfaces.SafeAddressService.CheckIsInNetworkAllowed - [IP ADDRESS]: System.Collections.Generic.List`1[System.Net.IPAddress]
2022-06-13 15:33:07  INFO TOE.TOEIC.ApplicationCore.Interfaces.SafeAddressService.CheckIsInNetworkAllowed - [MAC ADDRESS]: C46516B228DC
2022-06-13 15:33:07  INFO TOE.TOEIC.Web.Controllers.BaseEntityController`1.GetFilter - Filter Menu info : {"Sort":null,"Columns":null,"Filter":"W1siSXNEZWxldGVkIiwiPSIsIjAiXSwiQU5EIixbIlN0YXR1cyIsIj0iLCIxIl0sIkFORCIsWyJJc1Nob3dIb21lIiwiPSIsIjEiXV0=","Delta":0,"PageIndex":1,"PageSize":9999}
2022-06-13 15:34:48  INFO TOE.TOEIC.ApplicationCore.Interfaces.SafeAddressService.CheckIsInNetworkAllowed - [IP ADDRESS]: System.Collections.Generic.List`1[System.Net.IPAddress]
2022-06-13 15:34:48  INFO TOE.TOEIC.ApplicationCore.Interfaces.SafeAddressService.CheckIsInNetworkAllowed - [MAC ADDRESS]: C46516B228DC
2022-06-13 15:34:48  INFO TOE.TOEIC.Web.Controllers.BaseEntityController`1.GetFilter - Filter Menu info : {"Sort":null,"Columns":null,"Filter":"W1siSXNEZWxldGVkIiwiPSIsIjAiXSwiQU5EIixbIlN0YXR1cyIsIj0iLCIxIl0sIkFORCIsWyJJc1Nob3dIb21lIiwiPSIsIjEiXV0=","Delta":0,"PageIndex":1,"PageSize":9999}
2022-06-13 15:34:48  INFO TOE.TOEIC.Web.Controllers.BaseEntityController`1.GetFilter - Filter Post info : {"Sort":null,"Columns":null,"Filter":"W1tbIk1lbnVJRCIsIj0iLCI4ZDBmYjA1ZC01Y2E2LTRjZjYtYWRmYi03NWU1MGQyYTg4YzUiXSwiT1IiLFsiTWVudUlEIiwiPSIsImJlNzFmOTI1LTcyMWItNDg5Mi05YTM5LWM0NTBlYThlYTg4ZCJdLCJPUiIsWyJNZW51SUQiLCI9IiwiZGY4NjdiZDQtOGY3Ny00NDE4LWFmYTMtNWI0OWJkNDI3MGE1Il1dLCJBTkQiLFsiU3RhdHVzIiwiPSIsIjEiXSwiQU5EIixbIklzRGVsZXRlZCIsIj0iLCIwIl1d","Delta":0,"PageIndex":1,"PageSize":9999}
2022-06-13 15:38:18  INFO TOE.TOEIC.Web.Controllers.BaseEntityController`1.GetFilter - Filter Notification info : {"Sort":"[[\"CreatedDate\",\"DESC\"]]","Columns":null,"Filter":"W1siSXNEZWxldGVkIiwiPSIsIjAiXSwiQU5EIixbIlN0YXR1cyIsIj0iLCIxIl1d","Delta":0,"PageIndex":1,"PageSize":20}
2022-06-13 15:41:30  INFO TOE.TOEIC.Web.Controllers.BaseEntityController`1.GetFilter - Filter Post info : {"Sort":null,"Columns":null,"Filter":"W1tbIk1lbnVJRCIsIj0iLCI4ZDBmYjA1ZC01Y2E2LTRjZjYtYWRmYi03NWU1MGQyYTg4YzUiXSwiT1IiLFsiTWVudUlEIiwiPSIsImJlNzFmOTI1LTcyMWItNDg5Mi05YTM5LWM0NTBlYThlYTg4ZCJdLCJPUiIsWyJNZW51SUQiLCI9IiwiZGY4NjdiZDQtOGY3Ny00NDE4LWFmYTMtNWI0OWJkNDI3MGE1Il1dLCJBTkQiLFsiU3RhdHVzIiwiPSIsIjEiXSwiQU5EIixbIklzRGVsZXRlZCIsIj0iLCIwIl1d","Delta":0,"PageIndex":1,"PageSize":9999}
2022-06-13 15:41:31  INFO TOE.TOEIC.Web.Controllers.BaseEntityController`1.GetFilter - Filter Notification info : {"Sort":"[[\"CreatedDate\",\"DESC\"]]","Columns":null,"Filter":"W1siSXNEZWxldGVkIiwiPSIsIjAiXSwiQU5EIixbIlN0YXR1cyIsIj0iLCIxIl1d","Delta":0,"PageIndex":1,"PageSize":20}
2022-06-13 15:47:11  INFO TOE.TOEIC.ApplicationCore.Interfaces.SafeAddressService.CheckIsInNetworkAllowed - [IP ADDRESS]: System.Collections.Generic.List`1[System.Net.IPAddress]
2022-06-13 15:47:11  INFO TOE.TOEIC.ApplicationCore.Interfaces.SafeAddressService.CheckIsInNetworkAllowed - [MAC ADDRESS]: C46516B228DC
2022-06-13 15:47:12  INFO TOE.TOEIC.Web.Controllers.BaseEntityController`1.GetFilter - Filter Menu info : {"Sort":null,"Columns":null,"Filter":"W1siSXNEZWxldGVkIiwiPSIsIjAiXSwiQU5EIixbIlN0YXR1cyIsIj0iLCIxIl0sIkFORCIsWyJJc1Nob3dIb21lIiwiPSIsIjEiXV0=","Delta":0,"PageIndex":1,"PageSize":9999}
2022-06-13 15:47:12  INFO TOE.TOEIC.Web.Controllers.BaseEntityController`1.GetFilter - Filter Post info : {"Sort":null,"Columns":null,"Filter":"W1tbIk1lbnVJRCIsIj0iLCI4ZDBmYjA1ZC01Y2E2LTRjZjYtYWRmYi03NWU1MGQyYTg4YzUiXSwiT1IiLFsiTWVudUlEIiwiPSIsImJlNzFmOTI1LTcyMWItNDg5Mi05YTM5LWM0NTBlYThlYTg4ZCJdLCJPUiIsWyJNZW51SUQiLCI9IiwiZGY4NjdiZDQtOGY3Ny00NDE4LWFmYTMtNWI0OWJkNDI3MGE1Il1dLCJBTkQiLFsiU3RhdHVzIiwiPSIsIjEiXSwiQU5EIixbIklzRGVsZXRlZCIsIj0iLCIwIl1d","Delta":0,"PageIndex":1,"PageSize":9999}
2022-06-13 15:47:27  INFO TOE.TOEIC.Web.Controllers.BaseEntityController`1.GetFilter - Filter Notification info : {"Sort":"[[\"CreatedDate\",\"DESC\"]]","Columns":null,"Filter":"W1siSXNEZWxldGVkIiwiPSIsIjAiXSwiQU5EIixbIlN0YXR1cyIsIj0iLCIxIl1d","Delta":0,"PageIndex":1,"PageSize":20}
2022-06-13 15:48:46  INFO TOE.TOEIC.ApplicationCore.Interfaces.SafeAddressService.CheckIsInNetworkAllowed - [IP ADDRESS]: System.Collections.Generic.List`1[System.Net.IPAddress]
2022-06-13 15:48:46  INFO TOE.TOEIC.ApplicationCore.Interfaces.SafeAddressService.CheckIsInNetworkAllowed - [MAC ADDRESS]: C46516B228DC
2022-06-13 15:48:47  INFO TOE.TOEIC.Web.Controllers.BaseEntityController`1.GetFilter - Filter Menu info : {"Sort":null,"Columns":null,"Filter":"W1siSXNEZWxldGVkIiwiPSIsIjAiXSwiQU5EIixbIlN0YXR1cyIsIj0iLCIxIl0sIkFORCIsWyJJc1Nob3dIb21lIiwiPSIsIjEiXV0=","Delta":0,"PageIndex":1,"PageSize":9999}
2022-06-13 15:48:48  INFO TOE.TOEIC.Web.Controllers.BaseEntityController`1.GetFilter - Filter Post info : {"Sort":null,"Columns":null,"Filter":"W1tbIk1lbnVJRCIsIj0iLCI4ZDBmYjA1ZC01Y2E2LTRjZjYtYWRmYi03NWU1MGQyYTg4YzUiXSwiT1IiLFsiTWVudUlEIiwiPSIsImJlNzFmOTI1LTcyMWItNDg5Mi05YTM5LWM0NTBlYThlYTg4ZCJdLCJPUiIsWyJNZW51SUQiLCI9IiwiZGY4NjdiZDQtOGY3Ny00NDE4LWFmYTMtNWI0OWJkNDI3MGE1Il1dLCJBTkQiLFsiU3RhdHVzIiwiPSIsIjEiXSwiQU5EIixbIklzRGVsZXRlZCIsIj0iLCIwIl1d","Delta":0,"PageIndex":1,"PageSize":9999}
2022-06-13 15:48:50  INFO TOE.TOEIC.Web.Controllers.BaseEntityController`1.GetFilter - Filter Notification info : {"Sort":"[[\"CreatedDate\",\"DESC\"]]","Columns":null,"Filter":"W1siSXNEZWxldGVkIiwiPSIsIjAiXSwiQU5EIixbIlN0YXR1cyIsIj0iLCIxIl1d","Delta":0,"PageIndex":1,"PageSize":20}
2022-06-13 16:00:55  INFO TOE.TOEIC.Web.Controllers.BaseEntityController`1.GetFilter - Filter Post info : {"Sort":null,"Columns":null,"Filter":"W1tbIk1lbnVJRCIsIj0iLCI4ZDBmYjA1ZC01Y2E2LTRjZjYtYWRmYi03NWU1MGQyYTg4YzUiXSwiT1IiLFsiTWVudUlEIiwiPSIsImJlNzFmOTI1LTcyMWItNDg5Mi05YTM5LWM0NTBlYThlYTg4ZCJdLCJPUiIsWyJNZW51SUQiLCI9IiwiZGY4NjdiZDQtOGY3Ny00NDE4LWFmYTMtNWI0OWJkNDI3MGE1Il1dLCJBTkQiLFsiU3RhdHVzIiwiPSIsIjEiXSwiQU5EIixbIklzRGVsZXRlZCIsIj0iLCIwIl1d","Delta":0,"PageIndex":1,"PageSize":9999}
2022-06-13 16:00:58  INFO TOE.TOEIC.Web.Controllers.BaseEntityController`1.GetFilter - Filter BookItem info : {"Sort":"[[\"CreatedDate\",\"DESC\"]]","Columns":null,"Filter":"W1siSXNEZWxldGVkIiwiPSIsIjAiXSwiQU5EIixbIlN0YXR1cyIsIj0iLCIxIl0sIkFORCIsWyJCb29rRm9ybWF0IiwiPSIsMV0sIkFORCIsWyJJc1ByaXZhdGUiLCI9IiwiMCJdXQ==","Delta":0,"PageIndex":1,"PageSize":5}
2022-06-13 16:00:58  INFO TOE.TOEIC.Web.Controllers.BaseEntityController`1.GetFilter - Filter BookItem info : {"Sort":"[[\"CreatedDate\",\"DESC\"]]","Columns":null,"Filter":"W1siSXNEZWxldGVkIiwiPSIsIjAiXSwiQU5EIixbIlN0YXR1cyIsIj0iLCIxIl0sIkFORCIsWyJCb29rRm9ybWF0IiwiPSIsMF0sIkFORCIsWyJJc1ByaXZhdGUiLCI9IiwiMCJdXQ==","Delta":0,"PageIndex":1,"PageSize":5}
2022-06-13 16:01:14  INFO TOE.TOEIC.Web.Controllers.BookOrderController.Post - Thêm bản ghi BookOrder: {"BookOrderID":"28f410f5-9b80-48ba-a75c-86a6af1af47f","AccountID":"58d54d4e-b205-4ed8-b0a0-0eaff587c50e","BookOrderCode":null,"BookOrderInformation":"[{\"id\":\"1360cac3-dd18-45ca-9a8f-ed09abf8a344\",\"quantity\":2,\"isReferenceOnly\":false,\"price\":200000,\"bookFormat\":0,\"borrowedDate\":\"0001-01-01T00:00:00\",\"dueDate\":\"0001-01-01T00:00:00\",\"dateOfPurchase\":\"1970-01-01T07:00:00\",\"publicationDate\":\"0001-01-01T00:00:00\",\"amount\":10,\"reserved\":0,\"loaned\":0,\"lost\":0,\"available\":10,\"bookID\":\"1360cac3-dd18-45ca-9a8f-ed09abf8a344\",\"categoryID\":\"13f9e4a6-971f-4ecb-a45c-b49cda8b3021\",\"bookCode\":\"234235\",\"bookName\":\"English everyday\",\"description\":null,\"publisher\":\"Even do\",\"author\":\"[\\\"Alex Horen\\\"]\",\"languageCode\":\"en\",\"image\":\"https://firebasestorage.googleapis.com/v0/b/fir-library-upload.appspot.com/o/images%2Fb.png_002223_07062022?alt=media&token=0b8f78fe-9e79-4b50-9d91-6ff43487a87c\",\"file\":null,\"isPrivate\":false,\"entityState\":0,\"createdDate\":\"2022-06-07T00:22:29\",\"createdBy\":\"đỗ văn hải\",\"modifiedDate\":\"2022-06-07T00:22:29\",\"modifiedBy\":\"đỗ văn hải\",\"status\":true,\"isDeleted\":false}]","OrderStatus":0,"Note":"note","FromDate":"2022-06-15T00:00:00Z","DueDate":"2022-06-25T00:00:00Z","EntityState":0,"CreatedDate":"2022-06-13T16:01:14.291Z","CreatedBy":"admin","ModifiedDate":"2022-06-13T16:01:14.291Z","ModifiedBy":"admin","Status":true,"IsDeleted":false}
2022-06-13 16:01:18  INFO TOE.TOEIC.Web.Controllers.BaseEntityController`1.GetFilter - Filter Account info : {"Sort":null,"Columns":"PhoneNumber,Email,AccountID,Address,FullName,UserName,Avatar,CreatedBy,CreatedDate,ModifiedBy,ModifiedDate,Status","Filter":"W1siSXNEZWxldGVkIiwiPSIsIjAiXSwiQU5EIixbIlN0YXR1cyIsIj0iLCIxIl0sIkFORCIsWyJBY2NvdW50SUQiLCI9IiwiNThkNTRkNGUtYjIwNS00ZWQ4LWIwYTAtMGVhZmY1ODdjNTBlIl1d","Delta":0,"PageIndex":1,"PageSize":1}
2022-06-13 16:01:22  INFO TOE.TOEIC.Web.Controllers.BaseEntityController`1.GetFilter - Filter Notification info : {"Sort":"[[\"CreatedDate\",\"DESC\"]]","Columns":null,"Filter":"W1siSXNEZWxldGVkIiwiPSIsIjAiXSwiQU5EIixbIlN0YXR1cyIsIj0iLCIxIl1d","Delta":0,"PageIndex":1,"PageSize":20}
2022-06-13 16:02:10  INFO TOE.TOEIC.Web.Controllers.BaseEntityController`1.GetFilter - Filter Notification info : {"Sort":"[[\"CreatedDate\",\"DESC\"]]","Columns":null,"Filter":"W1siSXNEZWxldGVkIiwiPSIsIjAiXSwiQU5EIixbIlN0YXR1cyIsIj0iLCIxIl1d","Delta":0,"PageIndex":1,"PageSize":20}
2022-06-13 16:02:18  INFO TOE.TOEIC.Web.Controllers.BaseEntityController`1.GetFilter - Filter Post info : {"Sort":null,"Columns":null,"Filter":"W1tbIk1lbnVJRCIsIj0iLCI4ZDBmYjA1ZC01Y2E2LTRjZjYtYWRmYi03NWU1MGQyYTg4YzUiXSwiT1IiLFsiTWVudUlEIiwiPSIsImJlNzFmOTI1LTcyMWItNDg5Mi05YTM5LWM0NTBlYThlYTg4ZCJdLCJPUiIsWyJNZW51SUQiLCI9IiwiZGY4NjdiZDQtOGY3Ny00NDE4LWFmYTMtNWI0OWJkNDI3MGE1Il1dLCJBTkQiLFsiU3RhdHVzIiwiPSIsIjEiXSwiQU5EIixbIklzRGVsZXRlZCIsIj0iLCIwIl1d","Delta":0,"PageIndex":1,"PageSize":9999}
2022-06-13 16:02:21  INFO TOE.TOEIC.Web.Controllers.BaseEntityController`1.GetFilter - Filter Notification info : {"Sort":"[[\"CreatedDate\",\"DESC\"]]","Columns":null,"Filter":"W1siSXNEZWxldGVkIiwiPSIsIjAiXSwiQU5EIixbIlN0YXR1cyIsIj0iLCIxIl1d","Delta":0,"PageIndex":1,"PageSize":20}
2022-06-13 16:02:25  INFO TOE.TOEIC.Web.Controllers.BaseEntityController`1.GetFilter - Filter Notification info : {"Sort":"[[\"CreatedDate\",\"DESC\"]]","Columns":null,"Filter":"W1siSXNEZWxldGVkIiwiPSIsIjAiXSwiQU5EIixbIlN0YXR1cyIsIj0iLCIxIl1d","Delta":0,"PageIndex":1,"PageSize":20}
2022-06-13 16:02:25  INFO TOE.TOEIC.Web.Controllers.SafeAddressController.GetFilter - Filter SafeAddress info : {"Sort":null,"Columns":null,"Filter":"W1siSXNEZWxldGVkIiwiPSIsIjAiXV0=","Delta":0,"PageIndex":1,"PageSize":10}
2022-06-13 16:02:25  INFO TOE.TOEIC.Web.Controllers.SafeAddressController.GetFilter - Filter SafeAddress info : {"Sort":null,"Columns":null,"Filter":"W1siSXNEZWxldGVkIiwiPSIsIjAiXV0=","Delta":0,"PageIndex":1,"PageSize":10}
2022-06-13 16:02:26  INFO TOE.TOEIC.Web.Controllers.BaseEntityController`1.GetFilter - Filter Notification info : {"Sort":"[[\"CreatedDate\",\"DESC\"]]","Columns":null,"Filter":"W1siSXNEZWxldGVkIiwiPSIsIjAiXSwiQU5EIixbIlN0YXR1cyIsIj0iLCIxIl1d","Delta":0,"PageIndex":1,"PageSize":20}
2022-06-13 16:02:26  INFO TOE.TOEIC.Web.Controllers.BaseEntityController`1.GetFilter - Filter Post info : {"Sort":null,"Columns":null,"Filter":"W1siSXNEZWxldGVkIiwiPSIsIjAiXV0=","Delta":0,"PageIndex":1,"PageSize":10}
2022-06-13 16:02:27  INFO TOE.TOEIC.Web.Controllers.BaseEntityController`1.GetFilter - Filter Notification info : {"Sort":"[[\"CreatedDate\",\"DESC\"]]","Columns":null,"Filter":"W1siSXNEZWxldGVkIiwiPSIsIjAiXSwiQU5EIixbIlN0YXR1cyIsIj0iLCIxIl1d","Delta":0,"PageIndex":1,"PageSize":20}
2022-06-13 16:02:33  INFO TOE.TOEIC.Web.Controllers.BaseEntityController`1.GetFilter - Filter Post info : {"Sort":null,"Columns":null,"Filter":"W1tbIk1lbnVJRCIsIj0iLCI4ZDBmYjA1ZC01Y2E2LTRjZjYtYWRmYi03NWU1MGQyYTg4YzUiXSwiT1IiLFsiTWVudUlEIiwiPSIsImJlNzFmOTI1LTcyMWItNDg5Mi05YTM5LWM0NTBlYThlYTg4ZCJdLCJPUiIsWyJNZW51SUQiLCI9IiwiZGY4NjdiZDQtOGY3Ny00NDE4LWFmYTMtNWI0OWJkNDI3MGE1Il1dLCJBTkQiLFsiU3RhdHVzIiwiPSIsIjEiXSwiQU5EIixbIklzRGVsZXRlZCIsIj0iLCIwIl1d","Delta":0,"PageIndex":1,"PageSize":9999}
2022-06-13 16:02:35  INFO TOE.TOEIC.Web.Controllers.BaseEntityController`1.GetFilter - Filter BookItem info : {"Sort":"[[\"CreatedDate\",\"DESC\"]]","Columns":null,"Filter":"W1siSXNEZWxldGVkIiwiPSIsIjAiXSwiQU5EIixbIlN0YXR1cyIsIj0iLCIxIl0sIkFORCIsWyJCb29rRm9ybWF0IiwiPSIsMF0sIkFORCIsWyJJc1ByaXZhdGUiLCI9IiwiMCJdXQ==","Delta":0,"PageIndex":1,"PageSize":5}
2022-06-13 16:02:35  INFO TOE.TOEIC.Web.Controllers.BaseEntityController`1.GetFilter - Filter BookItem info : {"Sort":"[[\"CreatedDate\",\"DESC\"]]","Columns":null,"Filter":"W1siSXNEZWxldGVkIiwiPSIsIjAiXSwiQU5EIixbIlN0YXR1cyIsIj0iLCIxIl0sIkFORCIsWyJCb29rRm9ybWF0IiwiPSIsMV0sIkFORCIsWyJJc1ByaXZhdGUiLCI9IiwiMCJdXQ==","Delta":0,"PageIndex":1,"PageSize":5}
2022-06-13 16:02:43  INFO TOE.TOEIC.Web.Controllers.BaseEntityController`1.GetFilter - Filter Account info : {"Sort":null,"Columns":"PhoneNumber,Email,AccountID,Address,FullName,UserName,Avatar,CreatedBy,CreatedDate,ModifiedBy,ModifiedDate,Status","Filter":"W1siSXNEZWxldGVkIiwiPSIsIjAiXSwiQU5EIixbIlN0YXR1cyIsIj0iLCIxIl0sIkFORCIsWyJBY2NvdW50SUQiLCI9IiwiNThkNTRkNGUtYjIwNS00ZWQ4LWIwYTAtMGVhZmY1ODdjNTBlIl1d","Delta":0,"PageIndex":1,"PageSize":1}
2022-06-13 16:02:49  INFO TOE.TOEIC.Web.Controllers.BookOrderController.Post - Thêm bản ghi BookOrder: {"BookOrderID":"b3c625a3-021f-47e0-acd7-11655a6231a1","AccountID":"58d54d4e-b205-4ed8-b0a0-0eaff587c50e","BookOrderCode":null,"BookOrderInformation":"[{\"id\":\"1360cac3-dd18-45ca-9a8f-ed09abf8a344\",\"quantity\":1,\"isReferenceOnly\":false,\"price\":200000,\"bookFormat\":0,\"borrowedDate\":\"0001-01-01T00:00:00\",\"dueDate\":\"0001-01-01T00:00:00\",\"dateOfPurchase\":\"1970-01-01T07:00:00\",\"publicationDate\":\"0001-01-01T00:00:00\",\"amount\":10,\"reserved\":0,\"loaned\":0,\"lost\":0,\"available\":10,\"bookID\":\"1360cac3-dd18-45ca-9a8f-ed09abf8a344\",\"categoryID\":\"13f9e4a6-971f-4ecb-a45c-b49cda8b3021\",\"bookCode\":\"B000001\",\"bookName\":\"English everyday\",\"description\":null,\"publisher\":\"Even do\",\"author\":\"[\\\"Alex Horen\\\"]\",\"languageCode\":\"en\",\"image\":\"https://firebasestorage.googleapis.com/v0/b/fir-library-upload.appspot.com/o/images%2Fb.png_002223_07062022?alt=media&token=0b8f78fe-9e79-4b50-9d91-6ff43487a87c\",\"file\":null,\"isPrivate\":false,\"entityState\":0,\"createdDate\":\"2022-06-07T00:22:29\",\"createdBy\":\"đỗ văn hải\",\"modifiedDate\":\"2022-06-07T00:22:29\",\"modifiedBy\":\"đỗ văn hải\",\"status\":true,\"isDeleted\":false}]","OrderStatus":0,"Note":"note","FromDate":"2022-06-21T00:00:00Z","DueDate":"2022-07-01T00:00:00Z","EntityState":0,"CreatedDate":"2022-06-13T16:02:49.784Z","CreatedBy":"admin","ModifiedDate":"2022-06-13T16:02:49.784Z","ModifiedBy":"admin","Status":true,"IsDeleted":false}
2022-06-13 16:02:54  INFO TOE.TOEIC.Web.Controllers.BaseEntityController`1.GetFilter - Filter Notification info : {"Sort":"[[\"CreatedDate\",\"DESC\"]]","Columns":null,"Filter":"W1siSXNEZWxldGVkIiwiPSIsIjAiXSwiQU5EIixbIlN0YXR1cyIsIj0iLCIxIl1d","Delta":0,"PageIndex":1,"PageSize":20}
2022-06-13 16:04:42  INFO TOE.TOEIC.Web.Controllers.BaseEntityController`1.GetFilter - Filter Notification info : {"Sort":"[[\"CreatedDate\",\"DESC\"]]","Columns":null,"Filter":"W1siSXNEZWxldGVkIiwiPSIsIjAiXSwiQU5EIixbIlN0YXR1cyIsIj0iLCIxIl1d","Delta":0,"PageIndex":1,"PageSize":20}
2022-06-13 16:04:42  INFO TOE.TOEIC.ApplicationCore.Interfaces.SafeAddressService.CheckIsInNetworkAllowed - [IP ADDRESS]: System.Collections.Generic.List`1[System.Net.IPAddress]
2022-06-13 16:04:42  INFO TOE.TOEIC.ApplicationCore.Interfaces.SafeAddressService.CheckIsInNetworkAllowed - [MAC ADDRESS]: C46516B228DC
2022-06-13 16:04:43  INFO TOE.TOEIC.Web.Controllers.BaseEntityController`1.GetFilter - Filter Menu info : {"Sort":null,"Columns":null,"Filter":"W1siSXNEZWxldGVkIiwiPSIsIjAiXSwiQU5EIixbIlN0YXR1cyIsIj0iLCIxIl0sIkFORCIsWyJJc1Nob3dIb21lIiwiPSIsIjEiXV0=","Delta":0,"PageIndex":1,"PageSize":9999}
2022-06-13 16:05:16  INFO TOE.TOEIC.Web.Controllers.BaseEntityController`1.GetFilter - Filter Notification info : {"Sort":"[[\"CreatedDate\",\"DESC\"]]","Columns":null,"Filter":"W1siSXNEZWxldGVkIiwiPSIsIjAiXSwiQU5EIixbIlN0YXR1cyIsIj0iLCIxIl1d","Delta":0,"PageIndex":1,"PageSize":20}
2022-06-13 16:05:16  INFO TOE.TOEIC.ApplicationCore.Interfaces.SafeAddressService.CheckIsInNetworkAllowed - [IP ADDRESS]: System.Collections.Generic.List`1[System.Net.IPAddress]
2022-06-13 16:05:16  INFO TOE.TOEIC.ApplicationCore.Interfaces.SafeAddressService.CheckIsInNetworkAllowed - [MAC ADDRESS]: C46516B228DC
2022-06-13 16:05:16  INFO TOE.TOEIC.Web.Controllers.BaseEntityController`1.GetFilter - Filter Menu info : {"Sort":null,"Columns":null,"Filter":"W1siSXNEZWxldGVkIiwiPSIsIjAiXSwiQU5EIixbIlN0YXR1cyIsIj0iLCIxIl0sIkFORCIsWyJJc1Nob3dIb21lIiwiPSIsIjEiXV0=","Delta":0,"PageIndex":1,"PageSize":9999}
2022-06-13 16:06:24  INFO TOE.TOEIC.ApplicationCore.Interfaces.SafeAddressService.CheckIsInNetworkAllowed - [IP ADDRESS]: System.Collections.Generic.List`1[System.Net.IPAddress]
2022-06-13 16:06:24  INFO TOE.TOEIC.ApplicationCore.Interfaces.SafeAddressService.CheckIsInNetworkAllowed - [MAC ADDRESS]: C46516B228DC
2022-06-13 16:06:24  INFO TOE.TOEIC.Web.Controllers.BaseEntityController`1.GetFilter - Filter Menu info : {"Sort":null,"Columns":null,"Filter":"W1siSXNEZWxldGVkIiwiPSIsIjAiXSwiQU5EIixbIlN0YXR1cyIsIj0iLCIxIl0sIkFORCIsWyJJc1Nob3dIb21lIiwiPSIsIjEiXV0=","Delta":0,"PageIndex":1,"PageSize":9999}
2022-06-13 16:06:24  INFO TOE.TOEIC.Web.Controllers.BaseEntityController`1.GetFilter - Filter Post info : {"Sort":null,"Columns":null,"Filter":"W1tbIk1lbnVJRCIsIj0iLCI4ZDBmYjA1ZC01Y2E2LTRjZjYtYWRmYi03NWU1MGQyYTg4YzUiXSwiT1IiLFsiTWVudUlEIiwiPSIsImJlNzFmOTI1LTcyMWItNDg5Mi05YTM5LWM0NTBlYThlYTg4ZCJdLCJPUiIsWyJNZW51SUQiLCI9IiwiZGY4NjdiZDQtOGY3Ny00NDE4LWFmYTMtNWI0OWJkNDI3MGE1Il1dLCJBTkQiLFsiU3RhdHVzIiwiPSIsIjEiXSwiQU5EIixbIklzRGVsZXRlZCIsIj0iLCIwIl1d","Delta":0,"PageIndex":1,"PageSize":9999}
2022-06-13 16:06:27  INFO TOE.TOEIC.Web.Controllers.BaseEntityController`1.GetFilter - Filter Notification info : {"Sort":"[[\"CreatedDate\",\"DESC\"]]","Columns":null,"Filter":"W1siSXNEZWxldGVkIiwiPSIsIjAiXSwiQU5EIixbIlN0YXR1cyIsIj0iLCIxIl1d","Delta":0,"PageIndex":1,"PageSize":20}
2022-06-13 16:07:19  INFO TOE.TOEIC.Web.Controllers.BaseEntityController`1.GetFilter - Filter Notification info : {"Sort":"[[\"CreatedDate\",\"DESC\"]]","Columns":null,"Filter":"W1siSXNEZWxldGVkIiwiPSIsIjAiXSwiQU5EIixbIlN0YXR1cyIsIj0iLCIxIl1d","Delta":0,"PageIndex":1,"PageSize":20}
2022-06-13 16:07:19  INFO TOE.TOEIC.ApplicationCore.Interfaces.SafeAddressService.CheckIsInNetworkAllowed - [IP ADDRESS]: System.Collections.Generic.List`1[System.Net.IPAddress]
2022-06-13 16:07:19  INFO TOE.TOEIC.ApplicationCore.Interfaces.SafeAddressService.CheckIsInNetworkAllowed - [MAC ADDRESS]: C46516B228DC
2022-06-13 16:07:19  INFO TOE.TOEIC.Web.Controllers.BaseEntityController`1.GetFilter - Filter Menu info : {"Sort":null,"Columns":null,"Filter":"W1siSXNEZWxldGVkIiwiPSIsIjAiXSwiQU5EIixbIlN0YXR1cyIsIj0iLCIxIl0sIkFORCIsWyJJc1Nob3dIb21lIiwiPSIsIjEiXV0=","Delta":0,"PageIndex":1,"PageSize":9999}
2022-06-13 16:08:37  INFO TOE.TOEIC.ApplicationCore.Interfaces.SafeAddressService.CheckIsInNetworkAllowed - [IP ADDRESS]: System.Collections.Generic.List`1[System.Net.IPAddress]
2022-06-13 16:08:37  INFO TOE.TOEIC.ApplicationCore.Interfaces.SafeAddressService.CheckIsInNetworkAllowed - [MAC ADDRESS]: C46516B228DC
2022-06-13 16:08:38  INFO TOE.TOEIC.Web.Controllers.BaseEntityController`1.GetFilter - Filter Menu info : {"Sort":null,"Columns":null,"Filter":"W1siSXNEZWxldGVkIiwiPSIsIjAiXSwiQU5EIixbIlN0YXR1cyIsIj0iLCIxIl0sIkFORCIsWyJJc1Nob3dIb21lIiwiPSIsIjEiXV0=","Delta":0,"PageIndex":1,"PageSize":9999}
2022-06-13 16:08:38  INFO TOE.TOEIC.Web.Controllers.BaseEntityController`1.GetFilter - Filter Post info : {"Sort":null,"Columns":null,"Filter":"W1tbIk1lbnVJRCIsIj0iLCI4ZDBmYjA1ZC01Y2E2LTRjZjYtYWRmYi03NWU1MGQyYTg4YzUiXSwiT1IiLFsiTWVudUlEIiwiPSIsImJlNzFmOTI1LTcyMWItNDg5Mi05YTM5LWM0NTBlYThlYTg4ZCJdLCJPUiIsWyJNZW51SUQiLCI9IiwiZGY4NjdiZDQtOGY3Ny00NDE4LWFmYTMtNWI0OWJkNDI3MGE1Il1dLCJBTkQiLFsiU3RhdHVzIiwiPSIsIjEiXSwiQU5EIixbIklzRGVsZXRlZCIsIj0iLCIwIl1d","Delta":0,"PageIndex":1,"PageSize":9999}
2022-06-13 16:08:43  INFO TOE.TOEIC.Web.Controllers.BaseEntityController`1.GetFilter - Filter Notification info : {"Sort":"[[\"CreatedDate\",\"DESC\"]]","Columns":null,"Filter":"W1siSXNEZWxldGVkIiwiPSIsIjAiXSwiQU5EIixbIlN0YXR1cyIsIj0iLCIxIl1d","Delta":0,"PageIndex":1,"PageSize":20}
2022-06-13 16:08:48  INFO TOE.TOEIC.Web.Controllers.BaseEntityController`1.GetFilter - Filter Notification info : {"Sort":"[[\"CreatedDate\",\"DESC\"]]","Columns":null,"Filter":"W1siSXNEZWxldGVkIiwiPSIsIjAiXSwiQU5EIixbIlN0YXR1cyIsIj0iLCIxIl1d","Delta":0,"PageIndex":1,"PageSize":20}
2022-06-13 16:08:48  INFO TOE.TOEIC.ApplicationCore.Interfaces.SafeAddressService.CheckIsInNetworkAllowed - [IP ADDRESS]: System.Collections.Generic.List`1[System.Net.IPAddress]
2022-06-13 16:08:48  INFO TOE.TOEIC.ApplicationCore.Interfaces.SafeAddressService.CheckIsInNetworkAllowed - [MAC ADDRESS]: C46516B228DC
2022-06-13 16:08:48  INFO TOE.TOEIC.Web.Controllers.BaseEntityController`1.GetFilter - Filter Menu info : {"Sort":null,"Columns":null,"Filter":"W1siSXNEZWxldGVkIiwiPSIsIjAiXSwiQU5EIixbIlN0YXR1cyIsIj0iLCIxIl0sIkFORCIsWyJJc1Nob3dIb21lIiwiPSIsIjEiXV0=","Delta":0,"PageIndex":1,"PageSize":9999}
2022-06-13 16:08:51  INFO TOE.TOEIC.Web.Controllers.BaseEntityController`1.GetFilter - Filter Notification info : {"Sort":"[[\"CreatedDate\",\"DESC\"]]","Columns":null,"Filter":"W1siSXNEZWxldGVkIiwiPSIsIjAiXSwiQU5EIixbIlN0YXR1cyIsIj0iLCIxIl1d","Delta":0,"PageIndex":1,"PageSize":20}
2022-06-13 16:08:51  INFO TOE.TOEIC.ApplicationCore.Interfaces.SafeAddressService.CheckIsInNetworkAllowed - [IP ADDRESS]: System.Collections.Generic.List`1[System.Net.IPAddress]
2022-06-13 16:08:51  INFO TOE.TOEIC.ApplicationCore.Interfaces.SafeAddressService.CheckIsInNetworkAllowed - [MAC ADDRESS]: C46516B228DC
2022-06-13 16:08:52  INFO TOE.TOEIC.Web.Controllers.BaseEntityController`1.GetFilter - Filter Menu info : {"Sort":null,"Columns":null,"Filter":"W1siSXNEZWxldGVkIiwiPSIsIjAiXSwiQU5EIixbIlN0YXR1cyIsIj0iLCIxIl0sIkFORCIsWyJJc1Nob3dIb21lIiwiPSIsIjEiXV0=","Delta":0,"PageIndex":1,"PageSize":9999}
2022-06-13 16:08:54  INFO TOE.TOEIC.Web.Controllers.BaseEntityController`1.GetFilter - Filter Notification info : {"Sort":"[[\"CreatedDate\",\"DESC\"]]","Columns":null,"Filter":"W1siSXNEZWxldGVkIiwiPSIsIjAiXSwiQU5EIixbIlN0YXR1cyIsIj0iLCIxIl1d","Delta":0,"PageIndex":1,"PageSize":20}
2022-06-13 16:08:54  INFO TOE.TOEIC.ApplicationCore.Interfaces.SafeAddressService.CheckIsInNetworkAllowed - [IP ADDRESS]: System.Collections.Generic.List`1[System.Net.IPAddress]
2022-06-13 16:08:54  INFO TOE.TOEIC.ApplicationCore.Interfaces.SafeAddressService.CheckIsInNetworkAllowed - [MAC ADDRESS]: C46516B228DC
2022-06-13 16:08:54  INFO TOE.TOEIC.Web.Controllers.BaseEntityController`1.GetFilter - Filter Menu info : {"Sort":null,"Columns":null,"Filter":"W1siSXNEZWxldGVkIiwiPSIsIjAiXSwiQU5EIixbIlN0YXR1cyIsIj0iLCIxIl0sIkFORCIsWyJJc1Nob3dIb21lIiwiPSIsIjEiXV0=","Delta":0,"PageIndex":1,"PageSize":9999}
2022-06-13 16:09:12  INFO TOE.TOEIC.Web.Controllers.BaseEntityController`1.GetFilter - Filter Notification info : {"Sort":"[[\"CreatedDate\",\"DESC\"]]","Columns":null,"Filter":"W1siSXNEZWxldGVkIiwiPSIsIjAiXSwiQU5EIixbIlN0YXR1cyIsIj0iLCIxIl1d","Delta":0,"PageIndex":1,"PageSize":20}
2022-06-13 16:09:12  INFO TOE.TOEIC.ApplicationCore.Interfaces.SafeAddressService.CheckIsInNetworkAllowed - [IP ADDRESS]: System.Collections.Generic.List`1[System.Net.IPAddress]
2022-06-13 16:09:12  INFO TOE.TOEIC.ApplicationCore.Interfaces.SafeAddressService.CheckIsInNetworkAllowed - [MAC ADDRESS]: C46516B228DC
2022-06-13 16:09:12  INFO TOE.TOEIC.Web.Controllers.BaseEntityController`1.GetFilter - Filter Menu info : {"Sort":null,"Columns":null,"Filter":"W1siSXNEZWxldGVkIiwiPSIsIjAiXSwiQU5EIixbIlN0YXR1cyIsIj0iLCIxIl0sIkFORCIsWyJJc1Nob3dIb21lIiwiPSIsIjEiXV0=","Delta":0,"PageIndex":1,"PageSize":9999}
2022-06-13 16:09:59  INFO TOE.TOEIC.Web.Controllers.BaseEntityController`1.GetFilter - Filter Notification info : {"Sort":"[[\"CreatedDate\",\"DESC\"]]","Columns":null,"Filter":"W1siSXNEZWxldGVkIiwiPSIsIjAiXSwiQU5EIixbIlN0YXR1cyIsIj0iLCIxIl1d","Delta":0,"PageIndex":1,"PageSize":20}
2022-06-13 16:10:00  INFO TOE.TOEIC.Web.Controllers.BaseEntityController`1.GetFilter - Filter Notification info : {"Sort":"[[\"CreatedDate\",\"DESC\"]]","Columns":null,"Filter":"W1siSXNEZWxldGVkIiwiPSIsIjAiXSwiQU5EIixbIlN0YXR1cyIsIj0iLCIxIl1d","Delta":0,"PageIndex":1,"PageSize":20}
2022-06-13 16:10:01  INFO TOE.TOEIC.Web.Controllers.BaseEntityController`1.GetFilter - Filter Notification info : {"Sort":"[[\"CreatedDate\",\"DESC\"]]","Columns":null,"Filter":"W1siSXNEZWxldGVkIiwiPSIsIjAiXSwiQU5EIixbIlN0YXR1cyIsIj0iLCIxIl1d","Delta":0,"PageIndex":1,"PageSize":20}
2022-06-13 16:10:02  INFO TOE.TOEIC.Web.Controllers.BaseEntityController`1.GetFilter - Filter Notification info : {"Sort":"[[\"CreatedDate\",\"DESC\"]]","Columns":null,"Filter":"W1siSXNEZWxldGVkIiwiPSIsIjAiXSwiQU5EIixbIlN0YXR1cyIsIj0iLCIxIl1d","Delta":0,"PageIndex":1,"PageSize":20}
2022-06-13 16:10:26  INFO TOE.TOEIC.ApplicationCore.Interfaces.SafeAddressService.CheckIsInNetworkAllowed - [IP ADDRESS]: System.Collections.Generic.List`1[System.Net.IPAddress]
2022-06-13 16:10:26  INFO TOE.TOEIC.ApplicationCore.Interfaces.SafeAddressService.CheckIsInNetworkAllowed - [MAC ADDRESS]: C46516B228DC
2022-06-13 16:10:26  INFO TOE.TOEIC.Web.Controllers.BaseEntityController`1.GetFilter - Filter Menu info : {"Sort":null,"Columns":null,"Filter":"W1siSXNEZWxldGVkIiwiPSIsIjAiXSwiQU5EIixbIlN0YXR1cyIsIj0iLCIxIl0sIkFORCIsWyJJc1Nob3dIb21lIiwiPSIsIjEiXV0=","Delta":0,"PageIndex":1,"PageSize":9999}
2022-06-13 16:10:27  INFO TOE.TOEIC.Web.Controllers.BaseEntityController`1.GetFilter - Filter Post info : {"Sort":null,"Columns":null,"Filter":"W1tbIk1lbnVJRCIsIj0iLCI4ZDBmYjA1ZC01Y2E2LTRjZjYtYWRmYi03NWU1MGQyYTg4YzUiXSwiT1IiLFsiTWVudUlEIiwiPSIsImJlNzFmOTI1LTcyMWItNDg5Mi05YTM5LWM0NTBlYThlYTg4ZCJdLCJPUiIsWyJNZW51SUQiLCI9IiwiZGY4NjdiZDQtOGY3Ny00NDE4LWFmYTMtNWI0OWJkNDI3MGE1Il1dLCJBTkQiLFsiU3RhdHVzIiwiPSIsIjEiXSwiQU5EIixbIklzRGVsZXRlZCIsIj0iLCIwIl1d","Delta":0,"PageIndex":1,"PageSize":9999}
2022-06-13 16:11:27  INFO TOE.TOEIC.Web.Controllers.BaseEntityController`1.GetFilter - Filter Notification info : {"Sort":"[[\"CreatedDate\",\"DESC\"]]","Columns":null,"Filter":"W1siSXNEZWxldGVkIiwiPSIsIjAiXSwiQU5EIixbIlN0YXR1cyIsIj0iLCIxIl1d","Delta":0,"PageIndex":1,"PageSize":20}
2022-06-13 16:11:56  INFO TOE.TOEIC.Web.Controllers.BaseEntityController`1.GetFilter - Filter Notification info : {"Sort":"[[\"CreatedDate\",\"DESC\"]]","Columns":null,"Filter":"W1siSXNEZWxldGVkIiwiPSIsIjAiXSwiQU5EIixbIlN0YXR1cyIsIj0iLCIxIl1d","Delta":0,"PageIndex":1,"PageSize":20}
2022-06-13 16:11:56  INFO TOE.TOEIC.ApplicationCore.Interfaces.SafeAddressService.CheckIsInNetworkAllowed - [IP ADDRESS]: System.Collections.Generic.List`1[System.Net.IPAddress]
2022-06-13 16:11:56  INFO TOE.TOEIC.ApplicationCore.Interfaces.SafeAddressService.CheckIsInNetworkAllowed - [MAC ADDRESS]: C46516B228DC
2022-06-13 16:11:57  INFO TOE.TOEIC.Web.Controllers.BaseEntityController`1.GetFilter - Filter Menu info : {"Sort":null,"Columns":null,"Filter":"W1siSXNEZWxldGVkIiwiPSIsIjAiXSwiQU5EIixbIlN0YXR1cyIsIj0iLCIxIl0sIkFORCIsWyJJc1Nob3dIb21lIiwiPSIsIjEiXV0=","Delta":0,"PageIndex":1,"PageSize":9999}
2022-06-13 16:25:30  INFO TOE.TOEIC.ApplicationCore.Interfaces.SafeAddressService.CheckIsInNetworkAllowed - [IP ADDRESS]: System.Collections.Generic.List`1[System.Net.IPAddress]
2022-06-13 16:25:30  INFO TOE.TOEIC.ApplicationCore.Interfaces.SafeAddressService.CheckIsInNetworkAllowed - [MAC ADDRESS]: C46516B228DC
2022-06-13 16:25:30  INFO TOE.TOEIC.Web.Controllers.BaseEntityController`1.GetFilter - Filter Menu info : {"Sort":null,"Columns":null,"Filter":"W1siSXNEZWxldGVkIiwiPSIsIjAiXSwiQU5EIixbIlN0YXR1cyIsIj0iLCIxIl0sIkFORCIsWyJJc1Nob3dIb21lIiwiPSIsIjEiXV0=","Delta":0,"PageIndex":1,"PageSize":9999}
2022-06-13 16:25:30  INFO TOE.TOEIC.Web.Controllers.BaseEntityController`1.GetFilter - Filter Post info : {"Sort":null,"Columns":null,"Filter":"W1tbIk1lbnVJRCIsIj0iLCI4ZDBmYjA1ZC01Y2E2LTRjZjYtYWRmYi03NWU1MGQyYTg4YzUiXSwiT1IiLFsiTWVudUlEIiwiPSIsImJlNzFmOTI1LTcyMWItNDg5Mi05YTM5LWM0NTBlYThlYTg4ZCJdLCJPUiIsWyJNZW51SUQiLCI9IiwiZGY4NjdiZDQtOGY3Ny00NDE4LWFmYTMtNWI0OWJkNDI3MGE1Il1dLCJBTkQiLFsiU3RhdHVzIiwiPSIsIjEiXSwiQU5EIixbIklzRGVsZXRlZCIsIj0iLCIwIl1d","Delta":0,"PageIndex":1,"PageSize":9999}
2022-06-13 16:25:48  INFO TOE.TOEIC.Web.Controllers.BaseEntityController`1.GetFilter - Filter Notification info : {"Sort":"[[\"CreatedDate\",\"DESC\"]]","Columns":null,"Filter":"W1siSXNEZWxldGVkIiwiPSIsIjAiXSwiQU5EIixbIlN0YXR1cyIsIj0iLCIxIl1d","Delta":0,"PageIndex":1,"PageSize":20}
2022-06-13 17:40:52  INFO TOE.TOEIC.Web.Controllers.BaseEntityController`1.GetFilter - Filter Post info : {"Sort":null,"Columns":null,"Filter":"W1tbIk1lbnVJRCIsIj0iLCI4ZDBmYjA1ZC01Y2E2LTRjZjYtYWRmYi03NWU1MGQyYTg4YzUiXSwiT1IiLFsiTWVudUlEIiwiPSIsImJlNzFmOTI1LTcyMWItNDg5Mi05YTM5LWM0NTBlYThlYTg4ZCJdLCJPUiIsWyJNZW51SUQiLCI9IiwiZGY4NjdiZDQtOGY3Ny00NDE4LWFmYTMtNWI0OWJkNDI3MGE1Il1dLCJBTkQiLFsiU3RhdHVzIiwiPSIsIjEiXSwiQU5EIixbIklzRGVsZXRlZCIsIj0iLCIwIl1d","Delta":0,"PageIndex":1,"PageSize":9999}
2022-06-13 17:40:54  INFO TOE.TOEIC.Web.Controllers.BaseEntityController`1.GetFilter - Filter Notification info : {"Sort":"[[\"CreatedDate\",\"DESC\"]]","Columns":null,"Filter":"W1siSXNEZWxldGVkIiwiPSIsIjAiXSwiQU5EIixbIlN0YXR1cyIsIj0iLCIxIl1d","Delta":0,"PageIndex":1,"PageSize":20}
2022-06-13 17:40:58  INFO TOE.TOEIC.Web.Controllers.BaseEntityController`1.GetFilter - Filter Post info : {"Sort":null,"Columns":null,"Filter":"W1tbIk1lbnVJRCIsIj0iLCI4ZDBmYjA1ZC01Y2E2LTRjZjYtYWRmYi03NWU1MGQyYTg4YzUiXSwiT1IiLFsiTWVudUlEIiwiPSIsImJlNzFmOTI1LTcyMWItNDg5Mi05YTM5LWM0NTBlYThlYTg4ZCJdLCJPUiIsWyJNZW51SUQiLCI9IiwiZGY4NjdiZDQtOGY3Ny00NDE4LWFmYTMtNWI0OWJkNDI3MGE1Il1dLCJBTkQiLFsiU3RhdHVzIiwiPSIsIjEiXSwiQU5EIixbIklzRGVsZXRlZCIsIj0iLCIwIl1d","Delta":0,"PageIndex":1,"PageSize":9999}
2022-06-13 17:41:01  INFO TOE.TOEIC.Web.Controllers.BaseEntityController`1.GetFilter - Filter Category info : {"Sort":"[[\"CreatedDate\",\"DESC\"]]","Columns":null,"Filter":"W1siSXNEZWxldGVkIiwiPSIsIjAiXSwiQU5EIixbIlN0YXR1cyIsIj0iLCIxIl1d","Delta":0,"PageIndex":1,"PageSize":9999}
2022-06-13 17:41:01  INFO TOE.TOEIC.Web.Controllers.BookItemsController.GetFilterPrivate - Filter BookItem info : {"Sort":"[[\"ModifiedDate\",\"DESC\"]]","Columns":null,"Filter":"W1siSXNEZWxldGVkIiwiPSIsIjAiXSwiQU5EIixbIklzUHJpdmF0ZSIsIj0iLCIxIl1d","Delta":0,"PageIndex":0,"PageSize":20}
2022-06-13 17:41:01  INFO TOE.TOEIC.Web.Controllers.BookItemsController.GetFilterPrivate - Filter BookItem info : {"Sort":"[[\"ModifiedDate\",\"DESC\"]]","Columns":null,"Filter":"W1siSXNEZWxldGVkIiwiPSIsIjAiXSwiQU5EIixbIklzUHJpdmF0ZSIsIj0iLCIxIl1d","Delta":0,"PageIndex":0,"PageSize":20}
2022-06-13 18:03:15  INFO TOE.TOEIC.ApplicationCore.Interfaces.SafeAddressService.CheckIsInNetworkAllowed - [IP ADDRESS]: System.Collections.Generic.List`1[System.Net.IPAddress]
2022-06-13 18:03:15  INFO TOE.TOEIC.ApplicationCore.Interfaces.SafeAddressService.CheckIsInNetworkAllowed - [MAC ADDRESS]: D2C637973646
2022-06-13 18:03:16  INFO TOE.TOEIC.Web.Controllers.BaseEntityController`1.GetFilter - Filter Menu info : {"Sort":null,"Columns":null,"Filter":"W1siSXNEZWxldGVkIiwiPSIsIjAiXSwiQU5EIixbIlN0YXR1cyIsIj0iLCIxIl0sIkFORCIsWyJJc1Nob3dIb21lIiwiPSIsIjEiXV0=","Delta":0,"PageIndex":1,"PageSize":9999}
2022-06-13 18:04:44  INFO TOE.TOEIC.Web.Controllers.BaseEntityController`1.GetFilter - Filter Category info : {"Sort":"[[\"CreatedDate\",\"DESC\"]]","Columns":null,"Filter":"W1siSXNEZWxldGVkIiwiPSIsIjAiXSwiQU5EIixbIlN0YXR1cyIsIj0iLCIxIl1d","Delta":0,"PageIndex":1,"PageSize":9999}
2022-06-13 18:04:44  INFO TOE.TOEIC.Web.Controllers.BookItemsController.GetFilterPrivate - Filter BookItem info : {"Sort":"[[\"ModifiedDate\",\"DESC\"]]","Columns":null,"Filter":"W1siSXNEZWxldGVkIiwiPSIsIjAiXSwiQU5EIixbIklzUHJpdmF0ZSIsIj0iLCIxIl1d","Delta":0,"PageIndex":0,"PageSize":20}
2022-06-13 18:04:44  INFO TOE.TOEIC.Web.Controllers.BookItemsController.GetFilterPrivate - Filter BookItem info : {"Sort":"[[\"ModifiedDate\",\"DESC\"]]","Columns":null,"Filter":"W1siSXNEZWxldGVkIiwiPSIsIjAiXSwiQU5EIixbIklzUHJpdmF0ZSIsIj0iLCIxIl1d","Delta":0,"PageIndex":0,"PageSize":20}
2022-06-13 18:05:12  INFO TOE.TOEIC.ApplicationCore.Interfaces.SafeAddressService.CheckIsInNetworkAllowed - [IP ADDRESS]: System.Collections.Generic.List`1[System.Net.IPAddress]
2022-06-13 18:05:12  INFO TOE.TOEIC.ApplicationCore.Interfaces.SafeAddressService.CheckIsInNetworkAllowed - [MAC ADDRESS]: D2C637973646
2022-06-13 18:05:13  INFO TOE.TOEIC.Web.Controllers.BaseEntityController`1.GetFilter - Filter Menu info : {"Sort":null,"Columns":null,"Filter":"W1siSXNEZWxldGVkIiwiPSIsIjAiXSwiQU5EIixbIlN0YXR1cyIsIj0iLCIxIl0sIkFORCIsWyJJc1Nob3dIb21lIiwiPSIsIjEiXV0=","Delta":0,"PageIndex":1,"PageSize":9999}
2022-06-13 18:05:13  INFO TOE.TOEIC.Web.Controllers.BaseEntityController`1.GetFilter - Filter Post info : {"Sort":null,"Columns":null,"Filter":"W1tbIk1lbnVJRCIsIj0iLCI4ZDBmYjA1ZC01Y2E2LTRjZjYtYWRmYi03NWU1MGQyYTg4YzUiXSwiT1IiLFsiTWVudUlEIiwiPSIsImJlNzFmOTI1LTcyMWItNDg5Mi05YTM5LWM0NTBlYThlYTg4ZCJdLCJPUiIsWyJNZW51SUQiLCI9IiwiZGY4NjdiZDQtOGY3Ny00NDE4LWFmYTMtNWI0OWJkNDI3MGE1Il1dLCJBTkQiLFsiU3RhdHVzIiwiPSIsIjEiXSwiQU5EIixbIklzRGVsZXRlZCIsIj0iLCIwIl1d","Delta":0,"PageIndex":1,"PageSize":9999}
2022-06-13 18:05:15  INFO TOE.TOEIC.Web.Controllers.BaseEntityController`1.GetFilter - Filter Notification info : {"Sort":"[[\"CreatedDate\",\"DESC\"]]","Columns":null,"Filter":"W1siSXNEZWxldGVkIiwiPSIsIjAiXSwiQU5EIixbIlN0YXR1cyIsIj0iLCIxIl1d","Delta":0,"PageIndex":1,"PageSize":20}
2022-06-13 18:05:23  INFO TOE.TOEIC.Web.Controllers.BaseEntityController`1.GetFilter - Filter Notification info : {"Sort":"[[\"CreatedDate\",\"DESC\"]]","Columns":null,"Filter":"W1siSXNEZWxldGVkIiwiPSIsIjAiXSwiQU5EIixbIlN0YXR1cyIsIj0iLCIxIl1d","Delta":0,"PageIndex":1,"PageSize":20}
2022-06-13 18:05:24  INFO TOE.TOEIC.Web.Controllers.BaseEntityController`1.GetFilter - Filter Notification info : {"Sort":"[[\"CreatedDate\",\"DESC\"]]","Columns":null,"Filter":"W1siSXNEZWxldGVkIiwiPSIsIjAiXSwiQU5EIixbIlN0YXR1cyIsIj0iLCIxIl1d","Delta":0,"PageIndex":1,"PageSize":20}
2022-06-13 18:05:24  INFO TOE.TOEIC.Web.Controllers.BaseEntityController`1.GetFilter - Filter Category info : {"Sort":null,"Columns":null,"Filter":"W1siSXNEZWxldGVkIiwiPSIsIjAiXSwiQU5EIixbIlN0YXR1cyIsIj0iLCIxIl1d","Delta":0,"PageIndex":1,"PageSize":9999}
2022-06-13 18:05:24  INFO TOE.TOEIC.Web.Controllers.BaseEntityController`1.GetFilter - Filter BookItem info : {"Sort":null,"Columns":null,"Filter":"W1siSXNEZWxldGVkIiwiPSIsIjAiXV0=","Delta":0,"PageIndex":1,"PageSize":10}
2022-06-13 18:06:48  INFO TOE.TOEIC.Web.Controllers.BaseEntityController`1.GetFilter - Filter BookItem info : {"Sort":null,"Columns":null,"Filter":"W1siSXNEZWxldGVkIiwiPSIsIjAiXV0=","Delta":0,"PageIndex":1,"PageSize":10}
2022-06-13 18:06:48  INFO TOE.TOEIC.Web.Controllers.BaseEntityController`1.GetFilter - Filter BookItem info : {"Sort":null,"Columns":null,"Filter":"W1siSXNEZWxldGVkIiwiPSIsIjAiXV0=","Delta":0,"PageIndex":1,"PageSize":10}
2022-06-13 18:06:48  INFO TOE.TOEIC.Web.Controllers.BaseEntityController`1.GetFilter - Filter Category info : {"Sort":null,"Columns":null,"Filter":"W1siSXNEZWxldGVkIiwiPSIsIjAiXSwiQU5EIixbIlN0YXR1cyIsIj0iLCIxIl1d","Delta":0,"PageIndex":1,"PageSize":9999}
2022-06-13 18:07:25  INFO TOE.TOEIC.Web.Controllers.BaseEntityController`1.GetFilter - Filter BookItem info : {"Sort":null,"Columns":null,"Filter":"W1siSXNEZWxldGVkIiwiPSIsIjAiXV0=","Delta":0,"PageIndex":1,"PageSize":10}
2022-06-13 18:07:25  INFO TOE.TOEIC.Web.Controllers.BaseEntityController`1.GetFilter - Filter BookItem info : {"Sort":null,"Columns":null,"Filter":"W1siSXNEZWxldGVkIiwiPSIsIjAiXV0=","Delta":0,"PageIndex":1,"PageSize":10}
2022-06-13 18:07:25  INFO TOE.TOEIC.Web.Controllers.BaseEntityController`1.GetFilter - Filter Category info : {"Sort":null,"Columns":null,"Filter":"W1siSXNEZWxldGVkIiwiPSIsIjAiXSwiQU5EIixbIlN0YXR1cyIsIj0iLCIxIl1d","Delta":0,"PageIndex":1,"PageSize":9999}
2022-06-13 18:09:29  INFO TOE.TOEIC.Web.Controllers.BaseEntityController`1.GetFilter - Filter BookItem info : {"Sort":null,"Columns":null,"Filter":"W1siSXNEZWxldGVkIiwiPSIsIjAiXV0=","Delta":0,"PageIndex":1,"PageSize":10}
2022-06-13 18:09:29  INFO TOE.TOEIC.Web.Controllers.BaseEntityController`1.GetFilter - Filter BookItem info : {"Sort":null,"Columns":null,"Filter":"W1siSXNEZWxldGVkIiwiPSIsIjAiXV0=","Delta":0,"PageIndex":1,"PageSize":10}
2022-06-13 18:09:29  INFO TOE.TOEIC.Web.Controllers.BaseEntityController`1.GetFilter - Filter Category info : {"Sort":null,"Columns":null,"Filter":"W1siSXNEZWxldGVkIiwiPSIsIjAiXSwiQU5EIixbIlN0YXR1cyIsIj0iLCIxIl1d","Delta":0,"PageIndex":1,"PageSize":9999}
2022-06-13 18:09:33  INFO TOE.TOEIC.Web.Controllers.BaseEntityController`1.GetFilter - Filter BookItem info : {"Sort":null,"Columns":null,"Filter":"W1siSXNEZWxldGVkIiwiPSIsIjAiXV0=","Delta":0,"PageIndex":1,"PageSize":10}
2022-06-13 18:09:33  INFO TOE.TOEIC.Web.Controllers.BaseEntityController`1.GetFilter - Filter Category info : {"Sort":null,"Columns":null,"Filter":"W1siSXNEZWxldGVkIiwiPSIsIjAiXSwiQU5EIixbIlN0YXR1cyIsIj0iLCIxIl1d","Delta":0,"PageIndex":1,"PageSize":9999}
2022-06-13 18:09:33  INFO TOE.TOEIC.Web.Controllers.BaseEntityController`1.GetFilter - Filter Notification info : {"Sort":"[[\"CreatedDate\",\"DESC\"]]","Columns":null,"Filter":"W1siSXNEZWxldGVkIiwiPSIsIjAiXSwiQU5EIixbIlN0YXR1cyIsIj0iLCIxIl1d","Delta":0,"PageIndex":1,"PageSize":20}
2022-06-13 18:09:33  INFO TOE.TOEIC.ApplicationCore.Interfaces.SafeAddressService.CheckIsInNetworkAllowed - [IP ADDRESS]: System.Collections.Generic.List`1[System.Net.IPAddress]
2022-06-13 18:09:33  INFO TOE.TOEIC.ApplicationCore.Interfaces.SafeAddressService.CheckIsInNetworkAllowed - [MAC ADDRESS]: C46516B228DC
2022-06-13 18:09:34  INFO TOE.TOEIC.Web.Controllers.BaseEntityController`1.GetFilter - Filter Menu info : {"Sort":null,"Columns":null,"Filter":"W1siSXNEZWxldGVkIiwiPSIsIjAiXSwiQU5EIixbIlN0YXR1cyIsIj0iLCIxIl0sIkFORCIsWyJJc1Nob3dIb21lIiwiPSIsIjEiXV0=","Delta":0,"PageIndex":1,"PageSize":9999}
2022-06-13 18:09:42  INFO TOE.TOEIC.Web.Controllers.BaseEntityController`1.GetFilter - Filter Category info : {"Sort":null,"Columns":null,"Filter":"W1siSXNEZWxldGVkIiwiPSIsIjAiXSwiQU5EIixbIlN0YXR1cyIsIj0iLCIxIl1d","Delta":0,"PageIndex":1,"PageSize":9999}
2022-06-13 18:09:42  INFO TOE.TOEIC.Web.Controllers.BaseEntityController`1.GetFilter - Filter BookItem info : {"Sort":null,"Columns":null,"Filter":"W1siSXNEZWxldGVkIiwiPSIsIjAiXV0=","Delta":0,"PageIndex":1,"PageSize":10}
2022-06-13 18:09:42  INFO TOE.TOEIC.Web.Controllers.BaseEntityController`1.GetFilter - Filter BookItem info : {"Sort":null,"Columns":null,"Filter":"W1siSXNEZWxldGVkIiwiPSIsIjAiXV0=","Delta":0,"PageIndex":1,"PageSize":10}
2022-06-13 18:10:20  INFO TOE.TOEIC.ApplicationCore.Interfaces.SafeAddressService.CheckIsInNetworkAllowed - [IP ADDRESS]: System.Collections.Generic.List`1[System.Net.IPAddress]
2022-06-13 18:10:20  INFO TOE.TOEIC.ApplicationCore.Interfaces.SafeAddressService.CheckIsInNetworkAllowed - [MAC ADDRESS]: C46516B228DC
2022-06-13 18:10:21  INFO TOE.TOEIC.Web.Controllers.BaseEntityController`1.GetFilter - Filter Menu info : {"Sort":null,"Columns":null,"Filter":"W1siSXNEZWxldGVkIiwiPSIsIjAiXSwiQU5EIixbIlN0YXR1cyIsIj0iLCIxIl0sIkFORCIsWyJJc1Nob3dIb21lIiwiPSIsIjEiXV0=","Delta":0,"PageIndex":1,"PageSize":9999}
2022-06-13 18:10:22  INFO TOE.TOEIC.Web.Controllers.BaseEntityController`1.GetFilter - Filter Post info : {"Sort":null,"Columns":null,"Filter":"W1tbIk1lbnVJRCIsIj0iLCI4ZDBmYjA1ZC01Y2E2LTRjZjYtYWRmYi03NWU1MGQyYTg4YzUiXSwiT1IiLFsiTWVudUlEIiwiPSIsImJlNzFmOTI1LTcyMWItNDg5Mi05YTM5LWM0NTBlYThlYTg4ZCJdLCJPUiIsWyJNZW51SUQiLCI9IiwiZGY4NjdiZDQtOGY3Ny00NDE4LWFmYTMtNWI0OWJkNDI3MGE1Il1dLCJBTkQiLFsiU3RhdHVzIiwiPSIsIjEiXSwiQU5EIixbIklzRGVsZXRlZCIsIj0iLCIwIl1d","Delta":0,"PageIndex":1,"PageSize":9999}
2022-06-13 18:11:26  INFO TOE.TOEIC.Web.Controllers.BaseEntityController`1.GetFilter - Filter BookItem info : {"Sort":null,"Columns":null,"Filter":"W1siSXNEZWxldGVkIiwiPSIsIjAiXV0=","Delta":0,"PageIndex":1,"PageSize":10}
2022-06-13 18:11:26  INFO TOE.TOEIC.Web.Controllers.BaseEntityController`1.GetFilter - Filter Notification info : {"Sort":"[[\"CreatedDate\",\"DESC\"]]","Columns":null,"Filter":"W1siSXNEZWxldGVkIiwiPSIsIjAiXSwiQU5EIixbIlN0YXR1cyIsIj0iLCIxIl1d","Delta":0,"PageIndex":1,"PageSize":20}
2022-06-13 18:11:26  INFO TOE.TOEIC.Web.Controllers.BaseEntityController`1.GetFilter - Filter Category info : {"Sort":null,"Columns":null,"Filter":"W1siSXNEZWxldGVkIiwiPSIsIjAiXSwiQU5EIixbIlN0YXR1cyIsIj0iLCIxIl1d","Delta":0,"PageIndex":1,"PageSize":9999}
2022-06-13 18:11:27  INFO TOE.TOEIC.ApplicationCore.Interfaces.SafeAddressService.CheckIsInNetworkAllowed - [IP ADDRESS]: System.Collections.Generic.List`1[System.Net.IPAddress]
2022-06-13 18:11:27  INFO TOE.TOEIC.ApplicationCore.Interfaces.SafeAddressService.CheckIsInNetworkAllowed - [MAC ADDRESS]: C46516B228DC
2022-06-13 18:11:28  INFO TOE.TOEIC.Web.Controllers.BaseEntityController`1.GetFilter - Filter Menu info : {"Sort":null,"Columns":null,"Filter":"W1siSXNEZWxldGVkIiwiPSIsIjAiXSwiQU5EIixbIlN0YXR1cyIsIj0iLCIxIl0sIkFORCIsWyJJc1Nob3dIb21lIiwiPSIsIjEiXV0=","Delta":0,"PageIndex":1,"PageSize":9999}
2022-06-13 18:13:03  INFO TOE.TOEIC.Web.Controllers.BaseEntityController`1.GetFilter - Filter BookItem info : {"Sort":null,"Columns":null,"Filter":"W1siSXNEZWxldGVkIiwiPSIsIjAiXV0=","Delta":0,"PageIndex":1,"PageSize":10}
2022-06-13 18:13:03  INFO TOE.TOEIC.Web.Controllers.BaseEntityController`1.GetFilter - Filter BookItem info : {"Sort":null,"Columns":null,"Filter":"W1siSXNEZWxldGVkIiwiPSIsIjAiXV0=","Delta":0,"PageIndex":1,"PageSize":10}
2022-06-13 18:13:03  INFO TOE.TOEIC.Web.Controllers.BaseEntityController`1.GetFilter - Filter Category info : {"Sort":null,"Columns":null,"Filter":"W1siSXNEZWxldGVkIiwiPSIsIjAiXSwiQU5EIixbIlN0YXR1cyIsIj0iLCIxIl1d","Delta":0,"PageIndex":1,"PageSize":9999}
2022-06-13 18:13:23  INFO TOE.TOEIC.Web.Controllers.BaseEntityController`1.GetFilter - Filter BookItem info : {"Sort":null,"Columns":null,"Filter":"W1siSXNEZWxldGVkIiwiPSIsIjAiXV0=","Delta":0,"PageIndex":1,"PageSize":10}
2022-06-13 18:13:23  INFO TOE.TOEIC.Web.Controllers.BaseEntityController`1.GetFilter - Filter Category info : {"Sort":null,"Columns":null,"Filter":"W1siSXNEZWxldGVkIiwiPSIsIjAiXSwiQU5EIixbIlN0YXR1cyIsIj0iLCIxIl1d","Delta":0,"PageIndex":1,"PageSize":9999}
2022-06-13 18:13:23  INFO TOE.TOEIC.Web.Controllers.BaseEntityController`1.GetFilter - Filter BookItem info : {"Sort":null,"Columns":null,"Filter":"W1siSXNEZWxldGVkIiwiPSIsIjAiXV0=","Delta":0,"PageIndex":1,"PageSize":10}
2022-06-13 18:13:25  INFO TOE.TOEIC.Web.Controllers.BaseEntityController`1.GetFilter - Filter BookItem info : {"Sort":null,"Columns":null,"Filter":"W1siSXNEZWxldGVkIiwiPSIsIjAiXV0=","Delta":0,"PageIndex":1,"PageSize":10}
2022-06-13 18:13:25  INFO TOE.TOEIC.Web.Controllers.BaseEntityController`1.GetFilter - Filter Category info : {"Sort":null,"Columns":null,"Filter":"W1siSXNEZWxldGVkIiwiPSIsIjAiXSwiQU5EIixbIlN0YXR1cyIsIj0iLCIxIl1d","Delta":0,"PageIndex":1,"PageSize":9999}
2022-06-13 18:13:25  INFO TOE.TOEIC.Web.Controllers.BaseEntityController`1.GetFilter - Filter BookItem info : {"Sort":null,"Columns":null,"Filter":"W1siSXNEZWxldGVkIiwiPSIsIjAiXV0=","Delta":0,"PageIndex":1,"PageSize":10}
2022-06-13 18:13:49  INFO TOE.TOEIC.Web.Controllers.BaseEntityController`1.GetFilter - Filter Category info : {"Sort":null,"Columns":null,"Filter":"W1siSXNEZWxldGVkIiwiPSIsIjAiXSwiQU5EIixbIlN0YXR1cyIsIj0iLCIxIl1d","Delta":0,"PageIndex":1,"PageSize":9999}
2022-06-13 18:13:49  INFO TOE.TOEIC.Web.Controllers.BaseEntityController`1.GetFilter - Filter BookItem info : {"Sort":null,"Columns":null,"Filter":"W1siSXNEZWxldGVkIiwiPSIsIjAiXV0=","Delta":0,"PageIndex":1,"PageSize":10}
2022-06-13 18:13:49  INFO TOE.TOEIC.Web.Controllers.BaseEntityController`1.GetFilter - Filter BookItem info : {"Sort":null,"Columns":null,"Filter":"W1siSXNEZWxldGVkIiwiPSIsIjAiXV0=","Delta":0,"PageIndex":1,"PageSize":10}
2022-06-13 18:14:36  INFO TOE.TOEIC.Web.Controllers.BaseEntityController`1.GetFilter - Filter BookItem info : {"Sort":null,"Columns":null,"Filter":"W1siSXNEZWxldGVkIiwiPSIsIjAiXV0=","Delta":0,"PageIndex":1,"PageSize":10}
2022-06-13 18:14:36  INFO TOE.TOEIC.Web.Controllers.BaseEntityController`1.GetFilter - Filter Category info : {"Sort":null,"Columns":null,"Filter":"W1siSXNEZWxldGVkIiwiPSIsIjAiXSwiQU5EIixbIlN0YXR1cyIsIj0iLCIxIl1d","Delta":0,"PageIndex":1,"PageSize":9999}
2022-06-13 18:14:36  INFO TOE.TOEIC.Web.Controllers.BaseEntityController`1.GetFilter - Filter BookItem info : {"Sort":null,"Columns":null,"Filter":"W1siSXNEZWxldGVkIiwiPSIsIjAiXV0=","Delta":0,"PageIndex":1,"PageSize":10}
2022-06-13 18:14:42  INFO TOE.TOEIC.Web.Controllers.BaseEntityController`1.GetFilter - Filter BookItem info : {"Sort":null,"Columns":null,"Filter":"W1siSXNEZWxldGVkIiwiPSIsIjAiXSwiQU5EIixbWyJCb29rQ29kZSIsIkNPTlRBSU5TIiwiZW5nIl0sIk9SIixbIkJvb2tOYW1lIiwiQ09OVEFJTlMiLCJlbmciXSwiT1IiLFsiRGVzY3JpcHRpb24iLCJDT05UQUlOUyIsImVuZyJdLCJPUiIsWyJQdWJsaXNoZXIiLCJDT05UQUlOUyIsImVuZyJdXV0=","Delta":0,"PageIndex":1,"PageSize":10}
2022-06-13 18:14:44  INFO TOE.TOEIC.Web.Controllers.BaseEntityController`1.GetFilter - Filter BookItem info : {"Sort":null,"Columns":null,"Filter":"W1siSXNEZWxldGVkIiwiPSIsIjAiXV0=","Delta":0,"PageIndex":1,"PageSize":10}
2022-06-13 18:17:21  INFO TOE.TOEIC.ApplicationCore.Interfaces.SafeAddressService.CheckIsInNetworkAllowed - [IP ADDRESS]: System.Collections.Generic.List`1[System.Net.IPAddress]
2022-06-13 18:17:21  INFO TOE.TOEIC.ApplicationCore.Interfaces.SafeAddressService.CheckIsInNetworkAllowed - [MAC ADDRESS]: C46516B228DC
2022-06-13 18:17:22  INFO TOE.TOEIC.Web.Controllers.BaseEntityController`1.GetFilter - Filter Menu info : {"Sort":null,"Columns":null,"Filter":"W1siSXNEZWxldGVkIiwiPSIsIjAiXSwiQU5EIixbIlN0YXR1cyIsIj0iLCIxIl0sIkFORCIsWyJJc1Nob3dIb21lIiwiPSIsIjEiXV0=","Delta":0,"PageIndex":1,"PageSize":9999}
2022-06-13 18:17:22  INFO TOE.TOEIC.Web.Controllers.BaseEntityController`1.GetFilter - Filter Post info : {"Sort":null,"Columns":null,"Filter":"W1tbIk1lbnVJRCIsIj0iLCI4ZDBmYjA1ZC01Y2E2LTRjZjYtYWRmYi03NWU1MGQyYTg4YzUiXSwiT1IiLFsiTWVudUlEIiwiPSIsImJlNzFmOTI1LTcyMWItNDg5Mi05YTM5LWM0NTBlYThlYTg4ZCJdLCJPUiIsWyJNZW51SUQiLCI9IiwiZGY4NjdiZDQtOGY3Ny00NDE4LWFmYTMtNWI0OWJkNDI3MGE1Il1dLCJBTkQiLFsiU3RhdHVzIiwiPSIsIjEiXSwiQU5EIixbIklzRGVsZXRlZCIsIj0iLCIwIl1d","Delta":0,"PageIndex":1,"PageSize":9999}
2022-06-13 18:18:06  INFO TOE.TOEIC.Web.Controllers.BaseEntityController`1.GetFilter - Filter Notification info : {"Sort":"[[\"CreatedDate\",\"DESC\"]]","Columns":null,"Filter":"W1siSXNEZWxldGVkIiwiPSIsIjAiXSwiQU5EIixbIlN0YXR1cyIsIj0iLCIxIl1d","Delta":0,"PageIndex":1,"PageSize":20}
2022-06-13 18:18:06  INFO TOE.TOEIC.Web.Controllers.BaseEntityController`1.GetFilter - Filter Category info : {"Sort":null,"Columns":null,"Filter":"W1siSXNEZWxldGVkIiwiPSIsIjAiXSwiQU5EIixbIlN0YXR1cyIsIj0iLCIxIl1d","Delta":0,"PageIndex":1,"PageSize":9999}
2022-06-13 18:18:06  INFO TOE.TOEIC.Web.Controllers.BaseEntityController`1.GetFilter - Filter BookItem info : {"Sort":null,"Columns":null,"Filter":"W1siSXNEZWxldGVkIiwiPSIsIjAiXV0=","Delta":0,"PageIndex":1,"PageSize":10}
2022-06-13 18:18:06  INFO TOE.TOEIC.ApplicationCore.Interfaces.SafeAddressService.CheckIsInNetworkAllowed - [IP ADDRESS]: System.Collections.Generic.List`1[System.Net.IPAddress]
2022-06-13 18:18:06  INFO TOE.TOEIC.ApplicationCore.Interfaces.SafeAddressService.CheckIsInNetworkAllowed - [MAC ADDRESS]: C46516B228DC
2022-06-13 18:18:08  INFO TOE.TOEIC.Web.Controllers.BaseEntityController`1.GetFilter - Filter Menu info : {"Sort":null,"Columns":null,"Filter":"W1siSXNEZWxldGVkIiwiPSIsIjAiXSwiQU5EIixbIlN0YXR1cyIsIj0iLCIxIl0sIkFORCIsWyJJc1Nob3dIb21lIiwiPSIsIjEiXV0=","Delta":0,"PageIndex":1,"PageSize":9999}
2022-06-13 18:31:18  INFO TOE.TOEIC.ApplicationCore.Interfaces.SafeAddressService.CheckIsInNetworkAllowed - [IP ADDRESS]: System.Collections.Generic.List`1[System.Net.IPAddress]
2022-06-13 18:31:18  INFO TOE.TOEIC.ApplicationCore.Interfaces.SafeAddressService.CheckIsInNetworkAllowed - [MAC ADDRESS]: C46516B228DC
2022-06-13 18:31:18  INFO TOE.TOEIC.Web.Controllers.BaseEntityController`1.GetFilter - Filter Menu info : {"Sort":null,"Columns":null,"Filter":"W1siSXNEZWxldGVkIiwiPSIsIjAiXSwiQU5EIixbIlN0YXR1cyIsIj0iLCIxIl0sIkFORCIsWyJJc1Nob3dIb21lIiwiPSIsIjEiXV0=","Delta":0,"PageIndex":1,"PageSize":9999}
2022-06-13 18:31:19  INFO TOE.TOEIC.Web.Controllers.BaseEntityController`1.GetFilter - Filter Post info : {"Sort":null,"Columns":null,"Filter":"W1tbIk1lbnVJRCIsIj0iLCI4ZDBmYjA1ZC01Y2E2LTRjZjYtYWRmYi03NWU1MGQyYTg4YzUiXSwiT1IiLFsiTWVudUlEIiwiPSIsImJlNzFmOTI1LTcyMWItNDg5Mi05YTM5LWM0NTBlYThlYTg4ZCJdLCJPUiIsWyJNZW51SUQiLCI9IiwiZGY4NjdiZDQtOGY3Ny00NDE4LWFmYTMtNWI0OWJkNDI3MGE1Il1dLCJBTkQiLFsiU3RhdHVzIiwiPSIsIjEiXSwiQU5EIixbIklzRGVsZXRlZCIsIj0iLCIwIl1d","Delta":0,"PageIndex":1,"PageSize":9999}
2022-06-13 18:31:45  INFO TOE.TOEIC.Web.Controllers.BaseEntityController`1.GetFilter - Filter Notification info : {"Sort":"[[\"CreatedDate\",\"DESC\"]]","Columns":null,"Filter":"W1siSXNEZWxldGVkIiwiPSIsIjAiXSwiQU5EIixbIlN0YXR1cyIsIj0iLCIxIl1d","Delta":0,"PageIndex":1,"PageSize":20}
2022-06-13 18:31:45  INFO TOE.TOEIC.Web.Controllers.BaseEntityController`1.GetFilter - Filter BookItem info : {"Sort":null,"Columns":null,"Filter":"W1siSXNEZWxldGVkIiwiPSIsIjAiXV0=","Delta":0,"PageIndex":1,"PageSize":10}
2022-06-13 18:31:45  INFO TOE.TOEIC.Web.Controllers.BaseEntityController`1.GetFilter - Filter Category info : {"Sort":null,"Columns":null,"Filter":"W1siSXNEZWxldGVkIiwiPSIsIjAiXSwiQU5EIixbIlN0YXR1cyIsIj0iLCIxIl1d","Delta":0,"PageIndex":1,"PageSize":9999}
2022-06-13 18:31:45  INFO TOE.TOEIC.ApplicationCore.Interfaces.SafeAddressService.CheckIsInNetworkAllowed - [IP ADDRESS]: System.Collections.Generic.List`1[System.Net.IPAddress]
2022-06-13 18:31:45  INFO TOE.TOEIC.ApplicationCore.Interfaces.SafeAddressService.CheckIsInNetworkAllowed - [MAC ADDRESS]: C46516B228DC
2022-06-13 18:31:46  INFO TOE.TOEIC.Web.Controllers.BaseEntityController`1.GetFilter - Filter Menu info : {"Sort":null,"Columns":null,"Filter":"W1siSXNEZWxldGVkIiwiPSIsIjAiXSwiQU5EIixbIlN0YXR1cyIsIj0iLCIxIl0sIkFORCIsWyJJc1Nob3dIb21lIiwiPSIsIjEiXV0=","Delta":0,"PageIndex":1,"PageSize":9999}
2022-06-13 18:33:01  INFO TOE.TOEIC.ApplicationCore.Interfaces.SafeAddressService.CheckIsInNetworkAllowed - [IP ADDRESS]: System.Collections.Generic.List`1[System.Net.IPAddress]
2022-06-13 18:33:01  INFO TOE.TOEIC.ApplicationCore.Interfaces.SafeAddressService.CheckIsInNetworkAllowed - [MAC ADDRESS]: C46516B228DC
2022-06-13 18:33:01  INFO TOE.TOEIC.Web.Controllers.BaseEntityController`1.GetFilter - Filter Menu info : {"Sort":null,"Columns":null,"Filter":"W1siSXNEZWxldGVkIiwiPSIsIjAiXSwiQU5EIixbIlN0YXR1cyIsIj0iLCIxIl0sIkFORCIsWyJJc1Nob3dIb21lIiwiPSIsIjEiXV0=","Delta":0,"PageIndex":1,"PageSize":9999}
2022-06-13 18:33:01  INFO TOE.TOEIC.Web.Controllers.BaseEntityController`1.GetFilter - Filter Post info : {"Sort":null,"Columns":null,"Filter":"W1tbIk1lbnVJRCIsIj0iLCI4ZDBmYjA1ZC01Y2E2LTRjZjYtYWRmYi03NWU1MGQyYTg4YzUiXSwiT1IiLFsiTWVudUlEIiwiPSIsImJlNzFmOTI1LTcyMWItNDg5Mi05YTM5LWM0NTBlYThlYTg4ZCJdLCJPUiIsWyJNZW51SUQiLCI9IiwiZGY4NjdiZDQtOGY3Ny00NDE4LWFmYTMtNWI0OWJkNDI3MGE1Il1dLCJBTkQiLFsiU3RhdHVzIiwiPSIsIjEiXSwiQU5EIixbIklzRGVsZXRlZCIsIj0iLCIwIl1d","Delta":0,"PageIndex":1,"PageSize":9999}
2022-06-13 18:33:03  INFO TOE.TOEIC.Web.Controllers.BaseEntityController`1.GetFilter - Filter Notification info : {"Sort":"[[\"CreatedDate\",\"DESC\"]]","Columns":null,"Filter":"W1siSXNEZWxldGVkIiwiPSIsIjAiXSwiQU5EIixbIlN0YXR1cyIsIj0iLCIxIl1d","Delta":0,"PageIndex":1,"PageSize":20}
2022-06-13 18:33:09  INFO TOE.TOEIC.Web.Controllers.BaseEntityController`1.GetFilter - Filter Notification info : {"Sort":"[[\"CreatedDate\",\"DESC\"]]","Columns":null,"Filter":"W1siSXNEZWxldGVkIiwiPSIsIjAiXSwiQU5EIixbIlN0YXR1cyIsIj0iLCIxIl1d","Delta":0,"PageIndex":1,"PageSize":20}
2022-06-13 18:33:15  INFO TOE.TOEIC.Web.Controllers.BaseEntityController`1.GetFilter - Filter BookItem info : {"Sort":null,"Columns":null,"Filter":"W1siSXNEZWxldGVkIiwiPSIsIjAiXV0=","Delta":0,"PageIndex":1,"PageSize":10}
2022-06-13 18:33:15  INFO TOE.TOEIC.Web.Controllers.BaseEntityController`1.GetFilter - Filter Notification info : {"Sort":"[[\"CreatedDate\",\"DESC\"]]","Columns":null,"Filter":"W1siSXNEZWxldGVkIiwiPSIsIjAiXSwiQU5EIixbIlN0YXR1cyIsIj0iLCIxIl1d","Delta":0,"PageIndex":1,"PageSize":20}
2022-06-13 18:33:15  INFO TOE.TOEIC.Web.Controllers.BaseEntityController`1.GetFilter - Filter Category info : {"Sort":null,"Columns":null,"Filter":"W1siSXNEZWxldGVkIiwiPSIsIjAiXSwiQU5EIixbIlN0YXR1cyIsIj0iLCIxIl1d","Delta":0,"PageIndex":1,"PageSize":9999}
2022-06-13 18:33:16  INFO TOE.TOEIC.Web.Controllers.BaseEntityController`1.GetFilter - Filter BookItem info : {"Sort":null,"Columns":null,"Filter":"W1siSXNEZWxldGVkIiwiPSIsIjAiXV0=","Delta":0,"PageIndex":1,"PageSize":10}
2022-06-13 18:36:15  INFO TOE.TOEIC.Web.Controllers.BaseEntityController`1.GetFilter - Filter BookItem info : {"Sort":null,"Columns":null,"Filter":"W1siSXNEZWxldGVkIiwiPSIsIjAiXV0=","Delta":0,"PageIndex":1,"PageSize":10}
2022-06-13 18:36:15  INFO TOE.TOEIC.Web.Controllers.BaseEntityController`1.GetFilter - Filter BookItem info : {"Sort":null,"Columns":null,"Filter":"W1siSXNEZWxldGVkIiwiPSIsIjAiXV0=","Delta":0,"PageIndex":1,"PageSize":10}
2022-06-13 18:36:15  INFO TOE.TOEIC.Web.Controllers.BaseEntityController`1.GetFilter - Filter Category info : {"Sort":null,"Columns":null,"Filter":"W1siSXNEZWxldGVkIiwiPSIsIjAiXSwiQU5EIixbIlN0YXR1cyIsIj0iLCIxIl1d","Delta":0,"PageIndex":1,"PageSize":9999}
2022-06-13 18:36:45  INFO TOE.TOEIC.ApplicationCore.Interfaces.SafeAddressService.CheckIsInNetworkAllowed - [IP ADDRESS]: System.Collections.Generic.List`1[System.Net.IPAddress]
2022-06-13 18:36:45  INFO TOE.TOEIC.ApplicationCore.Interfaces.SafeAddressService.CheckIsInNetworkAllowed - [MAC ADDRESS]: C46516B228DC
2022-06-13 18:36:45  INFO TOE.TOEIC.Web.Controllers.BaseEntityController`1.GetFilter - Filter Menu info : {"Sort":null,"Columns":null,"Filter":"W1siSXNEZWxldGVkIiwiPSIsIjAiXSwiQU5EIixbIlN0YXR1cyIsIj0iLCIxIl0sIkFORCIsWyJJc1Nob3dIb21lIiwiPSIsIjEiXV0=","Delta":0,"PageIndex":1,"PageSize":9999}
2022-06-13 18:36:46  INFO TOE.TOEIC.Web.Controllers.BaseEntityController`1.GetFilter - Filter Post info : {"Sort":null,"Columns":null,"Filter":"W1tbIk1lbnVJRCIsIj0iLCI4ZDBmYjA1ZC01Y2E2LTRjZjYtYWRmYi03NWU1MGQyYTg4YzUiXSwiT1IiLFsiTWVudUlEIiwiPSIsImJlNzFmOTI1LTcyMWItNDg5Mi05YTM5LWM0NTBlYThlYTg4ZCJdLCJPUiIsWyJNZW51SUQiLCI9IiwiZGY4NjdiZDQtOGY3Ny00NDE4LWFmYTMtNWI0OWJkNDI3MGE1Il1dLCJBTkQiLFsiU3RhdHVzIiwiPSIsIjEiXSwiQU5EIixbIklzRGVsZXRlZCIsIj0iLCIwIl1d","Delta":0,"PageIndex":1,"PageSize":9999}
2022-06-13 18:37:04  INFO TOE.TOEIC.Web.Controllers.BaseEntityController`1.GetFilter - Filter Notification info : {"Sort":"[[\"CreatedDate\",\"DESC\"]]","Columns":null,"Filter":"W1siSXNEZWxldGVkIiwiPSIsIjAiXSwiQU5EIixbIlN0YXR1cyIsIj0iLCIxIl1d","Delta":0,"PageIndex":1,"PageSize":20}
2022-06-13 18:37:07  INFO TOE.TOEIC.Web.Controllers.BaseEntityController`1.GetFilter - Filter Notification info : {"Sort":"[[\"CreatedDate\",\"DESC\"]]","Columns":null,"Filter":"W1siSXNEZWxldGVkIiwiPSIsIjAiXSwiQU5EIixbIlN0YXR1cyIsIj0iLCIxIl1d","Delta":0,"PageIndex":1,"PageSize":20}
2022-06-13 18:37:07  INFO TOE.TOEIC.Web.Controllers.BaseEntityController`1.GetFilter - Filter Category info : {"Sort":null,"Columns":null,"Filter":"W1siSXNEZWxldGVkIiwiPSIsIjAiXSwiQU5EIixbIlN0YXR1cyIsIj0iLCIxIl1d","Delta":0,"PageIndex":1,"PageSize":9999}
2022-06-13 18:37:07  INFO TOE.TOEIC.Web.Controllers.BaseEntityController`1.GetFilter - Filter BookItem info : {"Sort":null,"Columns":null,"Filter":"W1siSXNEZWxldGVkIiwiPSIsIjAiXV0=","Delta":0,"PageIndex":1,"PageSize":10}
2022-06-13 18:37:08  INFO TOE.TOEIC.Web.Controllers.BaseEntityController`1.GetFilter - Filter BookItem info : {"Sort":null,"Columns":null,"Filter":"W1siSXNEZWxldGVkIiwiPSIsIjAiXV0=","Delta":0,"PageIndex":1,"PageSize":10}
2022-06-13 18:37:58  INFO TOE.TOEIC.Web.Controllers.BaseEntityController`1.GetFilter - Filter Notification info : {"Sort":"[[\"CreatedDate\",\"DESC\"]]","Columns":null,"Filter":"W1siSXNEZWxldGVkIiwiPSIsIjAiXSwiQU5EIixbIlN0YXR1cyIsIj0iLCIxIl1d","Delta":0,"PageIndex":1,"PageSize":20}
2022-06-13 18:37:58  INFO TOE.TOEIC.Web.Controllers.BaseEntityController`1.GetFilter - Filter Category info : {"Sort":null,"Columns":null,"Filter":"W1siSXNEZWxldGVkIiwiPSIsIjAiXSwiQU5EIixbIlN0YXR1cyIsIj0iLCIxIl1d","Delta":0,"PageIndex":1,"PageSize":9999}
2022-06-13 18:37:58  INFO TOE.TOEIC.Web.Controllers.BaseEntityController`1.GetFilter - Filter BookItem info : {"Sort":null,"Columns":null,"Filter":"W1siSXNEZWxldGVkIiwiPSIsIjAiXV0=","Delta":0,"PageIndex":1,"PageSize":10}
2022-06-13 18:40:53  INFO TOE.TOEIC.ApplicationCore.Interfaces.SafeAddressService.CheckIsInNetworkAllowed - [IP ADDRESS]: System.Collections.Generic.List`1[System.Net.IPAddress]
2022-06-13 18:40:53  INFO TOE.TOEIC.ApplicationCore.Interfaces.SafeAddressService.CheckIsInNetworkAllowed - [MAC ADDRESS]: C46516B228DC
2022-06-13 18:40:53  INFO TOE.TOEIC.Web.Controllers.BaseEntityController`1.GetFilter - Filter Menu info : {"Sort":null,"Columns":null,"Filter":"W1siSXNEZWxldGVkIiwiPSIsIjAiXSwiQU5EIixbIlN0YXR1cyIsIj0iLCIxIl0sIkFORCIsWyJJc1Nob3dIb21lIiwiPSIsIjEiXV0=","Delta":0,"PageIndex":1,"PageSize":9999}
2022-06-13 18:40:54  INFO TOE.TOEIC.Web.Controllers.BaseEntityController`1.GetFilter - Filter Post info : {"Sort":null,"Columns":null,"Filter":"W1tbIk1lbnVJRCIsIj0iLCI4ZDBmYjA1ZC01Y2E2LTRjZjYtYWRmYi03NWU1MGQyYTg4YzUiXSwiT1IiLFsiTWVudUlEIiwiPSIsImJlNzFmOTI1LTcyMWItNDg5Mi05YTM5LWM0NTBlYThlYTg4ZCJdLCJPUiIsWyJNZW51SUQiLCI9IiwiZGY4NjdiZDQtOGY3Ny00NDE4LWFmYTMtNWI0OWJkNDI3MGE1Il1dLCJBTkQiLFsiU3RhdHVzIiwiPSIsIjEiXSwiQU5EIixbIklzRGVsZXRlZCIsIj0iLCIwIl1d","Delta":0,"PageIndex":1,"PageSize":9999}
