2022-06-05 00:30:18  INFO TOE.TOEIC.ApplicationCore.Interfaces.SafeAddressService+<CheckIsInNetworkAllowed>d__5.MoveNext - [IP ADDRESS]: System.Collections.Generic.List`1[System.Net.IPAddress]
2022-06-05 00:30:18  INFO TOE.TOEIC.ApplicationCore.Interfaces.SafeAddressService+<CheckIsInNetworkAllowed>d__5.MoveNext - [MAC ADDRESS]: C46516B228DC
2022-06-05 00:30:18  INFO TOE.TOEIC.Web.Controllers.BaseEntityController`1.GetFilter - Filter Menu info : {"Sort":null,"Columns":null,"Filter":"W1siSXNEZWxldGVkIiwiPSIsIjAiXSwiQU5EIixbIlN0YXR1cyIsIj0iLCIxIl0sIkFORCIsWyJJc1Nob3dIb21lIiwiPSIsIjEiXV0=","Delta":0,"PageIndex":1,"PageSize":9999}
2022-06-05 00:31:05  INFO TOE.TOEIC.ApplicationCore.Interfaces.SafeAddressService.CheckIsInNetworkAllowed - [IP ADDRESS]: System.Collections.Generic.List`1[System.Net.IPAddress]
2022-06-05 00:31:05  INFO TOE.TOEIC.ApplicationCore.Interfaces.SafeAddressService.CheckIsInNetworkAllowed - [MAC ADDRESS]: C46516B228DC
2022-06-05 00:31:06  INFO TOE.TOEIC.Web.Controllers.BaseEntityController`1.GetFilter - Filter Menu info : {"Sort":null,"Columns":null,"Filter":"W1siSXNEZWxldGVkIiwiPSIsIjAiXSwiQU5EIixbIlN0YXR1cyIsIj0iLCIxIl0sIkFORCIsWyJJc1Nob3dIb21lIiwiPSIsIjEiXV0=","Delta":0,"PageIndex":1,"PageSize":9999}
2022-06-05 00:33:29  INFO TOE.TOEIC.ApplicationCore.Interfaces.SafeAddressService+<CheckIsInNetworkAllowed>d__5.MoveNext - [IP ADDRESS]: System.Collections.Generic.List`1[System.Net.IPAddress]
2022-06-05 00:33:29  INFO TOE.TOEIC.ApplicationCore.Interfaces.SafeAddressService+<CheckIsInNetworkAllowed>d__5.MoveNext - [MAC ADDRESS]: C46516B228DC
2022-06-05 00:33:29  INFO TOE.TOEIC.Web.Controllers.BaseEntityController`1.GetFilter - Filter Menu info : {"Sort":null,"Columns":null,"Filter":"W1siSXNEZWxldGVkIiwiPSIsIjAiXSwiQU5EIixbIlN0YXR1cyIsIj0iLCIxIl0sIkFORCIsWyJJc1Nob3dIb21lIiwiPSIsIjEiXV0=","Delta":0,"PageIndex":1,"PageSize":9999}
2022-06-05 00:50:48  INFO TOE.TOEIC.ApplicationCore.Interfaces.SafeAddressService.CheckIsInNetworkAllowed - [IP ADDRESS]: System.Collections.Generic.List`1[System.Net.IPAddress]
2022-06-05 00:50:48  INFO TOE.TOEIC.ApplicationCore.Interfaces.SafeAddressService.CheckIsInNetworkAllowed - [MAC ADDRESS]: C46516B228DC
2022-06-05 00:50:49  INFO TOE.TOEIC.Web.Controllers.BaseEntityController`1.GetFilter - Filter Post info : {"Sort":null,"Columns":null,"Filter":"W1tbIk1lbnVJRCIsIj0iLCI4ZDBmYjA1ZC01Y2E2LTRjZjYtYWRmYi03NWU1MGQyYTg4YzUiXSwiT1IiLFsiTWVudUlEIiwiPSIsImJlNzFmOTI1LTcyMWItNDg5Mi05YTM5LWM0NTBlYThlYTg4ZCJdLCJPUiIsWyJNZW51SUQiLCI9IiwiZGY4NjdiZDQtOGY3Ny00NDE4LWFmYTMtNWI0OWJkNDI3MGE1Il1dLCJBTkQiLFsiU3RhdHVzIiwiPSIsIjEiXSwiQU5EIixbIklzRGVsZXRlZCIsIj0iLCIwIl1d","Delta":0,"PageIndex":1,"PageSize":9999}
2022-06-05 00:50:49  INFO TOE.TOEIC.Web.Controllers.BaseEntityController`1.GetFilter - Filter Menu info : {"Sort":null,"Columns":null,"Filter":"W1siSXNEZWxldGVkIiwiPSIsIjAiXSwiQU5EIixbIlN0YXR1cyIsIj0iLCIxIl0sIkFORCIsWyJJc1Nob3dIb21lIiwiPSIsIjEiXV0=","Delta":0,"PageIndex":1,"PageSize":9999}
2022-06-05 00:50:52  INFO TOE.TOEIC.Web.Controllers.BaseEntityController`1.GetFilter - Filter Category info : {"Sort":"[[\"CreatedDate\",\"DESC\"]]","Columns":null,"Filter":"W1siSXNEZWxldGVkIiwiPSIsIjAiXSwiQU5EIixbIlN0YXR1cyIsIj0iLCIxIl1d","Delta":0,"PageIndex":1,"PageSize":9999}
2022-06-05 00:50:53  INFO TOE.TOEIC.Web.Controllers.BookItemsController.GetFilterPrivate - Filter BookItem info : {"Sort":"[[\"ModifiedDate\",\"DESC\"]]","Columns":null,"Filter":"W1siSXNEZWxldGVkIiwiPSIsIjAiXSwiQU5EIixbIklzUHJpdmF0ZSIsIj0iLCIxIl1d","Delta":0,"PageIndex":0,"PageSize":20}
2022-06-05 00:50:53  INFO TOE.TOEIC.Web.Controllers.BookItemsController.GetFilterPrivate - Filter BookItem info : {"Sort":"[[\"ModifiedDate\",\"DESC\"]]","Columns":null,"Filter":"W1siSXNEZWxldGVkIiwiPSIsIjAiXSwiQU5EIixbIklzUHJpdmF0ZSIsIj0iLCIxIl1d","Delta":0,"PageIndex":0,"PageSize":20}
2022-06-05 00:50:56  INFO TOE.TOEIC.Web.Controllers.BaseEntityController`1.GetFilter - Filter Notification info : {"Sort":"[[\"CreatedDate\",\"DESC\"]]","Columns":null,"Filter":"W1siSXNEZWxldGVkIiwiPSIsIjAiXSwiQU5EIixbIlN0YXR1cyIsIj0iLCIxIl1d","Delta":0,"PageIndex":1,"PageSize":20}
2022-06-05 00:50:59  INFO TOE.TOEIC.Web.Controllers.BaseEntityController`1.GetFilter - Filter Notification info : {"Sort":"[[\"CreatedDate\",\"DESC\"]]","Columns":null,"Filter":"W1siSXNEZWxldGVkIiwiPSIsIjAiXSwiQU5EIixbIlN0YXR1cyIsIj0iLCIxIl1d","Delta":0,"PageIndex":1,"PageSize":20}
2022-06-05 00:50:59  INFO TOE.TOEIC.Web.Controllers.BaseEntityController`1.GetFilter - Filter Category info : {"Sort":null,"Columns":null,"Filter":"W1siSXNEZWxldGVkIiwiPSIsIjAiXSwiQU5EIixbIlN0YXR1cyIsIj0iLCIxIl1d","Delta":0,"PageIndex":1,"PageSize":9999}
2022-06-05 00:50:59  INFO TOE.TOEIC.Web.Controllers.BaseEntityController`1.GetFilter - Filter BookItem info : {"Sort":null,"Columns":null,"Filter":"W1siSXNEZWxldGVkIiwiPSIsIjAiXV0=","Delta":0,"PageIndex":1,"PageSize":10}
2022-06-05 00:51:00  INFO TOE.TOEIC.Web.Controllers.BaseEntityController`1.GetFilter - Filter BookItem info : {"Sort":null,"Columns":null,"Filter":"W1siSXNEZWxldGVkIiwiPSIsIjAiXV0=","Delta":0,"PageIndex":1,"PageSize":10}
2022-06-05 00:51:04  INFO TOE.TOEIC.Web.Controllers.BaseEntityController`1.GetFilter - Filter BookItem info : {"Sort":null,"Columns":null,"Filter":"W1siSXNEZWxldGVkIiwiPSIsIjAiXV0=","Delta":0,"PageIndex":1,"PageSize":10}
2022-06-05 00:51:09  INFO TOE.TOEIC.Web.Controllers.BaseEntityController`1.GetFilter - Filter BookItem info : {"Sort":null,"Columns":null,"Filter":"W1siSXNEZWxldGVkIiwiPSIsIjAiXV0=","Delta":0,"PageIndex":1,"PageSize":10}
2022-06-05 00:52:12  INFO TOE.TOEIC.Web.Controllers.BaseEntityController`1.GetFilter - Filter Notification info : {"Sort":"[[\"CreatedDate\",\"DESC\"]]","Columns":null,"Filter":"W1siSXNEZWxldGVkIiwiPSIsIjAiXSwiQU5EIixbIlN0YXR1cyIsIj0iLCIxIl1d","Delta":0,"PageIndex":1,"PageSize":20}
2022-06-05 00:52:13  INFO TOE.TOEIC.Web.Controllers.BaseEntityController`1.GetFilter - Filter Notification info : {"Sort":"[[\"CreatedDate\",\"DESC\"]]","Columns":null,"Filter":"W1siSXNEZWxldGVkIiwiPSIsIjAiXSwiQU5EIixbIlN0YXR1cyIsIj0iLCIxIl1d","Delta":0,"PageIndex":1,"PageSize":20}
2022-06-05 00:52:14  INFO TOE.TOEIC.Web.Controllers.BaseEntityController`1.GetFilter - Filter Notification info : {"Sort":"[[\"CreatedDate\",\"DESC\"]]","Columns":null,"Filter":"W1siSXNEZWxldGVkIiwiPSIsIjAiXSwiQU5EIixbIlN0YXR1cyIsIj0iLCIxIl1d","Delta":0,"PageIndex":1,"PageSize":20}
2022-06-05 00:52:15  INFO TOE.TOEIC.Web.Controllers.BaseEntityController`1.GetFilter - Filter Notification info : {"Sort":"[[\"CreatedDate\",\"DESC\"]]","Columns":null,"Filter":"W1siSXNEZWxldGVkIiwiPSIsIjAiXSwiQU5EIixbIlN0YXR1cyIsIj0iLCIxIl1d","Delta":0,"PageIndex":1,"PageSize":20}
2022-06-05 00:52:15  INFO TOE.TOEIC.Web.Controllers.SafeAddressController.GetFilter - Filter SafeAddress info : {"Sort":null,"Columns":null,"Filter":"W1siSXNEZWxldGVkIiwiPSIsIjAiXV0=","Delta":0,"PageIndex":1,"PageSize":10}
2022-06-05 00:52:16  INFO TOE.TOEIC.Web.Controllers.SafeAddressController.GetFilter - Filter SafeAddress info : {"Sort":null,"Columns":null,"Filter":"W1siSXNEZWxldGVkIiwiPSIsIjAiXV0=","Delta":0,"PageIndex":1,"PageSize":10}
2022-06-05 00:52:16  INFO TOE.TOEIC.Web.Controllers.BaseEntityController`1.GetFilter - Filter Menu info : {"Sort":null,"Columns":null,"Filter":"W1siSXNEZWxldGVkIiwiPSIsIjAiXV0=","Delta":0,"PageIndex":1,"PageSize":10}
2022-06-05 00:52:16  INFO TOE.TOEIC.Web.Controllers.BaseEntityController`1.GetFilter - Filter Notification info : {"Sort":"[[\"CreatedDate\",\"DESC\"]]","Columns":null,"Filter":"W1siSXNEZWxldGVkIiwiPSIsIjAiXSwiQU5EIixbIlN0YXR1cyIsIj0iLCIxIl1d","Delta":0,"PageIndex":1,"PageSize":20}
2022-06-05 00:52:16  INFO TOE.TOEIC.Web.Controllers.BaseEntityController`1.GetFilter - Filter Post info : {"Sort":null,"Columns":null,"Filter":"W1siSXNEZWxldGVkIiwiPSIsIjAiXV0=","Delta":0,"PageIndex":1,"PageSize":10}
2022-06-05 00:52:16  INFO TOE.TOEIC.Web.Controllers.BaseEntityController`1.GetFilter - Filter Notification info : {"Sort":"[[\"CreatedDate\",\"DESC\"]]","Columns":null,"Filter":"W1siSXNEZWxldGVkIiwiPSIsIjAiXSwiQU5EIixbIlN0YXR1cyIsIj0iLCIxIl1d","Delta":0,"PageIndex":1,"PageSize":20}
2022-06-05 00:52:17  INFO TOE.TOEIC.Web.Controllers.BaseEntityController`1.GetFilter - Filter Post info : {"Sort":null,"Columns":null,"Filter":"W1siSXNEZWxldGVkIiwiPSIsIjAiXV0=","Delta":0,"PageIndex":1,"PageSize":10}
2022-06-05 00:52:20  INFO TOE.TOEIC.Web.Controllers.BaseEntityController`1.GetFilter - Filter BookItem info : {"Sort":null,"Columns":null,"Filter":"W1siSXNEZWxldGVkIiwiPSIsIjAiXV0=","Delta":0,"PageIndex":1,"PageSize":10}
2022-06-05 00:52:20  INFO TOE.TOEIC.Web.Controllers.BaseEntityController`1.GetFilter - Filter Notification info : {"Sort":"[[\"CreatedDate\",\"DESC\"]]","Columns":null,"Filter":"W1siSXNEZWxldGVkIiwiPSIsIjAiXSwiQU5EIixbIlN0YXR1cyIsIj0iLCIxIl1d","Delta":0,"PageIndex":1,"PageSize":20}
2022-06-05 00:52:20  INFO TOE.TOEIC.Web.Controllers.BaseEntityController`1.GetFilter - Filter Category info : {"Sort":null,"Columns":null,"Filter":"W1siSXNEZWxldGVkIiwiPSIsIjAiXSwiQU5EIixbIlN0YXR1cyIsIj0iLCIxIl1d","Delta":0,"PageIndex":1,"PageSize":9999}
2022-06-05 00:52:21  INFO TOE.TOEIC.Web.Controllers.BaseEntityController`1.GetFilter - Filter BookItem info : {"Sort":null,"Columns":null,"Filter":"W1siSXNEZWxldGVkIiwiPSIsIjAiXV0=","Delta":0,"PageIndex":1,"PageSize":10}
2022-06-05 00:52:21  INFO TOE.TOEIC.Web.Controllers.BaseEntityController`1.GetFilter - Filter Notification info : {"Sort":"[[\"CreatedDate\",\"DESC\"]]","Columns":null,"Filter":"W1siSXNEZWxldGVkIiwiPSIsIjAiXSwiQU5EIixbIlN0YXR1cyIsIj0iLCIxIl1d","Delta":0,"PageIndex":1,"PageSize":20}
2022-06-05 00:52:21  INFO TOE.TOEIC.Web.Controllers.BaseEntityController`1.GetFilter - Filter Post info : {"Sort":null,"Columns":null,"Filter":"W1siSXNEZWxldGVkIiwiPSIsIjAiXV0=","Delta":0,"PageIndex":1,"PageSize":10}
2022-06-05 00:52:22  INFO TOE.TOEIC.Web.Controllers.BaseEntityController`1.GetFilter - Filter Notification info : {"Sort":"[[\"CreatedDate\",\"DESC\"]]","Columns":null,"Filter":"W1siSXNEZWxldGVkIiwiPSIsIjAiXSwiQU5EIixbIlN0YXR1cyIsIj0iLCIxIl1d","Delta":0,"PageIndex":1,"PageSize":20}
2022-06-05 00:52:23  INFO TOE.TOEIC.Web.Controllers.BaseEntityController`1.GetFilter - Filter Notification info : {"Sort":"[[\"CreatedDate\",\"DESC\"]]","Columns":null,"Filter":"W1siSXNEZWxldGVkIiwiPSIsIjAiXSwiQU5EIixbIlN0YXR1cyIsIj0iLCIxIl1d","Delta":0,"PageIndex":1,"PageSize":20}
2022-06-05 00:52:23  INFO TOE.TOEIC.Web.Controllers.BaseEntityController`1.GetFilter - Filter Post info : {"Sort":null,"Columns":null,"Filter":"W1siSXNEZWxldGVkIiwiPSIsIjAiXV0=","Delta":0,"PageIndex":1,"PageSize":10}
2022-06-05 00:52:23  INFO TOE.TOEIC.Web.Controllers.BaseEntityController`1.GetFilter - Filter Post info : {"Sort":null,"Columns":null,"Filter":"W1siSXNEZWxldGVkIiwiPSIsIjAiXV0=","Delta":0,"PageIndex":1,"PageSize":10}
2022-06-05 00:52:24  INFO TOE.TOEIC.Web.Controllers.BaseEntityController`1.GetFilter - Filter Notification info : {"Sort":"[[\"CreatedDate\",\"DESC\"]]","Columns":null,"Filter":"W1siSXNEZWxldGVkIiwiPSIsIjAiXSwiQU5EIixbIlN0YXR1cyIsIj0iLCIxIl1d","Delta":0,"PageIndex":1,"PageSize":20}
2022-06-05 00:52:26  INFO TOE.TOEIC.Web.Controllers.SafeAddressController.GetFilter - Filter SafeAddress info : {"Sort":null,"Columns":null,"Filter":"W1siSXNEZWxldGVkIiwiPSIsIjAiXV0=","Delta":0,"PageIndex":1,"PageSize":10}
2022-06-05 00:52:26  INFO TOE.TOEIC.Web.Controllers.BaseEntityController`1.GetFilter - Filter Notification info : {"Sort":"[[\"CreatedDate\",\"DESC\"]]","Columns":null,"Filter":"W1siSXNEZWxldGVkIiwiPSIsIjAiXSwiQU5EIixbIlN0YXR1cyIsIj0iLCIxIl1d","Delta":0,"PageIndex":1,"PageSize":20}
2022-06-05 00:52:26  INFO TOE.TOEIC.Web.Controllers.SafeAddressController.GetFilter - Filter SafeAddress info : {"Sort":null,"Columns":null,"Filter":"W1siSXNEZWxldGVkIiwiPSIsIjAiXV0=","Delta":0,"PageIndex":1,"PageSize":10}
2022-06-05 00:52:27  INFO TOE.TOEIC.Web.Controllers.BaseEntityController`1.GetFilter - Filter Post info : {"Sort":null,"Columns":null,"Filter":"W1tbIk1lbnVJRCIsIj0iLCI4ZDBmYjA1ZC01Y2E2LTRjZjYtYWRmYi03NWU1MGQyYTg4YzUiXSwiT1IiLFsiTWVudUlEIiwiPSIsImJlNzFmOTI1LTcyMWItNDg5Mi05YTM5LWM0NTBlYThlYTg4ZCJdLCJPUiIsWyJNZW51SUQiLCI9IiwiZGY4NjdiZDQtOGY3Ny00NDE4LWFmYTMtNWI0OWJkNDI3MGE1Il1dLCJBTkQiLFsiU3RhdHVzIiwiPSIsIjEiXSwiQU5EIixbIklzRGVsZXRlZCIsIj0iLCIwIl1d","Delta":0,"PageIndex":1,"PageSize":9999}
2022-06-05 00:52:31  INFO TOE.TOEIC.Web.Controllers.BaseEntityController`1.GetFilter - Filter Notification info : {"Sort":"[[\"CreatedDate\",\"DESC\"]]","Columns":null,"Filter":"W1siSXNEZWxldGVkIiwiPSIsIjAiXSwiQU5EIixbIlN0YXR1cyIsIj0iLCIxIl1d","Delta":0,"PageIndex":1,"PageSize":20}
2022-06-05 00:52:32  INFO TOE.TOEIC.Web.Controllers.BaseEntityController`1.GetFilter - Filter Post info : {"Sort":null,"Columns":null,"Filter":"W1tbIk1lbnVJRCIsIj0iLCI4ZDBmYjA1ZC01Y2E2LTRjZjYtYWRmYi03NWU1MGQyYTg4YzUiXSwiT1IiLFsiTWVudUlEIiwiPSIsImJlNzFmOTI1LTcyMWItNDg5Mi05YTM5LWM0NTBlYThlYTg4ZCJdLCJPUiIsWyJNZW51SUQiLCI9IiwiZGY4NjdiZDQtOGY3Ny00NDE4LWFmYTMtNWI0OWJkNDI3MGE1Il1dLCJBTkQiLFsiU3RhdHVzIiwiPSIsIjEiXSwiQU5EIixbIklzRGVsZXRlZCIsIj0iLCIwIl1d","Delta":0,"PageIndex":1,"PageSize":9999}
2022-06-05 00:52:34  INFO TOE.TOEIC.Web.Controllers.BaseEntityController`1.GetFilter - Filter BookItem info : {"Sort":"[[\"CreatedDate\",\"DESC\"]]","Columns":null,"Filter":"W1siSXNEZWxldGVkIiwiPSIsIjAiXSwiQU5EIixbIlN0YXR1cyIsIj0iLCIxIl0sIkFORCIsWyJCb29rRm9ybWF0IiwiPSIsMF0sIkFORCIsWyJJc1ByaXZhdGUiLCI9IiwiMCJdXQ==","Delta":0,"PageIndex":1,"PageSize":5}
2022-06-05 00:52:34  INFO TOE.TOEIC.Web.Controllers.BaseEntityController`1.GetFilter - Filter BookItem info : {"Sort":"[[\"CreatedDate\",\"DESC\"]]","Columns":null,"Filter":"W1siSXNEZWxldGVkIiwiPSIsIjAiXSwiQU5EIixbIlN0YXR1cyIsIj0iLCIxIl0sIkFORCIsWyJCb29rRm9ybWF0IiwiPSIsMV0sIkFORCIsWyJJc1ByaXZhdGUiLCI9IiwiMCJdXQ==","Delta":0,"PageIndex":1,"PageSize":5}
2022-06-05 00:52:36  INFO TOE.TOEIC.Web.Controllers.BaseEntityController`1.GetFilter - Filter Notification info : {"Sort":"[[\"CreatedDate\",\"DESC\"]]","Columns":null,"Filter":"W1siSXNEZWxldGVkIiwiPSIsIjAiXSwiQU5EIixbIlN0YXR1cyIsIj0iLCIxIl1d","Delta":0,"PageIndex":1,"PageSize":20}
2022-06-05 00:52:38  INFO TOE.TOEIC.Web.Controllers.BaseEntityController`1.GetFilter - Filter BookItem info : {"Sort":null,"Columns":null,"Filter":"W1siSXNEZWxldGVkIiwiPSIsIjAiXV0=","Delta":0,"PageIndex":1,"PageSize":10}
2022-06-05 00:52:38  INFO TOE.TOEIC.Web.Controllers.BaseEntityController`1.GetFilter - Filter Notification info : {"Sort":"[[\"CreatedDate\",\"DESC\"]]","Columns":null,"Filter":"W1siSXNEZWxldGVkIiwiPSIsIjAiXSwiQU5EIixbIlN0YXR1cyIsIj0iLCIxIl1d","Delta":0,"PageIndex":1,"PageSize":20}
2022-06-05 00:52:38  INFO TOE.TOEIC.Web.Controllers.BaseEntityController`1.GetFilter - Filter Category info : {"Sort":null,"Columns":null,"Filter":"W1siSXNEZWxldGVkIiwiPSIsIjAiXSwiQU5EIixbIlN0YXR1cyIsIj0iLCIxIl1d","Delta":0,"PageIndex":1,"PageSize":9999}
2022-06-05 00:52:39  INFO TOE.TOEIC.Web.Controllers.BaseEntityController`1.GetFilter - Filter BookItem info : {"Sort":null,"Columns":null,"Filter":"W1siSXNEZWxldGVkIiwiPSIsIjAiXV0=","Delta":0,"PageIndex":1,"PageSize":10}
2022-06-05 00:52:55  INFO TOE.TOEIC.Web.Controllers.BaseEntityController`1.GetFilter - Filter Post info : {"Sort":null,"Columns":null,"Filter":"W1siSXNEZWxldGVkIiwiPSIsIjAiXV0=","Delta":0,"PageIndex":1,"PageSize":10}
2022-06-05 00:52:55  INFO TOE.TOEIC.Web.Controllers.BaseEntityController`1.GetFilter - Filter Notification info : {"Sort":"[[\"CreatedDate\",\"DESC\"]]","Columns":null,"Filter":"W1siSXNEZWxldGVkIiwiPSIsIjAiXSwiQU5EIixbIlN0YXR1cyIsIj0iLCIxIl1d","Delta":0,"PageIndex":1,"PageSize":20}
2022-06-05 00:54:10  INFO TOE.TOEIC.Web.Controllers.BaseEntityController`1.GetFilter - Filter Notification info : {"Sort":"[[\"CreatedDate\",\"DESC\"]]","Columns":null,"Filter":"W1siSXNEZWxldGVkIiwiPSIsIjAiXSwiQU5EIixbIlN0YXR1cyIsIj0iLCIxIl1d","Delta":0,"PageIndex":1,"PageSize":20}
2022-06-05 00:54:11  INFO TOE.TOEIC.Web.Controllers.BaseEntityController`1.GetFilter - Filter Notification info : {"Sort":"[[\"CreatedDate\",\"DESC\"]]","Columns":null,"Filter":"W1siSXNEZWxldGVkIiwiPSIsIjAiXSwiQU5EIixbIlN0YXR1cyIsIj0iLCIxIl1d","Delta":0,"PageIndex":1,"PageSize":20}
2022-06-05 00:54:12  INFO TOE.TOEIC.Web.Controllers.BaseEntityController`1.GetFilter - Filter Notification info : {"Sort":"[[\"CreatedDate\",\"DESC\"]]","Columns":null,"Filter":"W1siSXNEZWxldGVkIiwiPSIsIjAiXSwiQU5EIixbIlN0YXR1cyIsIj0iLCIxIl1d","Delta":0,"PageIndex":1,"PageSize":20}
2022-06-05 00:54:13  INFO TOE.TOEIC.Web.Controllers.BaseEntityController`1.GetFilter - Filter Notification info : {"Sort":"[[\"CreatedDate\",\"DESC\"]]","Columns":null,"Filter":"W1siSXNEZWxldGVkIiwiPSIsIjAiXSwiQU5EIixbIlN0YXR1cyIsIj0iLCIxIl1d","Delta":0,"PageIndex":1,"PageSize":20}
2022-06-05 00:54:27  INFO TOE.TOEIC.Web.Controllers.BaseEntityController`1.GetFilter - Filter Notification info : {"Sort":"[[\"CreatedDate\",\"DESC\"]]","Columns":null,"Filter":"W1siSXNEZWxldGVkIiwiPSIsIjAiXSwiQU5EIixbIlN0YXR1cyIsIj0iLCIxIl1d","Delta":0,"PageIndex":1,"PageSize":20}
2022-06-05 00:54:29  INFO TOE.TOEIC.Web.Controllers.SafeAddressController.GetFilter - Filter SafeAddress info : {"Sort":null,"Columns":null,"Filter":"W1siSXNEZWxldGVkIiwiPSIsIjAiXV0=","Delta":0,"PageIndex":1,"PageSize":10}
2022-06-05 00:54:29  INFO TOE.TOEIC.Web.Controllers.BaseEntityController`1.GetFilter - Filter Notification info : {"Sort":"[[\"CreatedDate\",\"DESC\"]]","Columns":null,"Filter":"W1siSXNEZWxldGVkIiwiPSIsIjAiXSwiQU5EIixbIlN0YXR1cyIsIj0iLCIxIl1d","Delta":0,"PageIndex":1,"PageSize":20}
2022-06-05 00:54:29  INFO TOE.TOEIC.Web.Controllers.SafeAddressController.GetFilter - Filter SafeAddress info : {"Sort":null,"Columns":null,"Filter":"W1siSXNEZWxldGVkIiwiPSIsIjAiXV0=","Delta":0,"PageIndex":1,"PageSize":10}
2022-06-05 00:54:31  INFO TOE.TOEIC.Web.Controllers.SafeAddressController.GetFilter - Filter SafeAddress info : {"Sort":null,"Columns":null,"Filter":"W1siSXNEZWxldGVkIiwiPSIsIjAiXSwiQU5EIixbIlR5cGUiLCI9IiwwXV0=","Delta":0,"PageIndex":1,"PageSize":10}
2022-06-05 00:54:33  INFO TOE.TOEIC.Web.Controllers.SafeAddressController.GetFilter - Filter SafeAddress info : {"Sort":null,"Columns":null,"Filter":"W1siSXNEZWxldGVkIiwiPSIsIjAiXSwiQU5EIixbIlR5cGUiLCI9IiwxXV0=","Delta":0,"PageIndex":1,"PageSize":10}
2022-06-05 00:54:34  INFO TOE.TOEIC.Web.Controllers.SafeAddressController.GetFilter - Filter SafeAddress info : {"Sort":null,"Columns":null,"Filter":"W1siSXNEZWxldGVkIiwiPSIsIjAiXV0=","Delta":0,"PageIndex":1,"PageSize":10}
2022-06-05 00:54:53  INFO TOE.TOEIC.Web.Controllers.BaseEntityController`1.GetFilter - Filter Post info : {"Sort":null,"Columns":null,"Filter":"W1tbIk1lbnVJRCIsIj0iLCI4ZDBmYjA1ZC01Y2E2LTRjZjYtYWRmYi03NWU1MGQyYTg4YzUiXSwiT1IiLFsiTWVudUlEIiwiPSIsImJlNzFmOTI1LTcyMWItNDg5Mi05YTM5LWM0NTBlYThlYTg4ZCJdLCJPUiIsWyJNZW51SUQiLCI9IiwiZGY4NjdiZDQtOGY3Ny00NDE4LWFmYTMtNWI0OWJkNDI3MGE1Il1dLCJBTkQiLFsiU3RhdHVzIiwiPSIsIjEiXSwiQU5EIixbIklzRGVsZXRlZCIsIj0iLCIwIl1d","Delta":0,"PageIndex":1,"PageSize":9999}
2022-06-05 00:54:55  INFO TOE.TOEIC.Web.Controllers.BaseEntityController`1.GetFilter - Filter Notification info : {"Sort":"[[\"CreatedDate\",\"DESC\"]]","Columns":null,"Filter":"W1siSXNEZWxldGVkIiwiPSIsIjAiXSwiQU5EIixbIlN0YXR1cyIsIj0iLCIxIl1d","Delta":0,"PageIndex":1,"PageSize":20}
2022-06-05 00:54:57  INFO TOE.TOEIC.Web.Controllers.BaseEntityController`1.GetFilter - Filter Post info : {"Sort":null,"Columns":null,"Filter":"W1tbIk1lbnVJRCIsIj0iLCI4ZDBmYjA1ZC01Y2E2LTRjZjYtYWRmYi03NWU1MGQyYTg4YzUiXSwiT1IiLFsiTWVudUlEIiwiPSIsImJlNzFmOTI1LTcyMWItNDg5Mi05YTM5LWM0NTBlYThlYTg4ZCJdLCJPUiIsWyJNZW51SUQiLCI9IiwiZGY4NjdiZDQtOGY3Ny00NDE4LWFmYTMtNWI0OWJkNDI3MGE1Il1dLCJBTkQiLFsiU3RhdHVzIiwiPSIsIjEiXSwiQU5EIixbIklzRGVsZXRlZCIsIj0iLCIwIl1d","Delta":0,"PageIndex":1,"PageSize":9999}
2022-06-05 00:55:01  INFO TOE.TOEIC.Web.Controllers.BaseEntityController`1.GetFilter - Filter Account info : {"Sort":null,"Columns":"PhoneNumber,Email,AccountID,Address,FullName,UserName,Avatar,CreatedBy,CreatedDate,ModifiedBy,ModifiedDate,Status","Filter":"W1siSXNEZWxldGVkIiwiPSIsIjAiXSwiQU5EIixbIlN0YXR1cyIsIj0iLCIxIl0sIkFORCIsWyJBY2NvdW50SUQiLCI9IiwiNjlhMjlhMWItNzZkYi00MDk1LWJkMTYtZDU4NDMwNjMyMTA0Il1d","Delta":0,"PageIndex":1,"PageSize":1}
2022-06-05 00:57:09  INFO TOE.TOEIC.Web.Controllers.BaseEntityController`1.GetFilter - Filter Account info : {"Sort":null,"Columns":"PhoneNumber,Email,AccountID,Address,FullName,UserName,Avatar,CreatedBy,CreatedDate,ModifiedBy,ModifiedDate,Status","Filter":"W1siSXNEZWxldGVkIiwiPSIsIjAiXSwiQU5EIixbIlN0YXR1cyIsIj0iLCIxIl0sIkFORCIsWyJBY2NvdW50SUQiLCI9IiwiNjlhMjlhMWItNzZkYi00MDk1LWJkMTYtZDU4NDMwNjMyMTA0Il1d","Delta":0,"PageIndex":1,"PageSize":1}
2022-06-05 00:57:52  INFO TOE.TOEIC.Web.Controllers.BaseEntityController`1.GetFilter - Filter Account info : {"Sort":null,"Columns":"PhoneNumber,Email,AccountID,Address,FullName,UserName,Avatar,CreatedBy,CreatedDate,ModifiedBy,ModifiedDate,Status","Filter":"W1siSXNEZWxldGVkIiwiPSIsIjAiXSwiQU5EIixbIlN0YXR1cyIsIj0iLCIxIl0sIkFORCIsWyJBY2NvdW50SUQiLCI9IiwiNjlhMjlhMWItNzZkYi00MDk1LWJkMTYtZDU4NDMwNjMyMTA0Il1d","Delta":0,"PageIndex":1,"PageSize":1}
2022-06-05 00:58:18  INFO TOE.TOEIC.Web.Controllers.BaseEntityController`1.GetFilter - Filter Account info : {"Sort":null,"Columns":"PhoneNumber,Email,AccountID,Address,FullName,UserName,Avatar,CreatedBy,CreatedDate,ModifiedBy,ModifiedDate,Status","Filter":"W1siSXNEZWxldGVkIiwiPSIsIjAiXSwiQU5EIixbIlN0YXR1cyIsIj0iLCIxIl0sIkFORCIsWyJBY2NvdW50SUQiLCI9IiwiNjlhMjlhMWItNzZkYi00MDk1LWJkMTYtZDU4NDMwNjMyMTA0Il1d","Delta":0,"PageIndex":1,"PageSize":1}
2022-06-05 00:58:33  INFO TOE.TOEIC.Web.Controllers.BaseEntityController`1.GetFilter - Filter Account info : {"Sort":null,"Columns":"PhoneNumber,Email,AccountID,Address,FullName,UserName,Avatar,CreatedBy,CreatedDate,ModifiedBy,ModifiedDate,Status","Filter":"W1siSXNEZWxldGVkIiwiPSIsIjAiXSwiQU5EIixbIlN0YXR1cyIsIj0iLCIxIl0sIkFORCIsWyJBY2NvdW50SUQiLCI9IiwiNjlhMjlhMWItNzZkYi00MDk1LWJkMTYtZDU4NDMwNjMyMTA0Il1d","Delta":0,"PageIndex":1,"PageSize":1}
2022-06-05 01:00:03  INFO TOE.TOEIC.Web.Controllers.BaseEntityController`1.GetFilter - Filter Account info : {"Sort":null,"Columns":"PhoneNumber,Email,AccountID,Address,FullName,UserName,Avatar,CreatedBy,CreatedDate,ModifiedBy,ModifiedDate,Status","Filter":"W1siSXNEZWxldGVkIiwiPSIsIjAiXSwiQU5EIixbIlN0YXR1cyIsIj0iLCIxIl0sIkFORCIsWyJBY2NvdW50SUQiLCI9IiwiNjlhMjlhMWItNzZkYi00MDk1LWJkMTYtZDU4NDMwNjMyMTA0Il1d","Delta":0,"PageIndex":1,"PageSize":1}
2022-06-05 01:00:37  INFO TOE.TOEIC.Web.Controllers.BaseEntityController`1.GetFilter - Filter Account info : {"Sort":null,"Columns":"PhoneNumber,Email,AccountID,Address,FullName,UserName,Avatar,CreatedBy,CreatedDate,ModifiedBy,ModifiedDate,Status","Filter":"W1siSXNEZWxldGVkIiwiPSIsIjAiXSwiQU5EIixbIlN0YXR1cyIsIj0iLCIxIl0sIkFORCIsWyJBY2NvdW50SUQiLCI9IiwiNjlhMjlhMWItNzZkYi00MDk1LWJkMTYtZDU4NDMwNjMyMTA0Il1d","Delta":0,"PageIndex":1,"PageSize":1}
2022-06-05 01:02:17  INFO TOE.TOEIC.Web.Controllers.BaseEntityController`1.GetFilter - Filter Account info : {"Sort":null,"Columns":"PhoneNumber,Email,AccountID,Address,FullName,UserName,Avatar,CreatedBy,CreatedDate,ModifiedBy,ModifiedDate,Status","Filter":"W1siSXNEZWxldGVkIiwiPSIsIjAiXSwiQU5EIixbIlN0YXR1cyIsIj0iLCIxIl0sIkFORCIsWyJBY2NvdW50SUQiLCI9IiwiNjlhMjlhMWItNzZkYi00MDk1LWJkMTYtZDU4NDMwNjMyMTA0Il1d","Delta":0,"PageIndex":1,"PageSize":1}
2022-06-05 01:03:01  INFO TOE.TOEIC.Web.Controllers.BaseEntityController`1.GetFilter - Filter Account info : {"Sort":null,"Columns":"PhoneNumber,Email,AccountID,Address,FullName,UserName,Avatar,CreatedBy,CreatedDate,ModifiedBy,ModifiedDate,Status","Filter":"W1siSXNEZWxldGVkIiwiPSIsIjAiXSwiQU5EIixbIlN0YXR1cyIsIj0iLCIxIl0sIkFORCIsWyJBY2NvdW50SUQiLCI9IiwiNjlhMjlhMWItNzZkYi00MDk1LWJkMTYtZDU4NDMwNjMyMTA0Il1d","Delta":0,"PageIndex":1,"PageSize":1}
2022-06-05 01:03:13  INFO TOE.TOEIC.Web.Controllers.BaseEntityController`1.GetFilter - Filter Account info : {"Sort":null,"Columns":"PhoneNumber,Email,AccountID,Address,FullName,UserName,Avatar,CreatedBy,CreatedDate,ModifiedBy,ModifiedDate,Status","Filter":"W1siSXNEZWxldGVkIiwiPSIsIjAiXSwiQU5EIixbIlN0YXR1cyIsIj0iLCIxIl0sIkFORCIsWyJBY2NvdW50SUQiLCI9IiwiNjlhMjlhMWItNzZkYi00MDk1LWJkMTYtZDU4NDMwNjMyMTA0Il1d","Delta":0,"PageIndex":1,"PageSize":1}
2022-06-05 01:03:17  INFO TOE.TOEIC.Web.Controllers.BaseEntityController`1.GetFilter - Filter Account info : {"Sort":null,"Columns":"PhoneNumber,Email,AccountID,Address,FullName,UserName,Avatar,CreatedBy,CreatedDate,ModifiedBy,ModifiedDate,Status","Filter":"W1siSXNEZWxldGVkIiwiPSIsIjAiXSwiQU5EIixbIlN0YXR1cyIsIj0iLCIxIl0sIkFORCIsWyJBY2NvdW50SUQiLCI9IiwiNjlhMjlhMWItNzZkYi00MDk1LWJkMTYtZDU4NDMwNjMyMTA0Il1d","Delta":0,"PageIndex":1,"PageSize":1}
2022-06-05 01:04:56  INFO TOE.TOEIC.Web.Controllers.BaseEntityController`1.GetFilter - Filter Account info : {"Sort":null,"Columns":"PhoneNumber,Email,AccountID,Address,FullName,UserName,Avatar,CreatedBy,CreatedDate,ModifiedBy,ModifiedDate,Status","Filter":"W1siSXNEZWxldGVkIiwiPSIsIjAiXSwiQU5EIixbIlN0YXR1cyIsIj0iLCIxIl0sIkFORCIsWyJBY2NvdW50SUQiLCI9IiwiNjlhMjlhMWItNzZkYi00MDk1LWJkMTYtZDU4NDMwNjMyMTA0Il1d","Delta":0,"PageIndex":1,"PageSize":1}
2022-06-05 01:07:03  INFO TOE.TOEIC.ApplicationCore.Interfaces.SafeAddressService.CheckIsInNetworkAllowed - [IP ADDRESS]: System.Collections.Generic.List`1[System.Net.IPAddress]
2022-06-05 01:07:03  INFO TOE.TOEIC.ApplicationCore.Interfaces.SafeAddressService.CheckIsInNetworkAllowed - [MAC ADDRESS]: C46516B228DC
2022-06-05 01:07:03  INFO TOE.TOEIC.Web.Controllers.BaseEntityController`1.GetFilter - Filter Post info : {"Sort":null,"Columns":null,"Filter":"W1tbIk1lbnVJRCIsIj0iLCI4ZDBmYjA1ZC01Y2E2LTRjZjYtYWRmYi03NWU1MGQyYTg4YzUiXSwiT1IiLFsiTWVudUlEIiwiPSIsImJlNzFmOTI1LTcyMWItNDg5Mi05YTM5LWM0NTBlYThlYTg4ZCJdLCJPUiIsWyJNZW51SUQiLCI9IiwiZGY4NjdiZDQtOGY3Ny00NDE4LWFmYTMtNWI0OWJkNDI3MGE1Il1dLCJBTkQiLFsiU3RhdHVzIiwiPSIsIjEiXSwiQU5EIixbIklzRGVsZXRlZCIsIj0iLCIwIl1d","Delta":0,"PageIndex":1,"PageSize":9999}
2022-06-05 01:07:03  INFO TOE.TOEIC.Web.Controllers.BaseEntityController`1.GetFilter - Filter Menu info : {"Sort":null,"Columns":null,"Filter":"W1siSXNEZWxldGVkIiwiPSIsIjAiXSwiQU5EIixbIlN0YXR1cyIsIj0iLCIxIl0sIkFORCIsWyJJc1Nob3dIb21lIiwiPSIsIjEiXV0=","Delta":0,"PageIndex":1,"PageSize":9999}
2022-06-05 01:10:30  INFO TOE.TOEIC.Web.Controllers.BaseEntityController`1.GetFilter - Filter Post info : {"Sort":null,"Columns":null,"Filter":"W1tbIk1lbnVJRCIsIj0iLCI4ZDBmYjA1ZC01Y2E2LTRjZjYtYWRmYi03NWU1MGQyYTg4YzUiXSwiT1IiLFsiTWVudUlEIiwiPSIsImJlNzFmOTI1LTcyMWItNDg5Mi05YTM5LWM0NTBlYThlYTg4ZCJdLCJPUiIsWyJNZW51SUQiLCI9IiwiZGY4NjdiZDQtOGY3Ny00NDE4LWFmYTMtNWI0OWJkNDI3MGE1Il1dLCJBTkQiLFsiU3RhdHVzIiwiPSIsIjEiXSwiQU5EIixbIklzRGVsZXRlZCIsIj0iLCIwIl1d","Delta":0,"PageIndex":1,"PageSize":9999}
2022-06-05 01:10:53  INFO TOE.TOEIC.ApplicationCore.Interfaces.SafeAddressService.CheckIsInNetworkAllowed - [IP ADDRESS]: System.Collections.Generic.List`1[System.Net.IPAddress]
2022-06-05 01:10:53  INFO TOE.TOEIC.ApplicationCore.Interfaces.SafeAddressService.CheckIsInNetworkAllowed - [MAC ADDRESS]: C46516B228DC
2022-06-05 01:10:53  INFO TOE.TOEIC.Web.Controllers.BaseEntityController`1.GetFilter - Filter Menu info : {"Sort":null,"Columns":null,"Filter":"W1siSXNEZWxldGVkIiwiPSIsIjAiXSwiQU5EIixbIlN0YXR1cyIsIj0iLCIxIl0sIkFORCIsWyJJc1Nob3dIb21lIiwiPSIsIjEiXV0=","Delta":0,"PageIndex":1,"PageSize":9999}
2022-06-05 01:10:56  INFO TOE.TOEIC.ApplicationCore.Interfaces.SafeAddressService.CheckIsInNetworkAllowed - [IP ADDRESS]: System.Collections.Generic.List`1[System.Net.IPAddress]
2022-06-05 01:10:56  INFO TOE.TOEIC.ApplicationCore.Interfaces.SafeAddressService.CheckIsInNetworkAllowed - [MAC ADDRESS]: C46516B228DC
2022-06-05 01:10:56  INFO TOE.TOEIC.Web.Controllers.BaseEntityController`1.GetFilter - Filter Menu info : {"Sort":null,"Columns":null,"Filter":"W1siSXNEZWxldGVkIiwiPSIsIjAiXSwiQU5EIixbIlN0YXR1cyIsIj0iLCIxIl0sIkFORCIsWyJJc1Nob3dIb21lIiwiPSIsIjEiXV0=","Delta":0,"PageIndex":1,"PageSize":9999}
2022-06-05 01:13:57  INFO TOE.TOEIC.ApplicationCore.Interfaces.SafeAddressService.CheckIsInNetworkAllowed - [IP ADDRESS]: System.Collections.Generic.List`1[System.Net.IPAddress]
2022-06-05 01:13:57  INFO TOE.TOEIC.ApplicationCore.Interfaces.SafeAddressService.CheckIsInNetworkAllowed - [MAC ADDRESS]: C46516B228DC
2022-06-05 01:13:58  INFO TOE.TOEIC.Web.Controllers.BaseEntityController`1.GetFilter - Filter Menu info : {"Sort":null,"Columns":null,"Filter":"W1siSXNEZWxldGVkIiwiPSIsIjAiXSwiQU5EIixbIlN0YXR1cyIsIj0iLCIxIl0sIkFORCIsWyJJc1Nob3dIb21lIiwiPSIsIjEiXV0=","Delta":0,"PageIndex":1,"PageSize":9999}
2022-06-05 01:17:52  INFO TOE.TOEIC.ApplicationCore.Interfaces.SafeAddressService.CheckIsInNetworkAllowed - [IP ADDRESS]: System.Collections.Generic.List`1[System.Net.IPAddress]
2022-06-05 01:17:52  INFO TOE.TOEIC.ApplicationCore.Interfaces.SafeAddressService.CheckIsInNetworkAllowed - [MAC ADDRESS]: C46516B228DC
2022-06-05 01:17:52  INFO TOE.TOEIC.Web.Controllers.BaseEntityController`1.GetFilter - Filter Menu info : {"Sort":null,"Columns":null,"Filter":"W1siSXNEZWxldGVkIiwiPSIsIjAiXSwiQU5EIixbIlN0YXR1cyIsIj0iLCIxIl0sIkFORCIsWyJJc1Nob3dIb21lIiwiPSIsIjEiXV0=","Delta":0,"PageIndex":1,"PageSize":9999}
2022-06-05 01:20:13  INFO TOE.TOEIC.ApplicationCore.Interfaces.SafeAddressService.CheckIsInNetworkAllowed - [IP ADDRESS]: System.Collections.Generic.List`1[System.Net.IPAddress]
2022-06-05 01:20:13  INFO TOE.TOEIC.ApplicationCore.Interfaces.SafeAddressService.CheckIsInNetworkAllowed - [MAC ADDRESS]: C46516B228DC
2022-06-05 01:20:13  INFO TOE.TOEIC.Web.Controllers.BaseEntityController`1.GetFilter - Filter Menu info : {"Sort":null,"Columns":null,"Filter":"W1siSXNEZWxldGVkIiwiPSIsIjAiXSwiQU5EIixbIlN0YXR1cyIsIj0iLCIxIl0sIkFORCIsWyJJc1Nob3dIb21lIiwiPSIsIjEiXV0=","Delta":0,"PageIndex":1,"PageSize":9999}
2022-06-05 01:21:03  INFO TOE.TOEIC.ApplicationCore.Interfaces.SafeAddressService.CheckIsInNetworkAllowed - [IP ADDRESS]: System.Collections.Generic.List`1[System.Net.IPAddress]
2022-06-05 01:21:03  INFO TOE.TOEIC.ApplicationCore.Interfaces.SafeAddressService.CheckIsInNetworkAllowed - [MAC ADDRESS]: C46516B228DC
2022-06-05 01:21:04  INFO TOE.TOEIC.Web.Controllers.BaseEntityController`1.GetFilter - Filter Menu info : {"Sort":null,"Columns":null,"Filter":"W1siSXNEZWxldGVkIiwiPSIsIjAiXSwiQU5EIixbIlN0YXR1cyIsIj0iLCIxIl0sIkFORCIsWyJJc1Nob3dIb21lIiwiPSIsIjEiXV0=","Delta":0,"PageIndex":1,"PageSize":9999}
2022-06-05 01:21:54  INFO TOE.TOEIC.Web.Controllers.BaseEntityController`1.GetFilter - Filter Notification info : {"Sort":"[[\"CreatedDate\",\"DESC\"]]","Columns":null,"Filter":"W1siSXNEZWxldGVkIiwiPSIsIjAiXSwiQU5EIixbIlN0YXR1cyIsIj0iLCIxIl1d","Delta":0,"PageIndex":1,"PageSize":20}
2022-06-05 01:23:02  INFO TOE.TOEIC.ApplicationCore.Interfaces.SafeAddressService.CheckIsInNetworkAllowed - [IP ADDRESS]: System.Collections.Generic.List`1[System.Net.IPAddress]
2022-06-05 01:23:02  INFO TOE.TOEIC.ApplicationCore.Interfaces.SafeAddressService.CheckIsInNetworkAllowed - [MAC ADDRESS]: C46516B228DC
2022-06-05 01:23:02  INFO TOE.TOEIC.Web.Controllers.BaseEntityController`1.GetFilter - Filter Menu info : {"Sort":null,"Columns":null,"Filter":"W1siSXNEZWxldGVkIiwiPSIsIjAiXSwiQU5EIixbIlN0YXR1cyIsIj0iLCIxIl0sIkFORCIsWyJJc1Nob3dIb21lIiwiPSIsIjEiXV0=","Delta":0,"PageIndex":1,"PageSize":9999}
2022-06-05 01:23:20  INFO TOE.TOEIC.Web.Controllers.BaseEntityController`1.GetFilter - Filter Notification info : {"Sort":"[[\"CreatedDate\",\"DESC\"]]","Columns":null,"Filter":"W1siSXNEZWxldGVkIiwiPSIsIjAiXSwiQU5EIixbIlN0YXR1cyIsIj0iLCIxIl1d","Delta":0,"PageIndex":1,"PageSize":20}
2022-06-05 01:24:01  INFO TOE.TOEIC.ApplicationCore.Interfaces.SafeAddressService.CheckIsInNetworkAllowed - [IP ADDRESS]: System.Collections.Generic.List`1[System.Net.IPAddress]
2022-06-05 01:24:01  INFO TOE.TOEIC.ApplicationCore.Interfaces.SafeAddressService.CheckIsInNetworkAllowed - [MAC ADDRESS]: C46516B228DC
2022-06-05 01:24:02  INFO TOE.TOEIC.Web.Controllers.BaseEntityController`1.GetFilter - Filter Menu info : {"Sort":null,"Columns":null,"Filter":"W1siSXNEZWxldGVkIiwiPSIsIjAiXSwiQU5EIixbIlN0YXR1cyIsIj0iLCIxIl0sIkFORCIsWyJJc1Nob3dIb21lIiwiPSIsIjEiXV0=","Delta":0,"PageIndex":1,"PageSize":9999}
2022-06-05 01:24:32  INFO TOE.TOEIC.Web.Controllers.BaseEntityController`1.GetFilter - Filter Notification info : {"Sort":"[[\"CreatedDate\",\"DESC\"]]","Columns":null,"Filter":"W1siSXNEZWxldGVkIiwiPSIsIjAiXSwiQU5EIixbIlN0YXR1cyIsIj0iLCIxIl1d","Delta":0,"PageIndex":1,"PageSize":20}
2022-06-05 01:24:49  INFO TOE.TOEIC.ApplicationCore.Interfaces.SafeAddressService.CheckIsInNetworkAllowed - [IP ADDRESS]: System.Collections.Generic.List`1[System.Net.IPAddress]
2022-06-05 01:24:49  INFO TOE.TOEIC.ApplicationCore.Interfaces.SafeAddressService.CheckIsInNetworkAllowed - [MAC ADDRESS]: C46516B228DC
2022-06-05 01:24:50  INFO TOE.TOEIC.Web.Controllers.BaseEntityController`1.GetFilter - Filter Menu info : {"Sort":null,"Columns":null,"Filter":"W1siSXNEZWxldGVkIiwiPSIsIjAiXSwiQU5EIixbIlN0YXR1cyIsIj0iLCIxIl0sIkFORCIsWyJJc1Nob3dIb21lIiwiPSIsIjEiXV0=","Delta":0,"PageIndex":1,"PageSize":9999}
2022-06-05 01:25:32  INFO TOE.TOEIC.Web.Controllers.BaseEntityController`1.GetFilter - Filter Notification info : {"Sort":"[[\"CreatedDate\",\"DESC\"]]","Columns":null,"Filter":"W1siSXNEZWxldGVkIiwiPSIsIjAiXSwiQU5EIixbIlN0YXR1cyIsIj0iLCIxIl1d","Delta":0,"PageIndex":1,"PageSize":20}
2022-06-05 01:26:52  INFO TOE.TOEIC.ApplicationCore.Interfaces.SafeAddressService.CheckIsInNetworkAllowed - [IP ADDRESS]: System.Collections.Generic.List`1[System.Net.IPAddress]
2022-06-05 01:26:52  INFO TOE.TOEIC.ApplicationCore.Interfaces.SafeAddressService.CheckIsInNetworkAllowed - [MAC ADDRESS]: C46516B228DC
2022-06-05 01:26:52  INFO TOE.TOEIC.Web.Controllers.BaseEntityController`1.GetFilter - Filter Menu info : {"Sort":null,"Columns":null,"Filter":"W1siSXNEZWxldGVkIiwiPSIsIjAiXSwiQU5EIixbIlN0YXR1cyIsIj0iLCIxIl0sIkFORCIsWyJJc1Nob3dIb21lIiwiPSIsIjEiXV0=","Delta":0,"PageIndex":1,"PageSize":9999}
2022-06-05 01:27:24  INFO TOE.TOEIC.ApplicationCore.Interfaces.SafeAddressService.CheckIsInNetworkAllowed - [IP ADDRESS]: System.Collections.Generic.List`1[System.Net.IPAddress]
2022-06-05 01:27:24  INFO TOE.TOEIC.ApplicationCore.Interfaces.SafeAddressService.CheckIsInNetworkAllowed - [MAC ADDRESS]: C46516B228DC
2022-06-05 01:27:24  INFO TOE.TOEIC.Web.Controllers.BaseEntityController`1.GetFilter - Filter Menu info : {"Sort":null,"Columns":null,"Filter":"W1siSXNEZWxldGVkIiwiPSIsIjAiXSwiQU5EIixbIlN0YXR1cyIsIj0iLCIxIl0sIkFORCIsWyJJc1Nob3dIb21lIiwiPSIsIjEiXV0=","Delta":0,"PageIndex":1,"PageSize":9999}
2022-06-05 01:29:01  INFO TOE.TOEIC.ApplicationCore.Interfaces.SafeAddressService.CheckIsInNetworkAllowed - [IP ADDRESS]: System.Collections.Generic.List`1[System.Net.IPAddress]
2022-06-05 01:29:01  INFO TOE.TOEIC.ApplicationCore.Interfaces.SafeAddressService.CheckIsInNetworkAllowed - [MAC ADDRESS]: C46516B228DC
2022-06-05 01:29:02  INFO TOE.TOEIC.Web.Controllers.BaseEntityController`1.GetFilter - Filter Menu info : {"Sort":null,"Columns":null,"Filter":"W1siSXNEZWxldGVkIiwiPSIsIjAiXSwiQU5EIixbIlN0YXR1cyIsIj0iLCIxIl0sIkFORCIsWyJJc1Nob3dIb21lIiwiPSIsIjEiXV0=","Delta":0,"PageIndex":1,"PageSize":9999}
2022-06-05 01:29:05  INFO TOE.TOEIC.ApplicationCore.Interfaces.SafeAddressService.CheckIsInNetworkAllowed - [IP ADDRESS]: System.Collections.Generic.List`1[System.Net.IPAddress]
2022-06-05 01:29:05  INFO TOE.TOEIC.ApplicationCore.Interfaces.SafeAddressService.CheckIsInNetworkAllowed - [MAC ADDRESS]: C46516B228DC
2022-06-05 01:29:05  INFO TOE.TOEIC.Web.Controllers.BaseEntityController`1.GetFilter - Filter Menu info : {"Sort":null,"Columns":null,"Filter":"W1siSXNEZWxldGVkIiwiPSIsIjAiXSwiQU5EIixbIlN0YXR1cyIsIj0iLCIxIl0sIkFORCIsWyJJc1Nob3dIb21lIiwiPSIsIjEiXV0=","Delta":0,"PageIndex":1,"PageSize":9999}
2022-06-05 01:29:19  INFO TOE.TOEIC.ApplicationCore.Interfaces.SafeAddressService.CheckIsInNetworkAllowed - [IP ADDRESS]: System.Collections.Generic.List`1[System.Net.IPAddress]
2022-06-05 01:29:19  INFO TOE.TOEIC.ApplicationCore.Interfaces.SafeAddressService.CheckIsInNetworkAllowed - [MAC ADDRESS]: C46516B228DC
2022-06-05 01:29:20  INFO TOE.TOEIC.Web.Controllers.BaseEntityController`1.GetFilter - Filter Menu info : {"Sort":null,"Columns":null,"Filter":"W1siSXNEZWxldGVkIiwiPSIsIjAiXSwiQU5EIixbIlN0YXR1cyIsIj0iLCIxIl0sIkFORCIsWyJJc1Nob3dIb21lIiwiPSIsIjEiXV0=","Delta":0,"PageIndex":1,"PageSize":9999}
2022-06-05 01:29:35  INFO TOE.TOEIC.ApplicationCore.Interfaces.SafeAddressService.CheckIsInNetworkAllowed - [IP ADDRESS]: System.Collections.Generic.List`1[System.Net.IPAddress]
2022-06-05 01:29:35  INFO TOE.TOEIC.ApplicationCore.Interfaces.SafeAddressService.CheckIsInNetworkAllowed - [MAC ADDRESS]: C46516B228DC
2022-06-05 01:29:35  INFO TOE.TOEIC.Web.Controllers.BaseEntityController`1.GetFilter - Filter Menu info : {"Sort":null,"Columns":null,"Filter":"W1siSXNEZWxldGVkIiwiPSIsIjAiXSwiQU5EIixbIlN0YXR1cyIsIj0iLCIxIl0sIkFORCIsWyJJc1Nob3dIb21lIiwiPSIsIjEiXV0=","Delta":0,"PageIndex":1,"PageSize":9999}
2022-06-05 01:30:02  INFO TOE.TOEIC.ApplicationCore.Interfaces.SafeAddressService.CheckIsInNetworkAllowed - [IP ADDRESS]: System.Collections.Generic.List`1[System.Net.IPAddress]
2022-06-05 01:30:02  INFO TOE.TOEIC.ApplicationCore.Interfaces.SafeAddressService.CheckIsInNetworkAllowed - [MAC ADDRESS]: C46516B228DC
2022-06-05 01:30:07  INFO TOE.TOEIC.Web.Controllers.BaseEntityController`1.GetFilter - Filter Menu info : {"Sort":null,"Columns":null,"Filter":"W1siSXNEZWxldGVkIiwiPSIsIjAiXSwiQU5EIixbIlN0YXR1cyIsIj0iLCIxIl0sIkFORCIsWyJJc1Nob3dIb21lIiwiPSIsIjEiXV0=","Delta":0,"PageIndex":1,"PageSize":9999}
2022-06-05 01:30:47  INFO TOE.TOEIC.Web.Controllers.BaseEntityController`1.GetFilter - Filter Notification info : {"Sort":"[[\"CreatedDate\",\"DESC\"]]","Columns":null,"Filter":"W1siSXNEZWxldGVkIiwiPSIsIjAiXSwiQU5EIixbIlN0YXR1cyIsIj0iLCIxIl1d","Delta":0,"PageIndex":1,"PageSize":20}
2022-06-05 01:30:57  INFO TOE.TOEIC.ApplicationCore.Interfaces.SafeAddressService.CheckIsInNetworkAllowed - [IP ADDRESS]: System.Collections.Generic.List`1[System.Net.IPAddress]
2022-06-05 01:30:57  INFO TOE.TOEIC.ApplicationCore.Interfaces.SafeAddressService.CheckIsInNetworkAllowed - [MAC ADDRESS]: C46516B228DC
2022-06-05 01:30:57  INFO TOE.TOEIC.Web.Controllers.BaseEntityController`1.GetFilter - Filter Menu info : {"Sort":null,"Columns":null,"Filter":"W1siSXNEZWxldGVkIiwiPSIsIjAiXSwiQU5EIixbIlN0YXR1cyIsIj0iLCIxIl0sIkFORCIsWyJJc1Nob3dIb21lIiwiPSIsIjEiXV0=","Delta":0,"PageIndex":1,"PageSize":9999}
2022-06-05 01:31:01  INFO TOE.TOEIC.ApplicationCore.Interfaces.SafeAddressService.CheckIsInNetworkAllowed - [IP ADDRESS]: System.Collections.Generic.List`1[System.Net.IPAddress]
2022-06-05 01:31:01  INFO TOE.TOEIC.ApplicationCore.Interfaces.SafeAddressService.CheckIsInNetworkAllowed - [MAC ADDRESS]: C46516B228DC
2022-06-05 01:31:01  INFO TOE.TOEIC.Web.Controllers.BaseEntityController`1.GetFilter - Filter Menu info : {"Sort":null,"Columns":null,"Filter":"W1siSXNEZWxldGVkIiwiPSIsIjAiXSwiQU5EIixbIlN0YXR1cyIsIj0iLCIxIl0sIkFORCIsWyJJc1Nob3dIb21lIiwiPSIsIjEiXV0=","Delta":0,"PageIndex":1,"PageSize":9999}
2022-06-05 01:32:40  INFO TOE.TOEIC.Web.Controllers.BaseEntityController`1.GetFilter - Filter Notification info : {"Sort":"[[\"CreatedDate\",\"DESC\"]]","Columns":null,"Filter":"W1siSXNEZWxldGVkIiwiPSIsIjAiXSwiQU5EIixbIlN0YXR1cyIsIj0iLCIxIl1d","Delta":0,"PageIndex":1,"PageSize":20}
2022-06-05 01:32:44  INFO TOE.TOEIC.ApplicationCore.Interfaces.SafeAddressService+<CheckIsInNetworkAllowed>d__5.MoveNext - [IP ADDRESS]: System.Collections.Generic.List`1[System.Net.IPAddress]
2022-06-05 01:32:44  INFO TOE.TOEIC.ApplicationCore.Interfaces.SafeAddressService+<CheckIsInNetworkAllowed>d__5.MoveNext - [MAC ADDRESS]: C46516B228DC
2022-06-05 01:32:44  INFO TOE.TOEIC.Web.Controllers.BaseEntityController`1.GetFilter - Filter Menu info : {"Sort":null,"Columns":null,"Filter":"W1siSXNEZWxldGVkIiwiPSIsIjAiXSwiQU5EIixbIlN0YXR1cyIsIj0iLCIxIl0sIkFORCIsWyJJc1Nob3dIb21lIiwiPSIsIjEiXV0=","Delta":0,"PageIndex":1,"PageSize":9999}
2022-06-05 01:33:18  INFO TOE.TOEIC.ApplicationCore.Interfaces.SafeAddressService.CheckIsInNetworkAllowed - [IP ADDRESS]: System.Collections.Generic.List`1[System.Net.IPAddress]
2022-06-05 01:33:18  INFO TOE.TOEIC.ApplicationCore.Interfaces.SafeAddressService.CheckIsInNetworkAllowed - [MAC ADDRESS]: C46516B228DC
2022-06-05 01:33:18  INFO TOE.TOEIC.Web.Controllers.BaseEntityController`1.GetFilter - Filter Menu info : {"Sort":null,"Columns":null,"Filter":"W1siSXNEZWxldGVkIiwiPSIsIjAiXSwiQU5EIixbIlN0YXR1cyIsIj0iLCIxIl0sIkFORCIsWyJJc1Nob3dIb21lIiwiPSIsIjEiXV0=","Delta":0,"PageIndex":1,"PageSize":9999}
2022-06-05 01:34:01  INFO TOE.TOEIC.ApplicationCore.Interfaces.SafeAddressService.CheckIsInNetworkAllowed - [IP ADDRESS]: System.Collections.Generic.List`1[System.Net.IPAddress]
2022-06-05 01:34:01  INFO TOE.TOEIC.ApplicationCore.Interfaces.SafeAddressService.CheckIsInNetworkAllowed - [MAC ADDRESS]: C46516B228DC
2022-06-05 01:34:01  INFO TOE.TOEIC.Web.Controllers.BaseEntityController`1.GetFilter - Filter Menu info : {"Sort":null,"Columns":null,"Filter":"W1siSXNEZWxldGVkIiwiPSIsIjAiXSwiQU5EIixbIlN0YXR1cyIsIj0iLCIxIl0sIkFORCIsWyJJc1Nob3dIb21lIiwiPSIsIjEiXV0=","Delta":0,"PageIndex":1,"PageSize":9999}
2022-06-05 01:34:10  INFO TOE.TOEIC.Web.Controllers.BaseEntityController`1.GetFilter - Filter Notification info : {"Sort":"[[\"CreatedDate\",\"DESC\"]]","Columns":null,"Filter":"W1siSXNEZWxldGVkIiwiPSIsIjAiXSwiQU5EIixbIlN0YXR1cyIsIj0iLCIxIl1d","Delta":0,"PageIndex":1,"PageSize":20}
2022-06-05 01:34:14  INFO TOE.TOEIC.ApplicationCore.Interfaces.SafeAddressService.CheckIsInNetworkAllowed - [IP ADDRESS]: System.Collections.Generic.List`1[System.Net.IPAddress]
2022-06-05 01:34:14  INFO TOE.TOEIC.ApplicationCore.Interfaces.SafeAddressService.CheckIsInNetworkAllowed - [MAC ADDRESS]: C46516B228DC
2022-06-05 01:34:14  INFO TOE.TOEIC.Web.Controllers.BaseEntityController`1.GetFilter - Filter Menu info : {"Sort":null,"Columns":null,"Filter":"W1siSXNEZWxldGVkIiwiPSIsIjAiXSwiQU5EIixbIlN0YXR1cyIsIj0iLCIxIl0sIkFORCIsWyJJc1Nob3dIb21lIiwiPSIsIjEiXV0=","Delta":0,"PageIndex":1,"PageSize":9999}
2022-06-05 01:34:38  INFO TOE.TOEIC.Web.Controllers.BaseEntityController`1.GetFilter - Filter Notification info : {"Sort":"[[\"CreatedDate\",\"DESC\"]]","Columns":null,"Filter":"W1siSXNEZWxldGVkIiwiPSIsIjAiXSwiQU5EIixbIlN0YXR1cyIsIj0iLCIxIl1d","Delta":0,"PageIndex":1,"PageSize":20}
2022-06-05 01:34:41  INFO TOE.TOEIC.ApplicationCore.Interfaces.SafeAddressService.CheckIsInNetworkAllowed - [IP ADDRESS]: System.Collections.Generic.List`1[System.Net.IPAddress]
2022-06-05 01:34:41  INFO TOE.TOEIC.ApplicationCore.Interfaces.SafeAddressService.CheckIsInNetworkAllowed - [MAC ADDRESS]: C46516B228DC
2022-06-05 01:34:41  INFO TOE.TOEIC.Web.Controllers.BaseEntityController`1.GetFilter - Filter Menu info : {"Sort":null,"Columns":null,"Filter":"W1siSXNEZWxldGVkIiwiPSIsIjAiXSwiQU5EIixbIlN0YXR1cyIsIj0iLCIxIl0sIkFORCIsWyJJc1Nob3dIb21lIiwiPSIsIjEiXV0=","Delta":0,"PageIndex":1,"PageSize":9999}
2022-06-05 01:34:52  INFO TOE.TOEIC.Web.Controllers.BaseEntityController`1.GetFilter - Filter Notification info : {"Sort":"[[\"CreatedDate\",\"DESC\"]]","Columns":null,"Filter":"W1siSXNEZWxldGVkIiwiPSIsIjAiXSwiQU5EIixbIlN0YXR1cyIsIj0iLCIxIl1d","Delta":0,"PageIndex":1,"PageSize":20}
2022-06-05 01:34:55  INFO TOE.TOEIC.ApplicationCore.Interfaces.SafeAddressService.CheckIsInNetworkAllowed - [IP ADDRESS]: System.Collections.Generic.List`1[System.Net.IPAddress]
2022-06-05 01:34:55  INFO TOE.TOEIC.ApplicationCore.Interfaces.SafeAddressService.CheckIsInNetworkAllowed - [MAC ADDRESS]: C46516B228DC
2022-06-05 01:34:55  INFO TOE.TOEIC.Web.Controllers.BaseEntityController`1.GetFilter - Filter Menu info : {"Sort":null,"Columns":null,"Filter":"W1siSXNEZWxldGVkIiwiPSIsIjAiXSwiQU5EIixbIlN0YXR1cyIsIj0iLCIxIl0sIkFORCIsWyJJc1Nob3dIb21lIiwiPSIsIjEiXV0=","Delta":0,"PageIndex":1,"PageSize":9999}
2022-06-05 01:35:39  INFO TOE.TOEIC.Web.Controllers.BaseEntityController`1.GetFilter - Filter Post info : {"Sort":null,"Columns":null,"Filter":"W1tbIk1lbnVJRCIsIj0iLCI4ZDBmYjA1ZC01Y2E2LTRjZjYtYWRmYi03NWU1MGQyYTg4YzUiXSwiT1IiLFsiTWVudUlEIiwiPSIsImJlNzFmOTI1LTcyMWItNDg5Mi05YTM5LWM0NTBlYThlYTg4ZCJdLCJPUiIsWyJNZW51SUQiLCI9IiwiZGY4NjdiZDQtOGY3Ny00NDE4LWFmYTMtNWI0OWJkNDI3MGE1Il1dLCJBTkQiLFsiU3RhdHVzIiwiPSIsIjEiXSwiQU5EIixbIklzRGVsZXRlZCIsIj0iLCIwIl1d","Delta":0,"PageIndex":1,"PageSize":9999}
2022-06-05 01:36:20  INFO TOE.TOEIC.Web.Controllers.BaseEntityController`1.GetFilter - Filter Notification info : {"Sort":"[[\"CreatedDate\",\"DESC\"]]","Columns":null,"Filter":"W1siSXNEZWxldGVkIiwiPSIsIjAiXSwiQU5EIixbIlN0YXR1cyIsIj0iLCIxIl1d","Delta":0,"PageIndex":1,"PageSize":20}
2022-06-05 01:36:24  INFO TOE.TOEIC.ApplicationCore.Interfaces.SafeAddressService.CheckIsInNetworkAllowed - [IP ADDRESS]: System.Collections.Generic.List`1[System.Net.IPAddress]
2022-06-05 01:36:24  INFO TOE.TOEIC.ApplicationCore.Interfaces.SafeAddressService.CheckIsInNetworkAllowed - [MAC ADDRESS]: C46516B228DC
2022-06-05 01:36:24  INFO TOE.TOEIC.Web.Controllers.BaseEntityController`1.GetFilter - Filter Menu info : {"Sort":null,"Columns":null,"Filter":"W1siSXNEZWxldGVkIiwiPSIsIjAiXSwiQU5EIixbIlN0YXR1cyIsIj0iLCIxIl0sIkFORCIsWyJJc1Nob3dIb21lIiwiPSIsIjEiXV0=","Delta":0,"PageIndex":1,"PageSize":9999}
2022-06-05 01:36:29  INFO TOE.TOEIC.Web.Controllers.BaseEntityController`1.GetFilter - Filter Notification info : {"Sort":"[[\"CreatedDate\",\"DESC\"]]","Columns":null,"Filter":"W1siSXNEZWxldGVkIiwiPSIsIjAiXSwiQU5EIixbIlN0YXR1cyIsIj0iLCIxIl1d","Delta":0,"PageIndex":1,"PageSize":20}
2022-06-05 01:36:31  INFO TOE.TOEIC.ApplicationCore.Interfaces.SafeAddressService.CheckIsInNetworkAllowed - [IP ADDRESS]: System.Collections.Generic.List`1[System.Net.IPAddress]
2022-06-05 01:36:31  INFO TOE.TOEIC.ApplicationCore.Interfaces.SafeAddressService.CheckIsInNetworkAllowed - [MAC ADDRESS]: C46516B228DC
2022-06-05 01:36:31  INFO TOE.TOEIC.Web.Controllers.BaseEntityController`1.GetFilter - Filter Menu info : {"Sort":null,"Columns":null,"Filter":"W1siSXNEZWxldGVkIiwiPSIsIjAiXSwiQU5EIixbIlN0YXR1cyIsIj0iLCIxIl0sIkFORCIsWyJJc1Nob3dIb21lIiwiPSIsIjEiXV0=","Delta":0,"PageIndex":1,"PageSize":9999}
2022-06-05 01:36:34  INFO TOE.TOEIC.Web.Controllers.BaseEntityController`1.GetFilter - Filter Notification info : {"Sort":"[[\"CreatedDate\",\"DESC\"]]","Columns":null,"Filter":"W1siSXNEZWxldGVkIiwiPSIsIjAiXSwiQU5EIixbIlN0YXR1cyIsIj0iLCIxIl1d","Delta":0,"PageIndex":1,"PageSize":20}
2022-06-05 01:36:35  INFO TOE.TOEIC.Web.Controllers.BaseEntityController`1.GetFilter - Filter Post info : {"Sort":null,"Columns":null,"Filter":"W1tbIk1lbnVJRCIsIj0iLCI4ZDBmYjA1ZC01Y2E2LTRjZjYtYWRmYi03NWU1MGQyYTg4YzUiXSwiT1IiLFsiTWVudUlEIiwiPSIsImJlNzFmOTI1LTcyMWItNDg5Mi05YTM5LWM0NTBlYThlYTg4ZCJdLCJPUiIsWyJNZW51SUQiLCI9IiwiZGY4NjdiZDQtOGY3Ny00NDE4LWFmYTMtNWI0OWJkNDI3MGE1Il1dLCJBTkQiLFsiU3RhdHVzIiwiPSIsIjEiXSwiQU5EIixbIklzRGVsZXRlZCIsIj0iLCIwIl1d","Delta":0,"PageIndex":1,"PageSize":9999}
2022-06-05 01:36:45  INFO TOE.TOEIC.Web.Controllers.BaseEntityController`1.GetFilter - Filter Post info : {"Sort":null,"Columns":null,"Filter":"W1tbIk1lbnVJRCIsIj0iLCI4ZDBmYjA1ZC01Y2E2LTRjZjYtYWRmYi03NWU1MGQyYTg4YzUiXSwiT1IiLFsiTWVudUlEIiwiPSIsImJlNzFmOTI1LTcyMWItNDg5Mi05YTM5LWM0NTBlYThlYTg4ZCJdLCJPUiIsWyJNZW51SUQiLCI9IiwiZGY4NjdiZDQtOGY3Ny00NDE4LWFmYTMtNWI0OWJkNDI3MGE1Il1dLCJBTkQiLFsiU3RhdHVzIiwiPSIsIjEiXSwiQU5EIixbIklzRGVsZXRlZCIsIj0iLCIwIl1d","Delta":0,"PageIndex":1,"PageSize":9999}
2022-06-05 01:37:01  INFO TOE.TOEIC.Web.Controllers.BaseEntityController`1.GetFilter - Filter Notification info : {"Sort":"[[\"CreatedDate\",\"DESC\"]]","Columns":null,"Filter":"W1siSXNEZWxldGVkIiwiPSIsIjAiXSwiQU5EIixbIlN0YXR1cyIsIj0iLCIxIl1d","Delta":0,"PageIndex":1,"PageSize":20}
2022-06-05 01:37:03  INFO TOE.TOEIC.Web.Controllers.BaseEntityController`1.GetFilter - Filter Post info : {"Sort":null,"Columns":null,"Filter":"W1tbIk1lbnVJRCIsIj0iLCI4ZDBmYjA1ZC01Y2E2LTRjZjYtYWRmYi03NWU1MGQyYTg4YzUiXSwiT1IiLFsiTWVudUlEIiwiPSIsImJlNzFmOTI1LTcyMWItNDg5Mi05YTM5LWM0NTBlYThlYTg4ZCJdLCJPUiIsWyJNZW51SUQiLCI9IiwiZGY4NjdiZDQtOGY3Ny00NDE4LWFmYTMtNWI0OWJkNDI3MGE1Il1dLCJBTkQiLFsiU3RhdHVzIiwiPSIsIjEiXSwiQU5EIixbIklzRGVsZXRlZCIsIj0iLCIwIl1d","Delta":0,"PageIndex":1,"PageSize":9999}
2022-06-05 01:37:07  INFO TOE.TOEIC.Web.Controllers.BaseEntityController`1.GetFilter - Filter Account info : {"Sort":null,"Columns":"PhoneNumber,Email,AccountID,Address,FullName,UserName,Avatar,CreatedBy,CreatedDate,ModifiedBy,ModifiedDate,Status","Filter":"W1siSXNEZWxldGVkIiwiPSIsIjAiXSwiQU5EIixbIlN0YXR1cyIsIj0iLCIxIl0sIkFORCIsWyJBY2NvdW50SUQiLCI9IiwiNjlhMjlhMWItNzZkYi00MDk1LWJkMTYtZDU4NDMwNjMyMTA0Il1d","Delta":0,"PageIndex":1,"PageSize":1}
2022-06-05 01:38:25  INFO TOE.TOEIC.ApplicationCore.Interfaces.SafeAddressService.CheckIsInNetworkAllowed - [IP ADDRESS]: System.Collections.Generic.List`1[System.Net.IPAddress]
2022-06-05 01:38:25  INFO TOE.TOEIC.ApplicationCore.Interfaces.SafeAddressService.CheckIsInNetworkAllowed - [MAC ADDRESS]: C46516B228DC
2022-06-05 01:38:25  INFO TOE.TOEIC.Web.Controllers.BaseEntityController`1.GetFilter - Filter Menu info : {"Sort":null,"Columns":null,"Filter":"W1siSXNEZWxldGVkIiwiPSIsIjAiXSwiQU5EIixbIlN0YXR1cyIsIj0iLCIxIl0sIkFORCIsWyJJc1Nob3dIb21lIiwiPSIsIjEiXV0=","Delta":0,"PageIndex":1,"PageSize":9999}
2022-06-05 01:38:25  INFO TOE.TOEIC.Web.Controllers.BaseEntityController`1.GetFilter - Filter Post info : {"Sort":null,"Columns":null,"Filter":"W1tbIk1lbnVJRCIsIj0iLCI4ZDBmYjA1ZC01Y2E2LTRjZjYtYWRmYi03NWU1MGQyYTg4YzUiXSwiT1IiLFsiTWVudUlEIiwiPSIsImJlNzFmOTI1LTcyMWItNDg5Mi05YTM5LWM0NTBlYThlYTg4ZCJdLCJPUiIsWyJNZW51SUQiLCI9IiwiZGY4NjdiZDQtOGY3Ny00NDE4LWFmYTMtNWI0OWJkNDI3MGE1Il1dLCJBTkQiLFsiU3RhdHVzIiwiPSIsIjEiXSwiQU5EIixbIklzRGVsZXRlZCIsIj0iLCIwIl1d","Delta":0,"PageIndex":1,"PageSize":9999}
2022-06-05 01:40:09  INFO TOE.TOEIC.Web.Controllers.BaseEntityController`1.GetFilter - Filter Account info : {"Sort":null,"Columns":"PhoneNumber,Email,AccountID,Address,FullName,UserName,Avatar,CreatedBy,CreatedDate,ModifiedBy,ModifiedDate,Status","Filter":"W1siSXNEZWxldGVkIiwiPSIsIjAiXSwiQU5EIixbIlN0YXR1cyIsIj0iLCIxIl0sIkFORCIsWyJBY2NvdW50SUQiLCI9IiwiNjlhMjlhMWItNzZkYi00MDk1LWJkMTYtZDU4NDMwNjMyMTA0Il1d","Delta":0,"PageIndex":1,"PageSize":1}
2022-06-05 01:40:45  INFO TOE.TOEIC.Web.Controllers.BaseEntityController`1.GetFilter - Filter Account info : {"Sort":null,"Columns":"PhoneNumber,Email,AccountID,Address,FullName,UserName,Avatar,CreatedBy,CreatedDate,ModifiedBy,ModifiedDate,Status","Filter":"W1siSXNEZWxldGVkIiwiPSIsIjAiXSwiQU5EIixbIlN0YXR1cyIsIj0iLCIxIl0sIkFORCIsWyJBY2NvdW50SUQiLCI9IiwiNjlhMjlhMWItNzZkYi00MDk1LWJkMTYtZDU4NDMwNjMyMTA0Il1d","Delta":0,"PageIndex":1,"PageSize":1}
2022-06-05 01:41:23  INFO TOE.TOEIC.Web.Controllers.BaseEntityController`1.GetFilter - Filter Account info : {"Sort":null,"Columns":"PhoneNumber,Email,AccountID,Address,FullName,UserName,Avatar,CreatedBy,CreatedDate,ModifiedBy,ModifiedDate,Status","Filter":"W1siSXNEZWxldGVkIiwiPSIsIjAiXSwiQU5EIixbIlN0YXR1cyIsIj0iLCIxIl0sIkFORCIsWyJBY2NvdW50SUQiLCI9IiwiNjlhMjlhMWItNzZkYi00MDk1LWJkMTYtZDU4NDMwNjMyMTA0Il1d","Delta":0,"PageIndex":1,"PageSize":1}
2022-06-05 01:41:28  INFO TOE.TOEIC.Web.Controllers.BaseEntityController`1.GetFilter - Filter Account info : {"Sort":null,"Columns":"PhoneNumber,Email,AccountID,Address,FullName,UserName,Avatar,CreatedBy,CreatedDate,ModifiedBy,ModifiedDate,Status","Filter":"W1siSXNEZWxldGVkIiwiPSIsIjAiXSwiQU5EIixbIlN0YXR1cyIsIj0iLCIxIl0sIkFORCIsWyJBY2NvdW50SUQiLCI9IiwiNjlhMjlhMWItNzZkYi00MDk1LWJkMTYtZDU4NDMwNjMyMTA0Il1d","Delta":0,"PageIndex":1,"PageSize":1}
2022-06-05 01:41:28  INFO TOE.TOEIC.ApplicationCore.Interfaces.SafeAddressService.CheckIsInNetworkAllowed - [IP ADDRESS]: System.Collections.Generic.List`1[System.Net.IPAddress]
2022-06-05 01:41:28  INFO TOE.TOEIC.ApplicationCore.Interfaces.SafeAddressService.CheckIsInNetworkAllowed - [MAC ADDRESS]: C46516B228DC
2022-06-05 01:41:29  INFO TOE.TOEIC.Web.Controllers.BaseEntityController`1.GetFilter - Filter Menu info : {"Sort":null,"Columns":null,"Filter":"W1siSXNEZWxldGVkIiwiPSIsIjAiXSwiQU5EIixbIlN0YXR1cyIsIj0iLCIxIl0sIkFORCIsWyJJc1Nob3dIb21lIiwiPSIsIjEiXV0=","Delta":0,"PageIndex":1,"PageSize":9999}
2022-06-05 01:41:47  INFO TOE.TOEIC.Web.Controllers.BaseEntityController`1.Put - Body put Account:{"AccountID":"69a29a1b-76db-4095-bd16-d58430632104","UserName":" VN HI","Email":"haido1309@gmail.com","Password":null,"FullName":" vn hi","PhoneNumber":"","Avatar":"https://firebasestorage.googleapis.com/v0/b/fir-library-upload.appspot.com/o/images%2Fa.png_014134_05062022?alt=media&token=b424bc85-f93c-41c5-918d-2014ebc8bdc3","Address":"Nam nh","TotalBookCheckedOut":0,"TotalBookCheckingOut":0,"EntityState":0,"CreatedDate":"2022-06-03T16:27:28","CreatedBy":" VN HI","ModifiedDate":"2022-06-05T01:41:47.614Z","ModifiedBy":" vn hi","Status":true,"IsDeleted":false}
2022-06-05 01:41:48  INFO TOE.TOEIC.Web.Controllers.BaseEntityController`1.Put - ServiceResult Body put Account:{"Data":1,"Messasge":"Thao tc thnh cng","TOECode":100}
2022-06-05 01:41:52  INFO TOE.TOEIC.Web.Controllers.BaseEntityController`1.GetFilter - Filter Post info : {"Sort":null,"Columns":null,"Filter":"W1tbIk1lbnVJRCIsIj0iLCI4ZDBmYjA1ZC01Y2E2LTRjZjYtYWRmYi03NWU1MGQyYTg4YzUiXSwiT1IiLFsiTWVudUlEIiwiPSIsImJlNzFmOTI1LTcyMWItNDg5Mi05YTM5LWM0NTBlYThlYTg4ZCJdLCJPUiIsWyJNZW51SUQiLCI9IiwiZGY4NjdiZDQtOGY3Ny00NDE4LWFmYTMtNWI0OWJkNDI3MGE1Il1dLCJBTkQiLFsiU3RhdHVzIiwiPSIsIjEiXSwiQU5EIixbIklzRGVsZXRlZCIsIj0iLCIwIl1d","Delta":0,"PageIndex":1,"PageSize":9999}
2022-06-05 01:41:54  INFO TOE.TOEIC.Web.Controllers.BaseEntityController`1.GetFilter - Filter Notification info : {"Sort":"[[\"CreatedDate\",\"DESC\"]]","Columns":null,"Filter":"W1siSXNEZWxldGVkIiwiPSIsIjAiXSwiQU5EIixbIlN0YXR1cyIsIj0iLCIxIl1d","Delta":0,"PageIndex":1,"PageSize":20}
2022-06-05 01:41:56  INFO TOE.TOEIC.Web.Controllers.BaseEntityController`1.GetFilter - Filter Account info : {"Sort":null,"Columns":"PhoneNumber,Email,AccountID,Address,FullName,UserName,Avatar,CreatedBy,CreatedDate,ModifiedBy,ModifiedDate,Status","Filter":"W1siSXNEZWxldGVkIiwiPSIsIjAiXSwiQU5EIixbIlN0YXR1cyIsIj0iLCIxIl0sIkFORCIsWyJBY2NvdW50SUQiLCI9IiwiNjlhMjlhMWItNzZkYi00MDk1LWJkMTYtZDU4NDMwNjMyMTA0Il1d","Delta":0,"PageIndex":1,"PageSize":1}
2022-06-05 01:42:03  INFO TOE.TOEIC.Web.Controllers.BaseEntityController`1.GetFilter - Filter Account info : {"Sort":null,"Columns":"PhoneNumber,Email,AccountID,Address,FullName,UserName,Avatar,CreatedBy,CreatedDate,ModifiedBy,ModifiedDate,Status","Filter":"W1siSXNEZWxldGVkIiwiPSIsIjAiXSwiQU5EIixbIlN0YXR1cyIsIj0iLCIxIl0sIkFORCIsWyJBY2NvdW50SUQiLCI9IiwiNjlhMjlhMWItNzZkYi00MDk1LWJkMTYtZDU4NDMwNjMyMTA0Il1d","Delta":0,"PageIndex":1,"PageSize":1}
2022-06-05 01:43:55  INFO TOE.TOEIC.Web.Controllers.BaseEntityController`1.GetFilter - Filter Account info : {"Sort":null,"Columns":"PhoneNumber,Email,AccountID,Address,FullName,UserName,Avatar,CreatedBy,CreatedDate,ModifiedBy,ModifiedDate,Status","Filter":"W1siSXNEZWxldGVkIiwiPSIsIjAiXSwiQU5EIixbIlN0YXR1cyIsIj0iLCIxIl0sIkFORCIsWyJBY2NvdW50SUQiLCI9IiwiNjlhMjlhMWItNzZkYi00MDk1LWJkMTYtZDU4NDMwNjMyMTA0Il1d","Delta":0,"PageIndex":1,"PageSize":1}
2022-06-05 01:44:07  INFO TOE.TOEIC.Web.Controllers.BaseEntityController`1.Put - Body put Account:{"AccountID":"69a29a1b-76db-4095-bd16-d58430632104","UserName":" VN HI","Email":"haido1309@gmail.com","Password":null,"FullName":" vn hi","PhoneNumber":"","Avatar":"https://firebasestorage.googleapis.com/v0/b/fir-library-upload.appspot.com/o/images%2Fa.png_014403_05062022?alt=media&token=cab4dc69-f32b-49a8-95e7-d676f452a86b","Address":"Nam nh","TotalBookCheckedOut":0,"TotalBookCheckingOut":0,"EntityState":0,"CreatedDate":"2022-06-03T16:27:28","CreatedBy":" VN HI","ModifiedDate":"2022-06-05T01:44:07.283Z","ModifiedBy":" vn hi","Status":true,"IsDeleted":false}
2022-06-05 01:44:07  INFO TOE.TOEIC.Web.Controllers.BaseEntityController`1.Put - ServiceResult Body put Account:{"Data":1,"Messasge":"Thao tc thnh cng","TOECode":100}
2022-06-05 01:44:11  INFO TOE.TOEIC.Web.Controllers.BaseEntityController`1.GetFilter - Filter Post info : {"Sort":null,"Columns":null,"Filter":"W1tbIk1lbnVJRCIsIj0iLCI4ZDBmYjA1ZC01Y2E2LTRjZjYtYWRmYi03NWU1MGQyYTg4YzUiXSwiT1IiLFsiTWVudUlEIiwiPSIsImJlNzFmOTI1LTcyMWItNDg5Mi05YTM5LWM0NTBlYThlYTg4ZCJdLCJPUiIsWyJNZW51SUQiLCI9IiwiZGY4NjdiZDQtOGY3Ny00NDE4LWFmYTMtNWI0OWJkNDI3MGE1Il1dLCJBTkQiLFsiU3RhdHVzIiwiPSIsIjEiXSwiQU5EIixbIklzRGVsZXRlZCIsIj0iLCIwIl1d","Delta":0,"PageIndex":1,"PageSize":9999}
2022-06-05 01:44:14  INFO TOE.TOEIC.Web.Controllers.BaseEntityController`1.GetFilter - Filter Account info : {"Sort":null,"Columns":"PhoneNumber,Email,AccountID,Address,FullName,UserName,Avatar,CreatedBy,CreatedDate,ModifiedBy,ModifiedDate,Status","Filter":"W1siSXNEZWxldGVkIiwiPSIsIjAiXSwiQU5EIixbIlN0YXR1cyIsIj0iLCIxIl0sIkFORCIsWyJBY2NvdW50SUQiLCI9IiwiNjlhMjlhMWItNzZkYi00MDk1LWJkMTYtZDU4NDMwNjMyMTA0Il1d","Delta":0,"PageIndex":1,"PageSize":1}
2022-06-05 01:44:52  INFO TOE.TOEIC.Web.Controllers.BaseEntityController`1.GetFilter - Filter Account info : {"Sort":null,"Columns":"PhoneNumber,Email,AccountID,Address,FullName,UserName,Avatar,CreatedBy,CreatedDate,ModifiedBy,ModifiedDate,Status","Filter":"W1siSXNEZWxldGVkIiwiPSIsIjAiXSwiQU5EIixbIlN0YXR1cyIsIj0iLCIxIl0sIkFORCIsWyJBY2NvdW50SUQiLCI9IiwiNjlhMjlhMWItNzZkYi00MDk1LWJkMTYtZDU4NDMwNjMyMTA0Il1d","Delta":0,"PageIndex":1,"PageSize":1}
2022-06-05 01:44:54  INFO TOE.TOEIC.Web.Controllers.BaseEntityController`1.GetFilter - Filter Post info : {"Sort":null,"Columns":null,"Filter":"W1tbIk1lbnVJRCIsIj0iLCI4ZDBmYjA1ZC01Y2E2LTRjZjYtYWRmYi03NWU1MGQyYTg4YzUiXSwiT1IiLFsiTWVudUlEIiwiPSIsImJlNzFmOTI1LTcyMWItNDg5Mi05YTM5LWM0NTBlYThlYTg4ZCJdLCJPUiIsWyJNZW51SUQiLCI9IiwiZGY4NjdiZDQtOGY3Ny00NDE4LWFmYTMtNWI0OWJkNDI3MGE1Il1dLCJBTkQiLFsiU3RhdHVzIiwiPSIsIjEiXSwiQU5EIixbIklzRGVsZXRlZCIsIj0iLCIwIl1d","Delta":0,"PageIndex":1,"PageSize":9999}
2022-06-05 01:44:57  INFO TOE.TOEIC.Web.Controllers.BaseEntityController`1.GetFilter - Filter Account info : {"Sort":null,"Columns":"PhoneNumber,Email,AccountID,Address,FullName,UserName,Avatar,CreatedBy,CreatedDate,ModifiedBy,ModifiedDate,Status","Filter":"W1siSXNEZWxldGVkIiwiPSIsIjAiXSwiQU5EIixbIlN0YXR1cyIsIj0iLCIxIl0sIkFORCIsWyJBY2NvdW50SUQiLCI9IiwiNjlhMjlhMWItNzZkYi00MDk1LWJkMTYtZDU4NDMwNjMyMTA0Il1d","Delta":0,"PageIndex":1,"PageSize":1}
2022-06-05 01:46:29  INFO TOE.TOEIC.Web.Controllers.BaseEntityController`1.GetFilter - Filter Account info : {"Sort":null,"Columns":"PhoneNumber,Email,AccountID,Address,FullName,UserName,Avatar,CreatedBy,CreatedDate,ModifiedBy,ModifiedDate,Status","Filter":"W1siSXNEZWxldGVkIiwiPSIsIjAiXSwiQU5EIixbIlN0YXR1cyIsIj0iLCIxIl0sIkFORCIsWyJBY2NvdW50SUQiLCI9IiwiNjlhMjlhMWItNzZkYi00MDk1LWJkMTYtZDU4NDMwNjMyMTA0Il1d","Delta":0,"PageIndex":1,"PageSize":1}
2022-06-05 01:46:29  INFO TOE.TOEIC.ApplicationCore.Interfaces.SafeAddressService.CheckIsInNetworkAllowed - [IP ADDRESS]: System.Collections.Generic.List`1[System.Net.IPAddress]
2022-06-05 01:46:29  INFO TOE.TOEIC.ApplicationCore.Interfaces.SafeAddressService.CheckIsInNetworkAllowed - [MAC ADDRESS]: C46516B228DC
2022-06-05 01:47:21  INFO TOE.TOEIC.Web.Controllers.BaseEntityController`1.GetFilter - Filter Account info : {"Sort":null,"Columns":"PhoneNumber,Email,AccountID,Address,FullName,UserName,Avatar,CreatedBy,CreatedDate,ModifiedBy,ModifiedDate,Status","Filter":"W1siSXNEZWxldGVkIiwiPSIsIjAiXSwiQU5EIixbIlN0YXR1cyIsIj0iLCIxIl0sIkFORCIsWyJBY2NvdW50SUQiLCI9IiwiNjlhMjlhMWItNzZkYi00MDk1LWJkMTYtZDU4NDMwNjMyMTA0Il1d","Delta":0,"PageIndex":1,"PageSize":1}
2022-06-05 01:47:21  INFO TOE.TOEIC.ApplicationCore.Interfaces.SafeAddressService.CheckIsInNetworkAllowed - [IP ADDRESS]: System.Collections.Generic.List`1[System.Net.IPAddress]
2022-06-05 01:47:21  INFO TOE.TOEIC.ApplicationCore.Interfaces.SafeAddressService.CheckIsInNetworkAllowed - [MAC ADDRESS]: C46516B228DC
2022-06-05 01:47:23  INFO TOE.TOEIC.Web.Controllers.BaseEntityController`1.GetFilter - Filter Menu info : {"Sort":null,"Columns":null,"Filter":"W1siSXNEZWxldGVkIiwiPSIsIjAiXSwiQU5EIixbIlN0YXR1cyIsIj0iLCIxIl0sIkFORCIsWyJJc1Nob3dIb21lIiwiPSIsIjEiXV0=","Delta":0,"PageIndex":1,"PageSize":9999}
2022-06-05 01:47:26  INFO TOE.TOEIC.Web.Controllers.BaseEntityController`1.GetFilter - Filter Account info : {"Sort":null,"Columns":"PhoneNumber,Email,AccountID,Address,FullName,UserName,Avatar,CreatedBy,CreatedDate,ModifiedBy,ModifiedDate,Status","Filter":"W1siSXNEZWxldGVkIiwiPSIsIjAiXSwiQU5EIixbIlN0YXR1cyIsIj0iLCIxIl0sIkFORCIsWyJBY2NvdW50SUQiLCI9IiwiNjlhMjlhMWItNzZkYi00MDk1LWJkMTYtZDU4NDMwNjMyMTA0Il1d","Delta":0,"PageIndex":1,"PageSize":1}
2022-06-05 01:47:26  INFO TOE.TOEIC.ApplicationCore.Interfaces.SafeAddressService.CheckIsInNetworkAllowed - [IP ADDRESS]: System.Collections.Generic.List`1[System.Net.IPAddress]
2022-06-05 01:47:26  INFO TOE.TOEIC.ApplicationCore.Interfaces.SafeAddressService.CheckIsInNetworkAllowed - [MAC ADDRESS]: C46516B228DC
2022-06-05 01:47:27  INFO TOE.TOEIC.Web.Controllers.BaseEntityController`1.GetFilter - Filter Menu info : {"Sort":null,"Columns":null,"Filter":"W1siSXNEZWxldGVkIiwiPSIsIjAiXSwiQU5EIixbIlN0YXR1cyIsIj0iLCIxIl0sIkFORCIsWyJJc1Nob3dIb21lIiwiPSIsIjEiXV0=","Delta":0,"PageIndex":1,"PageSize":9999}
2022-06-05 01:49:19  INFO TOE.TOEIC.Web.Controllers.BaseEntityController`1.GetFilter - Filter Account info : {"Sort":null,"Columns":"PhoneNumber,Email,AccountID,Address,FullName,UserName,Avatar,CreatedBy,CreatedDate,ModifiedBy,ModifiedDate,Status","Filter":"W1siSXNEZWxldGVkIiwiPSIsIjAiXSwiQU5EIixbIlN0YXR1cyIsIj0iLCIxIl0sIkFORCIsWyJBY2NvdW50SUQiLCI9IiwiNjlhMjlhMWItNzZkYi00MDk1LWJkMTYtZDU4NDMwNjMyMTA0Il1d","Delta":0,"PageIndex":1,"PageSize":1}
2022-06-05 01:50:39  INFO TOE.TOEIC.Web.Controllers.BaseEntityController`1.GetFilter - Filter Account info : {"Sort":null,"Columns":"PhoneNumber,Email,AccountID,Address,FullName,UserName,Avatar,CreatedBy,CreatedDate,ModifiedBy,ModifiedDate,Status","Filter":"W1siSXNEZWxldGVkIiwiPSIsIjAiXSwiQU5EIixbIlN0YXR1cyIsIj0iLCIxIl0sIkFORCIsWyJBY2NvdW50SUQiLCI9IiwiNjlhMjlhMWItNzZkYi00MDk1LWJkMTYtZDU4NDMwNjMyMTA0Il1d","Delta":0,"PageIndex":1,"PageSize":1}
2022-06-05 01:50:39  INFO TOE.TOEIC.ApplicationCore.Interfaces.SafeAddressService.CheckIsInNetworkAllowed - [IP ADDRESS]: System.Collections.Generic.List`1[System.Net.IPAddress]
2022-06-05 01:50:39  INFO TOE.TOEIC.ApplicationCore.Interfaces.SafeAddressService.CheckIsInNetworkAllowed - [MAC ADDRESS]: C46516B228DC
2022-06-05 01:50:39  INFO TOE.TOEIC.Web.Controllers.BaseEntityController`1.GetFilter - Filter Menu info : {"Sort":null,"Columns":null,"Filter":"W1siSXNEZWxldGVkIiwiPSIsIjAiXSwiQU5EIixbIlN0YXR1cyIsIj0iLCIxIl0sIkFORCIsWyJJc1Nob3dIb21lIiwiPSIsIjEiXV0=","Delta":0,"PageIndex":1,"PageSize":9999}
2022-06-05 01:50:58  INFO TOE.TOEIC.Web.Controllers.BaseEntityController`1.Put - Body put Account:{"AccountID":"69a29a1b-76db-4095-bd16-d58430632104","UserName":" VN HI","Email":"haido1309@gmail.com","Password":null,"FullName":" vn hi","PhoneNumber":"","Avatar":"https://firebasestorage.googleapis.com/v0/b/fir-library-upload.appspot.com/o/images%2Fme1.jpg_015052_05062022?alt=media&token=f2ee4f2a-6194-47ad-8668-8bdf8ca5563f","Address":"Nam nh","TotalBookCheckedOut":0,"TotalBookCheckingOut":0,"EntityState":0,"CreatedDate":"2022-06-03T16:27:28","CreatedBy":" VN HI","ModifiedDate":"2022-06-05T01:50:58.381Z","ModifiedBy":" vn hi","Status":true,"IsDeleted":false}
2022-06-05 01:50:58  INFO TOE.TOEIC.Web.Controllers.BaseEntityController`1.Put - ServiceResult Body put Account:{"Data":1,"Messasge":"Thao tc thnh cng","TOECode":100}
2022-06-05 01:51:02  INFO TOE.TOEIC.Web.Controllers.BaseEntityController`1.GetFilter - Filter Post info : {"Sort":null,"Columns":null,"Filter":"W1tbIk1lbnVJRCIsIj0iLCI4ZDBmYjA1ZC01Y2E2LTRjZjYtYWRmYi03NWU1MGQyYTg4YzUiXSwiT1IiLFsiTWVudUlEIiwiPSIsImJlNzFmOTI1LTcyMWItNDg5Mi05YTM5LWM0NTBlYThlYTg4ZCJdLCJPUiIsWyJNZW51SUQiLCI9IiwiZGY4NjdiZDQtOGY3Ny00NDE4LWFmYTMtNWI0OWJkNDI3MGE1Il1dLCJBTkQiLFsiU3RhdHVzIiwiPSIsIjEiXSwiQU5EIixbIklzRGVsZXRlZCIsIj0iLCIwIl1d","Delta":0,"PageIndex":1,"PageSize":9999}
2022-06-05 01:51:05  INFO TOE.TOEIC.Web.Controllers.BaseEntityController`1.GetFilter - Filter Account info : {"Sort":null,"Columns":"PhoneNumber,Email,AccountID,Address,FullName,UserName,Avatar,CreatedBy,CreatedDate,ModifiedBy,ModifiedDate,Status","Filter":"W1siSXNEZWxldGVkIiwiPSIsIjAiXSwiQU5EIixbIlN0YXR1cyIsIj0iLCIxIl0sIkFORCIsWyJBY2NvdW50SUQiLCI9IiwiNjlhMjlhMWItNzZkYi00MDk1LWJkMTYtZDU4NDMwNjMyMTA0Il1d","Delta":0,"PageIndex":1,"PageSize":1}
2022-06-05 01:51:25  INFO TOE.TOEIC.Web.Controllers.BaseEntityController`1.GetFilter - Filter Account info : {"Sort":null,"Columns":"PhoneNumber,Email,AccountID,Address,FullName,UserName,Avatar,CreatedBy,CreatedDate,ModifiedBy,ModifiedDate,Status","Filter":"W1siSXNEZWxldGVkIiwiPSIsIjAiXSwiQU5EIixbIlN0YXR1cyIsIj0iLCIxIl0sIkFORCIsWyJBY2NvdW50SUQiLCI9IiwiNjlhMjlhMWItNzZkYi00MDk1LWJkMTYtZDU4NDMwNjMyMTA0Il1d","Delta":0,"PageIndex":1,"PageSize":1}
2022-06-05 01:51:32  INFO TOE.TOEIC.Web.Controllers.BaseEntityController`1.GetFilter - Filter Account info : {"Sort":null,"Columns":"PhoneNumber,Email,AccountID,Address,FullName,UserName,Avatar,CreatedBy,CreatedDate,ModifiedBy,ModifiedDate,Status","Filter":"W1siSXNEZWxldGVkIiwiPSIsIjAiXSwiQU5EIixbIlN0YXR1cyIsIj0iLCIxIl0sIkFORCIsWyJBY2NvdW50SUQiLCI9IiwiNjlhMjlhMWItNzZkYi00MDk1LWJkMTYtZDU4NDMwNjMyMTA0Il1d","Delta":0,"PageIndex":1,"PageSize":1}
2022-06-05 01:51:36  INFO TOE.TOEIC.Web.Controllers.BaseEntityController`1.GetFilter - Filter Account info : {"Sort":null,"Columns":"PhoneNumber,Email,AccountID,Address,FullName,UserName,Avatar,CreatedBy,CreatedDate,ModifiedBy,ModifiedDate,Status","Filter":"W1siSXNEZWxldGVkIiwiPSIsIjAiXSwiQU5EIixbIlN0YXR1cyIsIj0iLCIxIl0sIkFORCIsWyJBY2NvdW50SUQiLCI9IiwiNjlhMjlhMWItNzZkYi00MDk1LWJkMTYtZDU4NDMwNjMyMTA0Il1d","Delta":0,"PageIndex":1,"PageSize":1}
2022-06-05 01:51:42  INFO TOE.TOEIC.Web.Controllers.BaseEntityController`1.Put - Body put Account:{"AccountID":"69a29a1b-76db-4095-bd16-d58430632104","UserName":" VN HI","Email":"haido1309@gmail.com","Password":null,"FullName":" vn hi","PhoneNumber":"","Avatar":"https://firebasestorage.googleapis.com/v0/b/fir-library-upload.appspot.com/o/images%2Fimage_015137_05062022?alt=media&token=fb2bc784-54e5-434e-8ae1-99019ec664e1","Address":"Nam nh","TotalBookCheckedOut":0,"TotalBookCheckingOut":0,"EntityState":0,"CreatedDate":"2022-06-03T16:27:28","CreatedBy":" VN HI","ModifiedDate":"2022-06-05T01:51:42.268Z","ModifiedBy":" vn hi","Status":true,"IsDeleted":false}
2022-06-05 01:51:42  INFO TOE.TOEIC.Web.Controllers.BaseEntityController`1.Put - ServiceResult Body put Account:{"Data":1,"Messasge":"Thao tc thnh cng","TOECode":100}
2022-06-05 01:51:58  INFO TOE.TOEIC.Web.Controllers.BaseEntityController`1.Put - Body put Account:{"AccountID":"69a29a1b-76db-4095-bd16-d58430632104","UserName":" VN HI","Email":"haido1309@gmail.com","Password":null,"FullName":" vn hi","PhoneNumber":"","Avatar":"https://firebasestorage.googleapis.com/v0/b/fir-library-upload.appspot.com/o/images%2Fme1.jpg_015151_05062022?alt=media&token=ce7092ab-994b-48de-a6b9-620cfa92def3","Address":"Nam nh","TotalBookCheckedOut":0,"TotalBookCheckingOut":0,"EntityState":0,"CreatedDate":"2022-06-03T16:27:28","CreatedBy":" VN HI","ModifiedDate":"2022-06-05T01:51:58.783Z","ModifiedBy":" vn hi","Status":true,"IsDeleted":false}
2022-06-05 01:51:58  INFO TOE.TOEIC.Web.Controllers.BaseEntityController`1.Put - ServiceResult Body put Account:{"Data":1,"Messasge":"Thao tc thnh cng","TOECode":100}
2022-06-05 01:52:01  INFO TOE.TOEIC.Web.Controllers.BaseEntityController`1.GetFilter - Filter Post info : {"Sort":null,"Columns":null,"Filter":"W1tbIk1lbnVJRCIsIj0iLCI4ZDBmYjA1ZC01Y2E2LTRjZjYtYWRmYi03NWU1MGQyYTg4YzUiXSwiT1IiLFsiTWVudUlEIiwiPSIsImJlNzFmOTI1LTcyMWItNDg5Mi05YTM5LWM0NTBlYThlYTg4ZCJdLCJPUiIsWyJNZW51SUQiLCI9IiwiZGY4NjdiZDQtOGY3Ny00NDE4LWFmYTMtNWI0OWJkNDI3MGE1Il1dLCJBTkQiLFsiU3RhdHVzIiwiPSIsIjEiXSwiQU5EIixbIklzRGVsZXRlZCIsIj0iLCIwIl1d","Delta":0,"PageIndex":1,"PageSize":9999}
2022-06-05 01:52:11  INFO TOE.TOEIC.Web.Controllers.BaseEntityController`1.GetFilter - Filter Account info : {"Sort":null,"Columns":"PhoneNumber,Email,AccountID,Address,FullName,UserName,Avatar,CreatedBy,CreatedDate,ModifiedBy,ModifiedDate,Status","Filter":"W1siSXNEZWxldGVkIiwiPSIsIjAiXSwiQU5EIixbIlN0YXR1cyIsIj0iLCIxIl0sIkFORCIsWyJBY2NvdW50SUQiLCI9IiwiNjlhMjlhMWItNzZkYi00MDk1LWJkMTYtZDU4NDMwNjMyMTA0Il1d","Delta":0,"PageIndex":1,"PageSize":1}
2022-06-05 01:52:20  INFO TOE.TOEIC.Web.Controllers.BaseEntityController`1.Put - Body put Account:{"AccountID":"69a29a1b-76db-4095-bd16-d58430632104","UserName":" VN HI","Email":"haido1309@gmail.com","Password":null,"FullName":" vn hi","PhoneNumber":"0388039267","Avatar":"https://firebasestorage.googleapis.com/v0/b/fir-library-upload.appspot.com/o/images%2Fimage_015217_05062022?alt=media&token=da285272-48f7-40e4-8113-391f7f23bbb9","Address":"Nam nh","TotalBookCheckedOut":0,"TotalBookCheckingOut":0,"EntityState":0,"CreatedDate":"2022-06-03T16:27:28","CreatedBy":" VN HI","ModifiedDate":"2022-06-05T01:52:20.036Z","ModifiedBy":" vn hi","Status":true,"IsDeleted":false}
2022-06-05 01:52:20  INFO TOE.TOEIC.Web.Controllers.BaseEntityController`1.Put - ServiceResult Body put Account:{"Data":"Thng tin S in thoi  tn ti trn h thng","Messasge":"D liu khng hp l, vui lng kim tra li.","TOECode":200}
2022-06-05 01:53:52  INFO TOE.TOEIC.Web.Controllers.BaseEntityController`1.GetFilter - Filter Account info : {"Sort":null,"Columns":"PhoneNumber,Email,AccountID,Address,FullName,UserName,Avatar,CreatedBy,CreatedDate,ModifiedBy,ModifiedDate,Status","Filter":"W1siSXNEZWxldGVkIiwiPSIsIjAiXSwiQU5EIixbIlN0YXR1cyIsIj0iLCIxIl0sIkFORCIsWyJBY2NvdW50SUQiLCI9IiwiNjlhMjlhMWItNzZkYi00MDk1LWJkMTYtZDU4NDMwNjMyMTA0Il1d","Delta":0,"PageIndex":1,"PageSize":1}
2022-06-05 01:55:11  INFO TOE.TOEIC.Web.Controllers.BaseEntityController`1.GetFilter - Filter Account info : {"Sort":null,"Columns":"PhoneNumber,Email,AccountID,Address,FullName,UserName,Avatar,CreatedBy,CreatedDate,ModifiedBy,ModifiedDate,Status","Filter":"W1siSXNEZWxldGVkIiwiPSIsIjAiXSwiQU5EIixbIlN0YXR1cyIsIj0iLCIxIl0sIkFORCIsWyJBY2NvdW50SUQiLCI9IiwiNjlhMjlhMWItNzZkYi00MDk1LWJkMTYtZDU4NDMwNjMyMTA0Il1d","Delta":0,"PageIndex":1,"PageSize":1}
2022-06-05 01:55:11  INFO TOE.TOEIC.Web.Controllers.BaseEntityController`1.GetFilter - Filter Account info : {"Sort":null,"Columns":"PhoneNumber,Email,AccountID,Address,FullName,UserName,Avatar,CreatedBy,CreatedDate,ModifiedBy,ModifiedDate,Status","Filter":"W1siSXNEZWxldGVkIiwiPSIsIjAiXSwiQU5EIixbIlN0YXR1cyIsIj0iLCIxIl0sIkFORCIsWyJBY2NvdW50SUQiLCI9IiwiNjlhMjlhMWItNzZkYi00MDk1LWJkMTYtZDU4NDMwNjMyMTA0Il1d","Delta":0,"PageIndex":1,"PageSize":1}
2022-06-05 01:55:13  INFO TOE.TOEIC.Web.Controllers.BaseEntityController`1.GetFilter - Filter Account info : {"Sort":null,"Columns":"PhoneNumber,Email,AccountID,Address,FullName,UserName,Avatar,CreatedBy,CreatedDate,ModifiedBy,ModifiedDate,Status","Filter":"W1siSXNEZWxldGVkIiwiPSIsIjAiXSwiQU5EIixbIlN0YXR1cyIsIj0iLCIxIl0sIkFORCIsWyJBY2NvdW50SUQiLCI9IiwiNjlhMjlhMWItNzZkYi00MDk1LWJkMTYtZDU4NDMwNjMyMTA0Il1d","Delta":0,"PageIndex":1,"PageSize":1}
2022-06-05 01:55:13  INFO TOE.TOEIC.Web.Controllers.BaseEntityController`1.GetFilter - Filter Account info : {"Sort":null,"Columns":"PhoneNumber,Email,AccountID,Address,FullName,UserName,Avatar,CreatedBy,CreatedDate,ModifiedBy,ModifiedDate,Status","Filter":"W1siSXNEZWxldGVkIiwiPSIsIjAiXSwiQU5EIixbIlN0YXR1cyIsIj0iLCIxIl0sIkFORCIsWyJBY2NvdW50SUQiLCI9IiwiNjlhMjlhMWItNzZkYi00MDk1LWJkMTYtZDU4NDMwNjMyMTA0Il1d","Delta":0,"PageIndex":1,"PageSize":1}
2022-06-05 01:55:15  INFO TOE.TOEIC.Web.Controllers.BaseEntityController`1.GetFilter - Filter Account info : {"Sort":null,"Columns":"PhoneNumber,Email,AccountID,Address,FullName,UserName,Avatar,CreatedBy,CreatedDate,ModifiedBy,ModifiedDate,Status","Filter":"W1siSXNEZWxldGVkIiwiPSIsIjAiXSwiQU5EIixbIlN0YXR1cyIsIj0iLCIxIl0sIkFORCIsWyJBY2NvdW50SUQiLCI9IiwiNjlhMjlhMWItNzZkYi00MDk1LWJkMTYtZDU4NDMwNjMyMTA0Il1d","Delta":0,"PageIndex":1,"PageSize":1}
2022-06-05 01:55:15  INFO TOE.TOEIC.Web.Controllers.BaseEntityController`1.GetFilter - Filter Account info : {"Sort":null,"Columns":"PhoneNumber,Email,AccountID,Address,FullName,UserName,Avatar,CreatedBy,CreatedDate,ModifiedBy,ModifiedDate,Status","Filter":"W1siSXNEZWxldGVkIiwiPSIsIjAiXSwiQU5EIixbIlN0YXR1cyIsIj0iLCIxIl0sIkFORCIsWyJBY2NvdW50SUQiLCI9IiwiNjlhMjlhMWItNzZkYi00MDk1LWJkMTYtZDU4NDMwNjMyMTA0Il1d","Delta":0,"PageIndex":1,"PageSize":1}
2022-06-05 01:55:20  INFO TOE.TOEIC.Web.Controllers.BaseEntityController`1.Put - Body put Account:{"AccountID":"69a29a1b-76db-4095-bd16-d58430632104","UserName":" VN HI","Email":"haido1309@gmail.com","Password":null,"FullName":" vn hi","PhoneNumber":"534534","Avatar":null,"Address":"Nam nh","TotalBookCheckedOut":0,"TotalBookCheckingOut":0,"EntityState":0,"CreatedDate":"2022-06-03T16:27:28","CreatedBy":" VN HI","ModifiedDate":"2022-06-05T01:55:20.537Z","ModifiedBy":" vn hi","Status":true,"IsDeleted":false}
2022-06-05 01:55:20  INFO TOE.TOEIC.Web.Controllers.BaseEntityController`1.Put - ServiceResult Body put Account:{"Data":1,"Messasge":"Thao tc thnh cng","TOECode":100}
2022-06-05 01:55:34  INFO TOE.TOEIC.Web.Controllers.BaseEntityController`1.Put - Body put Account:{"AccountID":"69a29a1b-76db-4095-bd16-d58430632104","UserName":" VN HI","Email":"haido1309@gmail.com","Password":null,"FullName":" vn hi","PhoneNumber":"","Avatar":"https://firebasestorage.googleapis.com/v0/b/fir-library-upload.appspot.com/o/images%2Fme1.jpg_015528_05062022?alt=media&token=0cae2b69-ea95-4ead-8d6c-208568d7b4aa","Address":"Nam nh","TotalBookCheckedOut":0,"TotalBookCheckingOut":0,"EntityState":0,"CreatedDate":"2022-06-03T16:27:28","CreatedBy":" VN HI","ModifiedDate":"2022-06-05T01:55:34.095Z","ModifiedBy":" vn hi","Status":true,"IsDeleted":false}
2022-06-05 01:55:34  INFO TOE.TOEIC.Web.Controllers.BaseEntityController`1.Put - ServiceResult Body put Account:{"Data":1,"Messasge":"Thao tc thnh cng","TOECode":100}
2022-06-05 01:55:38  INFO TOE.TOEIC.Web.Controllers.BaseEntityController`1.Put - Body put Account:{"AccountID":"69a29a1b-76db-4095-bd16-d58430632104","UserName":" VN HI","Email":"haido1309@gmail.com","Password":null,"FullName":" vn hi","PhoneNumber":"0388","Avatar":null,"Address":"Nam nh","TotalBookCheckedOut":0,"TotalBookCheckingOut":0,"EntityState":0,"CreatedDate":"2022-06-03T16:27:28","CreatedBy":" VN HI","ModifiedDate":"2022-06-05T01:55:38.36Z","ModifiedBy":" vn hi","Status":true,"IsDeleted":false}
2022-06-05 01:55:38  INFO TOE.TOEIC.Web.Controllers.BaseEntityController`1.Put - ServiceResult Body put Account:{"Data":1,"Messasge":"Thao tc thnh cng","TOECode":100}
2022-06-05 01:56:16  INFO TOE.TOEIC.Web.Controllers.BaseEntityController`1.GetFilter - Filter Account info : {"Sort":null,"Columns":"PhoneNumber,Email,AccountID,Address,FullName,UserName,Avatar,CreatedBy,CreatedDate,ModifiedBy,ModifiedDate,Status","Filter":"W1siSXNEZWxldGVkIiwiPSIsIjAiXSwiQU5EIixbIlN0YXR1cyIsIj0iLCIxIl0sIkFORCIsWyJBY2NvdW50SUQiLCI9IiwiNjlhMjlhMWItNzZkYi00MDk1LWJkMTYtZDU4NDMwNjMyMTA0Il1d","Delta":0,"PageIndex":1,"PageSize":1}
2022-06-05 01:56:38  INFO TOE.TOEIC.Web.Controllers.BaseEntityController`1.Put - Body put Account:{"AccountID":"69a29a1b-76db-4095-bd16-d58430632104","UserName":" VN HI","Email":"haido1309@gmail.com","Password":null,"FullName":" vn hi","PhoneNumber":"","Avatar":"https://firebasestorage.googleapis.com/v0/b/fir-library-upload.appspot.com/o/images%2Fme1.jpg_015631_05062022?alt=media&token=1451018d-69c3-4c32-adb5-9ebc9ccdcdd8","Address":"Nam nh","TotalBookCheckedOut":0,"TotalBookCheckingOut":0,"EntityState":0,"CreatedDate":"2022-06-03T16:27:28","CreatedBy":" VN HI","ModifiedDate":"2022-06-05T01:56:38.094Z","ModifiedBy":" vn hi","Status":true,"IsDeleted":false}
2022-06-05 01:56:38  INFO TOE.TOEIC.Web.Controllers.BaseEntityController`1.Put - ServiceResult Body put Account:{"Data":1,"Messasge":"Thao tc thnh cng","TOECode":100}
2022-06-05 01:56:43  INFO TOE.TOEIC.Web.Controllers.BaseEntityController`1.Put - Body put Account:{"AccountID":"69a29a1b-76db-4095-bd16-d58430632104","UserName":" VN HI","Email":"haido1309@gmail.com","Password":null,"FullName":" vn hi","PhoneNumber":"42342","Avatar":null,"Address":"Nam nh","TotalBookCheckedOut":0,"TotalBookCheckingOut":0,"EntityState":0,"CreatedDate":"2022-06-03T16:27:28","CreatedBy":" VN HI","ModifiedDate":"2022-06-05T01:56:43.181Z","ModifiedBy":" vn hi","Status":true,"IsDeleted":false}
2022-06-05 01:56:43  INFO TOE.TOEIC.Web.Controllers.BaseEntityController`1.Put - ServiceResult Body put Account:{"Data":1,"Messasge":"Thao tc thnh cng","TOECode":100}
2022-06-05 01:57:53  INFO TOE.TOEIC.Web.Controllers.BaseEntityController`1.GetFilter - Filter Account info : {"Sort":null,"Columns":"PhoneNumber,Email,AccountID,Address,FullName,UserName,Avatar,CreatedBy,CreatedDate,ModifiedBy,ModifiedDate,Status","Filter":"W1siSXNEZWxldGVkIiwiPSIsIjAiXSwiQU5EIixbIlN0YXR1cyIsIj0iLCIxIl0sIkFORCIsWyJBY2NvdW50SUQiLCI9IiwiNjlhMjlhMWItNzZkYi00MDk1LWJkMTYtZDU4NDMwNjMyMTA0Il1d","Delta":0,"PageIndex":1,"PageSize":1}
2022-06-05 01:58:14  INFO TOE.TOEIC.Web.Controllers.BaseEntityController`1.GetFilter - Filter Account info : {"Sort":null,"Columns":"PhoneNumber,Email,AccountID,Address,FullName,UserName,Avatar,CreatedBy,CreatedDate,ModifiedBy,ModifiedDate,Status","Filter":"W1siSXNEZWxldGVkIiwiPSIsIjAiXSwiQU5EIixbIlN0YXR1cyIsIj0iLCIxIl0sIkFORCIsWyJBY2NvdW50SUQiLCI9IiwiNjlhMjlhMWItNzZkYi00MDk1LWJkMTYtZDU4NDMwNjMyMTA0Il1d","Delta":0,"PageIndex":1,"PageSize":1}
2022-06-05 01:58:31  INFO TOE.TOEIC.Web.Controllers.BaseEntityController`1.Put - Body put Account:{"AccountID":"69a29a1b-76db-4095-bd16-d58430632104","UserName":" VN HI","Email":"haido1309@gmail.com","Password":null,"FullName":" vn hi","PhoneNumber":"","Avatar":"https://firebasestorage.googleapis.com/v0/b/fir-library-upload.appspot.com/o/images%2Fme.jpg_015827_05062022?alt=media&token=d42783c2-29b7-481e-8962-dd1ccc6e0776","Address":"Nam nh","TotalBookCheckedOut":0,"TotalBookCheckingOut":0,"EntityState":0,"CreatedDate":"2022-06-03T16:27:28","CreatedBy":" VN HI","ModifiedDate":"2022-06-05T01:58:31.623Z","ModifiedBy":" vn hi","Status":true,"IsDeleted":false}
2022-06-05 01:58:31  INFO TOE.TOEIC.Web.Controllers.BaseEntityController`1.Put - ServiceResult Body put Account:{"Data":1,"Messasge":"Thao tc thnh cng","TOECode":100}
2022-06-05 01:58:34  INFO TOE.TOEIC.Web.Controllers.BaseEntityController`1.Put - Body put Account:{"AccountID":"69a29a1b-76db-4095-bd16-d58430632104","UserName":" VN HI","Email":"haido1309@gmail.com","Password":null,"FullName":" vn hi","PhoneNumber":"43245345","Avatar":null,"Address":"Nam nh","TotalBookCheckedOut":0,"TotalBookCheckingOut":0,"EntityState":0,"CreatedDate":"2022-06-03T16:27:28","CreatedBy":" VN HI","ModifiedDate":"2022-06-05T01:58:34.832Z","ModifiedBy":" vn hi","Status":true,"IsDeleted":false}
2022-06-05 01:58:34  INFO TOE.TOEIC.Web.Controllers.BaseEntityController`1.Put - ServiceResult Body put Account:{"Data":1,"Messasge":"Thao tc thnh cng","TOECode":100}
2022-06-05 01:58:36  INFO TOE.TOEIC.Web.Controllers.BaseEntityController`1.GetFilter - Filter Post info : {"Sort":null,"Columns":null,"Filter":"W1tbIk1lbnVJRCIsIj0iLCI4ZDBmYjA1ZC01Y2E2LTRjZjYtYWRmYi03NWU1MGQyYTg4YzUiXSwiT1IiLFsiTWVudUlEIiwiPSIsImJlNzFmOTI1LTcyMWItNDg5Mi05YTM5LWM0NTBlYThlYTg4ZCJdLCJPUiIsWyJNZW51SUQiLCI9IiwiZGY4NjdiZDQtOGY3Ny00NDE4LWFmYTMtNWI0OWJkNDI3MGE1Il1dLCJBTkQiLFsiU3RhdHVzIiwiPSIsIjEiXSwiQU5EIixbIklzRGVsZXRlZCIsIj0iLCIwIl1d","Delta":0,"PageIndex":1,"PageSize":9999}
2022-06-05 01:58:38  INFO TOE.TOEIC.Web.Controllers.BaseEntityController`1.GetFilter - Filter Account info : {"Sort":null,"Columns":"PhoneNumber,Email,AccountID,Address,FullName,UserName,Avatar,CreatedBy,CreatedDate,ModifiedBy,ModifiedDate,Status","Filter":"W1siSXNEZWxldGVkIiwiPSIsIjAiXSwiQU5EIixbIlN0YXR1cyIsIj0iLCIxIl0sIkFORCIsWyJBY2NvdW50SUQiLCI9IiwiNjlhMjlhMWItNzZkYi00MDk1LWJkMTYtZDU4NDMwNjMyMTA0Il1d","Delta":0,"PageIndex":1,"PageSize":1}
2022-06-05 01:58:44  INFO TOE.TOEIC.Web.Controllers.BaseEntityController`1.GetFilter - Filter Post info : {"Sort":null,"Columns":null,"Filter":"W1tbIk1lbnVJRCIsIj0iLCI4ZDBmYjA1ZC01Y2E2LTRjZjYtYWRmYi03NWU1MGQyYTg4YzUiXSwiT1IiLFsiTWVudUlEIiwiPSIsImJlNzFmOTI1LTcyMWItNDg5Mi05YTM5LWM0NTBlYThlYTg4ZCJdLCJPUiIsWyJNZW51SUQiLCI9IiwiZGY4NjdiZDQtOGY3Ny00NDE4LWFmYTMtNWI0OWJkNDI3MGE1Il1dLCJBTkQiLFsiU3RhdHVzIiwiPSIsIjEiXSwiQU5EIixbIklzRGVsZXRlZCIsIj0iLCIwIl1d","Delta":0,"PageIndex":1,"PageSize":9999}
