2022-04-27 20:22:06  INFO Microsoft.Extensions.Hosting.Internal.ConsoleLifetime.OnApplicationStarted - Application started. Press Ctrl+C to shut down.
2022-04-27 20:22:06  INFO Microsoft.Extensions.Hosting.Internal.ConsoleLifetime.OnApplicationStarted - Hosting environment: Development
2022-04-27 20:22:06  INFO Microsoft.Extensions.Hosting.Internal.ConsoleLifetime.OnApplicationStarted - Content root path: D:\nam4ki2\DATN\DA\Toiec-365\Toeic-365-backend-v1\MISA.AMIS\MISA.AMIS.Web
2022-04-27 20:23:06  INFO TOE.TOEIC.Web.Controllers.BaseEntityController`1.GetFilter - Filter Post info : {"Sort":null,"Columns":null,"Filter":"W1tbIk1lbnVJRCIsIj0iLCI4ZDBmYjA1ZC01Y2E2LTRjZjYtYWRmYi03NWU1MGQyYTg4YzUiXSwiT1IiLFsiTWVudUlEIiwiPSIsImJlNzFmOTI1LTcyMWItNDg5Mi05YTM5LWM0NTBlYThlYTg4ZCJdLCJPUiIsWyJNZW51SUQiLCI9IiwiZGY4NjdiZDQtOGY3Ny00NDE4LWFmYTMtNWI0OWJkNDI3MGE1Il1dLCJBTkQiLFsiU3RhdHVzIiwiPSIsIjEiXSwiQU5EIixbIklzRGVsZXRlZCIsIj0iLCIwIl1d","Delta":0,"PageIndex":1,"PageSize":9999}
2022-04-27 20:23:06  INFO TOE.TOEIC.Web.Controllers.BaseEntityController`1.GetFilter - Filter Menu info : {"Sort":null,"Columns":null,"Filter":"W1siSXNEZWxldGVkIiwiPSIsIjAiXSwiQU5EIixbIlN0YXR1cyIsIj0iLCIxIl0sIkFORCIsWyJJc1Nob3dIb21lIiwiPSIsIjEiXV0=","Delta":0,"PageIndex":1,"PageSize":9999}
2022-04-27 20:23:11 ERROR TOE.TOEIC.Web.Controllers.BaseEntityController`1.GetFilter - Lỗi GetFilter: Unable to connect to any of the specified MySQL hosts.
2022-04-27 20:23:11 ERROR TOE.TOEIC.Web.Controllers.BaseEntityController`1.GetFilter - Lỗi GetFilter: Unable to connect to any of the specified MySQL hosts.
2022-04-27 20:23:11 ERROR TOE.TOEIC.Web.Controllers.BaseEntityController`1.GetFilter - Lỗi GetFilter: Unable to connect to any of the specified MySQL hosts.
2022-04-27 20:23:11 ERROR TOE.TOEIC.Web.Controllers.BaseEntityController`1.GetFilter - Lỗi GetFilter: Unable to connect to any of the specified MySQL hosts.
2022-04-27 20:23:21  INFO TOE.TOEIC.Web.Controllers.BaseEntityController`1.GetFilter - Filter Menu info : {"Sort":null,"Columns":null,"Filter":"W1siSXNEZWxldGVkIiwiPSIsIjAiXSwiQU5EIixbIlN0YXR1cyIsIj0iLCIxIl0sIkFORCIsWyJJc1Nob3dIb21lIiwiPSIsIjEiXV0=","Delta":0,"PageIndex":1,"PageSize":9999}
2022-04-27 20:23:21  INFO TOE.TOEIC.Web.Controllers.BaseEntityController`1.GetFilter - Filter Post info : {"Sort":null,"Columns":null,"Filter":"W1tbIk1lbnVJRCIsIj0iLCI4ZDBmYjA1ZC01Y2E2LTRjZjYtYWRmYi03NWU1MGQyYTg4YzUiXSwiT1IiLFsiTWVudUlEIiwiPSIsImJlNzFmOTI1LTcyMWItNDg5Mi05YTM5LWM0NTBlYThlYTg4ZCJdLCJPUiIsWyJNZW51SUQiLCI9IiwiZGY4NjdiZDQtOGY3Ny00NDE4LWFmYTMtNWI0OWJkNDI3MGE1Il1dLCJBTkQiLFsiU3RhdHVzIiwiPSIsIjEiXSwiQU5EIixbIklzRGVsZXRlZCIsIj0iLCIwIl1d","Delta":0,"PageIndex":1,"PageSize":9999}
2022-04-27 20:23:25 ERROR TOE.TOEIC.Web.Controllers.BaseEntityController`1.GetFilter - Lỗi GetFilter: Unable to connect to any of the specified MySQL hosts.
2022-04-27 20:23:25 ERROR TOE.TOEIC.Web.Controllers.BaseEntityController`1.GetFilter - Lỗi GetFilter: Unable to connect to any of the specified MySQL hosts.
2022-04-27 20:23:25 ERROR TOE.TOEIC.Web.Controllers.BaseEntityController`1.GetFilter - Lỗi GetFilter: Unable to connect to any of the specified MySQL hosts.
2022-04-27 20:23:25 ERROR TOE.TOEIC.Web.Controllers.BaseEntityController`1.GetFilter - Lỗi GetFilter: Unable to connect to any of the specified MySQL hosts.
2022-04-27 20:24:08  INFO TOE.TOEIC.Web.Controllers.BaseEntityController`1.GetFilter - Filter Menu info : {"Sort":null,"Columns":null,"Filter":"W1siSXNEZWxldGVkIiwiPSIsIjAiXSwiQU5EIixbIlN0YXR1cyIsIj0iLCIxIl0sIkFORCIsWyJJc1Nob3dIb21lIiwiPSIsIjEiXV0=","Delta":0,"PageIndex":1,"PageSize":9999}
2022-04-27 20:24:08  INFO TOE.TOEIC.Web.Controllers.BaseEntityController`1.GetFilter - Filter Post info : {"Sort":null,"Columns":null,"Filter":"W1tbIk1lbnVJRCIsIj0iLCI4ZDBmYjA1ZC01Y2E2LTRjZjYtYWRmYi03NWU1MGQyYTg4YzUiXSwiT1IiLFsiTWVudUlEIiwiPSIsImJlNzFmOTI1LTcyMWItNDg5Mi05YTM5LWM0NTBlYThlYTg4ZCJdLCJPUiIsWyJNZW51SUQiLCI9IiwiZGY4NjdiZDQtOGY3Ny00NDE4LWFmYTMtNWI0OWJkNDI3MGE1Il1dLCJBTkQiLFsiU3RhdHVzIiwiPSIsIjEiXSwiQU5EIixbIklzRGVsZXRlZCIsIj0iLCIwIl1d","Delta":0,"PageIndex":1,"PageSize":9999}
2022-04-27 20:24:16  INFO TOE.TOEIC.Web.Controllers.BaseEntityController`1.GetFilter - Filter Category info : {"Sort":null,"Columns":null,"Filter":"W1siSXNEZWxldGVkIiwiPSIsIjAiXSwiQU5EIixbIlN0YXR1cyIsIj0iLCIxIl1d","Delta":0,"PageIndex":1,"PageSize":9999}
2022-04-27 20:24:16  INFO TOE.TOEIC.Web.Controllers.BaseEntityController`1.GetFilter - Filter BookItem info : {"Sort":null,"Columns":null,"Filter":"W1siSXNEZWxldGVkIiwiPSIsIjAiXV0=","Delta":0,"PageIndex":1,"PageSize":10}
2022-04-27 20:24:17  INFO TOE.TOEIC.Web.Controllers.BaseEntityController`1.GetFilter - Filter BookItem info : {"Sort":null,"Columns":null,"Filter":"W1siSXNEZWxldGVkIiwiPSIsIjAiXV0=","Delta":0,"PageIndex":1,"PageSize":10}
2022-04-27 20:24:25  INFO TOE.TOEIC.Web.Controllers.BaseEntityController`1.GetFilter - Filter Menu info : {"Sort":null,"Columns":null,"Filter":"W1siSXNEZWxldGVkIiwiPSIsIjAiXSwiQU5EIixbIlN0YXR1cyIsIj0iLCIxIl0sIkFORCIsWyJJc1Nob3dIb21lIiwiPSIsIjEiXV0=","Delta":0,"PageIndex":1,"PageSize":9999}
2022-04-27 20:24:25  INFO TOE.TOEIC.Web.Controllers.BaseEntityController`1.GetFilter - Filter Post info : {"Sort":null,"Columns":null,"Filter":"W1tbIk1lbnVJRCIsIj0iLCI4ZDBmYjA1ZC01Y2E2LTRjZjYtYWRmYi03NWU1MGQyYTg4YzUiXSwiT1IiLFsiTWVudUlEIiwiPSIsImJlNzFmOTI1LTcyMWItNDg5Mi05YTM5LWM0NTBlYThlYTg4ZCJdLCJPUiIsWyJNZW51SUQiLCI9IiwiZGY4NjdiZDQtOGY3Ny00NDE4LWFmYTMtNWI0OWJkNDI3MGE1Il1dLCJBTkQiLFsiU3RhdHVzIiwiPSIsIjEiXSwiQU5EIixbIklzRGVsZXRlZCIsIj0iLCIwIl1d","Delta":0,"PageIndex":1,"PageSize":9999}
2022-04-27 20:24:31  INFO TOE.TOEIC.Web.Controllers.BaseEntityController`1.GetFilter - Filter BookItem info : {"Sort":null,"Columns":null,"Filter":"W1siSXNEZWxldGVkIiwiPSIsIjAiXV0=","Delta":0,"PageIndex":1,"PageSize":10}
2022-04-27 20:24:31  INFO TOE.TOEIC.Web.Controllers.BaseEntityController`1.GetFilter - Filter Category info : {"Sort":null,"Columns":null,"Filter":"W1siSXNEZWxldGVkIiwiPSIsIjAiXSwiQU5EIixbIlN0YXR1cyIsIj0iLCIxIl1d","Delta":0,"PageIndex":1,"PageSize":9999}
2022-04-27 20:24:32  INFO TOE.TOEIC.Web.Controllers.BaseEntityController`1.GetFilter - Filter BookItem info : {"Sort":null,"Columns":null,"Filter":"W1siSXNEZWxldGVkIiwiPSIsIjAiXV0=","Delta":0,"PageIndex":1,"PageSize":10}
2022-04-27 20:25:16  INFO TOE.TOEIC.Web.Controllers.BaseEntityController`1.GetFilter - Filter BookItem info : {"Sort":null,"Columns":null,"Filter":"W1siSXNEZWxldGVkIiwiPSIsIjAiXV0=","Delta":0,"PageIndex":1,"PageSize":10}
2022-04-27 20:25:16  INFO TOE.TOEIC.Web.Controllers.BaseEntityController`1.GetFilter - Filter Category info : {"Sort":null,"Columns":null,"Filter":"W1siSXNEZWxldGVkIiwiPSIsIjAiXSwiQU5EIixbIlN0YXR1cyIsIj0iLCIxIl1d","Delta":0,"PageIndex":1,"PageSize":9999}
2022-04-27 20:25:39  INFO TOE.TOEIC.Web.Controllers.BaseEntityController`1.GetFilter - Filter Category info : {"Sort":null,"Columns":null,"Filter":"W1siSXNEZWxldGVkIiwiPSIsIjAiXSwiQU5EIixbIlN0YXR1cyIsIj0iLCIxIl1d","Delta":0,"PageIndex":1,"PageSize":9999}
2022-04-27 20:25:39  INFO TOE.TOEIC.Web.Controllers.BaseEntityController`1.GetFilter - Filter BookItem info : {"Sort":null,"Columns":null,"Filter":"W1siSXNEZWxldGVkIiwiPSIsIjAiXV0=","Delta":0,"PageIndex":1,"PageSize":10}
2022-04-27 20:25:39  INFO TOE.TOEIC.Web.Controllers.BaseEntityController`1.GetFilter - Filter BookItem info : {"Sort":null,"Columns":null,"Filter":"W1siSXNEZWxldGVkIiwiPSIsIjAiXV0=","Delta":0,"PageIndex":1,"PageSize":10}
2022-04-27 20:27:55  INFO TOE.TOEIC.Web.Controllers.BaseEntityController`1.GetFilter - Filter Post info : {"Sort":null,"Columns":null,"Filter":"W1siSXNEZWxldGVkIiwiPSIsIjAiXV0=","Delta":0,"PageIndex":1,"PageSize":10}
2022-04-27 20:27:56  INFO TOE.TOEIC.Web.Controllers.BaseEntityController`1.GetFilter - Filter Post info : {"Sort":null,"Columns":null,"Filter":"W1siSXNEZWxldGVkIiwiPSIsIjAiXV0=","Delta":0,"PageIndex":1,"PageSize":10}
2022-04-27 20:28:13  INFO TOE.TOEIC.Web.Controllers.BaseEntityController`1.GetFilter - Filter Post info : {"Sort":null,"Columns":null,"Filter":"W1siSXNEZWxldGVkIiwiPSIsIjAiXV0=","Delta":0,"PageIndex":1,"PageSize":10}
2022-04-27 20:28:14  INFO TOE.TOEIC.Web.Controllers.BaseEntityController`1.GetFilter - Filter Post info : {"Sort":null,"Columns":null,"Filter":"W1siSXNEZWxldGVkIiwiPSIsIjAiXV0=","Delta":0,"PageIndex":1,"PageSize":10}
2022-04-27 20:28:28  INFO TOE.TOEIC.Web.Controllers.BaseEntityController`1.GetFilter - Filter Post info : {"Sort":null,"Columns":null,"Filter":"W1siSXNEZWxldGVkIiwiPSIsIjAiXV0=","Delta":0,"PageIndex":1,"PageSize":10}
2022-04-27 20:28:28  INFO TOE.TOEIC.Web.Controllers.BaseEntityController`1.GetFilter - Filter Post info : {"Sort":null,"Columns":null,"Filter":"W1siSXNEZWxldGVkIiwiPSIsIjAiXV0=","Delta":0,"PageIndex":1,"PageSize":10}
2022-04-27 20:28:31  INFO TOE.TOEIC.Web.Controllers.BaseEntityController`1.Put - Body put Post:{"PostID":"4b5bdcde-4df6-4e85-bce9-cfbe3079ff09","MenuID":"56feeccd-db4e-449e-94a4-75359904ccca","Title":"Các dịch vụ khác","Slug":"cac-dich-vu-khac","Description":"Mô tả mặc định","Content":"\"<h1>C&aacute;c dịch vụ kh&aacute;c</h1>\\n<p>Ngo&agrave;i c&aacute;c nhiệm vụ ch&iacute;nh được Nh&agrave; trường giao, h&agrave;ng năm Trung t&acirc;m phối hợp c&ugrave;ng với c&aacute;c đơn vị kh&aacute;c trong Nh&agrave; trường tổ chức thực hiện c&aacute;c chương tr&igrave;nh Hội nghị, hội thảo... thực hiện in ấn/photo t&agrave;i liệu, đề thi phục vụ tuyển sinh..</p>\\n<p><strong><a href=\\\"https://sites.google.com/view/ml-lic-haui-edu-vn/trang-ch%E1%BB%A7\\\">T&Agrave;I LIỆU HỌC TẬP THEO TỪNG NG&Agrave;NH, TỪNG KỲ</a></strong></p>\"","Image":"","ViewCount":200,"Type":1,"EntityState":0,"CreatedDate":"2022-04-12T16:00:21","CreatedBy":"DOVANHAI","ModifiedDate":"2022-04-27T20:28:31.527Z","ModifiedBy":"DOVANHAI","Status":false,"IsDeleted":false}
2022-04-27 20:28:31  INFO TOE.TOEIC.Web.Controllers.BaseEntityController`1.Put - ServiceResult Body put Post:{"Data":1,"Messasge":"Thao tác thành công","TOECode":100}
2022-04-27 20:28:31  INFO TOE.TOEIC.Web.Controllers.BaseEntityController`1.GetFilter - Filter Post info : {"Sort":null,"Columns":null,"Filter":"W1siSXNEZWxldGVkIiwiPSIsIjAiXV0=","Delta":0,"PageIndex":1,"PageSize":10}
2022-04-27 20:28:34  INFO TOE.TOEIC.Web.Controllers.BaseEntityController`1.Put - Body put Post:{"PostID":"4b5bdcde-4df6-4e85-bce9-cfbe3079ff09","MenuID":"56feeccd-db4e-449e-94a4-75359904ccca","Title":"Các dịch vụ khác","Slug":"cac-dich-vu-khac","Description":"Mô tả mặc định","Content":"\"<h1>C&aacute;c dịch vụ kh&aacute;c</h1>\\n<p>Ngo&agrave;i c&aacute;c nhiệm vụ ch&iacute;nh được Nh&agrave; trường giao, h&agrave;ng năm Trung t&acirc;m phối hợp c&ugrave;ng với c&aacute;c đơn vị kh&aacute;c trong Nh&agrave; trường tổ chức thực hiện c&aacute;c chương tr&igrave;nh Hội nghị, hội thảo... thực hiện in ấn/photo t&agrave;i liệu, đề thi phục vụ tuyển sinh..</p>\\n<p><strong><a href=\\\"https://sites.google.com/view/ml-lic-haui-edu-vn/trang-ch%E1%BB%A7\\\">T&Agrave;I LIỆU HỌC TẬP THEO TỪNG NG&Agrave;NH, TỪNG KỲ</a></strong></p>\"","Image":"","ViewCount":200,"Type":1,"EntityState":0,"CreatedDate":"2022-04-12T16:00:21","CreatedBy":"DOVANHAI","ModifiedDate":"2022-04-27T20:28:34.902Z","ModifiedBy":"DOVANHAI","Status":true,"IsDeleted":false}
2022-04-27 20:28:34  INFO TOE.TOEIC.Web.Controllers.BaseEntityController`1.Put - ServiceResult Body put Post:{"Data":1,"Messasge":"Thao tác thành công","TOECode":100}
2022-04-27 20:28:35  INFO TOE.TOEIC.Web.Controllers.BaseEntityController`1.GetFilter - Filter Post info : {"Sort":null,"Columns":null,"Filter":"W1siSXNEZWxldGVkIiwiPSIsIjAiXV0=","Delta":0,"PageIndex":1,"PageSize":10}
2022-04-27 20:28:42  INFO TOE.TOEIC.Web.Controllers.BaseEntityController`1.GetFilter - Filter Post info : {"Sort":null,"Columns":null,"Filter":"W1siSXNEZWxldGVkIiwiPSIsIjAiXV0=","Delta":0,"PageIndex":1,"PageSize":10}
2022-04-27 20:28:43  INFO TOE.TOEIC.Web.Controllers.BaseEntityController`1.GetFilter - Filter Post info : {"Sort":null,"Columns":null,"Filter":"W1siSXNEZWxldGVkIiwiPSIsIjAiXV0=","Delta":0,"PageIndex":1,"PageSize":10}
2022-04-27 20:28:46  INFO TOE.TOEIC.Web.Controllers.BaseEntityController`1.GetFilter - Filter Post info : {"Sort":null,"Columns":null,"Filter":"W1siSXNEZWxldGVkIiwiPSIsIjAiXSwiQU5EIixbWyJUaXRsZSIsIkNPTlRBSU5TIiwia2hhYyJdLCJPUiIsWyJTbHVnIiwiQ09OVEFJTlMiLCJraGFjIl0sIk9SIixbIkRlc2NyaXB0aW9uIiwiQ09OVEFJTlMiLCJraGFjIl1dXQ==","Delta":0,"PageIndex":1,"PageSize":10}
2022-04-27 20:28:49  INFO TOE.TOEIC.Web.Controllers.BaseEntityController`1.GetFilter - Filter Post info : {"Sort":null,"Columns":null,"Filter":"W1siSXNEZWxldGVkIiwiPSIsIjAiXV0=","Delta":0,"PageIndex":1,"PageSize":10}
2022-04-27 20:28:57  INFO TOE.TOEIC.Web.Controllers.BaseEntityController`1.GetFilter - Filter Menu info : {"Sort":null,"Columns":null,"Filter":"W1siSXNEZWxldGVkIiwiPSIsIjAiXV0=","Delta":0,"PageIndex":1,"PageSize":10}
2022-04-27 20:28:58  INFO TOE.TOEIC.Web.Controllers.BaseEntityController`1.GetFilter - Filter Menu info : {"Sort":null,"Columns":null,"Filter":"W1siSXNEZWxldGVkIiwiPSIsIjAiXV0=","Delta":0,"PageIndex":1,"PageSize":10}
2022-04-27 20:29:01  INFO TOE.TOEIC.Web.Controllers.BaseEntityController`1.GetFilter - Filter BookItem info : {"Sort":null,"Columns":null,"Filter":"W1siSXNEZWxldGVkIiwiPSIsIjAiXV0=","Delta":0,"PageIndex":1,"PageSize":10}
2022-04-27 20:29:01  INFO TOE.TOEIC.Web.Controllers.BaseEntityController`1.GetFilter - Filter Category info : {"Sort":null,"Columns":null,"Filter":"W1siSXNEZWxldGVkIiwiPSIsIjAiXSwiQU5EIixbIlN0YXR1cyIsIj0iLCIxIl1d","Delta":0,"PageIndex":1,"PageSize":9999}
2022-04-27 20:29:01  INFO TOE.TOEIC.Web.Controllers.BaseEntityController`1.GetFilter - Filter BookItem info : {"Sort":null,"Columns":null,"Filter":"W1siSXNEZWxldGVkIiwiPSIsIjAiXV0=","Delta":0,"PageIndex":1,"PageSize":10}
2022-04-27 20:32:07  INFO TOE.TOEIC.Web.Controllers.BaseEntityController`1.GetFilter - Filter BookItem info : {"Sort":null,"Columns":null,"Filter":"W1siSXNEZWxldGVkIiwiPSIsIjAiXV0=","Delta":0,"PageIndex":1,"PageSize":10}
2022-04-27 20:32:07  INFO TOE.TOEIC.Web.Controllers.BaseEntityController`1.GetFilter - Filter Category info : {"Sort":null,"Columns":null,"Filter":"W1siSXNEZWxldGVkIiwiPSIsIjAiXSwiQU5EIixbIlN0YXR1cyIsIj0iLCIxIl1d","Delta":0,"PageIndex":1,"PageSize":9999}
2022-04-27 20:32:08  INFO TOE.TOEIC.Web.Controllers.BaseEntityController`1.GetFilter - Filter BookItem info : {"Sort":null,"Columns":null,"Filter":"W1siSXNEZWxldGVkIiwiPSIsIjAiXV0=","Delta":0,"PageIndex":1,"PageSize":10}
2022-04-27 21:29:34  INFO TOE.TOEIC.Web.Controllers.BaseEntityController`1.GetFilter - Filter BookItem info : {"Sort":null,"Columns":null,"Filter":"W1siSXNEZWxldGVkIiwiPSIsIjAiXV0=","Delta":0,"PageIndex":1,"PageSize":10}
2022-04-27 21:29:34  INFO TOE.TOEIC.Web.Controllers.BaseEntityController`1.GetFilter - Filter BookItem info : {"Sort":null,"Columns":null,"Filter":"W1siSXNEZWxldGVkIiwiPSIsIjAiXV0=","Delta":0,"PageIndex":1,"PageSize":10}
2022-04-27 21:29:34  INFO TOE.TOEIC.Web.Controllers.BaseEntityController`1.GetFilter - Filter Category info : {"Sort":null,"Columns":null,"Filter":"W1siSXNEZWxldGVkIiwiPSIsIjAiXSwiQU5EIixbIlN0YXR1cyIsIj0iLCIxIl1d","Delta":0,"PageIndex":1,"PageSize":9999}
2022-04-27 21:29:53  INFO TOE.TOEIC.Web.Controllers.BaseEntityController`1.GetFilter - Filter BookItem info : {"Sort":null,"Columns":null,"Filter":"W1siSXNEZWxldGVkIiwiPSIsIjAiXV0=","Delta":0,"PageIndex":1,"PageSize":10}
2022-04-27 21:29:53  INFO TOE.TOEIC.Web.Controllers.BaseEntityController`1.GetFilter - Filter Category info : {"Sort":null,"Columns":null,"Filter":"W1siSXNEZWxldGVkIiwiPSIsIjAiXSwiQU5EIixbIlN0YXR1cyIsIj0iLCIxIl1d","Delta":0,"PageIndex":1,"PageSize":9999}
2022-04-27 21:29:53  INFO TOE.TOEIC.Web.Controllers.BaseEntityController`1.GetFilter - Filter BookItem info : {"Sort":null,"Columns":null,"Filter":"W1siSXNEZWxldGVkIiwiPSIsIjAiXV0=","Delta":0,"PageIndex":1,"PageSize":10}
2022-04-27 21:29:54  INFO TOE.TOEIC.Web.Controllers.BaseEntityController`1.GetFilter - Filter BookItem info : {"Sort":null,"Columns":null,"Filter":"W1siSXNEZWxldGVkIiwiPSIsIjAiXV0=","Delta":0,"PageIndex":1,"PageSize":10}
2022-04-27 21:30:04  INFO TOE.TOEIC.Web.Controllers.BaseEntityController`1.GetFilter - Filter BookItem info : {"Sort":null,"Columns":null,"Filter":"W1siSXNEZWxldGVkIiwiPSIsIjAiXV0=","Delta":0,"PageIndex":1,"PageSize":10}
2022-04-27 21:30:04  INFO TOE.TOEIC.Web.Controllers.BaseEntityController`1.GetFilter - Filter BookItem info : {"Sort":null,"Columns":null,"Filter":"W1siSXNEZWxldGVkIiwiPSIsIjAiXV0=","Delta":0,"PageIndex":1,"PageSize":10}
2022-04-27 21:30:04  INFO TOE.TOEIC.Web.Controllers.BaseEntityController`1.GetFilter - Filter Category info : {"Sort":null,"Columns":null,"Filter":"W1siSXNEZWxldGVkIiwiPSIsIjAiXSwiQU5EIixbIlN0YXR1cyIsIj0iLCIxIl1d","Delta":0,"PageIndex":1,"PageSize":9999}
2022-04-27 21:30:05  INFO TOE.TOEIC.Web.Controllers.BaseEntityController`1.GetFilter - Filter BookItem info : {"Sort":null,"Columns":null,"Filter":"W1siSXNEZWxldGVkIiwiPSIsIjAiXV0=","Delta":0,"PageIndex":1,"PageSize":10}
2022-04-27 21:30:11  INFO TOE.TOEIC.Web.Controllers.BaseEntityController`1.GetFilter - Filter BookItem info : {"Sort":null,"Columns":null,"Filter":"W1siSXNEZWxldGVkIiwiPSIsIjAiXV0=","Delta":0,"PageIndex":1,"PageSize":10}
2022-04-27 21:30:11  INFO TOE.TOEIC.Web.Controllers.BaseEntityController`1.GetFilter - Filter BookItem info : {"Sort":null,"Columns":null,"Filter":"W1siSXNEZWxldGVkIiwiPSIsIjAiXV0=","Delta":0,"PageIndex":1,"PageSize":10}
2022-04-27 21:30:11  INFO TOE.TOEIC.Web.Controllers.BaseEntityController`1.GetFilter - Filter Category info : {"Sort":null,"Columns":null,"Filter":"W1siSXNEZWxldGVkIiwiPSIsIjAiXSwiQU5EIixbIlN0YXR1cyIsIj0iLCIxIl1d","Delta":0,"PageIndex":1,"PageSize":9999}
2022-04-27 21:30:12  INFO TOE.TOEIC.Web.Controllers.BaseEntityController`1.GetFilter - Filter BookItem info : {"Sort":null,"Columns":null,"Filter":"W1siSXNEZWxldGVkIiwiPSIsIjAiXV0=","Delta":0,"PageIndex":1,"PageSize":10}
2022-04-27 21:30:17  INFO TOE.TOEIC.Web.Controllers.BaseEntityController`1.GetFilter - Filter Category info : {"Sort":null,"Columns":null,"Filter":"W1siSXNEZWxldGVkIiwiPSIsIjAiXSwiQU5EIixbIlN0YXR1cyIsIj0iLCIxIl1d","Delta":0,"PageIndex":1,"PageSize":9999}
2022-04-27 21:30:17  INFO TOE.TOEIC.Web.Controllers.BaseEntityController`1.GetFilter - Filter BookItem info : {"Sort":null,"Columns":null,"Filter":"W1siSXNEZWxldGVkIiwiPSIsIjAiXV0=","Delta":0,"PageIndex":1,"PageSize":10}
2022-04-27 21:30:17  INFO TOE.TOEIC.Web.Controllers.BaseEntityController`1.GetFilter - Filter BookItem info : {"Sort":null,"Columns":null,"Filter":"W1siSXNEZWxldGVkIiwiPSIsIjAiXV0=","Delta":0,"PageIndex":1,"PageSize":10}
2022-04-27 21:30:18  INFO TOE.TOEIC.Web.Controllers.BaseEntityController`1.GetFilter - Filter BookItem info : {"Sort":null,"Columns":null,"Filter":"W1siSXNEZWxldGVkIiwiPSIsIjAiXV0=","Delta":0,"PageIndex":1,"PageSize":10}
2022-04-27 21:30:26  INFO TOE.TOEIC.Web.Controllers.BaseEntityController`1.GetFilter - Filter BookItem info : {"Sort":null,"Columns":null,"Filter":"W1siSXNEZWxldGVkIiwiPSIsIjAiXV0=","Delta":0,"PageIndex":1,"PageSize":10}
2022-04-27 21:30:26  INFO TOE.TOEIC.Web.Controllers.BaseEntityController`1.GetFilter - Filter Category info : {"Sort":null,"Columns":null,"Filter":"W1siSXNEZWxldGVkIiwiPSIsIjAiXSwiQU5EIixbIlN0YXR1cyIsIj0iLCIxIl1d","Delta":0,"PageIndex":1,"PageSize":9999}
2022-04-27 21:30:26  INFO TOE.TOEIC.Web.Controllers.BaseEntityController`1.GetFilter - Filter BookItem info : {"Sort":null,"Columns":null,"Filter":"W1siSXNEZWxldGVkIiwiPSIsIjAiXV0=","Delta":0,"PageIndex":1,"PageSize":10}
2022-04-27 21:30:27  INFO TOE.TOEIC.Web.Controllers.BaseEntityController`1.GetFilter - Filter BookItem info : {"Sort":null,"Columns":null,"Filter":"W1siSXNEZWxldGVkIiwiPSIsIjAiXV0=","Delta":0,"PageIndex":1,"PageSize":10}
2022-04-27 21:30:45  INFO TOE.TOEIC.Web.Controllers.BaseEntityController`1.GetFilter - Filter BookItem info : {"Sort":null,"Columns":null,"Filter":"W1siSXNEZWxldGVkIiwiPSIsIjAiXV0=","Delta":0,"PageIndex":1,"PageSize":10}
2022-04-27 21:30:45  INFO TOE.TOEIC.Web.Controllers.BaseEntityController`1.GetFilter - Filter BookItem info : {"Sort":null,"Columns":null,"Filter":"W1siSXNEZWxldGVkIiwiPSIsIjAiXV0=","Delta":0,"PageIndex":1,"PageSize":10}
2022-04-27 21:30:45  INFO TOE.TOEIC.Web.Controllers.BaseEntityController`1.GetFilter - Filter Category info : {"Sort":null,"Columns":null,"Filter":"W1siSXNEZWxldGVkIiwiPSIsIjAiXSwiQU5EIixbIlN0YXR1cyIsIj0iLCIxIl1d","Delta":0,"PageIndex":1,"PageSize":9999}
2022-04-27 21:30:46  INFO TOE.TOEIC.Web.Controllers.BaseEntityController`1.GetFilter - Filter BookItem info : {"Sort":null,"Columns":null,"Filter":"W1siSXNEZWxldGVkIiwiPSIsIjAiXV0=","Delta":0,"PageIndex":1,"PageSize":10}
2022-04-27 21:30:57  INFO TOE.TOEIC.Web.Controllers.BaseEntityController`1.GetFilter - Filter BookItem info : {"Sort":null,"Columns":null,"Filter":"W1siSXNEZWxldGVkIiwiPSIsIjAiXV0=","Delta":0,"PageIndex":1,"PageSize":10}
2022-04-27 21:30:57  INFO TOE.TOEIC.Web.Controllers.BaseEntityController`1.GetFilter - Filter BookItem info : {"Sort":null,"Columns":null,"Filter":"W1siSXNEZWxldGVkIiwiPSIsIjAiXV0=","Delta":0,"PageIndex":1,"PageSize":10}
2022-04-27 21:30:57  INFO TOE.TOEIC.Web.Controllers.BaseEntityController`1.GetFilter - Filter Category info : {"Sort":null,"Columns":null,"Filter":"W1siSXNEZWxldGVkIiwiPSIsIjAiXSwiQU5EIixbIlN0YXR1cyIsIj0iLCIxIl1d","Delta":0,"PageIndex":1,"PageSize":9999}
2022-04-27 21:30:58  INFO TOE.TOEIC.Web.Controllers.BaseEntityController`1.GetFilter - Filter BookItem info : {"Sort":null,"Columns":null,"Filter":"W1siSXNEZWxldGVkIiwiPSIsIjAiXV0=","Delta":0,"PageIndex":1,"PageSize":10}
2022-04-27 21:42:04  INFO TOE.TOEIC.Web.Controllers.BaseEntityController`1.GetFilter - Filter Category info : {"Sort":null,"Columns":null,"Filter":"W1siSXNEZWxldGVkIiwiPSIsIjAiXSwiQU5EIixbIlN0YXR1cyIsIj0iLCIxIl1d","Delta":0,"PageIndex":1,"PageSize":9999}
2022-04-27 21:42:04  INFO TOE.TOEIC.Web.Controllers.BaseEntityController`1.GetFilter - Filter BookItem info : {"Sort":null,"Columns":null,"Filter":"W1siSXNEZWxldGVkIiwiPSIsIjAiXV0=","Delta":0,"PageIndex":1,"PageSize":10}
2022-04-27 21:42:05  INFO TOE.TOEIC.Web.Controllers.BaseEntityController`1.GetFilter - Filter BookItem info : {"Sort":null,"Columns":null,"Filter":"W1siSXNEZWxldGVkIiwiPSIsIjAiXV0=","Delta":0,"PageIndex":1,"PageSize":10}
2022-04-27 21:50:47  INFO TOE.TOEIC.Web.Controllers.BaseEntityController`1.GetFilter - Filter Post info : {"Sort":null,"Columns":null,"Filter":"W1tbIk1lbnVJRCIsIj0iLCI4ZDBmYjA1ZC01Y2E2LTRjZjYtYWRmYi03NWU1MGQyYTg4YzUiXSwiT1IiLFsiTWVudUlEIiwiPSIsImJlNzFmOTI1LTcyMWItNDg5Mi05YTM5LWM0NTBlYThlYTg4ZCJdLCJPUiIsWyJNZW51SUQiLCI9IiwiZGY4NjdiZDQtOGY3Ny00NDE4LWFmYTMtNWI0OWJkNDI3MGE1Il1dLCJBTkQiLFsiU3RhdHVzIiwiPSIsIjEiXSwiQU5EIixbIklzRGVsZXRlZCIsIj0iLCIwIl1d","Delta":0,"PageIndex":1,"PageSize":9999}
2022-04-27 21:50:47  INFO TOE.TOEIC.Web.Controllers.BaseEntityController`1.GetFilter - Filter Menu info : {"Sort":null,"Columns":null,"Filter":"W1siSXNEZWxldGVkIiwiPSIsIjAiXSwiQU5EIixbIlN0YXR1cyIsIj0iLCIxIl0sIkFORCIsWyJJc1Nob3dIb21lIiwiPSIsIjEiXV0=","Delta":0,"PageIndex":1,"PageSize":9999}
2022-04-27 21:51:14  INFO TOE.TOEIC.Web.Controllers.BaseEntityController`1.GetFilter - Filter Category info : {"Sort":null,"Columns":null,"Filter":"W1siSXNEZWxldGVkIiwiPSIsIjAiXSwiQU5EIixbIlN0YXR1cyIsIj0iLCIxIl1d","Delta":0,"PageIndex":1,"PageSize":9999}
2022-04-27 21:51:14  INFO TOE.TOEIC.Web.Controllers.BaseEntityController`1.GetFilter - Filter BookItem info : {"Sort":null,"Columns":null,"Filter":"W1siSXNEZWxldGVkIiwiPSIsIjAiXV0=","Delta":0,"PageIndex":1,"PageSize":10}
2022-04-27 21:51:14  INFO TOE.TOEIC.Web.Controllers.BaseEntityController`1.GetFilter - Filter BookItem info : {"Sort":null,"Columns":null,"Filter":"W1siSXNEZWxldGVkIiwiPSIsIjAiXV0=","Delta":0,"PageIndex":1,"PageSize":10}
2022-04-27 21:51:44  INFO TOE.TOEIC.Web.Controllers.BaseEntityController`1.GetFilter - Filter BookItem info : {"Sort":null,"Columns":null,"Filter":"W1siSXNEZWxldGVkIiwiPSIsIjAiXV0=","Delta":0,"PageIndex":1,"PageSize":10}
2022-04-27 21:51:44  INFO TOE.TOEIC.Web.Controllers.BaseEntityController`1.GetFilter - Filter Category info : {"Sort":null,"Columns":null,"Filter":"W1siSXNEZWxldGVkIiwiPSIsIjAiXSwiQU5EIixbIlN0YXR1cyIsIj0iLCIxIl1d","Delta":0,"PageIndex":1,"PageSize":9999}
2022-04-27 21:52:00  INFO TOE.TOEIC.Web.Controllers.BaseEntityController`1.GetFilter - Filter Category info : {"Sort":null,"Columns":null,"Filter":"W1siSXNEZWxldGVkIiwiPSIsIjAiXSwiQU5EIixbIlN0YXR1cyIsIj0iLCIxIl1d","Delta":0,"PageIndex":1,"PageSize":9999}
2022-04-27 21:52:00  INFO TOE.TOEIC.Web.Controllers.BaseEntityController`1.GetFilter - Filter BookItem info : {"Sort":null,"Columns":null,"Filter":"W1siSXNEZWxldGVkIiwiPSIsIjAiXV0=","Delta":0,"PageIndex":1,"PageSize":10}
2022-04-27 21:56:47  INFO TOE.TOEIC.Web.Controllers.BaseEntityController`1.GetFilter - Filter BookItem info : {"Sort":null,"Columns":null,"Filter":"W1siSXNEZWxldGVkIiwiPSIsIjAiXV0=","Delta":0,"PageIndex":1,"PageSize":10}
2022-04-27 21:56:47  INFO TOE.TOEIC.Web.Controllers.BaseEntityController`1.GetFilter - Filter Category info : {"Sort":null,"Columns":null,"Filter":"W1siSXNEZWxldGVkIiwiPSIsIjAiXSwiQU5EIixbIlN0YXR1cyIsIj0iLCIxIl1d","Delta":0,"PageIndex":1,"PageSize":9999}
2022-04-27 21:56:48  INFO TOE.TOEIC.Web.Controllers.BaseEntityController`1.GetFilter - Filter BookItem info : {"Sort":null,"Columns":null,"Filter":"W1siSXNEZWxldGVkIiwiPSIsIjAiXV0=","Delta":0,"PageIndex":1,"PageSize":10}
2022-04-27 21:57:16  INFO TOE.TOEIC.Web.Controllers.BaseEntityController`1.GetFilter - Filter Category info : {"Sort":null,"Columns":null,"Filter":"W1siSXNEZWxldGVkIiwiPSIsIjAiXSwiQU5EIixbIlN0YXR1cyIsIj0iLCIxIl1d","Delta":0,"PageIndex":1,"PageSize":9999}
2022-04-27 21:57:16  INFO TOE.TOEIC.Web.Controllers.BaseEntityController`1.GetFilter - Filter BookItem info : {"Sort":null,"Columns":null,"Filter":"W1siSXNEZWxldGVkIiwiPSIsIjAiXV0=","Delta":0,"PageIndex":1,"PageSize":10}
2022-04-27 21:57:16  INFO TOE.TOEIC.Web.Controllers.BaseEntityController`1.GetFilter - Filter BookItem info : {"Sort":null,"Columns":null,"Filter":"W1siSXNEZWxldGVkIiwiPSIsIjAiXV0=","Delta":0,"PageIndex":1,"PageSize":10}
2022-04-27 21:57:29  INFO TOE.TOEIC.Web.Controllers.BaseEntityController`1.GetFilter - Filter BookItem info : {"Sort":null,"Columns":null,"Filter":"W1siSXNEZWxldGVkIiwiPSIsIjAiXV0=","Delta":0,"PageIndex":1,"PageSize":10}
2022-04-27 21:57:29  INFO TOE.TOEIC.Web.Controllers.BaseEntityController`1.GetFilter - Filter Category info : {"Sort":null,"Columns":null,"Filter":"W1siSXNEZWxldGVkIiwiPSIsIjAiXSwiQU5EIixbIlN0YXR1cyIsIj0iLCIxIl1d","Delta":0,"PageIndex":1,"PageSize":9999}
2022-04-27 21:57:30  INFO TOE.TOEIC.Web.Controllers.BaseEntityController`1.GetFilter - Filter BookItem info : {"Sort":null,"Columns":null,"Filter":"W1siSXNEZWxldGVkIiwiPSIsIjAiXV0=","Delta":0,"PageIndex":1,"PageSize":10}
2022-04-27 21:57:59  INFO TOE.TOEIC.Web.Controllers.BaseEntityController`1.GetFilter - Filter BookItem info : {"Sort":null,"Columns":null,"Filter":"W1siSXNEZWxldGVkIiwiPSIsIjAiXV0=","Delta":0,"PageIndex":1,"PageSize":10}
2022-04-27 21:57:59  INFO TOE.TOEIC.Web.Controllers.BaseEntityController`1.GetFilter - Filter Category info : {"Sort":null,"Columns":null,"Filter":"W1siSXNEZWxldGVkIiwiPSIsIjAiXSwiQU5EIixbIlN0YXR1cyIsIj0iLCIxIl1d","Delta":0,"PageIndex":1,"PageSize":9999}
2022-04-27 22:01:57  INFO TOE.TOEIC.Web.Controllers.BaseEntityController`1.GetFilter - Filter BookItem info : {"Sort":null,"Columns":null,"Filter":"W1siSXNEZWxldGVkIiwiPSIsIjAiXV0=","Delta":0,"PageIndex":1,"PageSize":10}
2022-04-27 22:08:52  INFO TOE.TOEIC.Web.Controllers.BaseEntityController`1.GetFilter - Filter BookItem info : {"Sort":null,"Columns":null,"Filter":"W1siSXNEZWxldGVkIiwiPSIsIjAiXV0=","Delta":0,"PageIndex":1,"PageSize":10}
2022-04-27 22:08:52  INFO TOE.TOEIC.Web.Controllers.BaseEntityController`1.GetFilter - Filter Category info : {"Sort":null,"Columns":null,"Filter":"W1siSXNEZWxldGVkIiwiPSIsIjAiXSwiQU5EIixbIlN0YXR1cyIsIj0iLCIxIl1d","Delta":0,"PageIndex":1,"PageSize":9999}
2022-04-27 22:19:03  INFO TOE.TOEIC.Web.Controllers.BaseEntityController`1.GetFilter - Filter Post info : {"Sort":null,"Columns":null,"Filter":"W1tbIk1lbnVJRCIsIj0iLCI4ZDBmYjA1ZC01Y2E2LTRjZjYtYWRmYi03NWU1MGQyYTg4YzUiXSwiT1IiLFsiTWVudUlEIiwiPSIsImJlNzFmOTI1LTcyMWItNDg5Mi05YTM5LWM0NTBlYThlYTg4ZCJdLCJPUiIsWyJNZW51SUQiLCI9IiwiZGY4NjdiZDQtOGY3Ny00NDE4LWFmYTMtNWI0OWJkNDI3MGE1Il1dLCJBTkQiLFsiU3RhdHVzIiwiPSIsIjEiXSwiQU5EIixbIklzRGVsZXRlZCIsIj0iLCIwIl1d","Delta":0,"PageIndex":1,"PageSize":9999}
2022-04-27 22:19:03  INFO TOE.TOEIC.Web.Controllers.BaseEntityController`1.GetFilter - Filter Menu info : {"Sort":null,"Columns":null,"Filter":"W1siSXNEZWxldGVkIiwiPSIsIjAiXSwiQU5EIixbIlN0YXR1cyIsIj0iLCIxIl0sIkFORCIsWyJJc1Nob3dIb21lIiwiPSIsIjEiXV0=","Delta":0,"PageIndex":1,"PageSize":9999}
2022-04-27 22:19:12  INFO TOE.TOEIC.Web.Controllers.BaseEntityController`1.GetFilter - Filter BookItem info : {"Sort":null,"Columns":null,"Filter":"W1siSXNEZWxldGVkIiwiPSIsIjAiXV0=","Delta":0,"PageIndex":1,"PageSize":10}
2022-04-27 22:19:12  INFO TOE.TOEIC.Web.Controllers.BaseEntityController`1.GetFilter - Filter Category info : {"Sort":null,"Columns":null,"Filter":"W1siSXNEZWxldGVkIiwiPSIsIjAiXSwiQU5EIixbIlN0YXR1cyIsIj0iLCIxIl1d","Delta":0,"PageIndex":1,"PageSize":9999}
2022-04-27 22:19:12  INFO TOE.TOEIC.Web.Controllers.BaseEntityController`1.GetFilter - Filter BookItem info : {"Sort":null,"Columns":null,"Filter":"W1siSXNEZWxldGVkIiwiPSIsIjAiXV0=","Delta":0,"PageIndex":1,"PageSize":10}
2022-04-27 22:24:15  INFO TOE.TOEIC.Web.Controllers.BaseEntityController`1.GetFilter - Filter BookItem info : {"Sort":null,"Columns":null,"Filter":"W1siSXNEZWxldGVkIiwiPSIsIjAiXV0=","Delta":0,"PageIndex":1,"PageSize":10}
2022-04-27 22:24:25  INFO TOE.TOEIC.Web.Controllers.BaseEntityController`1.GetFilter - Filter BookItem info : {"Sort":null,"Columns":null,"Filter":"W1siSXNEZWxldGVkIiwiPSIsIjAiXV0=","Delta":0,"PageIndex":1,"PageSize":10}
2022-04-27 22:32:20  INFO Microsoft.Extensions.Hosting.Internal.ConsoleLifetime.OnApplicationStarted - Application started. Press Ctrl+C to shut down.
2022-04-27 22:32:20  INFO Microsoft.Extensions.Hosting.Internal.ConsoleLifetime.OnApplicationStarted - Hosting environment: Development
2022-04-27 22:32:20  INFO Microsoft.Extensions.Hosting.Internal.ConsoleLifetime.OnApplicationStarted - Content root path: D:\nam4ki2\DATN\DA\Toiec-365\Toeic-365-backend-v1\MISA.AMIS\MISA.AMIS.Web
2022-04-27 22:45:39  INFO TOE.TOEIC.Web.Controllers.BaseEntityController`1.GetFilter - Filter Menu info : {"Sort":null,"Columns":null,"Filter":"W1siSXNEZWxldGVkIiwiPSIsIjAiXSwiQU5EIixbIlN0YXR1cyIsIj0iLCIxIl0sIkFORCIsWyJJc1Nob3dIb21lIiwiPSIsIjEiXV0=","Delta":0,"PageIndex":1,"PageSize":9999}
2022-04-27 22:45:39  INFO TOE.TOEIC.Web.Controllers.BaseEntityController`1.GetFilter - Filter Post info : {"Sort":null,"Columns":null,"Filter":"W1tbIk1lbnVJRCIsIj0iLCI4ZDBmYjA1ZC01Y2E2LTRjZjYtYWRmYi03NWU1MGQyYTg4YzUiXSwiT1IiLFsiTWVudUlEIiwiPSIsImJlNzFmOTI1LTcyMWItNDg5Mi05YTM5LWM0NTBlYThlYTg4ZCJdLCJPUiIsWyJNZW51SUQiLCI9IiwiZGY4NjdiZDQtOGY3Ny00NDE4LWFmYTMtNWI0OWJkNDI3MGE1Il1dLCJBTkQiLFsiU3RhdHVzIiwiPSIsIjEiXSwiQU5EIixbIklzRGVsZXRlZCIsIj0iLCIwIl1d","Delta":0,"PageIndex":1,"PageSize":9999}
2022-04-27 22:46:30  INFO TOE.TOEIC.Web.Controllers.BaseEntityController`1.GetFilter - Filter BookItem info : {"Sort":null,"Columns":null,"Filter":"W1siSXNEZWxldGVkIiwiPSIsIjAiXV0=","Delta":0,"PageIndex":1,"PageSize":10}
2022-04-27 22:46:30  INFO TOE.TOEIC.Web.Controllers.BaseEntityController`1.GetFilter - Filter Category info : {"Sort":null,"Columns":null,"Filter":"W1siSXNEZWxldGVkIiwiPSIsIjAiXSwiQU5EIixbIlN0YXR1cyIsIj0iLCIxIl1d","Delta":0,"PageIndex":1,"PageSize":9999}
2022-04-27 22:46:30  INFO TOE.TOEIC.Web.Controllers.BaseEntityController`1.GetFilter - Filter BookItem info : {"Sort":null,"Columns":null,"Filter":"W1siSXNEZWxldGVkIiwiPSIsIjAiXV0=","Delta":0,"PageIndex":1,"PageSize":10}
2022-04-27 22:50:52  INFO TOE.TOEIC.Web.Controllers.BaseEntityController`1.GetFilter - Filter BookItem info : {"Sort":null,"Columns":null,"Filter":"W1siSXNEZWxldGVkIiwiPSIsIjAiXV0=","Delta":0,"PageIndex":1,"PageSize":10}
2022-04-27 22:50:52  INFO TOE.TOEIC.Web.Controllers.BaseEntityController`1.GetFilter - Filter Category info : {"Sort":null,"Columns":null,"Filter":"W1siSXNEZWxldGVkIiwiPSIsIjAiXSwiQU5EIixbIlN0YXR1cyIsIj0iLCIxIl1d","Delta":0,"PageIndex":1,"PageSize":9999}
2022-04-27 22:51:37  INFO TOE.TOEIC.Web.Controllers.BaseEntityController`1.GetFilter - Filter BookItem info : {"Sort":null,"Columns":null,"Filter":"W1siSXNEZWxldGVkIiwiPSIsIjAiXV0=","Delta":0,"PageIndex":1,"PageSize":10}
2022-04-27 22:51:37  INFO TOE.TOEIC.Web.Controllers.BaseEntityController`1.GetFilter - Filter Category info : {"Sort":null,"Columns":null,"Filter":"W1siSXNEZWxldGVkIiwiPSIsIjAiXSwiQU5EIixbIlN0YXR1cyIsIj0iLCIxIl1d","Delta":0,"PageIndex":1,"PageSize":9999}
