2022-04-18 23:16:34  INFO Microsoft.Extensions.Hosting.Internal.ConsoleLifetime.OnApplicationStarted - Application started. Press Ctrl+C to shut down.
2022-04-18 23:16:34  INFO Microsoft.Extensions.Hosting.Internal.ConsoleLifetime.OnApplicationStarted - Hosting environment: Development
2022-04-18 23:16:34  INFO Microsoft.Extensions.Hosting.Internal.ConsoleLifetime.OnApplicationStarted - Content root path: D:\nam4ki2\DATN\DA\Toiec-365\Toeic-365-backend-v1\MISA.AMIS\MISA.AMIS.Web
2022-04-18 23:16:34  INFO TOE.TOEIC.Web.Controllers.BaseEntityController`1.GetFilter - Filter base info : {"Sort":null,"Columns":null,"Filter":"W1tbIk1lbnVJRCIsIj0iLCI4ZDBmYjA1ZC01Y2E2LTRjZjYtYWRmYi03NWU1MGQyYTg4YzUiXSwiT1IiLFsiTWVudUlEIiwiPSIsImJlNzFmOTI1LTcyMWItNDg5Mi05YTM5LWM0NTBlYThlYTg4ZCJdLCJPUiIsWyJNZW51SUQiLCI9IiwiZGY4NjdiZDQtOGY3Ny00NDE4LWFmYTMtNWI0OWJkNDI3MGE1Il1dLCJBTkQiLFsiU3RhdHVzIiwiPSIsIjEiXSwiQU5EIixbIklzRGVsZXRlZCIsIj0iLCIwIl1d","Delta":0,"PageIndex":1,"PageSize":9999}
2022-04-18 23:16:34  INFO TOE.TOEIC.Web.Controllers.BaseEntityController`1.GetFilter - Filter base info : {"Sort":null,"Columns":null,"Filter":"W1siSXNEZWxldGVkIiwiPSIsIjAiXSwiQU5EIixbIlN0YXR1cyIsIj0iLCIxIl0sIkFORCIsWyJJc1Nob3dIb21lIiwiPSIsIjEiXV0=","Delta":0,"PageIndex":1,"PageSize":9999}
2022-04-18 23:20:23  INFO TOE.TOEIC.Web.Controllers.BaseEntityController`1.GetFilter - Filter base info : {"Sort":null,"Columns":null,"Filter":"W1siSXNEZWxldGVkIiwiPSIsIjAiXSwiQU5EIixbIlN0YXR1cyIsIj0iLCIxIl0sIkFORCIsWyJJc1Nob3dIb21lIiwiPSIsIjEiXV0=","Delta":0,"PageIndex":1,"PageSize":9999}
2022-04-18 23:20:23  INFO TOE.TOEIC.Web.Controllers.BaseEntityController`1.GetFilter - Filter base info : {"Sort":null,"Columns":null,"Filter":"W1siU3RhdHVzIiwiPSIsIjEiXSwiQU5EIixbIklzRGVsZXRlZCIsIj0iLCIwIl1d","Delta":0,"PageIndex":1,"PageSize":5}
2022-04-18 23:20:23  INFO TOE.TOEIC.Web.Controllers.BaseEntityController`1.GetFilter - Filter base info : {"Sort":null,"Columns":null,"Filter":"W1siTWVudUlEIiwiPSIsIjFlMzI5YTIxLTZjOGQtNDJhOC04NDcwLWEyOGEzNDA0YmQzOCJdLCJBTkQiLFsiSXNEZWxldGVkIiwiPSIsIjAiXSwiQU5EIixbIlN0YXR1cyIsIj0iLCIxIl1d","Delta":0,"PageIndex":1,"PageSize":9999}
2022-04-18 23:20:23  INFO TOE.TOEIC.Web.Controllers.BaseEntityController`1.GetFilter - Filter base info : {"Sort":null,"Columns":null,"Filter":"W1siTWVudUlEIiwiPSIsIjFlMzI5YTIxLTZjOGQtNDJhOC04NDcwLWEyOGEzNDA0YmQzOCJdLCJBTkQiLFsiSXNEZWxldGVkIiwiPSIsIjAiXSwiQU5EIixbIlN0YXR1cyIsIj0iLCIxIl1d","Delta":0,"PageIndex":1,"PageSize":9999}
2022-04-18 23:20:24  INFO TOE.TOEIC.Web.Controllers.BaseEntityController`1.GetFilter - Filter base info : {"Sort":null,"Columns":null,"Filter":"W1siSXNEZWxldGVkIiwiPSIsIjAiXSwiQU5EIixbIlN0YXR1cyIsIj0iLCIxIl0sIkFORCIsWyJJc1Nob3dIb21lIiwiPSIsIjEiXV0=","Delta":0,"PageIndex":1,"PageSize":9999}
2022-04-18 23:20:24  INFO TOE.TOEIC.Web.Controllers.BaseEntityController`1.GetFilter - Filter base info : {"Sort":null,"Columns":null,"Filter":"W1siTWVudUlEIiwiPSIsIjhkMGZiMDVkLTVjYTYtNGNmNi1hZGZiLTc1ZTUwZDJhODhjNSJdLCJBTkQiLFsiU3RhdHVzIiwiPSIsIjEiXSwiQU5EIixbIklzRGVsZXRlZCIsIj0iLCIwIl1d","Delta":0,"PageIndex":1,"PageSize":20}
2022-04-18 23:20:24  INFO TOE.TOEIC.Web.Controllers.BaseEntityController`1.GetFilter - Filter base info : {"Sort":null,"Columns":null,"Filter":"W1siU3RhdHVzIiwiPSIsIjEiXSwiQU5EIixbIklzRGVsZXRlZCIsIj0iLCIwIl1d","Delta":0,"PageIndex":1,"PageSize":5}
2022-04-18 23:20:24  INFO TOE.TOEIC.Web.Controllers.BaseEntityController`1.GetFilter - Filter base info : {"Sort":null,"Columns":null,"Filter":"W1siTWVudUlEIiwiPSIsIjhkMGZiMDVkLTVjYTYtNGNmNi1hZGZiLTc1ZTUwZDJhODhjNSJdLCJBTkQiLFsiU3RhdHVzIiwiPSIsIjEiXSwiQU5EIixbIklzRGVsZXRlZCIsIj0iLCIwIl1d","Delta":0,"PageIndex":1,"PageSize":20}
2022-04-18 23:20:31  INFO TOE.TOEIC.Web.Controllers.BaseEntityController`1.GetFilter - Filter base info : {"Sort":null,"Columns":null,"Filter":"W1siSXNEZWxldGVkIiwiPSIsIjAiXSwiQU5EIixbIlN0YXR1cyIsIj0iLCIxIl0sIkFORCIsWyJJc1Nob3dIb21lIiwiPSIsIjEiXV0=","Delta":0,"PageIndex":1,"PageSize":9999}
2022-04-18 23:20:31  INFO TOE.TOEIC.Web.Controllers.BaseEntityController`1.GetFilter - Filter base info : {"Sort":null,"Columns":null,"Filter":"W1tbIk1lbnVJRCIsIj0iLCI4ZDBmYjA1ZC01Y2E2LTRjZjYtYWRmYi03NWU1MGQyYTg4YzUiXSwiT1IiLFsiTWVudUlEIiwiPSIsImJlNzFmOTI1LTcyMWItNDg5Mi05YTM5LWM0NTBlYThlYTg4ZCJdLCJPUiIsWyJNZW51SUQiLCI9IiwiZGY4NjdiZDQtOGY3Ny00NDE4LWFmYTMtNWI0OWJkNDI3MGE1Il1dLCJBTkQiLFsiU3RhdHVzIiwiPSIsIjEiXSwiQU5EIixbIklzRGVsZXRlZCIsIj0iLCIwIl1d","Delta":0,"PageIndex":1,"PageSize":9999}
2022-04-18 23:21:08  INFO TOE.TOEIC.Web.Controllers.BaseEntityController`1.GetFilter - Filter base info : {"Sort":null,"Columns":null,"Filter":"W1siSXNEZWxldGVkIiwiPSIsIjAiXSwiQU5EIixbIlN0YXR1cyIsIj0iLCIxIl0sIkFORCIsWyJJc1Nob3dIb21lIiwiPSIsIjEiXV0=","Delta":0,"PageIndex":1,"PageSize":9999}
2022-04-18 23:21:08  INFO TOE.TOEIC.Web.Controllers.BaseEntityController`1.GetFilter - Filter base info : {"Sort":null,"Columns":null,"Filter":"W1siU3RhdHVzIiwiPSIsIjEiXSwiQU5EIixbIklzRGVsZXRlZCIsIj0iLCIwIl1d","Delta":0,"PageIndex":1,"PageSize":5}
2022-04-18 23:21:08  INFO TOE.TOEIC.Web.Controllers.BaseEntityController`1.GetFilter - Filter base info : {"Sort":null,"Columns":null,"Filter":"W1siTWVudUlEIiwiPSIsIjFlMzI5YTIxLTZjOGQtNDJhOC04NDcwLWEyOGEzNDA0YmQzOCJdLCJBTkQiLFsiSXNEZWxldGVkIiwiPSIsIjAiXSwiQU5EIixbIlN0YXR1cyIsIj0iLCIxIl1d","Delta":0,"PageIndex":1,"PageSize":9999}
2022-04-18 23:21:08  INFO TOE.TOEIC.Web.Controllers.BaseEntityController`1.GetFilter - Filter base info : {"Sort":null,"Columns":null,"Filter":"W1siTWVudUlEIiwiPSIsIjFlMzI5YTIxLTZjOGQtNDJhOC04NDcwLWEyOGEzNDA0YmQzOCJdLCJBTkQiLFsiSXNEZWxldGVkIiwiPSIsIjAiXSwiQU5EIixbIlN0YXR1cyIsIj0iLCIxIl1d","Delta":0,"PageIndex":1,"PageSize":9999}
2022-04-18 23:21:09  INFO TOE.TOEIC.Web.Controllers.BaseEntityController`1.GetFilter - Filter base info : {"Sort":null,"Columns":null,"Filter":"W1siSXNEZWxldGVkIiwiPSIsIjAiXSwiQU5EIixbIlN0YXR1cyIsIj0iLCIxIl0sIkFORCIsWyJJc1Nob3dIb21lIiwiPSIsIjEiXV0=","Delta":0,"PageIndex":1,"PageSize":9999}
2022-04-18 23:21:09  INFO TOE.TOEIC.Web.Controllers.BaseEntityController`1.GetFilter - Filter base info : {"Sort":null,"Columns":null,"Filter":"W1siTWVudUlEIiwiPSIsIjhkMGZiMDVkLTVjYTYtNGNmNi1hZGZiLTc1ZTUwZDJhODhjNSJdLCJBTkQiLFsiU3RhdHVzIiwiPSIsIjEiXSwiQU5EIixbIklzRGVsZXRlZCIsIj0iLCIwIl1d","Delta":0,"PageIndex":1,"PageSize":20}
2022-04-18 23:21:09  INFO TOE.TOEIC.Web.Controllers.BaseEntityController`1.GetFilter - Filter base info : {"Sort":null,"Columns":null,"Filter":"W1siU3RhdHVzIiwiPSIsIjEiXSwiQU5EIixbIklzRGVsZXRlZCIsIj0iLCIwIl1d","Delta":0,"PageIndex":1,"PageSize":5}
2022-04-18 23:21:09  INFO TOE.TOEIC.Web.Controllers.BaseEntityController`1.GetFilter - Filter base info : {"Sort":null,"Columns":null,"Filter":"W1siTWVudUlEIiwiPSIsIjhkMGZiMDVkLTVjYTYtNGNmNi1hZGZiLTc1ZTUwZDJhODhjNSJdLCJBTkQiLFsiU3RhdHVzIiwiPSIsIjEiXSwiQU5EIixbIklzRGVsZXRlZCIsIj0iLCIwIl1d","Delta":0,"PageIndex":1,"PageSize":20}
2022-04-18 23:21:10  INFO TOE.TOEIC.Web.Controllers.BaseEntityController`1.GetFilter - Filter base info : {"Sort":null,"Columns":null,"Filter":"W1siSXNEZWxldGVkIiwiPSIsIjAiXSwiQU5EIixbIlN0YXR1cyIsIj0iLCIxIl0sIkFORCIsWyJJc1Nob3dIb21lIiwiPSIsIjEiXV0=","Delta":0,"PageIndex":1,"PageSize":9999}
2022-04-18 23:21:10  INFO TOE.TOEIC.Web.Controllers.BaseEntityController`1.GetFilter - Filter base info : {"Sort":null,"Columns":null,"Filter":"W1tbIk1lbnVJRCIsIj0iLCI4ZDBmYjA1ZC01Y2E2LTRjZjYtYWRmYi03NWU1MGQyYTg4YzUiXSwiT1IiLFsiTWVudUlEIiwiPSIsImJlNzFmOTI1LTcyMWItNDg5Mi05YTM5LWM0NTBlYThlYTg4ZCJdLCJPUiIsWyJNZW51SUQiLCI9IiwiZGY4NjdiZDQtOGY3Ny00NDE4LWFmYTMtNWI0OWJkNDI3MGE1Il1dLCJBTkQiLFsiU3RhdHVzIiwiPSIsIjEiXSwiQU5EIixbIklzRGVsZXRlZCIsIj0iLCIwIl1d","Delta":0,"PageIndex":1,"PageSize":9999}
2022-04-18 23:21:19  INFO TOE.TOEIC.Web.Controllers.BaseEntityController`1.GetFilter - Filter base info : {"Sort":null,"Columns":null,"Filter":"W1tbIk1lbnVJRCIsIj0iLCI4ZDBmYjA1ZC01Y2E2LTRjZjYtYWRmYi03NWU1MGQyYTg4YzUiXSwiT1IiLFsiTWVudUlEIiwiPSIsImJlNzFmOTI1LTcyMWItNDg5Mi05YTM5LWM0NTBlYThlYTg4ZCJdLCJPUiIsWyJNZW51SUQiLCI9IiwiZGY4NjdiZDQtOGY3Ny00NDE4LWFmYTMtNWI0OWJkNDI3MGE1Il1dLCJBTkQiLFsiU3RhdHVzIiwiPSIsIjEiXSwiQU5EIixbIklzRGVsZXRlZCIsIj0iLCIwIl1d","Delta":0,"PageIndex":1,"PageSize":9999}
2022-04-18 23:21:19  INFO TOE.TOEIC.Web.Controllers.BaseEntityController`1.GetFilter - Filter base info : {"Sort":null,"Columns":null,"Filter":"W1siSXNEZWxldGVkIiwiPSIsIjAiXSwiQU5EIixbIlN0YXR1cyIsIj0iLCIxIl0sIkFORCIsWyJJc1Nob3dIb21lIiwiPSIsIjEiXV0=","Delta":0,"PageIndex":1,"PageSize":9999}
2022-04-18 23:21:25  INFO TOE.TOEIC.Web.Controllers.BaseEntityController`1.GetFilter - Filter base info : {"Sort":null,"Columns":null,"Filter":"W1siSXNEZWxldGVkIiwiPSIsIjAiXSwiQU5EIixbIlN0YXR1cyIsIj0iLCIxIl0sIkFORCIsWyJJc1Nob3dIb21lIiwiPSIsIjEiXV0=","Delta":0,"PageIndex":1,"PageSize":9999}
2022-04-18 23:21:25  INFO TOE.TOEIC.Web.Controllers.BaseEntityController`1.GetFilter - Filter base info : {"Sort":null,"Columns":null,"Filter":"W1tbIk1lbnVJRCIsIj0iLCI4ZDBmYjA1ZC01Y2E2LTRjZjYtYWRmYi03NWU1MGQyYTg4YzUiXSwiT1IiLFsiTWVudUlEIiwiPSIsImJlNzFmOTI1LTcyMWItNDg5Mi05YTM5LWM0NTBlYThlYTg4ZCJdLCJPUiIsWyJNZW51SUQiLCI9IiwiZGY4NjdiZDQtOGY3Ny00NDE4LWFmYTMtNWI0OWJkNDI3MGE1Il1dLCJBTkQiLFsiU3RhdHVzIiwiPSIsIjEiXSwiQU5EIixbIklzRGVsZXRlZCIsIj0iLCIwIl1d","Delta":0,"PageIndex":1,"PageSize":9999}
2022-04-18 23:23:16  INFO TOE.TOEIC.Web.Controllers.BaseEntityController`1.GetFilter - Filter base info : {"Sort":null,"Columns":null,"Filter":"W1siSXNEZWxldGVkIiwiPSIsIjAiXSwiQU5EIixbIlN0YXR1cyIsIj0iLCIxIl0sIkFORCIsWyJJc1Nob3dIb21lIiwiPSIsIjEiXV0=","Delta":0,"PageIndex":1,"PageSize":9999}
2022-04-18 23:23:16  INFO TOE.TOEIC.Web.Controllers.BaseEntityController`1.GetFilter - Filter base info : {"Sort":null,"Columns":null,"Filter":"W1tbIk1lbnVJRCIsIj0iLCI4ZDBmYjA1ZC01Y2E2LTRjZjYtYWRmYi03NWU1MGQyYTg4YzUiXSwiT1IiLFsiTWVudUlEIiwiPSIsImJlNzFmOTI1LTcyMWItNDg5Mi05YTM5LWM0NTBlYThlYTg4ZCJdLCJPUiIsWyJNZW51SUQiLCI9IiwiZGY4NjdiZDQtOGY3Ny00NDE4LWFmYTMtNWI0OWJkNDI3MGE1Il1dLCJBTkQiLFsiU3RhdHVzIiwiPSIsIjEiXSwiQU5EIixbIklzRGVsZXRlZCIsIj0iLCIwIl1d","Delta":0,"PageIndex":1,"PageSize":9999}
2022-04-18 23:23:19  INFO TOE.TOEIC.Web.Controllers.BaseEntityController`1.GetFilter - Filter base info : {"Sort":null,"Columns":null,"Filter":"W1tbIk1lbnVJRCIsIj0iLCI4ZDBmYjA1ZC01Y2E2LTRjZjYtYWRmYi03NWU1MGQyYTg4YzUiXSwiT1IiLFsiTWVudUlEIiwiPSIsImJlNzFmOTI1LTcyMWItNDg5Mi05YTM5LWM0NTBlYThlYTg4ZCJdLCJPUiIsWyJNZW51SUQiLCI9IiwiZGY4NjdiZDQtOGY3Ny00NDE4LWFmYTMtNWI0OWJkNDI3MGE1Il1dLCJBTkQiLFsiU3RhdHVzIiwiPSIsIjEiXSwiQU5EIixbIklzRGVsZXRlZCIsIj0iLCIwIl1d","Delta":0,"PageIndex":1,"PageSize":9999}
2022-04-18 23:23:19  INFO TOE.TOEIC.Web.Controllers.BaseEntityController`1.GetFilter - Filter base info : {"Sort":null,"Columns":null,"Filter":"W1siSXNEZWxldGVkIiwiPSIsIjAiXSwiQU5EIixbIlN0YXR1cyIsIj0iLCIxIl0sIkFORCIsWyJJc1Nob3dIb21lIiwiPSIsIjEiXV0=","Delta":0,"PageIndex":1,"PageSize":9999}
2022-04-18 23:23:59  INFO TOE.TOEIC.Web.Controllers.BaseEntityController`1.GetFilter - Filter base info : {"Sort":null,"Columns":null,"Filter":"W1siSXNEZWxldGVkIiwiPSIsIjAiXSwiQU5EIixbIlN0YXR1cyIsIj0iLCIxIl0sIkFORCIsWyJJc1Nob3dIb21lIiwiPSIsIjEiXV0=","Delta":0,"PageIndex":1,"PageSize":9999}
2022-04-18 23:23:59  INFO TOE.TOEIC.Web.Controllers.BaseEntityController`1.GetFilter - Filter base info : {"Sort":null,"Columns":null,"Filter":"W1tbIk1lbnVJRCIsIj0iLCI4ZDBmYjA1ZC01Y2E2LTRjZjYtYWRmYi03NWU1MGQyYTg4YzUiXSwiT1IiLFsiTWVudUlEIiwiPSIsImJlNzFmOTI1LTcyMWItNDg5Mi05YTM5LWM0NTBlYThlYTg4ZCJdLCJPUiIsWyJNZW51SUQiLCI9IiwiZGY4NjdiZDQtOGY3Ny00NDE4LWFmYTMtNWI0OWJkNDI3MGE1Il1dLCJBTkQiLFsiU3RhdHVzIiwiPSIsIjEiXSwiQU5EIixbIklzRGVsZXRlZCIsIj0iLCIwIl1d","Delta":0,"PageIndex":1,"PageSize":9999}
2022-04-18 23:28:01  INFO TOE.TOEIC.Web.Controllers.BaseEntityController`1.GetFilter - Filter base info : {"Sort":null,"Columns":null,"Filter":"W1siSXNEZWxldGVkIiwiPSIsIjAiXSwiQU5EIixbIlN0YXR1cyIsIj0iLCIxIl0sIkFORCIsWyJJc1Nob3dIb21lIiwiPSIsIjEiXV0=","Delta":0,"PageIndex":1,"PageSize":9999}
2022-04-18 23:28:01  INFO TOE.TOEIC.Web.Controllers.BaseEntityController`1.GetFilter - Filter base info : {"Sort":null,"Columns":null,"Filter":"W1siU3RhdHVzIiwiPSIsIjEiXSwiQU5EIixbIklzRGVsZXRlZCIsIj0iLCIwIl1d","Delta":0,"PageIndex":1,"PageSize":5}
2022-04-18 23:30:28  INFO TOE.TOEIC.Web.Controllers.BaseEntityController`1.GetFilter - Filter base info : {"Sort":null,"Columns":null,"Filter":"W1siSXNEZWxldGVkIiwiPSIsIjAiXV0=","Delta":0,"PageIndex":1,"PageSize":10}
2022-04-18 23:30:29  INFO TOE.TOEIC.Web.Controllers.BaseEntityController`1.GetFilter - Filter base info : {"Sort":null,"Columns":null,"Filter":"W1siSXNEZWxldGVkIiwiPSIsIjAiXV0=","Delta":0,"PageIndex":1,"PageSize":10}
2022-04-18 23:47:07  INFO TOE.TOEIC.Web.Controllers.BaseEntityController`1.GetFilter - Filter base info : {"Sort":null,"Columns":null,"Filter":"W1siSXNEZWxldGVkIiwiPSIsIjAiXV0=","Delta":0,"PageIndex":1,"PageSize":10}
2022-04-18 23:47:08  INFO TOE.TOEIC.Web.Controllers.BaseEntityController`1.GetFilter - Filter base info : {"Sort":null,"Columns":null,"Filter":"W1siSXNEZWxldGVkIiwiPSIsIjAiXV0=","Delta":0,"PageIndex":1,"PageSize":10}
2022-04-18 23:47:34  INFO TOE.TOEIC.Web.Controllers.BaseEntityController`1.GetFilter - Filter base info : {"Sort":null,"Columns":null,"Filter":"W1siSXNEZWxldGVkIiwiPSIsIjAiXV0=","Delta":0,"PageIndex":1,"PageSize":10}
2022-04-18 23:47:34  INFO TOE.TOEIC.Web.Controllers.BaseEntityController`1.GetFilter - Filter base info : {"Sort":null,"Columns":null,"Filter":"W1siSXNEZWxldGVkIiwiPSIsIjAiXV0=","Delta":0,"PageIndex":1,"PageSize":10}
2022-04-18 23:55:06  INFO TOE.TOEIC.Web.Controllers.BaseEntityController`1.GetFilter - Filter base info : {"Sort":null,"Columns":null,"Filter":"W1siSXNEZWxldGVkIiwiPSIsIjAiXV0=","Delta":0,"PageIndex":1,"PageSize":10}
2022-04-18 23:55:06  INFO TOE.TOEIC.Web.Controllers.BaseEntityController`1.GetFilter - Filter base info : {"Sort":null,"Columns":null,"Filter":"W1siSXNEZWxldGVkIiwiPSIsIjAiXV0=","Delta":0,"PageIndex":1,"PageSize":10}
2022-04-18 23:55:07  INFO TOE.TOEIC.Web.Controllers.BaseEntityController`1.GetFilter - Filter base info : {"Sort":null,"Columns":null,"Filter":"W1siSXNEZWxldGVkIiwiPSIsIjAiXV0=","Delta":0,"PageIndex":1,"PageSize":10}
2022-04-18 23:55:20  INFO TOE.TOEIC.Web.Controllers.BaseEntityController`1.GetFilter - Filter base info : {"Sort":null,"Columns":null,"Filter":"W1siSXNEZWxldGVkIiwiPSIsIjAiXV0=","Delta":0,"PageIndex":1,"PageSize":10}
2022-04-18 23:55:20  INFO TOE.TOEIC.Web.Controllers.BaseEntityController`1.GetFilter - Filter base info : {"Sort":null,"Columns":null,"Filter":"W1siSXNEZWxldGVkIiwiPSIsIjAiXV0=","Delta":0,"PageIndex":1,"PageSize":10}
2022-04-18 23:55:21  INFO TOE.TOEIC.Web.Controllers.BaseEntityController`1.GetFilter - Filter base info : {"Sort":null,"Columns":null,"Filter":"W1siSXNEZWxldGVkIiwiPSIsIjAiXV0=","Delta":0,"PageIndex":1,"PageSize":10}
2022-04-18 23:55:31  INFO TOE.TOEIC.Web.Controllers.BaseEntityController`1.GetFilter - Filter base info : {"Sort":null,"Columns":null,"Filter":"W1siSXNEZWxldGVkIiwiPSIsIjAiXV0=","Delta":0,"PageIndex":1,"PageSize":10}
2022-04-18 23:55:31  INFO TOE.TOEIC.Web.Controllers.BaseEntityController`1.GetFilter - Filter base info : {"Sort":null,"Columns":null,"Filter":"W1siSXNEZWxldGVkIiwiPSIsIjAiXV0=","Delta":0,"PageIndex":1,"PageSize":10}
2022-04-18 23:55:32  INFO TOE.TOEIC.Web.Controllers.BaseEntityController`1.GetFilter - Filter base info : {"Sort":null,"Columns":null,"Filter":"W1siSXNEZWxldGVkIiwiPSIsIjAiXV0=","Delta":0,"PageIndex":1,"PageSize":10}
2022-04-18 23:55:53  INFO TOE.TOEIC.Web.Controllers.BaseEntityController`1.GetFilter - Filter base info : {"Sort":null,"Columns":null,"Filter":"W1siSXNEZWxldGVkIiwiPSIsIjAiXV0=","Delta":0,"PageIndex":1,"PageSize":10}
2022-04-18 23:55:53  INFO TOE.TOEIC.Web.Controllers.BaseEntityController`1.GetFilter - Filter base info : {"Sort":null,"Columns":null,"Filter":"W1siSXNEZWxldGVkIiwiPSIsIjAiXV0=","Delta":0,"PageIndex":1,"PageSize":10}
